<?xml version="1.0" encoding="UTF-8"?>
<testsuites name="Customer Sign Up" time="243.078" tests="8" failures="2" skips="0" errors="0">
   <testsuite name="Customer Sign Up" tests="8" failures="2" errors="0" time="243.078" skips="0" timestamp="2021-01-12 17:39:23" hostname="Faldi - XPS" id="Test Suites/Web RoomMe.id/Customer Sign Up">
      <properties>
         <property name="deviceName" value=""/>
         <property name="devicePlatform" value=""/>
         <property name="logFolder" value="C:\\Users\\Faldi\\Katalon Studio\\katalonroomme\\Reports\\20210112_173915\\Web RoomMe.id\\Customer Sign Up\\20210112_173915"/>
         <property name="logFiles" value="C:\\Users\\Faldi\\Katalon Studio\\katalonroomme\\Reports\\20210112_173915\\Web RoomMe.id\\Customer Sign Up\\20210112_173915\\execution0.log"/>
         <property name="attachments" value="C:\\Users\\Faldi\\Katalon Studio\\katalonroomme\\Reports\\20210112_173915\\Web RoomMe.id\\Customer Sign Up\\20210112_173915\\1610448151951.png, C:\\Users\\Faldi\\Katalon Studio\\katalonroomme\\Reports\\20210112_173915\\Web RoomMe.id\\Customer Sign Up\\20210112_173915\\1610448168537.png"/>
         <property name="hostName" value="Faldi - XPS"/>
         <property name="os" value="Windows 10 64bit"/>
         <property name="katalonVersion" value="7.8.2.208"/>
         <property name="browser" value="Chrome 87.0.4280.141"/>
         <property name="hostAddress" value="192.168.10.7"/>
         <property name="sessionId" value="671d2bb1a74fc69ad5a0e436fb18095d"/>
         <property name="seleniumVersion" value="3.141.59"/>
         <property name="proxyInformation" value="ProxyInformation { proxyOption=NO_PROXY, proxyServerType=HTTP, username=, password=********, proxyServerAddress=, proxyServerPort=0, executionList=&quot;&quot;, isApplyToDesiredCapabilities=true }"/>
         <property name="platform" value="Windows 10"/>
      </properties>
      <testcase name="Test Cases/Web RoomMe.id/2. Sign Up/1. Sign Up with Valid Data" time="40.843" classname="Test Cases/Web RoomMe.id/2. Sign Up/1. Sign Up with Valid Data" status="PASSED">
         <system-out><![CDATA[2021-01-12 17:39:24 - [TEST_CASE][PASSED] - Test Cases/Web RoomMe.id/2. Sign Up/1. Sign Up with Valid Data: Test Cases/Web RoomMe.id/2. Sign Up/1. Sign Up with Valid Data

2021-01-12 17:39:25 - [TEST_STEP][PASSED] - callTestCase(findTestCase("Web RoomMe.id/1. Homepage/1. Customer Access RoomMe Page"), [:], STOP_ON_FAILURE): Call Test Case 'Test Cases/Web RoomMe.id/1. Homepage/1. Customer Access RoomMe Page' successfully

2021-01-12 17:39:25 - [TEST_CASE][PASSED] - Test Cases/Web RoomMe.id/1. Homepage/1. Customer Access RoomMe Page: Test Cases/Web RoomMe.id/1. Homepage/1. Customer Access RoomMe Page

2021-01-12 17:39:26 - [TEST_STEP][PASSED] - openBrowser(url): Browser is opened with url: 'https://dev-web:w3BdEv-r0omM3@web.roomme.id'

2021-01-12 17:39:26 - [MESSAGE][INFO] - Starting 'Chrome' driver

2021-01-12 17:39:26 - [MESSAGE][INFO] - Action delay is set to 50 milliseconds

2021-01-12 17:39:53 - [MESSAGE][PASSED] - Browser is opened with url: 'https://dev-web:w3BdEv-r0omM3@web.roomme.id'

2021-01-12 17:39:53 - [TEST_STEP][PASSED] - maximizeWindow(): Current window maximized

2021-01-12 17:39:55 - [MESSAGE][PASSED] - Current window maximized

2021-01-12 17:39:55 - [TEST_STEP][PASSED] - waitForPageLoad(0): Wait for page load successfully

2021-01-12 17:39:55 - [MESSAGE][WARNING] - Timeout '0' is invalid. Using default page load timeout: '1'

2021-01-12 17:39:55 - [MESSAGE][PASSED] - Wait for page load successfully

2021-01-12 17:39:55 - [TEST_STEP][PASSED] - click(findTestObject("Web RoomMe.id/RoomMe.id Homepage/Button Close banner StaytoWin")): Object: 'Object Repository/Web RoomMe.id/RoomMe.id Homepage/Button Close banner StaytoWin' is clicked on

2021-01-12 17:39:56 - [MESSAGE][PASSED] - Object: 'Object Repository/Web RoomMe.id/RoomMe.id Homepage/Button Close banner StaytoWin' is clicked on

2021-01-12 17:39:56 - [MESSAGE][PASSED] - Call Test Case 'Test Cases/Web RoomMe.id/1. Homepage/1. Customer Access RoomMe Page' successfully

2021-01-12 17:39:56 - [TEST_STEP][NOT_RUN] - callTestCase(findTestCase("Web RoomMe.id/1. Homepage/2. Verify Header RoomMe.id"), [:], STOP_ON_FAILURE): NOT_RUN: callTestCase(findTestCase("Web RoomMe.id/1. Homepage/2. Verify Header RoomMe.id"), [:], STOP_ON_FAILURE)

2021-01-12 17:39:56 - [MESSAGE][NOT_RUN] - NOT_RUN: callTestCase(findTestCase("Web RoomMe.id/1. Homepage/2. Verify Header RoomMe.id"), [:], STOP_ON_FAILURE)

2021-01-12 17:39:56 - [TEST_STEP][PASSED] - click(findTestObject("Web RoomMe.id/RoomMe.id Header/Button Sign In")): Object: 'Object Repository/Web RoomMe.id/RoomMe.id Header/Button Sign In' is clicked on

2021-01-12 17:39:56 - [MESSAGE][PASSED] - Object: 'Object Repository/Web RoomMe.id/RoomMe.id Header/Button Sign In' is clicked on

2021-01-12 17:39:56 - [TEST_STEP][PASSED] - waitForElementVisible(findTestObject("Web RoomMe.id/Sign In Menu/Button Sign Up"), 0): Object 'Object Repository/Web RoomMe.id/Sign In Menu/Button Sign Up' is visible

2021-01-12 17:39:56 - [MESSAGE][WARNING] - Timeout '0' is invalid. Using default page load timeout: '1'

2021-01-12 17:39:56 - [MESSAGE][PASSED] - Object 'Object Repository/Web RoomMe.id/Sign In Menu/Button Sign Up' is visible

2021-01-12 17:39:56 - [TEST_STEP][PASSED] - click(findTestObject("Web RoomMe.id/Sign In Menu/Button Sign Up")): Object: 'Object Repository/Web RoomMe.id/Sign In Menu/Button Sign Up' is clicked on

2021-01-12 17:39:57 - [MESSAGE][PASSED] - Object: 'Object Repository/Web RoomMe.id/Sign In Menu/Button Sign Up' is clicked on

2021-01-12 17:39:57 - [TEST_STEP][PASSED] - callTestCase(findTestCase("Web RoomMe.id/2. Sign Up/Verify Sign Up Menu"), [:], STOP_ON_FAILURE): Call Test Case 'Test Cases/Web RoomMe.id/2. Sign Up/Verify Sign Up Menu' successfully

2021-01-12 17:39:57 - [TEST_CASE][PASSED] - Test Cases/Web RoomMe.id/2. Sign Up/Verify Sign Up Menu: Test Cases/Web RoomMe.id/2. Sign Up/Verify Sign Up Menu

2021-01-12 17:39:57 - [TEST_STEP][PASSED] - objectSubFolder = "Web RoomMe.id\Sign Up Menu\": null

2021-01-12 17:39:57 - [TEST_STEP][PASSED] - pathToObjRep = getProjectDir() + "\Object Repository\" + objectSubFolder: null

2021-01-12 17:39:57 - [TEST_STEP][PASSED] - yourObjects = new java.io.File(pathToObjRep): null

2021-01-12 17:39:57 - [TEST_STEP][PASSED] - fileNames = yourObjects.list(): null

2021-01-12 17:39:57 - [TEST_STEP][PASSED] - testObjects = new java.util.ArrayList(): null

2021-01-12 17:39:57 - [TEST_STEP][PASSED] - for ([i = 0, i < length, (i++)]): null

2021-01-12 17:39:57 - [TEST_STEP][PASSED] - if (fileNames[i].contains(".rs")): null

2021-01-12 17:39:57 - [TEST_STEP][PASSED] - fileNames[i] = fileNames[i].replace(".rs", ""): null

2021-01-12 17:39:57 - [TEST_STEP][PASSED] - testObjects.add(objectSubFolder + fileNames[i]): null

2021-01-12 17:39:57 - [TEST_STEP][PASSED] - if (fileNames[i].contains(".rs")): null

2021-01-12 17:39:57 - [TEST_STEP][PASSED] - fileNames[i] = fileNames[i].replace(".rs", ""): null

2021-01-12 17:39:57 - [TEST_STEP][PASSED] - testObjects.add(objectSubFolder + fileNames[i]): null

2021-01-12 17:39:57 - [TEST_STEP][PASSED] - if (fileNames[i].contains(".rs")): null

2021-01-12 17:39:57 - [TEST_STEP][PASSED] - if (fileNames[i].contains(".rs")): null

2021-01-12 17:39:57 - [TEST_STEP][PASSED] - fileNames[i] = fileNames[i].replace(".rs", ""): null

2021-01-12 17:39:57 - [TEST_STEP][PASSED] - testObjects.add(objectSubFolder + fileNames[i]): null

2021-01-12 17:39:57 - [TEST_STEP][PASSED] - if (fileNames[i].contains(".rs")): null

2021-01-12 17:39:57 - [TEST_STEP][PASSED] - if (fileNames[i].contains(".rs")): null

2021-01-12 17:39:57 - [TEST_STEP][PASSED] - fileNames[i] = fileNames[i].replace(".rs", ""): null

2021-01-12 17:39:57 - [TEST_STEP][PASSED] - testObjects.add(objectSubFolder + fileNames[i]): null

2021-01-12 17:39:57 - [TEST_STEP][PASSED] - if (fileNames[i].contains(".rs")): null

2021-01-12 17:39:57 - [TEST_STEP][PASSED] - fileNames[i] = fileNames[i].replace(".rs", ""): null

2021-01-12 17:39:57 - [TEST_STEP][PASSED] - testObjects.add(objectSubFolder + fileNames[i]): null

2021-01-12 17:39:57 - [TEST_STEP][PASSED] - if (fileNames[i].contains(".rs")): null

2021-01-12 17:39:57 - [TEST_STEP][PASSED] - fileNames[i] = fileNames[i].replace(".rs", ""): null

2021-01-12 17:39:57 - [TEST_STEP][PASSED] - testObjects.add(objectSubFolder + fileNames[i]): null

2021-01-12 17:39:57 - [TEST_STEP][PASSED] - if (fileNames[i].contains(".rs")): null

2021-01-12 17:39:57 - [TEST_STEP][PASSED] - fileNames[i] = fileNames[i].replace(".rs", ""): null

2021-01-12 17:39:57 - [TEST_STEP][PASSED] - testObjects.add(objectSubFolder + fileNames[i]): null

2021-01-12 17:39:57 - [TEST_STEP][PASSED] - if (fileNames[i].contains(".rs")): null

2021-01-12 17:39:57 - [TEST_STEP][PASSED] - fileNames[i] = fileNames[i].replace(".rs", ""): null

2021-01-12 17:39:57 - [TEST_STEP][PASSED] - testObjects.add(objectSubFolder + fileNames[i]): null

2021-01-12 17:39:57 - [TEST_STEP][PASSED] - if (fileNames[i].contains(".rs")): null

2021-01-12 17:39:57 - [TEST_STEP][PASSED] - fileNames[i] = fileNames[i].replace(".rs", ""): null

2021-01-12 17:39:57 - [TEST_STEP][PASSED] - testObjects.add(objectSubFolder + fileNames[i]): null

2021-01-12 17:39:57 - [TEST_STEP][PASSED] - if (fileNames[i].contains(".rs")): null

2021-01-12 17:39:57 - [TEST_STEP][PASSED] - fileNames[i] = fileNames[i].replace(".rs", ""): null

2021-01-12 17:39:57 - [TEST_STEP][PASSED] - testObjects.add(objectSubFolder + fileNames[i]): null

2021-01-12 17:39:57 - [TEST_STEP][PASSED] - if (fileNames[i].contains(".rs")): null

2021-01-12 17:39:57 - [TEST_STEP][PASSED] - fileNames[i] = fileNames[i].replace(".rs", ""): null

2021-01-12 17:39:57 - [TEST_STEP][PASSED] - testObjects.add(objectSubFolder + fileNames[i]): null

2021-01-12 17:39:57 - [TEST_STEP][PASSED] - if (fileNames[i].contains(".rs")): null

2021-01-12 17:39:57 - [TEST_STEP][PASSED] - fileNames[i] = fileNames[i].replace(".rs", ""): null

2021-01-12 17:39:57 - [TEST_STEP][PASSED] - testObjects.add(objectSubFolder + fileNames[i]): null

2021-01-12 17:39:57 - [TEST_STEP][PASSED] - if (fileNames[i].contains(".rs")): null

2021-01-12 17:39:57 - [TEST_STEP][PASSED] - fileNames[i] = fileNames[i].replace(".rs", ""): null

2021-01-12 17:39:57 - [TEST_STEP][PASSED] - testObjects.add(objectSubFolder + fileNames[i]): null

2021-01-12 17:39:57 - [TEST_STEP][PASSED] - for (String obj : testObjects): Object 'Object Repository/Web RoomMe.id\Sign Up Menu\Textfield Phone Number' is visible

2021-01-12 17:39:57 - [TEST_STEP][PASSED] - verifyElementVisible(findTestObject(obj)): Object 'Object Repository/Web RoomMe.id\Sign Up Menu\Button Sign In' is visible

2021-01-12 17:39:57 - [MESSAGE][PASSED] - Object 'Object Repository/Web RoomMe.id\Sign Up Menu\Button Sign In' is visible

2021-01-12 17:39:57 - [TEST_STEP][PASSED] - verifyElementVisible(findTestObject(obj)): Object 'Object Repository/Web RoomMe.id\Sign Up Menu\Button Sign Up' is visible

2021-01-12 17:39:58 - [MESSAGE][PASSED] - Object 'Object Repository/Web RoomMe.id\Sign Up Menu\Button Sign Up' is visible

2021-01-12 17:39:58 - [TEST_STEP][PASSED] - verifyElementVisible(findTestObject(obj)): Object 'Object Repository/Web RoomMe.id\Sign Up Menu\Name Textfield' is visible

2021-01-12 17:39:58 - [MESSAGE][PASSED] - Object 'Object Repository/Web RoomMe.id\Sign Up Menu\Name Textfield' is visible

2021-01-12 17:39:58 - [TEST_STEP][PASSED] - verifyElementVisible(findTestObject(obj)): Object 'Object Repository/Web RoomMe.id\Sign Up Menu\Text Are you have an account' is visible

2021-01-12 17:39:58 - [MESSAGE][PASSED] - Object 'Object Repository/Web RoomMe.id\Sign Up Menu\Text Are you have an account' is visible

2021-01-12 17:39:58 - [TEST_STEP][PASSED] - verifyElementVisible(findTestObject(obj)): Object 'Object Repository/Web RoomMe.id\Sign Up Menu\Text Confirm Password' is visible

2021-01-12 17:39:58 - [MESSAGE][PASSED] - Object 'Object Repository/Web RoomMe.id\Sign Up Menu\Text Confirm Password' is visible

2021-01-12 17:39:58 - [TEST_STEP][PASSED] - verifyElementVisible(findTestObject(obj)): Object 'Object Repository/Web RoomMe.id\Sign Up Menu\Text Email Address' is visible

2021-01-12 17:39:58 - [MESSAGE][PASSED] - Object 'Object Repository/Web RoomMe.id\Sign Up Menu\Text Email Address' is visible

2021-01-12 17:39:58 - [TEST_STEP][PASSED] - verifyElementVisible(findTestObject(obj)): Object 'Object Repository/Web RoomMe.id\Sign Up Menu\Text Full Name' is visible

2021-01-12 17:39:58 - [MESSAGE][PASSED] - Object 'Object Repository/Web RoomMe.id\Sign Up Menu\Text Full Name' is visible

2021-01-12 17:39:58 - [TEST_STEP][PASSED] - verifyElementVisible(findTestObject(obj)): Object 'Object Repository/Web RoomMe.id\Sign Up Menu\Text Password' is visible

2021-01-12 17:39:59 - [MESSAGE][PASSED] - Object 'Object Repository/Web RoomMe.id\Sign Up Menu\Text Password' is visible

2021-01-12 17:39:59 - [TEST_STEP][PASSED] - verifyElementVisible(findTestObject(obj)): Object 'Object Repository/Web RoomMe.id\Sign Up Menu\Text Phone Number' is visible

2021-01-12 17:39:59 - [MESSAGE][PASSED] - Object 'Object Repository/Web RoomMe.id\Sign Up Menu\Text Phone Number' is visible

2021-01-12 17:39:59 - [TEST_STEP][PASSED] - verifyElementVisible(findTestObject(obj)): Object 'Object Repository/Web RoomMe.id\Sign Up Menu\Textfield Confirm Password' is visible

2021-01-12 17:39:59 - [MESSAGE][PASSED] - Object 'Object Repository/Web RoomMe.id\Sign Up Menu\Textfield Confirm Password' is visible

2021-01-12 17:39:59 - [TEST_STEP][PASSED] - verifyElementVisible(findTestObject(obj)): Object 'Object Repository/Web RoomMe.id\Sign Up Menu\Textfield Email' is visible

2021-01-12 17:39:59 - [MESSAGE][PASSED] - Object 'Object Repository/Web RoomMe.id\Sign Up Menu\Textfield Email' is visible

2021-01-12 17:39:59 - [TEST_STEP][PASSED] - verifyElementVisible(findTestObject(obj)): Object 'Object Repository/Web RoomMe.id\Sign Up Menu\Textfield Password' is visible

2021-01-12 17:39:59 - [MESSAGE][PASSED] - Object 'Object Repository/Web RoomMe.id\Sign Up Menu\Textfield Password' is visible

2021-01-12 17:39:59 - [TEST_STEP][PASSED] - verifyElementVisible(findTestObject(obj)): Object 'Object Repository/Web RoomMe.id\Sign Up Menu\Textfield Phone Number' is visible

2021-01-12 17:40:00 - [MESSAGE][PASSED] - Object 'Object Repository/Web RoomMe.id\Sign Up Menu\Textfield Phone Number' is visible

2021-01-12 17:40:00 - [MESSAGE][PASSED] - Call Test Case 'Test Cases/Web RoomMe.id/2. Sign Up/Verify Sign Up Menu' successfully

2021-01-12 17:40:00 - [TEST_STEP][PASSED] - waitForElementVisible(findTestObject("Web RoomMe.id/Sign Up Menu/Name Textfield"), 0): Object 'Object Repository/Web RoomMe.id/Sign Up Menu/Name Textfield' is visible

2021-01-12 17:40:00 - [MESSAGE][WARNING] - Timeout '0' is invalid. Using default page load timeout: '1'

2021-01-12 17:40:00 - [MESSAGE][PASSED] - Object 'Object Repository/Web RoomMe.id/Sign Up Menu/Name Textfield' is visible

2021-01-12 17:40:00 - [TEST_STEP][PASSED] - setText(findTestObject("Web RoomMe.id/Sign Up Menu/Name Textfield"), "Faldi Test AT"): Text 'Faldi Test AT' is set on object 'Object Repository/Web RoomMe.id/Sign Up Menu/Name Textfield'

2021-01-12 17:40:00 - [MESSAGE][PASSED] - Text 'Faldi Test AT' is set on object 'Object Repository/Web RoomMe.id/Sign Up Menu/Name Textfield'

2021-01-12 17:40:00 - [TEST_STEP][PASSED] - setText(findTestObject("Web RoomMe.id/Sign Up Menu/Textfield Email"), "faldiat" + RandomStringUtils.randomNumeric(5)): Text 'faldiat20876' is set on object 'Object Repository/Web RoomMe.id/Sign Up Menu/Textfield Email'

2021-01-12 17:40:01 - [MESSAGE][PASSED] - Text 'faldiat20876' is set on object 'Object Repository/Web RoomMe.id/Sign Up Menu/Textfield Email'

2021-01-12 17:40:01 - [TEST_STEP][PASSED] - sendKeys(findTestObject("Web RoomMe.id/Sign Up Menu/Textfield Email"), "@gmail.com"): Keys '@gmail.com' sent to object: 'Object Repository/Web RoomMe.id/Sign Up Menu/Textfield Email'

2021-01-12 17:40:01 - [MESSAGE][PASSED] - Keys '@gmail.com' sent to object: 'Object Repository/Web RoomMe.id/Sign Up Menu/Textfield Email'

2021-01-12 17:40:01 - [TEST_STEP][PASSED] - setText(findTestObject("Web RoomMe.id/Sign Up Menu/Textfield Phone Number"), "081234567890"): Text '081234567890' is set on object 'Object Repository/Web RoomMe.id/Sign Up Menu/Textfield Phone Number'

2021-01-12 17:40:02 - [MESSAGE][PASSED] - Text '081234567890' is set on object 'Object Repository/Web RoomMe.id/Sign Up Menu/Textfield Phone Number'

2021-01-12 17:40:02 - [TEST_STEP][PASSED] - setEncryptedText(findTestObject("Web RoomMe.id/Sign Up Menu/Textfield Password"), "da8fEzhczGg="): Text ****** has been set on object 'Object Repository/Web RoomMe.id/Sign Up Menu/Textfield Password'

2021-01-12 17:40:02 - [MESSAGE][PASSED] - Text ****** has been set on object 'Object Repository/Web RoomMe.id/Sign Up Menu/Textfield Password'

2021-01-12 17:40:02 - [TEST_STEP][PASSED] - setEncryptedText(findTestObject("Web RoomMe.id/Sign Up Menu/Textfield Confirm Password"), "da8fEzhczGg="): Text ****** has been set on object 'Object Repository/Web RoomMe.id/Sign Up Menu/Textfield Confirm Password'

2021-01-12 17:40:03 - [MESSAGE][PASSED] - Text ****** has been set on object 'Object Repository/Web RoomMe.id/Sign Up Menu/Textfield Confirm Password'

2021-01-12 17:40:03 - [TEST_STEP][PASSED] - click(findTestObject("Web RoomMe.id/Sign Up Menu/Button Sign Up")): Object: 'Object Repository/Web RoomMe.id/Sign Up Menu/Button Sign Up' is clicked on

2021-01-12 17:40:03 - [MESSAGE][PASSED] - Object: 'Object Repository/Web RoomMe.id/Sign Up Menu/Button Sign Up' is clicked on

2021-01-12 17:40:03 - [TEST_STEP][PASSED] - waitForElementVisible(findTestObject("Web RoomMe.id/Sign Up Menu/Success Sign Up/Button Close"), 0): Object 'Object Repository/Web RoomMe.id/Sign Up Menu/Success Sign Up/Button Close' is visible

2021-01-12 17:40:03 - [MESSAGE][WARNING] - Timeout '0' is invalid. Using default page load timeout: '1'

2021-01-12 17:40:05 - [MESSAGE][PASSED] - Object 'Object Repository/Web RoomMe.id/Sign Up Menu/Success Sign Up/Button Close' is visible

2021-01-12 17:40:05 - [TEST_STEP][PASSED] - waitForElementVisible(findTestObject("Web RoomMe.id/Sign Up Menu/Success Sign Up/Icon RoomMe"), 0): Object 'Object Repository/Web RoomMe.id/Sign Up Menu/Success Sign Up/Icon RoomMe' is visible

2021-01-12 17:40:05 - [MESSAGE][WARNING] - Timeout '0' is invalid. Using default page load timeout: '1'

2021-01-12 17:40:05 - [MESSAGE][PASSED] - Object 'Object Repository/Web RoomMe.id/Sign Up Menu/Success Sign Up/Icon RoomMe' is visible

2021-01-12 17:40:05 - [TEST_STEP][PASSED] - waitForElementVisible(findTestObject("Web RoomMe.id/Sign Up Menu/Success Sign Up/Text Welcome to RoomMe"), 0): Object 'Object Repository/Web RoomMe.id/Sign Up Menu/Success Sign Up/Text Welcome to RoomMe' is visible

2021-01-12 17:40:05 - [MESSAGE][WARNING] - Timeout '0' is invalid. Using default page load timeout: '1'

2021-01-12 17:40:05 - [MESSAGE][PASSED] - Object 'Object Repository/Web RoomMe.id/Sign Up Menu/Success Sign Up/Text Welcome to RoomMe' is visible

2021-01-12 17:40:05 - [TEST_STEP][PASSED] - waitForElementVisible(findTestObject("Web RoomMe.id/Sign Up Menu/Success Sign Up/Text Thank you Youve successfully signed up"), 0): Object 'Object Repository/Web RoomMe.id/Sign Up Menu/Success Sign Up/Text Thank you Youve successfully signed up' is visible

2021-01-12 17:40:05 - [MESSAGE][WARNING] - Timeout '0' is invalid. Using default page load timeout: '1'

2021-01-12 17:40:05 - [MESSAGE][PASSED] - Object 'Object Repository/Web RoomMe.id/Sign Up Menu/Success Sign Up/Text Thank you Youve successfully signed up' is visible

2021-01-12 17:40:05 - [TEST_STEP][PASSED] - waitForElementVisible(findTestObject("Web RoomMe.id/Sign Up Menu/Success Sign Up/Text Please check your email for activation"), 0): Object 'Object Repository/Web RoomMe.id/Sign Up Menu/Success Sign Up/Text Please check your email for activation' is visible

2021-01-12 17:40:05 - [MESSAGE][WARNING] - Timeout '0' is invalid. Using default page load timeout: '1'

2021-01-12 17:40:05 - [MESSAGE][PASSED] - Object 'Object Repository/Web RoomMe.id/Sign Up Menu/Success Sign Up/Text Please check your email for activation' is visible]]></system-out>
         <system-err><![CDATA[]]></system-err>
      </testcase>
      <testcase name="Test Cases/Web RoomMe.id/2. Sign Up/2. Sign Up With Blank Data" time="27.191" classname="Test Cases/Web RoomMe.id/2. Sign Up/2. Sign Up With Blank Data" status="PASSED">
         <system-out><![CDATA[2021-01-12 17:40:05 - [TEST_CASE][PASSED] - Test Cases/Web RoomMe.id/2. Sign Up/2. Sign Up With Blank Data: Test Cases/Web RoomMe.id/2. Sign Up/2. Sign Up With Blank Data

2021-01-12 17:40:05 - [TEST_STEP][PASSED] - callTestCase(findTestCase("Web RoomMe.id/1. Homepage/1. Customer Access RoomMe Page"), [:], STOP_ON_FAILURE): Call Test Case 'Test Cases/Web RoomMe.id/1. Homepage/1. Customer Access RoomMe Page' successfully

2021-01-12 17:40:05 - [TEST_CASE][PASSED] - Test Cases/Web RoomMe.id/1. Homepage/1. Customer Access RoomMe Page: Test Cases/Web RoomMe.id/1. Homepage/1. Customer Access RoomMe Page

2021-01-12 17:40:05 - [TEST_STEP][PASSED] - openBrowser(url): Browser is opened with url: 'https://dev-web:w3BdEv-r0omM3@web.roomme.id'

2021-01-12 17:40:06 - [MESSAGE][WARNING] - A browser is already opened. Closing browser and opening a new one

2021-01-12 17:40:06 - [MESSAGE][INFO] - Starting 'Chrome' driver

2021-01-12 17:40:06 - [MESSAGE][INFO] - Action delay is set to 50 milliseconds

2021-01-12 17:40:26 - [MESSAGE][PASSED] - Browser is opened with url: 'https://dev-web:w3BdEv-r0omM3@web.roomme.id'

2021-01-12 17:40:26 - [TEST_STEP][PASSED] - maximizeWindow(): Current window maximized

2021-01-12 17:40:28 - [MESSAGE][PASSED] - Current window maximized

2021-01-12 17:40:28 - [TEST_STEP][PASSED] - waitForPageLoad(0): Wait for page load successfully

2021-01-12 17:40:28 - [MESSAGE][WARNING] - Timeout '0' is invalid. Using default page load timeout: '1'

2021-01-12 17:40:28 - [MESSAGE][PASSED] - Wait for page load successfully

2021-01-12 17:40:28 - [TEST_STEP][PASSED] - click(findTestObject("Web RoomMe.id/RoomMe.id Homepage/Button Close banner StaytoWin")): Object: 'Object Repository/Web RoomMe.id/RoomMe.id Homepage/Button Close banner StaytoWin' is clicked on

2021-01-12 17:40:29 - [MESSAGE][PASSED] - Object: 'Object Repository/Web RoomMe.id/RoomMe.id Homepage/Button Close banner StaytoWin' is clicked on

2021-01-12 17:40:29 - [MESSAGE][PASSED] - Call Test Case 'Test Cases/Web RoomMe.id/1. Homepage/1. Customer Access RoomMe Page' successfully

2021-01-12 17:40:29 - [TEST_STEP][NOT_RUN] - callTestCase(findTestCase("Web RoomMe.id/1. Homepage/2. Verify Header RoomMe.id"), [:], STOP_ON_FAILURE): NOT_RUN: callTestCase(findTestCase("Web RoomMe.id/1. Homepage/2. Verify Header RoomMe.id"), [:], STOP_ON_FAILURE)

2021-01-12 17:40:29 - [MESSAGE][NOT_RUN] - NOT_RUN: callTestCase(findTestCase("Web RoomMe.id/1. Homepage/2. Verify Header RoomMe.id"), [:], STOP_ON_FAILURE)

2021-01-12 17:40:29 - [TEST_STEP][PASSED] - click(findTestObject("Web RoomMe.id/RoomMe.id Header/Button Sign In")): Object: 'Object Repository/Web RoomMe.id/RoomMe.id Header/Button Sign In' is clicked on

2021-01-12 17:40:29 - [MESSAGE][PASSED] - Object: 'Object Repository/Web RoomMe.id/RoomMe.id Header/Button Sign In' is clicked on

2021-01-12 17:40:29 - [TEST_STEP][PASSED] - waitForElementVisible(findTestObject("Web RoomMe.id/Sign In Menu/Button Sign Up"), 0): Object 'Object Repository/Web RoomMe.id/Sign In Menu/Button Sign Up' is visible

2021-01-12 17:40:29 - [MESSAGE][WARNING] - Timeout '0' is invalid. Using default page load timeout: '1'

2021-01-12 17:40:29 - [MESSAGE][PASSED] - Object 'Object Repository/Web RoomMe.id/Sign In Menu/Button Sign Up' is visible

2021-01-12 17:40:29 - [TEST_STEP][PASSED] - click(findTestObject("Web RoomMe.id/Sign In Menu/Button Sign Up")): Object: 'Object Repository/Web RoomMe.id/Sign In Menu/Button Sign Up' is clicked on

2021-01-12 17:40:30 - [MESSAGE][PASSED] - Object: 'Object Repository/Web RoomMe.id/Sign In Menu/Button Sign Up' is clicked on

2021-01-12 17:40:30 - [TEST_STEP][PASSED] - callTestCase(findTestCase("Web RoomMe.id/2. Sign Up/Verify Sign Up Menu"), [:], STOP_ON_FAILURE): Call Test Case 'Test Cases/Web RoomMe.id/2. Sign Up/Verify Sign Up Menu' successfully

2021-01-12 17:40:30 - [TEST_CASE][PASSED] - Test Cases/Web RoomMe.id/2. Sign Up/Verify Sign Up Menu: Test Cases/Web RoomMe.id/2. Sign Up/Verify Sign Up Menu

2021-01-12 17:40:30 - [TEST_STEP][PASSED] - objectSubFolder = "Web RoomMe.id\Sign Up Menu\": null

2021-01-12 17:40:30 - [TEST_STEP][PASSED] - pathToObjRep = getProjectDir() + "\Object Repository\" + objectSubFolder: null

2021-01-12 17:40:30 - [TEST_STEP][PASSED] - yourObjects = new java.io.File(pathToObjRep): null

2021-01-12 17:40:30 - [TEST_STEP][PASSED] - fileNames = yourObjects.list(): null

2021-01-12 17:40:30 - [TEST_STEP][PASSED] - testObjects = new java.util.ArrayList(): null

2021-01-12 17:40:30 - [TEST_STEP][PASSED] - for ([i = 0, i < length, (i++)]): null

2021-01-12 17:40:30 - [TEST_STEP][PASSED] - if (fileNames[i].contains(".rs")): null

2021-01-12 17:40:30 - [TEST_STEP][PASSED] - fileNames[i] = fileNames[i].replace(".rs", ""): null

2021-01-12 17:40:30 - [TEST_STEP][PASSED] - testObjects.add(objectSubFolder + fileNames[i]): null

2021-01-12 17:40:30 - [TEST_STEP][PASSED] - if (fileNames[i].contains(".rs")): null

2021-01-12 17:40:30 - [TEST_STEP][PASSED] - fileNames[i] = fileNames[i].replace(".rs", ""): null

2021-01-12 17:40:30 - [TEST_STEP][PASSED] - testObjects.add(objectSubFolder + fileNames[i]): null

2021-01-12 17:40:30 - [TEST_STEP][PASSED] - if (fileNames[i].contains(".rs")): null

2021-01-12 17:40:30 - [TEST_STEP][PASSED] - if (fileNames[i].contains(".rs")): null

2021-01-12 17:40:30 - [TEST_STEP][PASSED] - fileNames[i] = fileNames[i].replace(".rs", ""): null

2021-01-12 17:40:30 - [TEST_STEP][PASSED] - testObjects.add(objectSubFolder + fileNames[i]): null

2021-01-12 17:40:30 - [TEST_STEP][PASSED] - if (fileNames[i].contains(".rs")): null

2021-01-12 17:40:30 - [TEST_STEP][PASSED] - if (fileNames[i].contains(".rs")): null

2021-01-12 17:40:30 - [TEST_STEP][PASSED] - fileNames[i] = fileNames[i].replace(".rs", ""): null

2021-01-12 17:40:30 - [TEST_STEP][PASSED] - testObjects.add(objectSubFolder + fileNames[i]): null

2021-01-12 17:40:30 - [TEST_STEP][PASSED] - if (fileNames[i].contains(".rs")): null

2021-01-12 17:40:30 - [TEST_STEP][PASSED] - fileNames[i] = fileNames[i].replace(".rs", ""): null

2021-01-12 17:40:30 - [TEST_STEP][PASSED] - testObjects.add(objectSubFolder + fileNames[i]): null

2021-01-12 17:40:30 - [TEST_STEP][PASSED] - if (fileNames[i].contains(".rs")): null

2021-01-12 17:40:30 - [TEST_STEP][PASSED] - fileNames[i] = fileNames[i].replace(".rs", ""): null

2021-01-12 17:40:30 - [TEST_STEP][PASSED] - testObjects.add(objectSubFolder + fileNames[i]): null

2021-01-12 17:40:30 - [TEST_STEP][PASSED] - if (fileNames[i].contains(".rs")): null

2021-01-12 17:40:30 - [TEST_STEP][PASSED] - fileNames[i] = fileNames[i].replace(".rs", ""): null

2021-01-12 17:40:30 - [TEST_STEP][PASSED] - testObjects.add(objectSubFolder + fileNames[i]): null

2021-01-12 17:40:30 - [TEST_STEP][PASSED] - if (fileNames[i].contains(".rs")): null

2021-01-12 17:40:30 - [TEST_STEP][PASSED] - fileNames[i] = fileNames[i].replace(".rs", ""): null

2021-01-12 17:40:30 - [TEST_STEP][PASSED] - testObjects.add(objectSubFolder + fileNames[i]): null

2021-01-12 17:40:30 - [TEST_STEP][PASSED] - if (fileNames[i].contains(".rs")): null

2021-01-12 17:40:30 - [TEST_STEP][PASSED] - fileNames[i] = fileNames[i].replace(".rs", ""): null

2021-01-12 17:40:30 - [TEST_STEP][PASSED] - testObjects.add(objectSubFolder + fileNames[i]): null

2021-01-12 17:40:30 - [TEST_STEP][PASSED] - if (fileNames[i].contains(".rs")): null

2021-01-12 17:40:30 - [TEST_STEP][PASSED] - fileNames[i] = fileNames[i].replace(".rs", ""): null

2021-01-12 17:40:30 - [TEST_STEP][PASSED] - testObjects.add(objectSubFolder + fileNames[i]): null

2021-01-12 17:40:30 - [TEST_STEP][PASSED] - if (fileNames[i].contains(".rs")): null

2021-01-12 17:40:30 - [TEST_STEP][PASSED] - fileNames[i] = fileNames[i].replace(".rs", ""): null

2021-01-12 17:40:30 - [TEST_STEP][PASSED] - testObjects.add(objectSubFolder + fileNames[i]): null

2021-01-12 17:40:30 - [TEST_STEP][PASSED] - if (fileNames[i].contains(".rs")): null

2021-01-12 17:40:30 - [TEST_STEP][PASSED] - fileNames[i] = fileNames[i].replace(".rs", ""): null

2021-01-12 17:40:30 - [TEST_STEP][PASSED] - testObjects.add(objectSubFolder + fileNames[i]): null

2021-01-12 17:40:30 - [TEST_STEP][PASSED] - if (fileNames[i].contains(".rs")): null

2021-01-12 17:40:30 - [TEST_STEP][PASSED] - fileNames[i] = fileNames[i].replace(".rs", ""): null

2021-01-12 17:40:30 - [TEST_STEP][PASSED] - testObjects.add(objectSubFolder + fileNames[i]): null

2021-01-12 17:40:30 - [TEST_STEP][PASSED] - for (String obj : testObjects): Object 'Object Repository/Web RoomMe.id\Sign Up Menu\Textfield Phone Number' is visible

2021-01-12 17:40:30 - [TEST_STEP][PASSED] - verifyElementVisible(findTestObject(obj)): Object 'Object Repository/Web RoomMe.id\Sign Up Menu\Button Sign In' is visible

2021-01-12 17:40:30 - [MESSAGE][PASSED] - Object 'Object Repository/Web RoomMe.id\Sign Up Menu\Button Sign In' is visible

2021-01-12 17:40:30 - [TEST_STEP][PASSED] - verifyElementVisible(findTestObject(obj)): Object 'Object Repository/Web RoomMe.id\Sign Up Menu\Button Sign Up' is visible

2021-01-12 17:40:30 - [MESSAGE][PASSED] - Object 'Object Repository/Web RoomMe.id\Sign Up Menu\Button Sign Up' is visible

2021-01-12 17:40:30 - [TEST_STEP][PASSED] - verifyElementVisible(findTestObject(obj)): Object 'Object Repository/Web RoomMe.id\Sign Up Menu\Name Textfield' is visible

2021-01-12 17:40:30 - [MESSAGE][PASSED] - Object 'Object Repository/Web RoomMe.id\Sign Up Menu\Name Textfield' is visible

2021-01-12 17:40:30 - [TEST_STEP][PASSED] - verifyElementVisible(findTestObject(obj)): Object 'Object Repository/Web RoomMe.id\Sign Up Menu\Text Are you have an account' is visible

2021-01-12 17:40:30 - [MESSAGE][PASSED] - Object 'Object Repository/Web RoomMe.id\Sign Up Menu\Text Are you have an account' is visible

2021-01-12 17:40:30 - [TEST_STEP][PASSED] - verifyElementVisible(findTestObject(obj)): Object 'Object Repository/Web RoomMe.id\Sign Up Menu\Text Confirm Password' is visible

2021-01-12 17:40:30 - [MESSAGE][PASSED] - Object 'Object Repository/Web RoomMe.id\Sign Up Menu\Text Confirm Password' is visible

2021-01-12 17:40:30 - [TEST_STEP][PASSED] - verifyElementVisible(findTestObject(obj)): Object 'Object Repository/Web RoomMe.id\Sign Up Menu\Text Email Address' is visible

2021-01-12 17:40:30 - [MESSAGE][PASSED] - Object 'Object Repository/Web RoomMe.id\Sign Up Menu\Text Email Address' is visible

2021-01-12 17:40:30 - [TEST_STEP][PASSED] - verifyElementVisible(findTestObject(obj)): Object 'Object Repository/Web RoomMe.id\Sign Up Menu\Text Full Name' is visible

2021-01-12 17:40:31 - [MESSAGE][PASSED] - Object 'Object Repository/Web RoomMe.id\Sign Up Menu\Text Full Name' is visible

2021-01-12 17:40:31 - [TEST_STEP][PASSED] - verifyElementVisible(findTestObject(obj)): Object 'Object Repository/Web RoomMe.id\Sign Up Menu\Text Password' is visible

2021-01-12 17:40:31 - [MESSAGE][PASSED] - Object 'Object Repository/Web RoomMe.id\Sign Up Menu\Text Password' is visible

2021-01-12 17:40:31 - [TEST_STEP][PASSED] - verifyElementVisible(findTestObject(obj)): Object 'Object Repository/Web RoomMe.id\Sign Up Menu\Text Phone Number' is visible

2021-01-12 17:40:31 - [MESSAGE][PASSED] - Object 'Object Repository/Web RoomMe.id\Sign Up Menu\Text Phone Number' is visible

2021-01-12 17:40:31 - [TEST_STEP][PASSED] - verifyElementVisible(findTestObject(obj)): Object 'Object Repository/Web RoomMe.id\Sign Up Menu\Textfield Confirm Password' is visible

2021-01-12 17:40:31 - [MESSAGE][PASSED] - Object 'Object Repository/Web RoomMe.id\Sign Up Menu\Textfield Confirm Password' is visible

2021-01-12 17:40:31 - [TEST_STEP][PASSED] - verifyElementVisible(findTestObject(obj)): Object 'Object Repository/Web RoomMe.id\Sign Up Menu\Textfield Email' is visible

2021-01-12 17:40:31 - [MESSAGE][PASSED] - Object 'Object Repository/Web RoomMe.id\Sign Up Menu\Textfield Email' is visible

2021-01-12 17:40:31 - [TEST_STEP][PASSED] - verifyElementVisible(findTestObject(obj)): Object 'Object Repository/Web RoomMe.id\Sign Up Menu\Textfield Password' is visible

2021-01-12 17:40:31 - [MESSAGE][PASSED] - Object 'Object Repository/Web RoomMe.id\Sign Up Menu\Textfield Password' is visible

2021-01-12 17:40:31 - [TEST_STEP][PASSED] - verifyElementVisible(findTestObject(obj)): Object 'Object Repository/Web RoomMe.id\Sign Up Menu\Textfield Phone Number' is visible

2021-01-12 17:40:32 - [MESSAGE][PASSED] - Object 'Object Repository/Web RoomMe.id\Sign Up Menu\Textfield Phone Number' is visible

2021-01-12 17:40:32 - [MESSAGE][PASSED] - Call Test Case 'Test Cases/Web RoomMe.id/2. Sign Up/Verify Sign Up Menu' successfully

2021-01-12 17:40:32 - [TEST_STEP][PASSED] - click(findTestObject("Web RoomMe.id/Sign Up Menu/Button Sign Up")): Object: 'Object Repository/Web RoomMe.id/Sign Up Menu/Button Sign Up' is clicked on

2021-01-12 17:40:32 - [MESSAGE][PASSED] - Object: 'Object Repository/Web RoomMe.id/Sign Up Menu/Button Sign Up' is clicked on

2021-01-12 17:40:32 - [TEST_STEP][PASSED] - waitForElementVisible(findTestObject("Web RoomMe.id/Sign Up Menu/Error Message/Text Name is required"), 30, STOP_ON_FAILURE): Object 'Object Repository/Web RoomMe.id/Sign Up Menu/Error Message/Text Name is required' is visible

2021-01-12 17:40:32 - [MESSAGE][PASSED] - Object 'Object Repository/Web RoomMe.id/Sign Up Menu/Error Message/Text Name is required' is visible

2021-01-12 17:40:32 - [TEST_STEP][PASSED] - waitForElementVisible(findTestObject("Web RoomMe.id/Sign Up Menu/Error Message/Text Email is required"), 30, STOP_ON_FAILURE): Object 'Object Repository/Web RoomMe.id/Sign Up Menu/Error Message/Text Email is required' is visible

2021-01-12 17:40:32 - [MESSAGE][PASSED] - Object 'Object Repository/Web RoomMe.id/Sign Up Menu/Error Message/Text Email is required' is visible

2021-01-12 17:40:32 - [TEST_STEP][PASSED] - waitForElementVisible(findTestObject("Web RoomMe.id/Sign Up Menu/Error Message/Text Phone is required"), 30, STOP_ON_FAILURE): Object 'Object Repository/Web RoomMe.id/Sign Up Menu/Error Message/Text Phone is required' is visible

2021-01-12 17:40:32 - [MESSAGE][PASSED] - Object 'Object Repository/Web RoomMe.id/Sign Up Menu/Error Message/Text Phone is required' is visible

2021-01-12 17:40:32 - [TEST_STEP][PASSED] - waitForElementVisible(findTestObject("Web RoomMe.id/Sign Up Menu/Error Message/Text Password is required"), 30, STOP_ON_FAILURE): Object 'Object Repository/Web RoomMe.id/Sign Up Menu/Error Message/Text Password is required' is visible

2021-01-12 17:40:32 - [MESSAGE][PASSED] - Object 'Object Repository/Web RoomMe.id/Sign Up Menu/Error Message/Text Password is required' is visible]]></system-out>
         <system-err><![CDATA[]]></system-err>
      </testcase>
      <testcase name="Test Cases/Web RoomMe.id/2. Sign Up/3. Customer Input Name Field with Invalid Format" time="32.511" classname="Test Cases/Web RoomMe.id/2. Sign Up/3. Customer Input Name Field with Invalid Format" status="PASSED">
         <system-out><![CDATA[2021-01-12 17:40:32 - [TEST_CASE][PASSED] - Test Cases/Web RoomMe.id/2. Sign Up/3. Customer Input Name Field with Invalid Format: Test Cases/Web RoomMe.id/2. Sign Up/3. Customer Input Name Field with Invalid Format

2021-01-12 17:40:33 - [TEST_STEP][PASSED] - callTestCase(findTestCase("Web RoomMe.id/1. Homepage/1. Customer Access RoomMe Page"), [:], STOP_ON_FAILURE): Call Test Case 'Test Cases/Web RoomMe.id/1. Homepage/1. Customer Access RoomMe Page' successfully

2021-01-12 17:40:33 - [TEST_CASE][PASSED] - Test Cases/Web RoomMe.id/1. Homepage/1. Customer Access RoomMe Page: Test Cases/Web RoomMe.id/1. Homepage/1. Customer Access RoomMe Page

2021-01-12 17:40:33 - [TEST_STEP][PASSED] - openBrowser(url): Browser is opened with url: 'https://dev-web:w3BdEv-r0omM3@web.roomme.id'

2021-01-12 17:40:33 - [MESSAGE][WARNING] - A browser is already opened. Closing browser and opening a new one

2021-01-12 17:40:34 - [MESSAGE][INFO] - Starting 'Chrome' driver

2021-01-12 17:40:34 - [MESSAGE][INFO] - Action delay is set to 50 milliseconds

2021-01-12 17:40:54 - [MESSAGE][PASSED] - Browser is opened with url: 'https://dev-web:w3BdEv-r0omM3@web.roomme.id'

2021-01-12 17:40:54 - [TEST_STEP][PASSED] - maximizeWindow(): Current window maximized

2021-01-12 17:40:57 - [MESSAGE][PASSED] - Current window maximized

2021-01-12 17:40:57 - [TEST_STEP][PASSED] - waitForPageLoad(0): Wait for page load successfully

2021-01-12 17:40:57 - [MESSAGE][WARNING] - Timeout '0' is invalid. Using default page load timeout: '1'

2021-01-12 17:40:57 - [MESSAGE][PASSED] - Wait for page load successfully

2021-01-12 17:40:57 - [TEST_STEP][PASSED] - click(findTestObject("Web RoomMe.id/RoomMe.id Homepage/Button Close banner StaytoWin")): Object: 'Object Repository/Web RoomMe.id/RoomMe.id Homepage/Button Close banner StaytoWin' is clicked on

2021-01-12 17:40:57 - [MESSAGE][PASSED] - Object: 'Object Repository/Web RoomMe.id/RoomMe.id Homepage/Button Close banner StaytoWin' is clicked on

2021-01-12 17:40:57 - [MESSAGE][PASSED] - Call Test Case 'Test Cases/Web RoomMe.id/1. Homepage/1. Customer Access RoomMe Page' successfully

2021-01-12 17:40:57 - [TEST_STEP][NOT_RUN] - callTestCase(findTestCase("Web RoomMe.id/1. Homepage/2. Verify Header RoomMe.id"), [:], STOP_ON_FAILURE): NOT_RUN: callTestCase(findTestCase("Web RoomMe.id/1. Homepage/2. Verify Header RoomMe.id"), [:], STOP_ON_FAILURE)

2021-01-12 17:40:57 - [MESSAGE][NOT_RUN] - NOT_RUN: callTestCase(findTestCase("Web RoomMe.id/1. Homepage/2. Verify Header RoomMe.id"), [:], STOP_ON_FAILURE)

2021-01-12 17:40:57 - [TEST_STEP][PASSED] - click(findTestObject("Web RoomMe.id/RoomMe.id Header/Button Sign In")): Object: 'Object Repository/Web RoomMe.id/RoomMe.id Header/Button Sign In' is clicked on

2021-01-12 17:40:57 - [MESSAGE][PASSED] - Object: 'Object Repository/Web RoomMe.id/RoomMe.id Header/Button Sign In' is clicked on

2021-01-12 17:40:57 - [TEST_STEP][PASSED] - waitForElementVisible(findTestObject("Web RoomMe.id/Sign In Menu/Button Sign Up"), 0): Object 'Object Repository/Web RoomMe.id/Sign In Menu/Button Sign Up' is visible

2021-01-12 17:40:57 - [MESSAGE][WARNING] - Timeout '0' is invalid. Using default page load timeout: '1'

2021-01-12 17:40:57 - [MESSAGE][PASSED] - Object 'Object Repository/Web RoomMe.id/Sign In Menu/Button Sign Up' is visible

2021-01-12 17:40:57 - [TEST_STEP][PASSED] - click(findTestObject("Web RoomMe.id/Sign In Menu/Button Sign Up")): Object: 'Object Repository/Web RoomMe.id/Sign In Menu/Button Sign Up' is clicked on

2021-01-12 17:40:58 - [MESSAGE][PASSED] - Object: 'Object Repository/Web RoomMe.id/Sign In Menu/Button Sign Up' is clicked on

2021-01-12 17:40:58 - [TEST_STEP][PASSED] - callTestCase(findTestCase("Web RoomMe.id/2. Sign Up/Verify Sign Up Menu"), [:], STOP_ON_FAILURE): Call Test Case 'Test Cases/Web RoomMe.id/2. Sign Up/Verify Sign Up Menu' successfully

2021-01-12 17:40:58 - [TEST_CASE][PASSED] - Test Cases/Web RoomMe.id/2. Sign Up/Verify Sign Up Menu: Test Cases/Web RoomMe.id/2. Sign Up/Verify Sign Up Menu

2021-01-12 17:40:58 - [TEST_STEP][PASSED] - objectSubFolder = "Web RoomMe.id\Sign Up Menu\": null

2021-01-12 17:40:58 - [TEST_STEP][PASSED] - pathToObjRep = getProjectDir() + "\Object Repository\" + objectSubFolder: null

2021-01-12 17:40:58 - [TEST_STEP][PASSED] - yourObjects = new java.io.File(pathToObjRep): null

2021-01-12 17:40:58 - [TEST_STEP][PASSED] - fileNames = yourObjects.list(): null

2021-01-12 17:40:58 - [TEST_STEP][PASSED] - testObjects = new java.util.ArrayList(): null

2021-01-12 17:40:58 - [TEST_STEP][PASSED] - for ([i = 0, i < length, (i++)]): null

2021-01-12 17:40:58 - [TEST_STEP][PASSED] - if (fileNames[i].contains(".rs")): null

2021-01-12 17:40:58 - [TEST_STEP][PASSED] - fileNames[i] = fileNames[i].replace(".rs", ""): null

2021-01-12 17:40:58 - [TEST_STEP][PASSED] - testObjects.add(objectSubFolder + fileNames[i]): null

2021-01-12 17:40:58 - [TEST_STEP][PASSED] - if (fileNames[i].contains(".rs")): null

2021-01-12 17:40:58 - [TEST_STEP][PASSED] - fileNames[i] = fileNames[i].replace(".rs", ""): null

2021-01-12 17:40:58 - [TEST_STEP][PASSED] - testObjects.add(objectSubFolder + fileNames[i]): null

2021-01-12 17:40:58 - [TEST_STEP][PASSED] - if (fileNames[i].contains(".rs")): null

2021-01-12 17:40:58 - [TEST_STEP][PASSED] - if (fileNames[i].contains(".rs")): null

2021-01-12 17:40:58 - [TEST_STEP][PASSED] - fileNames[i] = fileNames[i].replace(".rs", ""): null

2021-01-12 17:40:58 - [TEST_STEP][PASSED] - testObjects.add(objectSubFolder + fileNames[i]): null

2021-01-12 17:40:58 - [TEST_STEP][PASSED] - if (fileNames[i].contains(".rs")): null

2021-01-12 17:40:58 - [TEST_STEP][PASSED] - if (fileNames[i].contains(".rs")): null

2021-01-12 17:40:58 - [TEST_STEP][PASSED] - fileNames[i] = fileNames[i].replace(".rs", ""): null

2021-01-12 17:40:58 - [TEST_STEP][PASSED] - testObjects.add(objectSubFolder + fileNames[i]): null

2021-01-12 17:40:58 - [TEST_STEP][PASSED] - if (fileNames[i].contains(".rs")): null

2021-01-12 17:40:58 - [TEST_STEP][PASSED] - fileNames[i] = fileNames[i].replace(".rs", ""): null

2021-01-12 17:40:58 - [TEST_STEP][PASSED] - testObjects.add(objectSubFolder + fileNames[i]): null

2021-01-12 17:40:58 - [TEST_STEP][PASSED] - if (fileNames[i].contains(".rs")): null

2021-01-12 17:40:58 - [TEST_STEP][PASSED] - fileNames[i] = fileNames[i].replace(".rs", ""): null

2021-01-12 17:40:58 - [TEST_STEP][PASSED] - testObjects.add(objectSubFolder + fileNames[i]): null

2021-01-12 17:40:58 - [TEST_STEP][PASSED] - if (fileNames[i].contains(".rs")): null

2021-01-12 17:40:58 - [TEST_STEP][PASSED] - fileNames[i] = fileNames[i].replace(".rs", ""): null

2021-01-12 17:40:58 - [TEST_STEP][PASSED] - testObjects.add(objectSubFolder + fileNames[i]): null

2021-01-12 17:40:58 - [TEST_STEP][PASSED] - if (fileNames[i].contains(".rs")): null

2021-01-12 17:40:58 - [TEST_STEP][PASSED] - fileNames[i] = fileNames[i].replace(".rs", ""): null

2021-01-12 17:40:58 - [TEST_STEP][PASSED] - testObjects.add(objectSubFolder + fileNames[i]): null

2021-01-12 17:40:58 - [TEST_STEP][PASSED] - if (fileNames[i].contains(".rs")): null

2021-01-12 17:40:58 - [TEST_STEP][PASSED] - fileNames[i] = fileNames[i].replace(".rs", ""): null

2021-01-12 17:40:58 - [TEST_STEP][PASSED] - testObjects.add(objectSubFolder + fileNames[i]): null

2021-01-12 17:40:58 - [TEST_STEP][PASSED] - if (fileNames[i].contains(".rs")): null

2021-01-12 17:40:58 - [TEST_STEP][PASSED] - fileNames[i] = fileNames[i].replace(".rs", ""): null

2021-01-12 17:40:58 - [TEST_STEP][PASSED] - testObjects.add(objectSubFolder + fileNames[i]): null

2021-01-12 17:40:58 - [TEST_STEP][PASSED] - if (fileNames[i].contains(".rs")): null

2021-01-12 17:40:58 - [TEST_STEP][PASSED] - fileNames[i] = fileNames[i].replace(".rs", ""): null

2021-01-12 17:40:58 - [TEST_STEP][PASSED] - testObjects.add(objectSubFolder + fileNames[i]): null

2021-01-12 17:40:58 - [TEST_STEP][PASSED] - if (fileNames[i].contains(".rs")): null

2021-01-12 17:40:58 - [TEST_STEP][PASSED] - fileNames[i] = fileNames[i].replace(".rs", ""): null

2021-01-12 17:40:58 - [TEST_STEP][PASSED] - testObjects.add(objectSubFolder + fileNames[i]): null

2021-01-12 17:40:58 - [TEST_STEP][PASSED] - if (fileNames[i].contains(".rs")): null

2021-01-12 17:40:58 - [TEST_STEP][PASSED] - fileNames[i] = fileNames[i].replace(".rs", ""): null

2021-01-12 17:40:58 - [TEST_STEP][PASSED] - testObjects.add(objectSubFolder + fileNames[i]): null

2021-01-12 17:40:58 - [TEST_STEP][PASSED] - for (String obj : testObjects): Object 'Object Repository/Web RoomMe.id\Sign Up Menu\Textfield Phone Number' is visible

2021-01-12 17:40:58 - [TEST_STEP][PASSED] - verifyElementVisible(findTestObject(obj)): Object 'Object Repository/Web RoomMe.id\Sign Up Menu\Button Sign In' is visible

2021-01-12 17:40:58 - [MESSAGE][PASSED] - Object 'Object Repository/Web RoomMe.id\Sign Up Menu\Button Sign In' is visible

2021-01-12 17:40:58 - [TEST_STEP][PASSED] - verifyElementVisible(findTestObject(obj)): Object 'Object Repository/Web RoomMe.id\Sign Up Menu\Button Sign Up' is visible

2021-01-12 17:40:58 - [MESSAGE][PASSED] - Object 'Object Repository/Web RoomMe.id\Sign Up Menu\Button Sign Up' is visible

2021-01-12 17:40:58 - [TEST_STEP][PASSED] - verifyElementVisible(findTestObject(obj)): Object 'Object Repository/Web RoomMe.id\Sign Up Menu\Name Textfield' is visible

2021-01-12 17:40:58 - [MESSAGE][PASSED] - Object 'Object Repository/Web RoomMe.id\Sign Up Menu\Name Textfield' is visible

2021-01-12 17:40:58 - [TEST_STEP][PASSED] - verifyElementVisible(findTestObject(obj)): Object 'Object Repository/Web RoomMe.id\Sign Up Menu\Text Are you have an account' is visible

2021-01-12 17:40:58 - [MESSAGE][PASSED] - Object 'Object Repository/Web RoomMe.id\Sign Up Menu\Text Are you have an account' is visible

2021-01-12 17:40:58 - [TEST_STEP][PASSED] - verifyElementVisible(findTestObject(obj)): Object 'Object Repository/Web RoomMe.id\Sign Up Menu\Text Confirm Password' is visible

2021-01-12 17:40:58 - [MESSAGE][PASSED] - Object 'Object Repository/Web RoomMe.id\Sign Up Menu\Text Confirm Password' is visible

2021-01-12 17:40:58 - [TEST_STEP][PASSED] - verifyElementVisible(findTestObject(obj)): Object 'Object Repository/Web RoomMe.id\Sign Up Menu\Text Email Address' is visible

2021-01-12 17:40:59 - [MESSAGE][PASSED] - Object 'Object Repository/Web RoomMe.id\Sign Up Menu\Text Email Address' is visible

2021-01-12 17:40:59 - [TEST_STEP][PASSED] - verifyElementVisible(findTestObject(obj)): Object 'Object Repository/Web RoomMe.id\Sign Up Menu\Text Full Name' is visible

2021-01-12 17:40:59 - [MESSAGE][PASSED] - Object 'Object Repository/Web RoomMe.id\Sign Up Menu\Text Full Name' is visible

2021-01-12 17:40:59 - [TEST_STEP][PASSED] - verifyElementVisible(findTestObject(obj)): Object 'Object Repository/Web RoomMe.id\Sign Up Menu\Text Password' is visible

2021-01-12 17:40:59 - [MESSAGE][PASSED] - Object 'Object Repository/Web RoomMe.id\Sign Up Menu\Text Password' is visible

2021-01-12 17:40:59 - [TEST_STEP][PASSED] - verifyElementVisible(findTestObject(obj)): Object 'Object Repository/Web RoomMe.id\Sign Up Menu\Text Phone Number' is visible

2021-01-12 17:40:59 - [MESSAGE][PASSED] - Object 'Object Repository/Web RoomMe.id\Sign Up Menu\Text Phone Number' is visible

2021-01-12 17:40:59 - [TEST_STEP][PASSED] - verifyElementVisible(findTestObject(obj)): Object 'Object Repository/Web RoomMe.id\Sign Up Menu\Textfield Confirm Password' is visible

2021-01-12 17:40:59 - [MESSAGE][PASSED] - Object 'Object Repository/Web RoomMe.id\Sign Up Menu\Textfield Confirm Password' is visible

2021-01-12 17:40:59 - [TEST_STEP][PASSED] - verifyElementVisible(findTestObject(obj)): Object 'Object Repository/Web RoomMe.id\Sign Up Menu\Textfield Email' is visible

2021-01-12 17:40:59 - [MESSAGE][PASSED] - Object 'Object Repository/Web RoomMe.id\Sign Up Menu\Textfield Email' is visible

2021-01-12 17:40:59 - [TEST_STEP][PASSED] - verifyElementVisible(findTestObject(obj)): Object 'Object Repository/Web RoomMe.id\Sign Up Menu\Textfield Password' is visible

2021-01-12 17:40:59 - [MESSAGE][PASSED] - Object 'Object Repository/Web RoomMe.id\Sign Up Menu\Textfield Password' is visible

2021-01-12 17:40:59 - [TEST_STEP][PASSED] - verifyElementVisible(findTestObject(obj)): Object 'Object Repository/Web RoomMe.id\Sign Up Menu\Textfield Phone Number' is visible

2021-01-12 17:41:00 - [MESSAGE][PASSED] - Object 'Object Repository/Web RoomMe.id\Sign Up Menu\Textfield Phone Number' is visible

2021-01-12 17:41:00 - [MESSAGE][PASSED] - Call Test Case 'Test Cases/Web RoomMe.id/2. Sign Up/Verify Sign Up Menu' successfully

2021-01-12 17:41:00 - [TEST_STEP][PASSED] - waitForElementVisible(findTestObject("Web RoomMe.id/Sign Up Menu/Name Textfield"), 30, STOP_ON_FAILURE): Object 'Object Repository/Web RoomMe.id/Sign Up Menu/Name Textfield' is visible

2021-01-12 17:41:00 - [MESSAGE][PASSED] - Object 'Object Repository/Web RoomMe.id/Sign Up Menu/Name Textfield' is visible

2021-01-12 17:41:00 - [TEST_STEP][PASSED] - setText(findTestObject("Web RoomMe.id/Sign Up Menu/Name Textfield"), "ab"): Text 'ab' is set on object 'Object Repository/Web RoomMe.id/Sign Up Menu/Name Textfield'

2021-01-12 17:41:00 - [MESSAGE][PASSED] - Text 'ab' is set on object 'Object Repository/Web RoomMe.id/Sign Up Menu/Name Textfield'

2021-01-12 17:41:00 - [TEST_STEP][PASSED] - waitForElementVisible(findTestObject("Web RoomMe.id/Sign Up Menu/Error Message/Text At least input 3 characters long"), 30, STOP_ON_FAILURE): Object 'Object Repository/Web RoomMe.id/Sign Up Menu/Error Message/Text At least input 3 characters long' is visible

2021-01-12 17:41:01 - [MESSAGE][PASSED] - Object 'Object Repository/Web RoomMe.id/Sign Up Menu/Error Message/Text At least input 3 characters long' is visible

2021-01-12 17:41:01 - [TEST_STEP][PASSED] - sendKeys(findTestObject("Web RoomMe.id/Sign Up Menu/Name Textfield"), Keys.chord(CONTROL, "a", BACK_SPACE)): Keys 'CONTROL + BACK_SPACE + a' sent to object: 'Object Repository/Web RoomMe.id/Sign Up Menu/Name Textfield'

2021-01-12 17:41:01 - [MESSAGE][PASSED] - Keys 'CONTROL + BACK_SPACE + a' sent to object: 'Object Repository/Web RoomMe.id/Sign Up Menu/Name Textfield'

2021-01-12 17:41:01 - [TEST_STEP][PASSED] - setText(findTestObject("Web RoomMe.id/Sign Up Menu/Name Textfield"), "Abcde Abcde Abcde Abcde Abcde Abcde Abcde Abcde 123"): Text 'Abcde Abcde Abcde Abcde Abcde Abcde Abcde Abcde 123' is set on object 'Object Repository/Web RoomMe.id/Sign Up Menu/Name Textfield'

2021-01-12 17:41:02 - [MESSAGE][PASSED] - Text 'Abcde Abcde Abcde Abcde Abcde Abcde Abcde Abcde 123' is set on object 'Object Repository/Web RoomMe.id/Sign Up Menu/Name Textfield'

2021-01-12 17:41:02 - [TEST_STEP][PASSED] - waitForElementVisible(findTestObject("Web RoomMe.id/Sign Up Menu/Error Message/Text Name Input Character is 50"), 30, STOP_ON_FAILURE): Object 'Object Repository/Web RoomMe.id/Sign Up Menu/Error Message/Text Name Input Character is 50' is visible

2021-01-12 17:41:02 - [MESSAGE][PASSED] - Object 'Object Repository/Web RoomMe.id/Sign Up Menu/Error Message/Text Name Input Character is 50' is visible

2021-01-12 17:41:02 - [TEST_STEP][PASSED] - sendKeys(findTestObject("Web RoomMe.id/Sign Up Menu/Name Textfield"), Keys.chord(CONTROL, "a", BACK_SPACE)): Keys 'CONTROL + BACK_SPACE + a' sent to object: 'Object Repository/Web RoomMe.id/Sign Up Menu/Name Textfield'

2021-01-12 17:41:03 - [MESSAGE][PASSED] - Keys 'CONTROL + BACK_SPACE + a' sent to object: 'Object Repository/Web RoomMe.id/Sign Up Menu/Name Textfield'

2021-01-12 17:41:03 - [TEST_STEP][PASSED] - setText(findTestObject("Web RoomMe.id/Sign Up Menu/Name Textfield"), "abc1"): Text 'abc1' is set on object 'Object Repository/Web RoomMe.id/Sign Up Menu/Name Textfield'

2021-01-12 17:41:03 - [MESSAGE][PASSED] - Text 'abc1' is set on object 'Object Repository/Web RoomMe.id/Sign Up Menu/Name Textfield'

2021-01-12 17:41:03 - [TEST_STEP][PASSED] - waitForElementVisible(findTestObject("Web RoomMe.id/Sign Up Menu/Error Message/Text Your name seems to contain incorrect characters"), 30, STOP_ON_FAILURE): Object 'Object Repository/Web RoomMe.id/Sign Up Menu/Error Message/Text Your name seems to contain incorrect characters' is visible

2021-01-12 17:41:04 - [MESSAGE][PASSED] - Object 'Object Repository/Web RoomMe.id/Sign Up Menu/Error Message/Text Your name seems to contain incorrect characters' is visible

2021-01-12 17:41:04 - [TEST_STEP][PASSED] - sendKeys(findTestObject("Web RoomMe.id/Sign Up Menu/Name Textfield"), Keys.chord(CONTROL, "a", BACK_SPACE)): Keys 'CONTROL + BACK_SPACE + a' sent to object: 'Object Repository/Web RoomMe.id/Sign Up Menu/Name Textfield'

2021-01-12 17:41:04 - [MESSAGE][PASSED] - Keys 'CONTROL + BACK_SPACE + a' sent to object: 'Object Repository/Web RoomMe.id/Sign Up Menu/Name Textfield'

2021-01-12 17:41:04 - [TEST_STEP][PASSED] - setText(findTestObject("Web RoomMe.id/Sign Up Menu/Name Textfield"), "abc!@#"): Text 'abc!@#' is set on object 'Object Repository/Web RoomMe.id/Sign Up Menu/Name Textfield'

2021-01-12 17:41:04 - [MESSAGE][PASSED] - Text 'abc!@#' is set on object 'Object Repository/Web RoomMe.id/Sign Up Menu/Name Textfield'

2021-01-12 17:41:04 - [TEST_STEP][PASSED] - waitForElementVisible(findTestObject("Web RoomMe.id/Sign Up Menu/Error Message/Text Your name seems to contain incorrect characters"), 30, STOP_ON_FAILURE): Object 'Object Repository/Web RoomMe.id/Sign Up Menu/Error Message/Text Your name seems to contain incorrect characters' is visible

2021-01-12 17:41:05 - [MESSAGE][PASSED] - Object 'Object Repository/Web RoomMe.id/Sign Up Menu/Error Message/Text Your name seems to contain incorrect characters' is visible]]></system-out>
         <system-err><![CDATA[]]></system-err>
      </testcase>
      <testcase name="Test Cases/Web RoomMe.id/2. Sign Up/4. Customer Input Email with Invalid Format" time="49.617" classname="Test Cases/Web RoomMe.id/2. Sign Up/4. Customer Input Email with Invalid Format" status="PASSED">
         <system-out><![CDATA[2021-01-12 17:41:05 - [TEST_CASE][PASSED] - Test Cases/Web RoomMe.id/2. Sign Up/4. Customer Input Email with Invalid Format: Test Cases/Web RoomMe.id/2. Sign Up/4. Customer Input Email with Invalid Format

2021-01-12 17:41:05 - [TEST_STEP][PASSED] - callTestCase(findTestCase("Web RoomMe.id/1. Homepage/1. Customer Access RoomMe Page"), [:], STOP_ON_FAILURE): Call Test Case 'Test Cases/Web RoomMe.id/1. Homepage/1. Customer Access RoomMe Page' successfully

2021-01-12 17:41:05 - [TEST_CASE][PASSED] - Test Cases/Web RoomMe.id/1. Homepage/1. Customer Access RoomMe Page: Test Cases/Web RoomMe.id/1. Homepage/1. Customer Access RoomMe Page

2021-01-12 17:41:05 - [TEST_STEP][PASSED] - openBrowser(url): Browser is opened with url: 'https://dev-web:w3BdEv-r0omM3@web.roomme.id'

2021-01-12 17:41:05 - [MESSAGE][WARNING] - A browser is already opened. Closing browser and opening a new one

2021-01-12 17:41:06 - [MESSAGE][INFO] - Starting 'Chrome' driver

2021-01-12 17:41:06 - [MESSAGE][INFO] - Action delay is set to 50 milliseconds

2021-01-12 17:41:41 - [MESSAGE][PASSED] - Browser is opened with url: 'https://dev-web:w3BdEv-r0omM3@web.roomme.id'

2021-01-12 17:41:41 - [TEST_STEP][PASSED] - maximizeWindow(): Current window maximized

2021-01-12 17:41:43 - [MESSAGE][PASSED] - Current window maximized

2021-01-12 17:41:43 - [TEST_STEP][PASSED] - waitForPageLoad(0): Wait for page load successfully

2021-01-12 17:41:43 - [MESSAGE][WARNING] - Timeout '0' is invalid. Using default page load timeout: '1'

2021-01-12 17:41:44 - [MESSAGE][PASSED] - Wait for page load successfully

2021-01-12 17:41:44 - [TEST_STEP][PASSED] - click(findTestObject("Web RoomMe.id/RoomMe.id Homepage/Button Close banner StaytoWin")): Object: 'Object Repository/Web RoomMe.id/RoomMe.id Homepage/Button Close banner StaytoWin' is clicked on

2021-01-12 17:41:44 - [MESSAGE][PASSED] - Object: 'Object Repository/Web RoomMe.id/RoomMe.id Homepage/Button Close banner StaytoWin' is clicked on

2021-01-12 17:41:44 - [MESSAGE][PASSED] - Call Test Case 'Test Cases/Web RoomMe.id/1. Homepage/1. Customer Access RoomMe Page' successfully

2021-01-12 17:41:44 - [TEST_STEP][NOT_RUN] - callTestCase(findTestCase("Web RoomMe.id/1. Homepage/2. Verify Header RoomMe.id"), [:], STOP_ON_FAILURE): NOT_RUN: callTestCase(findTestCase("Web RoomMe.id/1. Homepage/2. Verify Header RoomMe.id"), [:], STOP_ON_FAILURE)

2021-01-12 17:41:44 - [MESSAGE][NOT_RUN] - NOT_RUN: callTestCase(findTestCase("Web RoomMe.id/1. Homepage/2. Verify Header RoomMe.id"), [:], STOP_ON_FAILURE)

2021-01-12 17:41:44 - [TEST_STEP][PASSED] - click(findTestObject("Web RoomMe.id/RoomMe.id Header/Button Sign In")): Object: 'Object Repository/Web RoomMe.id/RoomMe.id Header/Button Sign In' is clicked on

2021-01-12 17:41:44 - [MESSAGE][PASSED] - Object: 'Object Repository/Web RoomMe.id/RoomMe.id Header/Button Sign In' is clicked on

2021-01-12 17:41:44 - [TEST_STEP][PASSED] - waitForElementVisible(findTestObject("Web RoomMe.id/Sign In Menu/Button Sign Up"), 0): Object 'Object Repository/Web RoomMe.id/Sign In Menu/Button Sign Up' is visible

2021-01-12 17:41:44 - [MESSAGE][WARNING] - Timeout '0' is invalid. Using default page load timeout: '1'

2021-01-12 17:41:45 - [MESSAGE][PASSED] - Object 'Object Repository/Web RoomMe.id/Sign In Menu/Button Sign Up' is visible

2021-01-12 17:41:45 - [TEST_STEP][PASSED] - click(findTestObject("Web RoomMe.id/Sign In Menu/Button Sign Up")): Object: 'Object Repository/Web RoomMe.id/Sign In Menu/Button Sign Up' is clicked on

2021-01-12 17:41:45 - [MESSAGE][PASSED] - Object: 'Object Repository/Web RoomMe.id/Sign In Menu/Button Sign Up' is clicked on

2021-01-12 17:41:45 - [TEST_STEP][PASSED] - callTestCase(findTestCase("Web RoomMe.id/2. Sign Up/Verify Sign Up Menu"), [:], STOP_ON_FAILURE): Call Test Case 'Test Cases/Web RoomMe.id/2. Sign Up/Verify Sign Up Menu' successfully

2021-01-12 17:41:45 - [TEST_CASE][PASSED] - Test Cases/Web RoomMe.id/2. Sign Up/Verify Sign Up Menu: Test Cases/Web RoomMe.id/2. Sign Up/Verify Sign Up Menu

2021-01-12 17:41:45 - [TEST_STEP][PASSED] - objectSubFolder = "Web RoomMe.id\Sign Up Menu\": null

2021-01-12 17:41:45 - [TEST_STEP][PASSED] - pathToObjRep = getProjectDir() + "\Object Repository\" + objectSubFolder: null

2021-01-12 17:41:45 - [TEST_STEP][PASSED] - yourObjects = new java.io.File(pathToObjRep): null

2021-01-12 17:41:45 - [TEST_STEP][PASSED] - fileNames = yourObjects.list(): null

2021-01-12 17:41:45 - [TEST_STEP][PASSED] - testObjects = new java.util.ArrayList(): null

2021-01-12 17:41:45 - [TEST_STEP][PASSED] - for ([i = 0, i < length, (i++)]): null

2021-01-12 17:41:45 - [TEST_STEP][PASSED] - if (fileNames[i].contains(".rs")): null

2021-01-12 17:41:45 - [TEST_STEP][PASSED] - fileNames[i] = fileNames[i].replace(".rs", ""): null

2021-01-12 17:41:45 - [TEST_STEP][PASSED] - testObjects.add(objectSubFolder + fileNames[i]): null

2021-01-12 17:41:45 - [TEST_STEP][PASSED] - if (fileNames[i].contains(".rs")): null

2021-01-12 17:41:45 - [TEST_STEP][PASSED] - fileNames[i] = fileNames[i].replace(".rs", ""): null

2021-01-12 17:41:45 - [TEST_STEP][PASSED] - testObjects.add(objectSubFolder + fileNames[i]): null

2021-01-12 17:41:45 - [TEST_STEP][PASSED] - if (fileNames[i].contains(".rs")): null

2021-01-12 17:41:45 - [TEST_STEP][PASSED] - if (fileNames[i].contains(".rs")): null

2021-01-12 17:41:45 - [TEST_STEP][PASSED] - fileNames[i] = fileNames[i].replace(".rs", ""): null

2021-01-12 17:41:45 - [TEST_STEP][PASSED] - testObjects.add(objectSubFolder + fileNames[i]): null

2021-01-12 17:41:45 - [TEST_STEP][PASSED] - if (fileNames[i].contains(".rs")): null

2021-01-12 17:41:45 - [TEST_STEP][PASSED] - if (fileNames[i].contains(".rs")): null

2021-01-12 17:41:45 - [TEST_STEP][PASSED] - fileNames[i] = fileNames[i].replace(".rs", ""): null

2021-01-12 17:41:45 - [TEST_STEP][PASSED] - testObjects.add(objectSubFolder + fileNames[i]): null

2021-01-12 17:41:45 - [TEST_STEP][PASSED] - if (fileNames[i].contains(".rs")): null

2021-01-12 17:41:45 - [TEST_STEP][PASSED] - fileNames[i] = fileNames[i].replace(".rs", ""): null

2021-01-12 17:41:45 - [TEST_STEP][PASSED] - testObjects.add(objectSubFolder + fileNames[i]): null

2021-01-12 17:41:45 - [TEST_STEP][PASSED] - if (fileNames[i].contains(".rs")): null

2021-01-12 17:41:45 - [TEST_STEP][PASSED] - fileNames[i] = fileNames[i].replace(".rs", ""): null

2021-01-12 17:41:45 - [TEST_STEP][PASSED] - testObjects.add(objectSubFolder + fileNames[i]): null

2021-01-12 17:41:45 - [TEST_STEP][PASSED] - if (fileNames[i].contains(".rs")): null

2021-01-12 17:41:45 - [TEST_STEP][PASSED] - fileNames[i] = fileNames[i].replace(".rs", ""): null

2021-01-12 17:41:45 - [TEST_STEP][PASSED] - testObjects.add(objectSubFolder + fileNames[i]): null

2021-01-12 17:41:45 - [TEST_STEP][PASSED] - if (fileNames[i].contains(".rs")): null

2021-01-12 17:41:45 - [TEST_STEP][PASSED] - fileNames[i] = fileNames[i].replace(".rs", ""): null

2021-01-12 17:41:45 - [TEST_STEP][PASSED] - testObjects.add(objectSubFolder + fileNames[i]): null

2021-01-12 17:41:45 - [TEST_STEP][PASSED] - if (fileNames[i].contains(".rs")): null

2021-01-12 17:41:45 - [TEST_STEP][PASSED] - fileNames[i] = fileNames[i].replace(".rs", ""): null

2021-01-12 17:41:45 - [TEST_STEP][PASSED] - testObjects.add(objectSubFolder + fileNames[i]): null

2021-01-12 17:41:45 - [TEST_STEP][PASSED] - if (fileNames[i].contains(".rs")): null

2021-01-12 17:41:45 - [TEST_STEP][PASSED] - fileNames[i] = fileNames[i].replace(".rs", ""): null

2021-01-12 17:41:45 - [TEST_STEP][PASSED] - testObjects.add(objectSubFolder + fileNames[i]): null

2021-01-12 17:41:45 - [TEST_STEP][PASSED] - if (fileNames[i].contains(".rs")): null

2021-01-12 17:41:45 - [TEST_STEP][PASSED] - fileNames[i] = fileNames[i].replace(".rs", ""): null

2021-01-12 17:41:45 - [TEST_STEP][PASSED] - testObjects.add(objectSubFolder + fileNames[i]): null

2021-01-12 17:41:45 - [TEST_STEP][PASSED] - if (fileNames[i].contains(".rs")): null

2021-01-12 17:41:45 - [TEST_STEP][PASSED] - fileNames[i] = fileNames[i].replace(".rs", ""): null

2021-01-12 17:41:45 - [TEST_STEP][PASSED] - testObjects.add(objectSubFolder + fileNames[i]): null

2021-01-12 17:41:45 - [TEST_STEP][PASSED] - if (fileNames[i].contains(".rs")): null

2021-01-12 17:41:45 - [TEST_STEP][PASSED] - fileNames[i] = fileNames[i].replace(".rs", ""): null

2021-01-12 17:41:45 - [TEST_STEP][PASSED] - testObjects.add(objectSubFolder + fileNames[i]): null

2021-01-12 17:41:45 - [TEST_STEP][PASSED] - for (String obj : testObjects): Object 'Object Repository/Web RoomMe.id\Sign Up Menu\Textfield Phone Number' is visible

2021-01-12 17:41:45 - [TEST_STEP][PASSED] - verifyElementVisible(findTestObject(obj)): Object 'Object Repository/Web RoomMe.id\Sign Up Menu\Button Sign In' is visible

2021-01-12 17:41:45 - [MESSAGE][PASSED] - Object 'Object Repository/Web RoomMe.id\Sign Up Menu\Button Sign In' is visible

2021-01-12 17:41:45 - [TEST_STEP][PASSED] - verifyElementVisible(findTestObject(obj)): Object 'Object Repository/Web RoomMe.id\Sign Up Menu\Button Sign Up' is visible

2021-01-12 17:41:45 - [MESSAGE][PASSED] - Object 'Object Repository/Web RoomMe.id\Sign Up Menu\Button Sign Up' is visible

2021-01-12 17:41:45 - [TEST_STEP][PASSED] - verifyElementVisible(findTestObject(obj)): Object 'Object Repository/Web RoomMe.id\Sign Up Menu\Name Textfield' is visible

2021-01-12 17:41:45 - [MESSAGE][PASSED] - Object 'Object Repository/Web RoomMe.id\Sign Up Menu\Name Textfield' is visible

2021-01-12 17:41:45 - [TEST_STEP][PASSED] - verifyElementVisible(findTestObject(obj)): Object 'Object Repository/Web RoomMe.id\Sign Up Menu\Text Are you have an account' is visible

2021-01-12 17:41:45 - [MESSAGE][PASSED] - Object 'Object Repository/Web RoomMe.id\Sign Up Menu\Text Are you have an account' is visible

2021-01-12 17:41:45 - [TEST_STEP][PASSED] - verifyElementVisible(findTestObject(obj)): Object 'Object Repository/Web RoomMe.id\Sign Up Menu\Text Confirm Password' is visible

2021-01-12 17:41:46 - [MESSAGE][PASSED] - Object 'Object Repository/Web RoomMe.id\Sign Up Menu\Text Confirm Password' is visible

2021-01-12 17:41:46 - [TEST_STEP][PASSED] - verifyElementVisible(findTestObject(obj)): Object 'Object Repository/Web RoomMe.id\Sign Up Menu\Text Email Address' is visible

2021-01-12 17:41:46 - [MESSAGE][PASSED] - Object 'Object Repository/Web RoomMe.id\Sign Up Menu\Text Email Address' is visible

2021-01-12 17:41:46 - [TEST_STEP][PASSED] - verifyElementVisible(findTestObject(obj)): Object 'Object Repository/Web RoomMe.id\Sign Up Menu\Text Full Name' is visible

2021-01-12 17:41:46 - [MESSAGE][PASSED] - Object 'Object Repository/Web RoomMe.id\Sign Up Menu\Text Full Name' is visible

2021-01-12 17:41:46 - [TEST_STEP][PASSED] - verifyElementVisible(findTestObject(obj)): Object 'Object Repository/Web RoomMe.id\Sign Up Menu\Text Password' is visible

2021-01-12 17:41:46 - [MESSAGE][PASSED] - Object 'Object Repository/Web RoomMe.id\Sign Up Menu\Text Password' is visible

2021-01-12 17:41:46 - [TEST_STEP][PASSED] - verifyElementVisible(findTestObject(obj)): Object 'Object Repository/Web RoomMe.id\Sign Up Menu\Text Phone Number' is visible

2021-01-12 17:41:46 - [MESSAGE][PASSED] - Object 'Object Repository/Web RoomMe.id\Sign Up Menu\Text Phone Number' is visible

2021-01-12 17:41:46 - [TEST_STEP][PASSED] - verifyElementVisible(findTestObject(obj)): Object 'Object Repository/Web RoomMe.id\Sign Up Menu\Textfield Confirm Password' is visible

2021-01-12 17:41:46 - [MESSAGE][PASSED] - Object 'Object Repository/Web RoomMe.id\Sign Up Menu\Textfield Confirm Password' is visible

2021-01-12 17:41:46 - [TEST_STEP][PASSED] - verifyElementVisible(findTestObject(obj)): Object 'Object Repository/Web RoomMe.id\Sign Up Menu\Textfield Email' is visible

2021-01-12 17:41:46 - [MESSAGE][PASSED] - Object 'Object Repository/Web RoomMe.id\Sign Up Menu\Textfield Email' is visible

2021-01-12 17:41:46 - [TEST_STEP][PASSED] - verifyElementVisible(findTestObject(obj)): Object 'Object Repository/Web RoomMe.id\Sign Up Menu\Textfield Password' is visible

2021-01-12 17:41:46 - [MESSAGE][PASSED] - Object 'Object Repository/Web RoomMe.id\Sign Up Menu\Textfield Password' is visible

2021-01-12 17:41:46 - [TEST_STEP][PASSED] - verifyElementVisible(findTestObject(obj)): Object 'Object Repository/Web RoomMe.id\Sign Up Menu\Textfield Phone Number' is visible

2021-01-12 17:41:47 - [MESSAGE][PASSED] - Object 'Object Repository/Web RoomMe.id\Sign Up Menu\Textfield Phone Number' is visible

2021-01-12 17:41:47 - [MESSAGE][PASSED] - Call Test Case 'Test Cases/Web RoomMe.id/2. Sign Up/Verify Sign Up Menu' successfully

2021-01-12 17:41:47 - [TEST_STEP][PASSED] - waitForElementVisible(findTestObject("Web RoomMe.id/Sign Up Menu/Textfield Email"), 30, STOP_ON_FAILURE): Object 'Object Repository/Web RoomMe.id/Sign Up Menu/Textfield Email' is visible

2021-01-12 17:41:47 - [MESSAGE][PASSED] - Object 'Object Repository/Web RoomMe.id/Sign Up Menu/Textfield Email' is visible

2021-01-12 17:41:47 - [TEST_STEP][PASSED] - setText(findTestObject("Web RoomMe.id/Sign Up Menu/Textfield Email"), "abc123"): Text 'abc123' is set on object 'Object Repository/Web RoomMe.id/Sign Up Menu/Textfield Email'

2021-01-12 17:41:47 - [MESSAGE][PASSED] - Text 'abc123' is set on object 'Object Repository/Web RoomMe.id/Sign Up Menu/Textfield Email'

2021-01-12 17:41:47 - [TEST_STEP][PASSED] - waitForElementVisible(findTestObject("Web RoomMe.id/Sign Up Menu/Error Message/Text Email is not valid"), 30, STOP_ON_FAILURE): Object 'Object Repository/Web RoomMe.id/Sign Up Menu/Error Message/Text Email is not valid' is visible

2021-01-12 17:41:48 - [MESSAGE][PASSED] - Object 'Object Repository/Web RoomMe.id/Sign Up Menu/Error Message/Text Email is not valid' is visible

2021-01-12 17:41:48 - [TEST_STEP][PASSED] - sendKeys(findTestObject("Web RoomMe.id/Sign Up Menu/Textfield Email"), Keys.chord(CONTROL, "a", BACK_SPACE)): Keys 'CONTROL + BACK_SPACE + a' sent to object: 'Object Repository/Web RoomMe.id/Sign Up Menu/Textfield Email'

2021-01-12 17:41:48 - [MESSAGE][PASSED] - Keys 'CONTROL + BACK_SPACE + a' sent to object: 'Object Repository/Web RoomMe.id/Sign Up Menu/Textfield Email'

2021-01-12 17:41:48 - [TEST_STEP][PASSED] - setText(findTestObject("Web RoomMe.id/Sign Up Menu/Textfield Email"), "abc 123"): Text 'abc 123' is set on object 'Object Repository/Web RoomMe.id/Sign Up Menu/Textfield Email'

2021-01-12 17:41:49 - [MESSAGE][PASSED] - Text 'abc 123' is set on object 'Object Repository/Web RoomMe.id/Sign Up Menu/Textfield Email'

2021-01-12 17:41:49 - [TEST_STEP][PASSED] - waitForElementVisible(findTestObject("Web RoomMe.id/Sign Up Menu/Error Message/Text Email is not valid"), 30, STOP_ON_FAILURE): Object 'Object Repository/Web RoomMe.id/Sign Up Menu/Error Message/Text Email is not valid' is visible

2021-01-12 17:41:49 - [MESSAGE][PASSED] - Object 'Object Repository/Web RoomMe.id/Sign Up Menu/Error Message/Text Email is not valid' is visible

2021-01-12 17:41:49 - [TEST_STEP][PASSED] - sendKeys(findTestObject("Web RoomMe.id/Sign Up Menu/Textfield Email"), Keys.chord(CONTROL, "a", BACK_SPACE)): Keys 'CONTROL + BACK_SPACE + a' sent to object: 'Object Repository/Web RoomMe.id/Sign Up Menu/Textfield Email'

2021-01-12 17:41:49 - [MESSAGE][PASSED] - Keys 'CONTROL + BACK_SPACE + a' sent to object: 'Object Repository/Web RoomMe.id/Sign Up Menu/Textfield Email'

2021-01-12 17:41:49 - [TEST_STEP][PASSED] - setText(findTestObject("Web RoomMe.id/Sign Up Menu/Textfield Email"), "!@#$$!@"): Text '!@#$$!@' is set on object 'Object Repository/Web RoomMe.id/Sign Up Menu/Textfield Email'

2021-01-12 17:41:50 - [MESSAGE][PASSED] - Text '!@#$$!@' is set on object 'Object Repository/Web RoomMe.id/Sign Up Menu/Textfield Email'

2021-01-12 17:41:50 - [TEST_STEP][PASSED] - waitForElementVisible(findTestObject("Web RoomMe.id/Sign Up Menu/Error Message/Text Email is not valid"), 30, STOP_ON_FAILURE): Object 'Object Repository/Web RoomMe.id/Sign Up Menu/Error Message/Text Email is not valid' is visible

2021-01-12 17:41:51 - [MESSAGE][PASSED] - Object 'Object Repository/Web RoomMe.id/Sign Up Menu/Error Message/Text Email is not valid' is visible

2021-01-12 17:41:51 - [TEST_STEP][PASSED] - sendKeys(findTestObject("Web RoomMe.id/Sign Up Menu/Textfield Email"), Keys.chord(CONTROL, "a", BACK_SPACE)): Keys 'CONTROL + BACK_SPACE + a' sent to object: 'Object Repository/Web RoomMe.id/Sign Up Menu/Textfield Email'

2021-01-12 17:41:51 - [MESSAGE][PASSED] - Keys 'CONTROL + BACK_SPACE + a' sent to object: 'Object Repository/Web RoomMe.id/Sign Up Menu/Textfield Email'

2021-01-12 17:41:51 - [TEST_STEP][PASSED] - setText(findTestObject("Web RoomMe.id/Sign Up Menu/Textfield Email"), "ab@gmail"): Text 'ab@gmail' is set on object 'Object Repository/Web RoomMe.id/Sign Up Menu/Textfield Email'

2021-01-12 17:41:51 - [MESSAGE][PASSED] - Text 'ab@gmail' is set on object 'Object Repository/Web RoomMe.id/Sign Up Menu/Textfield Email'

2021-01-12 17:41:51 - [TEST_STEP][PASSED] - waitForElementVisible(findTestObject("Web RoomMe.id/Sign Up Menu/Error Message/Text Email is not valid"), 30, STOP_ON_FAILURE): Object 'Object Repository/Web RoomMe.id/Sign Up Menu/Error Message/Text Email is not valid' is visible

2021-01-12 17:41:52 - [MESSAGE][PASSED] - Object 'Object Repository/Web RoomMe.id/Sign Up Menu/Error Message/Text Email is not valid' is visible

2021-01-12 17:41:52 - [TEST_STEP][PASSED] - sendKeys(findTestObject("Web RoomMe.id/Sign Up Menu/Textfield Email"), Keys.chord(CONTROL, "a", BACK_SPACE)): Keys 'CONTROL + BACK_SPACE + a' sent to object: 'Object Repository/Web RoomMe.id/Sign Up Menu/Textfield Email'

2021-01-12 17:41:52 - [MESSAGE][PASSED] - Keys 'CONTROL + BACK_SPACE + a' sent to object: 'Object Repository/Web RoomMe.id/Sign Up Menu/Textfield Email'

2021-01-12 17:41:52 - [TEST_STEP][PASSED] - setText(findTestObject("Web RoomMe.id/Sign Up Menu/Textfield Email"), "ab@.com"): Text 'ab@.com' is set on object 'Object Repository/Web RoomMe.id/Sign Up Menu/Textfield Email'

2021-01-12 17:41:52 - [MESSAGE][PASSED] - Text 'ab@.com' is set on object 'Object Repository/Web RoomMe.id/Sign Up Menu/Textfield Email'

2021-01-12 17:41:52 - [TEST_STEP][PASSED] - waitForElementVisible(findTestObject("Web RoomMe.id/Sign Up Menu/Error Message/Text Email is not valid"), 30, STOP_ON_FAILURE): Object 'Object Repository/Web RoomMe.id/Sign Up Menu/Error Message/Text Email is not valid' is visible

2021-01-12 17:41:53 - [MESSAGE][PASSED] - Object 'Object Repository/Web RoomMe.id/Sign Up Menu/Error Message/Text Email is not valid' is visible

2021-01-12 17:41:53 - [TEST_STEP][PASSED] - sendKeys(findTestObject("Web RoomMe.id/Sign Up Menu/Textfield Email"), Keys.chord(CONTROL, "a", BACK_SPACE)): Keys 'CONTROL + BACK_SPACE + a' sent to object: 'Object Repository/Web RoomMe.id/Sign Up Menu/Textfield Email'

2021-01-12 17:41:53 - [MESSAGE][PASSED] - Keys 'CONTROL + BACK_SPACE + a' sent to object: 'Object Repository/Web RoomMe.id/Sign Up Menu/Textfield Email'

2021-01-12 17:41:53 - [TEST_STEP][PASSED] - setText(findTestObject("Web RoomMe.id/Sign Up Menu/Textfield Email"), "abc 1 2 3@ac.com"): Text 'abc 1 2 3@ac.com' is set on object 'Object Repository/Web RoomMe.id/Sign Up Menu/Textfield Email'

2021-01-12 17:41:54 - [MESSAGE][PASSED] - Text 'abc 1 2 3@ac.com' is set on object 'Object Repository/Web RoomMe.id/Sign Up Menu/Textfield Email'

2021-01-12 17:41:54 - [TEST_STEP][PASSED] - waitForElementVisible(findTestObject("Web RoomMe.id/Sign Up Menu/Error Message/Text Email is not valid"), 30, STOP_ON_FAILURE): Object 'Object Repository/Web RoomMe.id/Sign Up Menu/Error Message/Text Email is not valid' is visible

2021-01-12 17:41:54 - [MESSAGE][PASSED] - Object 'Object Repository/Web RoomMe.id/Sign Up Menu/Error Message/Text Email is not valid' is visible

2021-01-12 17:41:54 - [TEST_STEP][PASSED] - sendKeys(findTestObject("Web RoomMe.id/Sign Up Menu/Textfield Email"), Keys.chord(CONTROL, "a", BACK_SPACE)): Keys 'CONTROL + BACK_SPACE + a' sent to object: 'Object Repository/Web RoomMe.id/Sign Up Menu/Textfield Email'

2021-01-12 17:41:54 - [MESSAGE][PASSED] - Keys 'CONTROL + BACK_SPACE + a' sent to object: 'Object Repository/Web RoomMe.id/Sign Up Menu/Textfield Email']]></system-out>
         <system-err><![CDATA[]]></system-err>
      </testcase>
      <testcase name="Test Cases/Web RoomMe.id/2. Sign Up/5. Customer Input Phone Number with Invalid Format" time="22.371" classname="Test Cases/Web RoomMe.id/2. Sign Up/5. Customer Input Phone Number with Invalid Format" status="PASSED">
         <system-out><![CDATA[2021-01-12 17:41:54 - [TEST_CASE][PASSED] - Test Cases/Web RoomMe.id/2. Sign Up/5. Customer Input Phone Number with Invalid Format: Test Cases/Web RoomMe.id/2. Sign Up/5. Customer Input Phone Number with Invalid Format

2021-01-12 17:41:55 - [TEST_STEP][PASSED] - callTestCase(findTestCase("Web RoomMe.id/1. Homepage/1. Customer Access RoomMe Page"), [:], STOP_ON_FAILURE): Call Test Case 'Test Cases/Web RoomMe.id/1. Homepage/1. Customer Access RoomMe Page' successfully

2021-01-12 17:41:55 - [TEST_CASE][PASSED] - Test Cases/Web RoomMe.id/1. Homepage/1. Customer Access RoomMe Page: Test Cases/Web RoomMe.id/1. Homepage/1. Customer Access RoomMe Page

2021-01-12 17:41:55 - [TEST_STEP][PASSED] - openBrowser(url): Browser is opened with url: 'https://dev-web:w3BdEv-r0omM3@web.roomme.id'

2021-01-12 17:41:55 - [MESSAGE][WARNING] - A browser is already opened. Closing browser and opening a new one

2021-01-12 17:41:56 - [MESSAGE][INFO] - Starting 'Chrome' driver

2021-01-12 17:41:56 - [MESSAGE][INFO] - Action delay is set to 50 milliseconds

2021-01-12 17:42:07 - [MESSAGE][PASSED] - Browser is opened with url: 'https://dev-web:w3BdEv-r0omM3@web.roomme.id'

2021-01-12 17:42:07 - [TEST_STEP][PASSED] - maximizeWindow(): Current window maximized

2021-01-12 17:42:09 - [MESSAGE][PASSED] - Current window maximized

2021-01-12 17:42:09 - [TEST_STEP][PASSED] - waitForPageLoad(0): Wait for page load successfully

2021-01-12 17:42:09 - [MESSAGE][WARNING] - Timeout '0' is invalid. Using default page load timeout: '1'

2021-01-12 17:42:09 - [MESSAGE][PASSED] - Wait for page load successfully

2021-01-12 17:42:09 - [TEST_STEP][PASSED] - click(findTestObject("Web RoomMe.id/RoomMe.id Homepage/Button Close banner StaytoWin")): Object: 'Object Repository/Web RoomMe.id/RoomMe.id Homepage/Button Close banner StaytoWin' is clicked on

2021-01-12 17:42:09 - [MESSAGE][PASSED] - Object: 'Object Repository/Web RoomMe.id/RoomMe.id Homepage/Button Close banner StaytoWin' is clicked on

2021-01-12 17:42:09 - [MESSAGE][PASSED] - Call Test Case 'Test Cases/Web RoomMe.id/1. Homepage/1. Customer Access RoomMe Page' successfully

2021-01-12 17:42:09 - [TEST_STEP][NOT_RUN] - callTestCase(findTestCase("Web RoomMe.id/1. Homepage/2. Verify Header RoomMe.id"), [:], STOP_ON_FAILURE): NOT_RUN: callTestCase(findTestCase("Web RoomMe.id/1. Homepage/2. Verify Header RoomMe.id"), [:], STOP_ON_FAILURE)

2021-01-12 17:42:09 - [MESSAGE][NOT_RUN] - NOT_RUN: callTestCase(findTestCase("Web RoomMe.id/1. Homepage/2. Verify Header RoomMe.id"), [:], STOP_ON_FAILURE)

2021-01-12 17:42:09 - [TEST_STEP][PASSED] - click(findTestObject("Web RoomMe.id/RoomMe.id Header/Button Sign In")): Object: 'Object Repository/Web RoomMe.id/RoomMe.id Header/Button Sign In' is clicked on

2021-01-12 17:42:10 - [MESSAGE][PASSED] - Object: 'Object Repository/Web RoomMe.id/RoomMe.id Header/Button Sign In' is clicked on

2021-01-12 17:42:10 - [TEST_STEP][PASSED] - waitForElementVisible(findTestObject("Web RoomMe.id/Sign In Menu/Button Sign Up"), 0): Object 'Object Repository/Web RoomMe.id/Sign In Menu/Button Sign Up' is visible

2021-01-12 17:42:10 - [MESSAGE][WARNING] - Timeout '0' is invalid. Using default page load timeout: '1'

2021-01-12 17:42:10 - [MESSAGE][PASSED] - Object 'Object Repository/Web RoomMe.id/Sign In Menu/Button Sign Up' is visible

2021-01-12 17:42:10 - [TEST_STEP][PASSED] - click(findTestObject("Web RoomMe.id/Sign In Menu/Button Sign Up")): Object: 'Object Repository/Web RoomMe.id/Sign In Menu/Button Sign Up' is clicked on

2021-01-12 17:42:10 - [MESSAGE][PASSED] - Object: 'Object Repository/Web RoomMe.id/Sign In Menu/Button Sign Up' is clicked on

2021-01-12 17:42:10 - [TEST_STEP][PASSED] - callTestCase(findTestCase("Web RoomMe.id/2. Sign Up/Verify Sign Up Menu"), [:], STOP_ON_FAILURE): Call Test Case 'Test Cases/Web RoomMe.id/2. Sign Up/Verify Sign Up Menu' successfully

2021-01-12 17:42:10 - [TEST_CASE][PASSED] - Test Cases/Web RoomMe.id/2. Sign Up/Verify Sign Up Menu: Test Cases/Web RoomMe.id/2. Sign Up/Verify Sign Up Menu

2021-01-12 17:42:10 - [TEST_STEP][PASSED] - objectSubFolder = "Web RoomMe.id\Sign Up Menu\": null

2021-01-12 17:42:10 - [TEST_STEP][PASSED] - pathToObjRep = getProjectDir() + "\Object Repository\" + objectSubFolder: null

2021-01-12 17:42:10 - [TEST_STEP][PASSED] - yourObjects = new java.io.File(pathToObjRep): null

2021-01-12 17:42:10 - [TEST_STEP][PASSED] - fileNames = yourObjects.list(): null

2021-01-12 17:42:10 - [TEST_STEP][PASSED] - testObjects = new java.util.ArrayList(): null

2021-01-12 17:42:10 - [TEST_STEP][PASSED] - for ([i = 0, i < length, (i++)]): null

2021-01-12 17:42:10 - [TEST_STEP][PASSED] - if (fileNames[i].contains(".rs")): null

2021-01-12 17:42:10 - [TEST_STEP][PASSED] - fileNames[i] = fileNames[i].replace(".rs", ""): null

2021-01-12 17:42:10 - [TEST_STEP][PASSED] - testObjects.add(objectSubFolder + fileNames[i]): null

2021-01-12 17:42:10 - [TEST_STEP][PASSED] - if (fileNames[i].contains(".rs")): null

2021-01-12 17:42:10 - [TEST_STEP][PASSED] - fileNames[i] = fileNames[i].replace(".rs", ""): null

2021-01-12 17:42:10 - [TEST_STEP][PASSED] - testObjects.add(objectSubFolder + fileNames[i]): null

2021-01-12 17:42:10 - [TEST_STEP][PASSED] - if (fileNames[i].contains(".rs")): null

2021-01-12 17:42:10 - [TEST_STEP][PASSED] - if (fileNames[i].contains(".rs")): null

2021-01-12 17:42:10 - [TEST_STEP][PASSED] - fileNames[i] = fileNames[i].replace(".rs", ""): null

2021-01-12 17:42:10 - [TEST_STEP][PASSED] - testObjects.add(objectSubFolder + fileNames[i]): null

2021-01-12 17:42:10 - [TEST_STEP][PASSED] - if (fileNames[i].contains(".rs")): null

2021-01-12 17:42:10 - [TEST_STEP][PASSED] - if (fileNames[i].contains(".rs")): null

2021-01-12 17:42:10 - [TEST_STEP][PASSED] - fileNames[i] = fileNames[i].replace(".rs", ""): null

2021-01-12 17:42:10 - [TEST_STEP][PASSED] - testObjects.add(objectSubFolder + fileNames[i]): null

2021-01-12 17:42:10 - [TEST_STEP][PASSED] - if (fileNames[i].contains(".rs")): null

2021-01-12 17:42:10 - [TEST_STEP][PASSED] - fileNames[i] = fileNames[i].replace(".rs", ""): null

2021-01-12 17:42:10 - [TEST_STEP][PASSED] - testObjects.add(objectSubFolder + fileNames[i]): null

2021-01-12 17:42:10 - [TEST_STEP][PASSED] - if (fileNames[i].contains(".rs")): null

2021-01-12 17:42:10 - [TEST_STEP][PASSED] - fileNames[i] = fileNames[i].replace(".rs", ""): null

2021-01-12 17:42:10 - [TEST_STEP][PASSED] - testObjects.add(objectSubFolder + fileNames[i]): null

2021-01-12 17:42:10 - [TEST_STEP][PASSED] - if (fileNames[i].contains(".rs")): null

2021-01-12 17:42:10 - [TEST_STEP][PASSED] - fileNames[i] = fileNames[i].replace(".rs", ""): null

2021-01-12 17:42:10 - [TEST_STEP][PASSED] - testObjects.add(objectSubFolder + fileNames[i]): null

2021-01-12 17:42:10 - [TEST_STEP][PASSED] - if (fileNames[i].contains(".rs")): null

2021-01-12 17:42:10 - [TEST_STEP][PASSED] - fileNames[i] = fileNames[i].replace(".rs", ""): null

2021-01-12 17:42:10 - [TEST_STEP][PASSED] - testObjects.add(objectSubFolder + fileNames[i]): null

2021-01-12 17:42:10 - [TEST_STEP][PASSED] - if (fileNames[i].contains(".rs")): null

2021-01-12 17:42:10 - [TEST_STEP][PASSED] - fileNames[i] = fileNames[i].replace(".rs", ""): null

2021-01-12 17:42:10 - [TEST_STEP][PASSED] - testObjects.add(objectSubFolder + fileNames[i]): null

2021-01-12 17:42:10 - [TEST_STEP][PASSED] - if (fileNames[i].contains(".rs")): null

2021-01-12 17:42:10 - [TEST_STEP][PASSED] - fileNames[i] = fileNames[i].replace(".rs", ""): null

2021-01-12 17:42:10 - [TEST_STEP][PASSED] - testObjects.add(objectSubFolder + fileNames[i]): null

2021-01-12 17:42:10 - [TEST_STEP][PASSED] - if (fileNames[i].contains(".rs")): null

2021-01-12 17:42:10 - [TEST_STEP][PASSED] - fileNames[i] = fileNames[i].replace(".rs", ""): null

2021-01-12 17:42:10 - [TEST_STEP][PASSED] - testObjects.add(objectSubFolder + fileNames[i]): null

2021-01-12 17:42:10 - [TEST_STEP][PASSED] - if (fileNames[i].contains(".rs")): null

2021-01-12 17:42:10 - [TEST_STEP][PASSED] - fileNames[i] = fileNames[i].replace(".rs", ""): null

2021-01-12 17:42:10 - [TEST_STEP][PASSED] - testObjects.add(objectSubFolder + fileNames[i]): null

2021-01-12 17:42:10 - [TEST_STEP][PASSED] - if (fileNames[i].contains(".rs")): null

2021-01-12 17:42:10 - [TEST_STEP][PASSED] - fileNames[i] = fileNames[i].replace(".rs", ""): null

2021-01-12 17:42:10 - [TEST_STEP][PASSED] - testObjects.add(objectSubFolder + fileNames[i]): null

2021-01-12 17:42:10 - [TEST_STEP][PASSED] - for (String obj : testObjects): Object 'Object Repository/Web RoomMe.id\Sign Up Menu\Textfield Phone Number' is visible

2021-01-12 17:42:10 - [TEST_STEP][PASSED] - verifyElementVisible(findTestObject(obj)): Object 'Object Repository/Web RoomMe.id\Sign Up Menu\Button Sign In' is visible

2021-01-12 17:42:11 - [MESSAGE][PASSED] - Object 'Object Repository/Web RoomMe.id\Sign Up Menu\Button Sign In' is visible

2021-01-12 17:42:11 - [TEST_STEP][PASSED] - verifyElementVisible(findTestObject(obj)): Object 'Object Repository/Web RoomMe.id\Sign Up Menu\Button Sign Up' is visible

2021-01-12 17:42:11 - [MESSAGE][PASSED] - Object 'Object Repository/Web RoomMe.id\Sign Up Menu\Button Sign Up' is visible

2021-01-12 17:42:11 - [TEST_STEP][PASSED] - verifyElementVisible(findTestObject(obj)): Object 'Object Repository/Web RoomMe.id\Sign Up Menu\Name Textfield' is visible

2021-01-12 17:42:11 - [MESSAGE][PASSED] - Object 'Object Repository/Web RoomMe.id\Sign Up Menu\Name Textfield' is visible

2021-01-12 17:42:11 - [TEST_STEP][PASSED] - verifyElementVisible(findTestObject(obj)): Object 'Object Repository/Web RoomMe.id\Sign Up Menu\Text Are you have an account' is visible

2021-01-12 17:42:11 - [MESSAGE][PASSED] - Object 'Object Repository/Web RoomMe.id\Sign Up Menu\Text Are you have an account' is visible

2021-01-12 17:42:11 - [TEST_STEP][PASSED] - verifyElementVisible(findTestObject(obj)): Object 'Object Repository/Web RoomMe.id\Sign Up Menu\Text Confirm Password' is visible

2021-01-12 17:42:11 - [MESSAGE][PASSED] - Object 'Object Repository/Web RoomMe.id\Sign Up Menu\Text Confirm Password' is visible

2021-01-12 17:42:11 - [TEST_STEP][PASSED] - verifyElementVisible(findTestObject(obj)): Object 'Object Repository/Web RoomMe.id\Sign Up Menu\Text Email Address' is visible

2021-01-12 17:42:11 - [MESSAGE][PASSED] - Object 'Object Repository/Web RoomMe.id\Sign Up Menu\Text Email Address' is visible

2021-01-12 17:42:11 - [TEST_STEP][PASSED] - verifyElementVisible(findTestObject(obj)): Object 'Object Repository/Web RoomMe.id\Sign Up Menu\Text Full Name' is visible

2021-01-12 17:42:12 - [MESSAGE][PASSED] - Object 'Object Repository/Web RoomMe.id\Sign Up Menu\Text Full Name' is visible

2021-01-12 17:42:12 - [TEST_STEP][PASSED] - verifyElementVisible(findTestObject(obj)): Object 'Object Repository/Web RoomMe.id\Sign Up Menu\Text Password' is visible

2021-01-12 17:42:12 - [MESSAGE][PASSED] - Object 'Object Repository/Web RoomMe.id\Sign Up Menu\Text Password' is visible

2021-01-12 17:42:12 - [TEST_STEP][PASSED] - verifyElementVisible(findTestObject(obj)): Object 'Object Repository/Web RoomMe.id\Sign Up Menu\Text Phone Number' is visible

2021-01-12 17:42:12 - [MESSAGE][PASSED] - Object 'Object Repository/Web RoomMe.id\Sign Up Menu\Text Phone Number' is visible

2021-01-12 17:42:12 - [TEST_STEP][PASSED] - verifyElementVisible(findTestObject(obj)): Object 'Object Repository/Web RoomMe.id\Sign Up Menu\Textfield Confirm Password' is visible

2021-01-12 17:42:12 - [MESSAGE][PASSED] - Object 'Object Repository/Web RoomMe.id\Sign Up Menu\Textfield Confirm Password' is visible

2021-01-12 17:42:12 - [TEST_STEP][PASSED] - verifyElementVisible(findTestObject(obj)): Object 'Object Repository/Web RoomMe.id\Sign Up Menu\Textfield Email' is visible

2021-01-12 17:42:12 - [MESSAGE][PASSED] - Object 'Object Repository/Web RoomMe.id\Sign Up Menu\Textfield Email' is visible

2021-01-12 17:42:12 - [TEST_STEP][PASSED] - verifyElementVisible(findTestObject(obj)): Object 'Object Repository/Web RoomMe.id\Sign Up Menu\Textfield Password' is visible

2021-01-12 17:42:12 - [MESSAGE][PASSED] - Object 'Object Repository/Web RoomMe.id\Sign Up Menu\Textfield Password' is visible

2021-01-12 17:42:12 - [TEST_STEP][PASSED] - verifyElementVisible(findTestObject(obj)): Object 'Object Repository/Web RoomMe.id\Sign Up Menu\Textfield Phone Number' is visible

2021-01-12 17:42:13 - [MESSAGE][PASSED] - Object 'Object Repository/Web RoomMe.id\Sign Up Menu\Textfield Phone Number' is visible

2021-01-12 17:42:13 - [MESSAGE][PASSED] - Call Test Case 'Test Cases/Web RoomMe.id/2. Sign Up/Verify Sign Up Menu' successfully

2021-01-12 17:42:13 - [TEST_STEP][PASSED] - waitForElementVisible(findTestObject("Web RoomMe.id/Sign Up Menu/Textfield Phone Number"), 30, STOP_ON_FAILURE): Object 'Object Repository/Web RoomMe.id/Sign Up Menu/Textfield Phone Number' is visible

2021-01-12 17:42:13 - [MESSAGE][PASSED] - Object 'Object Repository/Web RoomMe.id/Sign Up Menu/Textfield Phone Number' is visible

2021-01-12 17:42:13 - [TEST_STEP][PASSED] - setText(findTestObject("Web RoomMe.id/Sign Up Menu/Textfield Phone Number"), "abcdefghij"): Text 'abcdefghij' is set on object 'Object Repository/Web RoomMe.id/Sign Up Menu/Textfield Phone Number'

2021-01-12 17:42:14 - [MESSAGE][PASSED] - Text 'abcdefghij' is set on object 'Object Repository/Web RoomMe.id/Sign Up Menu/Textfield Phone Number'

2021-01-12 17:42:14 - [TEST_STEP][PASSED] - waitForElementVisible(findTestObject("Web RoomMe.id/Sign Up Menu/Error Message/Text Phone is required"), 30, STOP_ON_FAILURE): Object 'Object Repository/Web RoomMe.id/Sign Up Menu/Error Message/Text Phone is required' is visible

2021-01-12 17:42:14 - [MESSAGE][PASSED] - Object 'Object Repository/Web RoomMe.id/Sign Up Menu/Error Message/Text Phone is required' is visible

2021-01-12 17:42:14 - [TEST_STEP][PASSED] - sendKeys(findTestObject("Web RoomMe.id/Sign Up Menu/Textfield Phone Number"), Keys.chord(CONTROL, "a", BACK_SPACE)): Keys 'CONTROL + BACK_SPACE + a' sent to object: 'Object Repository/Web RoomMe.id/Sign Up Menu/Textfield Phone Number'

2021-01-12 17:42:14 - [MESSAGE][PASSED] - Keys 'CONTROL + BACK_SPACE + a' sent to object: 'Object Repository/Web RoomMe.id/Sign Up Menu/Textfield Phone Number'

2021-01-12 17:42:14 - [TEST_STEP][PASSED] - setText(findTestObject("Web RoomMe.id/Sign Up Menu/Textfield Phone Number"), "12345abcde"): Text '12345abcde' is set on object 'Object Repository/Web RoomMe.id/Sign Up Menu/Textfield Phone Number'

2021-01-12 17:42:15 - [MESSAGE][PASSED] - Text '12345abcde' is set on object 'Object Repository/Web RoomMe.id/Sign Up Menu/Textfield Phone Number'

2021-01-12 17:42:15 - [TEST_STEP][PASSED] - waitForElementVisible(findTestObject("Web RoomMe.id/Sign Up Menu/Error Message/Text Phone Number contains an invalid number"), 30, STOP_ON_FAILURE): Object 'Object Repository/Web RoomMe.id/Sign Up Menu/Error Message/Text Phone Number contains an invalid number' is visible

2021-01-12 17:42:15 - [MESSAGE][PASSED] - Object 'Object Repository/Web RoomMe.id/Sign Up Menu/Error Message/Text Phone Number contains an invalid number' is visible

2021-01-12 17:42:15 - [TEST_STEP][PASSED] - sendKeys(findTestObject("Web RoomMe.id/Sign Up Menu/Textfield Phone Number"), Keys.chord(CONTROL, "a", BACK_SPACE)): Keys 'CONTROL + BACK_SPACE + a' sent to object: 'Object Repository/Web RoomMe.id/Sign Up Menu/Textfield Phone Number'

2021-01-12 17:42:15 - [MESSAGE][PASSED] - Keys 'CONTROL + BACK_SPACE + a' sent to object: 'Object Repository/Web RoomMe.id/Sign Up Menu/Textfield Phone Number'

2021-01-12 17:42:15 - [TEST_STEP][PASSED] - setText(findTestObject("Web RoomMe.id/Sign Up Menu/Textfield Phone Number"), "08123456 7890"): Text '08123456 7890' is set on object 'Object Repository/Web RoomMe.id/Sign Up Menu/Textfield Phone Number'

2021-01-12 17:42:16 - [MESSAGE][PASSED] - Text '08123456 7890' is set on object 'Object Repository/Web RoomMe.id/Sign Up Menu/Textfield Phone Number'

2021-01-12 17:42:16 - [TEST_STEP][NOT_RUN] - waitForElementVisible(findTestObject("Web RoomMe.id/Sign Up Menu/Error Message/Text Invalid phone number"), 30, STOP_ON_FAILURE): NOT_RUN: waitForElementVisible(findTestObject("Web RoomMe.id/Sign Up Menu/Error Message/Text Invalid phone number"), 30, STOP_ON_FAILURE)

2021-01-12 17:42:16 - [MESSAGE][NOT_RUN] - NOT_RUN: waitForElementVisible(findTestObject("Web RoomMe.id/Sign Up Menu/Error Message/Text Invalid phone number"), 30, STOP_ON_FAILURE)

2021-01-12 17:42:16 - [TEST_STEP][PASSED] - sendKeys(findTestObject("Web RoomMe.id/Sign Up Menu/Textfield Phone Number"), Keys.chord(CONTROL, "a", BACK_SPACE)): Keys 'CONTROL + BACK_SPACE + a' sent to object: 'Object Repository/Web RoomMe.id/Sign Up Menu/Textfield Phone Number'

2021-01-12 17:42:16 - [MESSAGE][PASSED] - Keys 'CONTROL + BACK_SPACE + a' sent to object: 'Object Repository/Web RoomMe.id/Sign Up Menu/Textfield Phone Number'

2021-01-12 17:42:16 - [TEST_STEP][PASSED] - setText(findTestObject("Web RoomMe.id/Sign Up Menu/Textfield Phone Number"), "!@#$%^&*()"): Text '!@#$%^&*()' is set on object 'Object Repository/Web RoomMe.id/Sign Up Menu/Textfield Phone Number'

2021-01-12 17:42:17 - [MESSAGE][PASSED] - Text '!@#$%^&*()' is set on object 'Object Repository/Web RoomMe.id/Sign Up Menu/Textfield Phone Number'

2021-01-12 17:42:17 - [TEST_STEP][PASSED] - waitForElementVisible(findTestObject("Web RoomMe.id/Sign Up Menu/Error Message/Text Phone is required"), 30, STOP_ON_FAILURE): Object 'Object Repository/Web RoomMe.id/Sign Up Menu/Error Message/Text Phone is required' is visible

2021-01-12 17:42:17 - [MESSAGE][PASSED] - Object 'Object Repository/Web RoomMe.id/Sign Up Menu/Error Message/Text Phone is required' is visible

2021-01-12 17:42:17 - [TEST_STEP][PASSED] - sendKeys(findTestObject("Web RoomMe.id/Sign Up Menu/Textfield Phone Number"), Keys.chord(CONTROL, "a", BACK_SPACE)): Keys 'CONTROL + BACK_SPACE + a' sent to object: 'Object Repository/Web RoomMe.id/Sign Up Menu/Textfield Phone Number'

2021-01-12 17:42:17 - [MESSAGE][PASSED] - Keys 'CONTROL + BACK_SPACE + a' sent to object: 'Object Repository/Web RoomMe.id/Sign Up Menu/Textfield Phone Number']]></system-out>
         <system-err><![CDATA[]]></system-err>
      </testcase>
      <testcase name="Test Cases/Web RoomMe.id/2. Sign Up/6. Customer Input Password with Invalid Format" time="15.055" classname="Test Cases/Web RoomMe.id/2. Sign Up/6. Customer Input Password with Invalid Format" status="FAILED">
         <failure type="FAILED" message="Test Cases/Web RoomMe.id/2. Sign Up/6. Customer Input Password with Invalid Format FAILED.
Reason:
com.kms.katalon.core.exception.StepFailedException: Call Test Case 'Test Cases/Web RoomMe.id/1. Homepage/1. Customer Access RoomMe Page' failed
	at com.kms.katalon.core.keyword.builtin.CallTestCaseKeyword$_callTestCase_closure1.doCall(CallTestCaseKeyword.groovy:63)
	at com.kms.katalon.core.keyword.builtin.CallTestCaseKeyword$_callTestCase_closure1.call(CallTestCaseKeyword.groovy)
	at com.kms.katalon.core.keyword.internal.KeywordMain.runKeyword(KeywordMain.groovy:68)
	at com.kms.katalon.core.keyword.builtin.CallTestCaseKeyword.callTestCase(CallTestCaseKeyword.groovy:81)
	at com.kms.katalon.core.keyword.builtin.CallTestCaseKeyword.execute(CallTestCaseKeyword.groovy:44)
	at com.kms.katalon.core.keyword.internal.KeywordExecutor.executeKeywordForPlatform(KeywordExecutor.groovy:73)
	at com.kms.katalon.core.keyword.BuiltinKeywords.callTestCase(BuiltinKeywords.groovy:334)
	at 6. Customer Input Password with Invalid Format.run(6. Customer Input Password with Invalid Format:19)
	at com.kms.katalon.core.main.ScriptEngine.run(ScriptEngine.java:194)
	at com.kms.katalon.core.main.ScriptEngine.runScriptAsRawText(ScriptEngine.java:119)
	at com.kms.katalon.core.main.TestCaseExecutor.runScript(TestCaseExecutor.java:394)
	at com.kms.katalon.core.main.TestCaseExecutor.doExecute(TestCaseExecutor.java:385)
	at com.kms.katalon.core.main.TestCaseExecutor.processExecutionPhase(TestCaseExecutor.java:364)
	at com.kms.katalon.core.main.TestCaseExecutor.accessMainPhase(TestCaseExecutor.java:356)
	at com.kms.katalon.core.main.TestCaseExecutor.execute(TestCaseExecutor.java:251)
	at com.kms.katalon.core.main.TestSuiteExecutor.accessTestCaseMainPhase(TestSuiteExecutor.java:203)
	at com.kms.katalon.core.main.TestSuiteExecutor.accessTestSuiteMainPhase(TestSuiteExecutor.java:152)
	at com.kms.katalon.core.main.TestSuiteExecutor.execute(TestSuiteExecutor.java:95)
	at com.kms.katalon.core.main.TestCaseMain.startTestSuite(TestCaseMain.java:157)
	at com.kms.katalon.core.main.TestCaseMain$startTestSuite$0.call(Unknown Source)
	at TempTestSuite1610447955370.run(TempTestSuite1610447955370.groovy:39)
Caused by: com.kms.katalon.core.exception.StepFailedException: Unable to click on object 'Object Repository/Web RoomMe.id/RoomMe.id Homepage/Button Close banner StaytoWin'
	at com.kms.katalon.core.webui.keyword.internal.WebUIKeywordMain.stepFailed(WebUIKeywordMain.groovy:64)
	at com.kms.katalon.core.webui.keyword.internal.WebUIKeywordMain.runKeyword(WebUIKeywordMain.groovy:26)
	at com.kms.katalon.core.webui.keyword.builtin.ClickKeyword.click(ClickKeyword.groovy:76)
	at com.kms.katalon.core.webui.keyword.builtin.ClickKeyword.execute(ClickKeyword.groovy:43)
	at com.kms.katalon.core.keyword.internal.KeywordExecutor.executeKeywordForPlatform(KeywordExecutor.groovy:73)
	at com.kms.katalon.core.webui.keyword.WebUiBuiltInKeywords.click(WebUiBuiltInKeywords.groovy:617)
	at com.kms.katalon.core.webui.keyword.WebUiBuiltInKeywords$click$2.call(Unknown Source)
	at 1. Customer Access RoomMe Page.run(1. Customer Access RoomMe Page:24)
	at com.kms.katalon.core.main.ScriptEngine.run(ScriptEngine.java:194)
	at com.kms.katalon.core.main.ScriptEngine.runScriptAsRawText(ScriptEngine.java:119)
	at com.kms.katalon.core.main.TestCaseExecutor.runScript(TestCaseExecutor.java:394)
	at com.kms.katalon.core.main.TestCaseExecutor.doExecute(TestCaseExecutor.java:385)
	at com.kms.katalon.core.main.TestCaseExecutor.processExecutionPhase(TestCaseExecutor.java:364)
	at com.kms.katalon.core.main.TestCaseExecutor.accessMainPhase(TestCaseExecutor.java:356)
	at com.kms.katalon.core.main.TestCaseExecutor.execute(TestCaseExecutor.java:251)
	at com.kms.katalon.core.main.TestCaseMain.runTestCase(TestCaseMain.java:114)
	at com.kms.katalon.core.keyword.builtin.CallTestCaseKeyword$_callTestCase_closure1.doCall(CallTestCaseKeyword.groovy:59)
	... 20 more
Caused by: com.kms.katalon.core.webui.exception.WebElementNotFoundException: Web element with id: 'Object Repository/Web RoomMe.id/RoomMe.id Homepage/Button Close banner StaytoWin' located by '//div[@id='stayToWin___BV_modal_body_']/img' not found
	at com.kms.katalon.core.webui.common.WebUiCommonHelper.findWebElement(WebUiCommonHelper.java:1369)
	at com.kms.katalon.core.webui.keyword.internal.WebUIAbstractKeyword.findWebElement(WebUIAbstractKeyword.groovy:27)
	at com.kms.katalon.core.webui.keyword.internal.WebUIAbstractKeyword.findWebElement(WebUIAbstractKeyword.groovy:26)
	at com.kms.katalon.core.webui.keyword.builtin.ClickKeyword$_click_closure1.doCall(ClickKeyword.groovy:67)
	at com.kms.katalon.core.webui.keyword.builtin.ClickKeyword$_click_closure1.call(ClickKeyword.groovy)
	at com.kms.katalon.core.webui.keyword.internal.WebUIKeywordMain.runKeyword(WebUIKeywordMain.groovy:20)
	... 35 more
"/>
         <system-out><![CDATA[2021-01-12 17:42:17 - [TEST_CASE][FAILED] - Test Cases/Web RoomMe.id/2. Sign Up/6. Customer Input Password with Invalid Format: Test Cases/Web RoomMe.id/2. Sign Up/6. Customer Input Password with Invalid Format FAILED.
Reason:
com.kms.katalon.core.exception.StepFailedException: Call Test Case 'Test Cases/Web RoomMe.id/1. Homepage/1. Customer Access RoomMe Page' failed
	at com.kms.katalon.core.keyword.builtin.CallTestCaseKeyword$_callTestCase_closure1.doCall(CallTestCaseKeyword.groovy:63)
	at com.kms.katalon.core.keyword.builtin.CallTestCaseKeyword$_callTestCase_closure1.call(CallTestCaseKeyword.groovy)
	at com.kms.katalon.core.keyword.internal.KeywordMain.runKeyword(KeywordMain.groovy:68)
	at com.kms.katalon.core.keyword.builtin.CallTestCaseKeyword.callTestCase(CallTestCaseKeyword.groovy:81)
	at com.kms.katalon.core.keyword.builtin.CallTestCaseKeyword.execute(CallTestCaseKeyword.groovy:44)
	at com.kms.katalon.core.keyword.internal.KeywordExecutor.executeKeywordForPlatform(KeywordExecutor.groovy:73)
	at com.kms.katalon.core.keyword.BuiltinKeywords.callTestCase(BuiltinKeywords.groovy:334)
	at 6. Customer Input Password with Invalid Format.run(6. Customer Input Password with Invalid Format:19)
	at com.kms.katalon.core.main.ScriptEngine.run(ScriptEngine.java:194)
	at com.kms.katalon.core.main.ScriptEngine.runScriptAsRawText(ScriptEngine.java:119)
	at com.kms.katalon.core.main.TestCaseExecutor.runScript(TestCaseExecutor.java:394)
	at com.kms.katalon.core.main.TestCaseExecutor.doExecute(TestCaseExecutor.java:385)
	at com.kms.katalon.core.main.TestCaseExecutor.processExecutionPhase(TestCaseExecutor.java:364)
	at com.kms.katalon.core.main.TestCaseExecutor.accessMainPhase(TestCaseExecutor.java:356)
	at com.kms.katalon.core.main.TestCaseExecutor.execute(TestCaseExecutor.java:251)
	at com.kms.katalon.core.main.TestSuiteExecutor.accessTestCaseMainPhase(TestSuiteExecutor.java:203)
	at com.kms.katalon.core.main.TestSuiteExecutor.accessTestSuiteMainPhase(TestSuiteExecutor.java:152)
	at com.kms.katalon.core.main.TestSuiteExecutor.execute(TestSuiteExecutor.java:95)
	at com.kms.katalon.core.main.TestCaseMain.startTestSuite(TestCaseMain.java:157)
	at com.kms.katalon.core.main.TestCaseMain$startTestSuite$0.call(Unknown Source)
	at TempTestSuite1610447955370.run(TempTestSuite1610447955370.groovy:39)
Caused by: com.kms.katalon.core.exception.StepFailedException: Unable to click on object 'Object Repository/Web RoomMe.id/RoomMe.id Homepage/Button Close banner StaytoWin'
	at com.kms.katalon.core.webui.keyword.internal.WebUIKeywordMain.stepFailed(WebUIKeywordMain.groovy:64)
	at com.kms.katalon.core.webui.keyword.internal.WebUIKeywordMain.runKeyword(WebUIKeywordMain.groovy:26)
	at com.kms.katalon.core.webui.keyword.builtin.ClickKeyword.click(ClickKeyword.groovy:76)
	at com.kms.katalon.core.webui.keyword.builtin.ClickKeyword.execute(ClickKeyword.groovy:43)
	at com.kms.katalon.core.keyword.internal.KeywordExecutor.executeKeywordForPlatform(KeywordExecutor.groovy:73)
	at com.kms.katalon.core.webui.keyword.WebUiBuiltInKeywords.click(WebUiBuiltInKeywords.groovy:617)
	at com.kms.katalon.core.webui.keyword.WebUiBuiltInKeywords$click$2.call(Unknown Source)
	at 1. Customer Access RoomMe Page.run(1. Customer Access RoomMe Page:24)
	at com.kms.katalon.core.main.ScriptEngine.run(ScriptEngine.java:194)
	at com.kms.katalon.core.main.ScriptEngine.runScriptAsRawText(ScriptEngine.java:119)
	at com.kms.katalon.core.main.TestCaseExecutor.runScript(TestCaseExecutor.java:394)
	at com.kms.katalon.core.main.TestCaseExecutor.doExecute(TestCaseExecutor.java:385)
	at com.kms.katalon.core.main.TestCaseExecutor.processExecutionPhase(TestCaseExecutor.java:364)
	at com.kms.katalon.core.main.TestCaseExecutor.accessMainPhase(TestCaseExecutor.java:356)
	at com.kms.katalon.core.main.TestCaseExecutor.execute(TestCaseExecutor.java:251)
	at com.kms.katalon.core.main.TestCaseMain.runTestCase(TestCaseMain.java:114)
	at com.kms.katalon.core.keyword.builtin.CallTestCaseKeyword$_callTestCase_closure1.doCall(CallTestCaseKeyword.groovy:59)
	... 20 more
Caused by: com.kms.katalon.core.webui.exception.WebElementNotFoundException: Web element with id: 'Object Repository/Web RoomMe.id/RoomMe.id Homepage/Button Close banner StaytoWin' located by '//div[@id='stayToWin___BV_modal_body_']/img' not found
	at com.kms.katalon.core.webui.common.WebUiCommonHelper.findWebElement(WebUiCommonHelper.java:1369)
	at com.kms.katalon.core.webui.keyword.internal.WebUIAbstractKeyword.findWebElement(WebUIAbstractKeyword.groovy:27)
	at com.kms.katalon.core.webui.keyword.internal.WebUIAbstractKeyword.findWebElement(WebUIAbstractKeyword.groovy:26)
	at com.kms.katalon.core.webui.keyword.builtin.ClickKeyword$_click_closure1.doCall(ClickKeyword.groovy:67)
	at com.kms.katalon.core.webui.keyword.builtin.ClickKeyword$_click_closure1.call(ClickKeyword.groovy)
	at com.kms.katalon.core.webui.keyword.internal.WebUIKeywordMain.runKeyword(WebUIKeywordMain.groovy:20)
	... 35 more


2021-01-12 17:42:17 - [TEST_STEP][FAILED] - callTestCase(findTestCase("Web RoomMe.id/1. Homepage/1. Customer Access RoomMe Page"), [:], STOP_ON_FAILURE): Unable to call Test Case 'Test Cases/Web RoomMe.id/1. Homepage/1. Customer Access RoomMe Page' (Root cause: com.kms.katalon.core.exception.StepFailedException: Call Test Case 'Test Cases/Web RoomMe.id/1. Homepage/1. Customer Access RoomMe Page' failed
	at com.kms.katalon.core.keyword.builtin.CallTestCaseKeyword$_callTestCase_closure1.doCall(CallTestCaseKeyword.groovy:63)
	at com.kms.katalon.core.keyword.builtin.CallTestCaseKeyword$_callTestCase_closure1.call(CallTestCaseKeyword.groovy)
	at com.kms.katalon.core.keyword.internal.KeywordMain.runKeyword(KeywordMain.groovy:68)
	at com.kms.katalon.core.keyword.builtin.CallTestCaseKeyword.callTestCase(CallTestCaseKeyword.groovy:81)
	at com.kms.katalon.core.keyword.builtin.CallTestCaseKeyword.execute(CallTestCaseKeyword.groovy:44)
	at com.kms.katalon.core.keyword.internal.KeywordExecutor.executeKeywordForPlatform(KeywordExecutor.groovy:73)
	at com.kms.katalon.core.keyword.BuiltinKeywords.callTestCase(BuiltinKeywords.groovy:334)
	at 6. Customer Input Password with Invalid Format.run(6. Customer Input Password with Invalid Format:19)
	at com.kms.katalon.core.main.ScriptEngine.run(ScriptEngine.java:194)
	at com.kms.katalon.core.main.ScriptEngine.runScriptAsRawText(ScriptEngine.java:119)
	at com.kms.katalon.core.main.TestCaseExecutor.runScript(TestCaseExecutor.java:394)
	at com.kms.katalon.core.main.TestCaseExecutor.doExecute(TestCaseExecutor.java:385)
	at com.kms.katalon.core.main.TestCaseExecutor.processExecutionPhase(TestCaseExecutor.java:364)
	at com.kms.katalon.core.main.TestCaseExecutor.accessMainPhase(TestCaseExecutor.java:356)
	at com.kms.katalon.core.main.TestCaseExecutor.execute(TestCaseExecutor.java:251)
	at com.kms.katalon.core.main.TestSuiteExecutor.accessTestCaseMainPhase(TestSuiteExecutor.java:203)
	at com.kms.katalon.core.main.TestSuiteExecutor.accessTestSuiteMainPhase(TestSuiteExecutor.java:152)
	at com.kms.katalon.core.main.TestSuiteExecutor.execute(TestSuiteExecutor.java:95)
	at com.kms.katalon.core.main.TestCaseMain.startTestSuite(TestCaseMain.java:157)
	at com.kms.katalon.core.main.TestCaseMain$startTestSuite$0.call(Unknown Source)
	at TempTestSuite1610447955370.run(TempTestSuite1610447955370.groovy:39)
Caused by: com.kms.katalon.core.exception.StepFailedException: Unable to click on object 'Object Repository/Web RoomMe.id/RoomMe.id Homepage/Button Close banner StaytoWin'
	at com.kms.katalon.core.webui.keyword.internal.WebUIKeywordMain.stepFailed(WebUIKeywordMain.groovy:64)
	at com.kms.katalon.core.webui.keyword.internal.WebUIKeywordMain.runKeyword(WebUIKeywordMain.groovy:26)
	at com.kms.katalon.core.webui.keyword.builtin.ClickKeyword.click(ClickKeyword.groovy:76)
	at com.kms.katalon.core.webui.keyword.builtin.ClickKeyword.execute(ClickKeyword.groovy:43)
	at com.kms.katalon.core.keyword.internal.KeywordExecutor.executeKeywordForPlatform(KeywordExecutor.groovy:73)
	at com.kms.katalon.core.webui.keyword.WebUiBuiltInKeywords.click(WebUiBuiltInKeywords.groovy:617)
	at com.kms.katalon.core.webui.keyword.WebUiBuiltInKeywords$click$2.call(Unknown Source)
	at 1. Customer Access RoomMe Page.run(1. Customer Access RoomMe Page:24)
	at com.kms.katalon.core.main.ScriptEngine.run(ScriptEngine.java:194)
	at com.kms.katalon.core.main.ScriptEngine.runScriptAsRawText(ScriptEngine.java:119)
	at com.kms.katalon.core.main.TestCaseExecutor.runScript(TestCaseExecutor.java:394)
	at com.kms.katalon.core.main.TestCaseExecutor.doExecute(TestCaseExecutor.java:385)
	at com.kms.katalon.core.main.TestCaseExecutor.processExecutionPhase(TestCaseExecutor.java:364)
	at com.kms.katalon.core.main.TestCaseExecutor.accessMainPhase(TestCaseExecutor.java:356)
	at com.kms.katalon.core.main.TestCaseExecutor.execute(TestCaseExecutor.java:251)
	at com.kms.katalon.core.main.TestCaseMain.runTestCase(TestCaseMain.java:114)
	at com.kms.katalon.core.keyword.builtin.CallTestCaseKeyword$_callTestCase_closure1.doCall(CallTestCaseKeyword.groovy:59)
	... 20 more
Caused by: com.kms.katalon.core.webui.exception.WebElementNotFoundException: Web element with id: 'Object Repository/Web RoomMe.id/RoomMe.id Homepage/Button Close banner StaytoWin' located by '//div[@id='stayToWin___BV_modal_body_']/img' not found
	at com.kms.katalon.core.webui.common.WebUiCommonHelper.findWebElement(WebUiCommonHelper.java:1369)
	at com.kms.katalon.core.webui.keyword.internal.WebUIAbstractKeyword.findWebElement(WebUIAbstractKeyword.groovy:27)
	at com.kms.katalon.core.webui.keyword.internal.WebUIAbstractKeyword.findWebElement(WebUIAbstractKeyword.groovy:26)
	at com.kms.katalon.core.webui.keyword.builtin.ClickKeyword$_click_closure1.doCall(ClickKeyword.groovy:67)
	at com.kms.katalon.core.webui.keyword.builtin.ClickKeyword$_click_closure1.call(ClickKeyword.groovy)
	at com.kms.katalon.core.webui.keyword.internal.WebUIKeywordMain.runKeyword(WebUIKeywordMain.groovy:20)
	... 35 more
)

2021-01-12 17:42:17 - [TEST_CASE][FAILED] - Test Cases/Web RoomMe.id/1. Homepage/1. Customer Access RoomMe Page: Test Cases/Web RoomMe.id/1. Homepage/1. Customer Access RoomMe Page FAILED.
Reason:
com.kms.katalon.core.exception.StepFailedException: Unable to click on object 'Object Repository/Web RoomMe.id/RoomMe.id Homepage/Button Close banner StaytoWin'
	at com.kms.katalon.core.webui.keyword.internal.WebUIKeywordMain.stepFailed(WebUIKeywordMain.groovy:64)
	at com.kms.katalon.core.webui.keyword.internal.WebUIKeywordMain.runKeyword(WebUIKeywordMain.groovy:26)
	at com.kms.katalon.core.webui.keyword.builtin.ClickKeyword.click(ClickKeyword.groovy:76)
	at com.kms.katalon.core.webui.keyword.builtin.ClickKeyword.execute(ClickKeyword.groovy:43)
	at com.kms.katalon.core.keyword.internal.KeywordExecutor.executeKeywordForPlatform(KeywordExecutor.groovy:73)
	at com.kms.katalon.core.webui.keyword.WebUiBuiltInKeywords.click(WebUiBuiltInKeywords.groovy:617)
	at com.kms.katalon.core.webui.keyword.WebUiBuiltInKeywords$click$2.call(Unknown Source)
	at 1. Customer Access RoomMe Page.run(1. Customer Access RoomMe Page:24)
	at com.kms.katalon.core.main.ScriptEngine.run(ScriptEngine.java:194)
	at com.kms.katalon.core.main.ScriptEngine.runScriptAsRawText(ScriptEngine.java:119)
	at com.kms.katalon.core.main.TestCaseExecutor.runScript(TestCaseExecutor.java:394)
	at com.kms.katalon.core.main.TestCaseExecutor.doExecute(TestCaseExecutor.java:385)
	at com.kms.katalon.core.main.TestCaseExecutor.processExecutionPhase(TestCaseExecutor.java:364)
	at com.kms.katalon.core.main.TestCaseExecutor.accessMainPhase(TestCaseExecutor.java:356)
	at com.kms.katalon.core.main.TestCaseExecutor.execute(TestCaseExecutor.java:251)
	at com.kms.katalon.core.main.TestCaseMain.runTestCase(TestCaseMain.java:114)
	at com.kms.katalon.core.keyword.builtin.CallTestCaseKeyword$_callTestCase_closure1.doCall(CallTestCaseKeyword.groovy:59)
	at com.kms.katalon.core.keyword.builtin.CallTestCaseKeyword$_callTestCase_closure1.call(CallTestCaseKeyword.groovy)
	at com.kms.katalon.core.keyword.internal.KeywordMain.runKeyword(KeywordMain.groovy:68)
	at com.kms.katalon.core.keyword.builtin.CallTestCaseKeyword.callTestCase(CallTestCaseKeyword.groovy:81)
	at com.kms.katalon.core.keyword.builtin.CallTestCaseKeyword.execute(CallTestCaseKeyword.groovy:44)
	at com.kms.katalon.core.keyword.internal.KeywordExecutor.executeKeywordForPlatform(KeywordExecutor.groovy:73)
	at com.kms.katalon.core.keyword.BuiltinKeywords.callTestCase(BuiltinKeywords.groovy:334)
	at 6. Customer Input Password with Invalid Format.run(6. Customer Input Password with Invalid Format:19)
	at com.kms.katalon.core.main.ScriptEngine.run(ScriptEngine.java:194)
	at com.kms.katalon.core.main.ScriptEngine.runScriptAsRawText(ScriptEngine.java:119)
	at com.kms.katalon.core.main.TestCaseExecutor.runScript(TestCaseExecutor.java:394)
	at com.kms.katalon.core.main.TestCaseExecutor.doExecute(TestCaseExecutor.java:385)
	at com.kms.katalon.core.main.TestCaseExecutor.processExecutionPhase(TestCaseExecutor.java:364)
	at com.kms.katalon.core.main.TestCaseExecutor.accessMainPhase(TestCaseExecutor.java:356)
	at com.kms.katalon.core.main.TestCaseExecutor.execute(TestCaseExecutor.java:251)
	at com.kms.katalon.core.main.TestSuiteExecutor.accessTestCaseMainPhase(TestSuiteExecutor.java:203)
	at com.kms.katalon.core.main.TestSuiteExecutor.accessTestSuiteMainPhase(TestSuiteExecutor.java:152)
	at com.kms.katalon.core.main.TestSuiteExecutor.execute(TestSuiteExecutor.java:95)
	at com.kms.katalon.core.main.TestCaseMain.startTestSuite(TestCaseMain.java:157)
	at com.kms.katalon.core.main.TestCaseMain$startTestSuite$0.call(Unknown Source)
	at TempTestSuite1610447955370.run(TempTestSuite1610447955370.groovy:39)
Caused by: com.kms.katalon.core.webui.exception.WebElementNotFoundException: Web element with id: 'Object Repository/Web RoomMe.id/RoomMe.id Homepage/Button Close banner StaytoWin' located by '//div[@id='stayToWin___BV_modal_body_']/img' not found
	at com.kms.katalon.core.webui.common.WebUiCommonHelper.findWebElement(WebUiCommonHelper.java:1369)
	at com.kms.katalon.core.webui.keyword.internal.WebUIAbstractKeyword.findWebElement(WebUIAbstractKeyword.groovy:27)
	at com.kms.katalon.core.webui.keyword.internal.WebUIAbstractKeyword.findWebElement(WebUIAbstractKeyword.groovy:26)
	at com.kms.katalon.core.webui.keyword.builtin.ClickKeyword$_click_closure1.doCall(ClickKeyword.groovy:67)
	at com.kms.katalon.core.webui.keyword.builtin.ClickKeyword$_click_closure1.call(ClickKeyword.groovy)
	at com.kms.katalon.core.webui.keyword.internal.WebUIKeywordMain.runKeyword(WebUIKeywordMain.groovy:20)
	... 35 more


2021-01-12 17:42:17 - [TEST_STEP][PASSED] - openBrowser(url): Browser is opened with url: 'https://dev-web:w3BdEv-r0omM3@web.roomme.id'

2021-01-12 17:42:17 - [MESSAGE][WARNING] - A browser is already opened. Closing browser and opening a new one

2021-01-12 17:42:18 - [MESSAGE][INFO] - Starting 'Chrome' driver

2021-01-12 17:42:18 - [MESSAGE][INFO] - Action delay is set to 50 milliseconds

2021-01-12 17:42:27 - [MESSAGE][PASSED] - Browser is opened with url: 'https://dev-web:w3BdEv-r0omM3@web.roomme.id'

2021-01-12 17:42:27 - [TEST_STEP][PASSED] - maximizeWindow(): Current window maximized

2021-01-12 17:42:29 - [MESSAGE][PASSED] - Current window maximized

2021-01-12 17:42:29 - [TEST_STEP][PASSED] - waitForPageLoad(0): Wait for page load successfully

2021-01-12 17:42:29 - [MESSAGE][WARNING] - Timeout '0' is invalid. Using default page load timeout: '1'

2021-01-12 17:42:29 - [MESSAGE][PASSED] - Wait for page load successfully

2021-01-12 17:42:29 - [TEST_STEP][FAILED] - click(findTestObject("Web RoomMe.id/RoomMe.id Homepage/Button Close banner StaytoWin")): Unable to click on object 'Object Repository/Web RoomMe.id/RoomMe.id Homepage/Button Close banner StaytoWin' (Root cause: com.kms.katalon.core.exception.StepFailedException: Unable to click on object 'Object Repository/Web RoomMe.id/RoomMe.id Homepage/Button Close banner StaytoWin'
	at com.kms.katalon.core.webui.keyword.internal.WebUIKeywordMain.stepFailed(WebUIKeywordMain.groovy:64)
	at com.kms.katalon.core.webui.keyword.internal.WebUIKeywordMain.runKeyword(WebUIKeywordMain.groovy:26)
	at com.kms.katalon.core.webui.keyword.builtin.ClickKeyword.click(ClickKeyword.groovy:76)
	at com.kms.katalon.core.webui.keyword.builtin.ClickKeyword.execute(ClickKeyword.groovy:43)
	at com.kms.katalon.core.keyword.internal.KeywordExecutor.executeKeywordForPlatform(KeywordExecutor.groovy:73)
	at com.kms.katalon.core.webui.keyword.WebUiBuiltInKeywords.click(WebUiBuiltInKeywords.groovy:617)
	at com.kms.katalon.core.webui.keyword.WebUiBuiltInKeywords$click$2.call(Unknown Source)
	at 1. Customer Access RoomMe Page.run(1. Customer Access RoomMe Page:24)
	at com.kms.katalon.core.main.ScriptEngine.run(ScriptEngine.java:194)
	at com.kms.katalon.core.main.ScriptEngine.runScriptAsRawText(ScriptEngine.java:119)
	at com.kms.katalon.core.main.TestCaseExecutor.runScript(TestCaseExecutor.java:394)
	at com.kms.katalon.core.main.TestCaseExecutor.doExecute(TestCaseExecutor.java:385)
	at com.kms.katalon.core.main.TestCaseExecutor.processExecutionPhase(TestCaseExecutor.java:364)
	at com.kms.katalon.core.main.TestCaseExecutor.accessMainPhase(TestCaseExecutor.java:356)
	at com.kms.katalon.core.main.TestCaseExecutor.execute(TestCaseExecutor.java:251)
	at com.kms.katalon.core.main.TestCaseMain.runTestCase(TestCaseMain.java:114)
	at com.kms.katalon.core.keyword.builtin.CallTestCaseKeyword$_callTestCase_closure1.doCall(CallTestCaseKeyword.groovy:59)
	at com.kms.katalon.core.keyword.builtin.CallTestCaseKeyword$_callTestCase_closure1.call(CallTestCaseKeyword.groovy)
	at com.kms.katalon.core.keyword.internal.KeywordMain.runKeyword(KeywordMain.groovy:68)
	at com.kms.katalon.core.keyword.builtin.CallTestCaseKeyword.callTestCase(CallTestCaseKeyword.groovy:81)
	at com.kms.katalon.core.keyword.builtin.CallTestCaseKeyword.execute(CallTestCaseKeyword.groovy:44)
	at com.kms.katalon.core.keyword.internal.KeywordExecutor.executeKeywordForPlatform(KeywordExecutor.groovy:73)
	at com.kms.katalon.core.keyword.BuiltinKeywords.callTestCase(BuiltinKeywords.groovy:334)
	at 6. Customer Input Password with Invalid Format.run(6. Customer Input Password with Invalid Format:19)
	at com.kms.katalon.core.main.ScriptEngine.run(ScriptEngine.java:194)
	at com.kms.katalon.core.main.ScriptEngine.runScriptAsRawText(ScriptEngine.java:119)
	at com.kms.katalon.core.main.TestCaseExecutor.runScript(TestCaseExecutor.java:394)
	at com.kms.katalon.core.main.TestCaseExecutor.doExecute(TestCaseExecutor.java:385)
	at com.kms.katalon.core.main.TestCaseExecutor.processExecutionPhase(TestCaseExecutor.java:364)
	at com.kms.katalon.core.main.TestCaseExecutor.accessMainPhase(TestCaseExecutor.java:356)
	at com.kms.katalon.core.main.TestCaseExecutor.execute(TestCaseExecutor.java:251)
	at com.kms.katalon.core.main.TestSuiteExecutor.accessTestCaseMainPhase(TestSuiteExecutor.java:203)
	at com.kms.katalon.core.main.TestSuiteExecutor.accessTestSuiteMainPhase(TestSuiteExecutor.java:152)
	at com.kms.katalon.core.main.TestSuiteExecutor.execute(TestSuiteExecutor.java:95)
	at com.kms.katalon.core.main.TestCaseMain.startTestSuite(TestCaseMain.java:157)
	at com.kms.katalon.core.main.TestCaseMain$startTestSuite$0.call(Unknown Source)
	at TempTestSuite1610447955370.run(TempTestSuite1610447955370.groovy:39)
Caused by: com.kms.katalon.core.webui.exception.WebElementNotFoundException: Web element with id: 'Object Repository/Web RoomMe.id/RoomMe.id Homepage/Button Close banner StaytoWin' located by '//div[@id='stayToWin___BV_modal_body_']/img' not found
	at com.kms.katalon.core.webui.common.WebUiCommonHelper.findWebElement(WebUiCommonHelper.java:1369)
	at com.kms.katalon.core.webui.keyword.internal.WebUIAbstractKeyword.findWebElement(WebUIAbstractKeyword.groovy:27)
	at com.kms.katalon.core.webui.keyword.internal.WebUIAbstractKeyword.findWebElement(WebUIAbstractKeyword.groovy:26)
	at com.kms.katalon.core.webui.keyword.builtin.ClickKeyword$_click_closure1.doCall(ClickKeyword.groovy:67)
	at com.kms.katalon.core.webui.keyword.builtin.ClickKeyword$_click_closure1.call(ClickKeyword.groovy)
	at com.kms.katalon.core.webui.keyword.internal.WebUIKeywordMain.runKeyword(WebUIKeywordMain.groovy:20)
	at com.kms.katalon.core.webui.keyword.builtin.ClickKeyword.click(ClickKeyword.groovy:76)
	at com.kms.katalon.core.webui.keyword.builtin.ClickKeyword.execute(ClickKeyword.groovy:43)
	at com.kms.katalon.core.keyword.internal.KeywordExecutor.executeKeywordForPlatform(KeywordExecutor.groovy:73)
	at com.kms.katalon.core.webui.keyword.WebUiBuiltInKeywords.click(WebUiBuiltInKeywords.groovy:617)
	at com.kms.katalon.core.webui.keyword.WebUiBuiltInKeywords$click$2.call(Unknown Source)
	at Script1585573992106.run(Script1585573992106.groovy:24)
	at com.kms.katalon.core.main.ScriptEngine.run(ScriptEngine.java:194)
	at com.kms.katalon.core.main.ScriptEngine.runScriptAsRawText(ScriptEngine.java:119)
	at com.kms.katalon.core.main.TestCaseExecutor.runScript(TestCaseExecutor.java:394)
	at com.kms.katalon.core.main.TestCaseExecutor.doExecute(TestCaseExecutor.java:385)
	at com.kms.katalon.core.main.TestCaseExecutor.processExecutionPhase(TestCaseExecutor.java:364)
	at com.kms.katalon.core.main.TestCaseExecutor.accessMainPhase(TestCaseExecutor.java:356)
	at com.kms.katalon.core.main.TestCaseExecutor.execute(TestCaseExecutor.java:251)
	at com.kms.katalon.core.main.TestCaseMain.runTestCase(TestCaseMain.java:114)
	at com.kms.katalon.core.keyword.builtin.CallTestCaseKeyword$_callTestCase_closure1.doCall(CallTestCaseKeyword.groovy:59)
	at com.kms.katalon.core.keyword.builtin.CallTestCaseKeyword$_callTestCase_closure1.call(CallTestCaseKeyword.groovy)
	at com.kms.katalon.core.keyword.internal.KeywordMain.runKeyword(KeywordMain.groovy:68)
	at com.kms.katalon.core.keyword.builtin.CallTestCaseKeyword.callTestCase(CallTestCaseKeyword.groovy:81)
	at com.kms.katalon.core.keyword.builtin.CallTestCaseKeyword.execute(CallTestCaseKeyword.groovy:44)
	at com.kms.katalon.core.keyword.internal.KeywordExecutor.executeKeywordForPlatform(KeywordExecutor.groovy:73)
	at com.kms.katalon.core.keyword.BuiltinKeywords.callTestCase(BuiltinKeywords.groovy:334)
	at Script1586326200216.run(Script1586326200216.groovy:19)
	... 13 more
)

2021-01-12 17:42:31 - [MESSAGE][INFO] - Unable to find the element located by 'By.xpath: //div[@id='stayToWin___BV_modal_body_']/img'. Please recheck the objects properties to make sure the desired element is located. 

2021-01-12 17:42:32 - [MESSAGE][FAILED] - Unable to click on object 'Object Repository/Web RoomMe.id/RoomMe.id Homepage/Button Close banner StaytoWin' (Root cause: com.kms.katalon.core.exception.StepFailedException: Unable to click on object 'Object Repository/Web RoomMe.id/RoomMe.id Homepage/Button Close banner StaytoWin'
	at com.kms.katalon.core.webui.keyword.internal.WebUIKeywordMain.stepFailed(WebUIKeywordMain.groovy:64)
	at com.kms.katalon.core.webui.keyword.internal.WebUIKeywordMain.runKeyword(WebUIKeywordMain.groovy:26)
	at com.kms.katalon.core.webui.keyword.builtin.ClickKeyword.click(ClickKeyword.groovy:76)
	at com.kms.katalon.core.webui.keyword.builtin.ClickKeyword.execute(ClickKeyword.groovy:43)
	at com.kms.katalon.core.keyword.internal.KeywordExecutor.executeKeywordForPlatform(KeywordExecutor.groovy:73)
	at com.kms.katalon.core.webui.keyword.WebUiBuiltInKeywords.click(WebUiBuiltInKeywords.groovy:617)
	at com.kms.katalon.core.webui.keyword.WebUiBuiltInKeywords$click$2.call(Unknown Source)
	at 1. Customer Access RoomMe Page.run(1. Customer Access RoomMe Page:24)
	at com.kms.katalon.core.main.ScriptEngine.run(ScriptEngine.java:194)
	at com.kms.katalon.core.main.ScriptEngine.runScriptAsRawText(ScriptEngine.java:119)
	at com.kms.katalon.core.main.TestCaseExecutor.runScript(TestCaseExecutor.java:394)
	at com.kms.katalon.core.main.TestCaseExecutor.doExecute(TestCaseExecutor.java:385)
	at com.kms.katalon.core.main.TestCaseExecutor.processExecutionPhase(TestCaseExecutor.java:364)
	at com.kms.katalon.core.main.TestCaseExecutor.accessMainPhase(TestCaseExecutor.java:356)
	at com.kms.katalon.core.main.TestCaseExecutor.execute(TestCaseExecutor.java:251)
	at com.kms.katalon.core.main.TestCaseMain.runTestCase(TestCaseMain.java:114)
	at com.kms.katalon.core.keyword.builtin.CallTestCaseKeyword$_callTestCase_closure1.doCall(CallTestCaseKeyword.groovy:59)
	at com.kms.katalon.core.keyword.builtin.CallTestCaseKeyword$_callTestCase_closure1.call(CallTestCaseKeyword.groovy)
	at com.kms.katalon.core.keyword.internal.KeywordMain.runKeyword(KeywordMain.groovy:68)
	at com.kms.katalon.core.keyword.builtin.CallTestCaseKeyword.callTestCase(CallTestCaseKeyword.groovy:81)
	at com.kms.katalon.core.keyword.builtin.CallTestCaseKeyword.execute(CallTestCaseKeyword.groovy:44)
	at com.kms.katalon.core.keyword.internal.KeywordExecutor.executeKeywordForPlatform(KeywordExecutor.groovy:73)
	at com.kms.katalon.core.keyword.BuiltinKeywords.callTestCase(BuiltinKeywords.groovy:334)
	at 6. Customer Input Password with Invalid Format.run(6. Customer Input Password with Invalid Format:19)
	at com.kms.katalon.core.main.ScriptEngine.run(ScriptEngine.java:194)
	at com.kms.katalon.core.main.ScriptEngine.runScriptAsRawText(ScriptEngine.java:119)
	at com.kms.katalon.core.main.TestCaseExecutor.runScript(TestCaseExecutor.java:394)
	at com.kms.katalon.core.main.TestCaseExecutor.doExecute(TestCaseExecutor.java:385)
	at com.kms.katalon.core.main.TestCaseExecutor.processExecutionPhase(TestCaseExecutor.java:364)
	at com.kms.katalon.core.main.TestCaseExecutor.accessMainPhase(TestCaseExecutor.java:356)
	at com.kms.katalon.core.main.TestCaseExecutor.execute(TestCaseExecutor.java:251)
	at com.kms.katalon.core.main.TestSuiteExecutor.accessTestCaseMainPhase(TestSuiteExecutor.java:203)
	at com.kms.katalon.core.main.TestSuiteExecutor.accessTestSuiteMainPhase(TestSuiteExecutor.java:152)
	at com.kms.katalon.core.main.TestSuiteExecutor.execute(TestSuiteExecutor.java:95)
	at com.kms.katalon.core.main.TestCaseMain.startTestSuite(TestCaseMain.java:157)
	at com.kms.katalon.core.main.TestCaseMain$startTestSuite$0.call(Unknown Source)
	at TempTestSuite1610447955370.run(TempTestSuite1610447955370.groovy:39)
Caused by: com.kms.katalon.core.webui.exception.WebElementNotFoundException: Web element with id: 'Object Repository/Web RoomMe.id/RoomMe.id Homepage/Button Close banner StaytoWin' located by '//div[@id='stayToWin___BV_modal_body_']/img' not found
	at com.kms.katalon.core.webui.common.WebUiCommonHelper.findWebElement(WebUiCommonHelper.java:1369)
	at com.kms.katalon.core.webui.keyword.internal.WebUIAbstractKeyword.findWebElement(WebUIAbstractKeyword.groovy:27)
	at com.kms.katalon.core.webui.keyword.internal.WebUIAbstractKeyword.findWebElement(WebUIAbstractKeyword.groovy:26)
	at com.kms.katalon.core.webui.keyword.builtin.ClickKeyword$_click_closure1.doCall(ClickKeyword.groovy:67)
	at com.kms.katalon.core.webui.keyword.builtin.ClickKeyword$_click_closure1.call(ClickKeyword.groovy)
	at com.kms.katalon.core.webui.keyword.internal.WebUIKeywordMain.runKeyword(WebUIKeywordMain.groovy:20)
	at com.kms.katalon.core.webui.keyword.builtin.ClickKeyword.click(ClickKeyword.groovy:76)
	at com.kms.katalon.core.webui.keyword.builtin.ClickKeyword.execute(ClickKeyword.groovy:43)
	at com.kms.katalon.core.keyword.internal.KeywordExecutor.executeKeywordForPlatform(KeywordExecutor.groovy:73)
	at com.kms.katalon.core.webui.keyword.WebUiBuiltInKeywords.click(WebUiBuiltInKeywords.groovy:617)
	at com.kms.katalon.core.webui.keyword.WebUiBuiltInKeywords$click$2.call(Unknown Source)
	at Script1585573992106.run(Script1585573992106.groovy:24)
	at com.kms.katalon.core.main.ScriptEngine.run(ScriptEngine.java:194)
	at com.kms.katalon.core.main.ScriptEngine.runScriptAsRawText(ScriptEngine.java:119)
	at com.kms.katalon.core.main.TestCaseExecutor.runScript(TestCaseExecutor.java:394)
	at com.kms.katalon.core.main.TestCaseExecutor.doExecute(TestCaseExecutor.java:385)
	at com.kms.katalon.core.main.TestCaseExecutor.processExecutionPhase(TestCaseExecutor.java:364)
	at com.kms.katalon.core.main.TestCaseExecutor.accessMainPhase(TestCaseExecutor.java:356)
	at com.kms.katalon.core.main.TestCaseExecutor.execute(TestCaseExecutor.java:251)
	at com.kms.katalon.core.main.TestCaseMain.runTestCase(TestCaseMain.java:114)
	at com.kms.katalon.core.keyword.builtin.CallTestCaseKeyword$_callTestCase_closure1.doCall(CallTestCaseKeyword.groovy:59)
	at com.kms.katalon.core.keyword.builtin.CallTestCaseKeyword$_callTestCase_closure1.call(CallTestCaseKeyword.groovy)
	at com.kms.katalon.core.keyword.internal.KeywordMain.runKeyword(KeywordMain.groovy:68)
	at com.kms.katalon.core.keyword.builtin.CallTestCaseKeyword.callTestCase(CallTestCaseKeyword.groovy:81)
	at com.kms.katalon.core.keyword.builtin.CallTestCaseKeyword.execute(CallTestCaseKeyword.groovy:44)
	at com.kms.katalon.core.keyword.internal.KeywordExecutor.executeKeywordForPlatform(KeywordExecutor.groovy:73)
	at com.kms.katalon.core.keyword.BuiltinKeywords.callTestCase(BuiltinKeywords.groovy:334)
	at Script1586326200216.run(Script1586326200216.groovy:19)
	... 13 more
)
[[ATTACHMENT|C:\\Users\\Faldi\\Katalon Studio\\katalonroomme\\Reports\\20210112_173915\\Web RoomMe.id\\Customer Sign Up\\20210112_173915\\1610448151951.png]]

2021-01-12 17:42:32 - [MESSAGE][FAILED] - Unable to call Test Case 'Test Cases/Web RoomMe.id/1. Homepage/1. Customer Access RoomMe Page' (Root cause: com.kms.katalon.core.exception.StepFailedException: Call Test Case 'Test Cases/Web RoomMe.id/1. Homepage/1. Customer Access RoomMe Page' failed
	at com.kms.katalon.core.keyword.builtin.CallTestCaseKeyword$_callTestCase_closure1.doCall(CallTestCaseKeyword.groovy:63)
	at com.kms.katalon.core.keyword.builtin.CallTestCaseKeyword$_callTestCase_closure1.call(CallTestCaseKeyword.groovy)
	at com.kms.katalon.core.keyword.internal.KeywordMain.runKeyword(KeywordMain.groovy:68)
	at com.kms.katalon.core.keyword.builtin.CallTestCaseKeyword.callTestCase(CallTestCaseKeyword.groovy:81)
	at com.kms.katalon.core.keyword.builtin.CallTestCaseKeyword.execute(CallTestCaseKeyword.groovy:44)
	at com.kms.katalon.core.keyword.internal.KeywordExecutor.executeKeywordForPlatform(KeywordExecutor.groovy:73)
	at com.kms.katalon.core.keyword.BuiltinKeywords.callTestCase(BuiltinKeywords.groovy:334)
	at 6. Customer Input Password with Invalid Format.run(6. Customer Input Password with Invalid Format:19)
	at com.kms.katalon.core.main.ScriptEngine.run(ScriptEngine.java:194)
	at com.kms.katalon.core.main.ScriptEngine.runScriptAsRawText(ScriptEngine.java:119)
	at com.kms.katalon.core.main.TestCaseExecutor.runScript(TestCaseExecutor.java:394)
	at com.kms.katalon.core.main.TestCaseExecutor.doExecute(TestCaseExecutor.java:385)
	at com.kms.katalon.core.main.TestCaseExecutor.processExecutionPhase(TestCaseExecutor.java:364)
	at com.kms.katalon.core.main.TestCaseExecutor.accessMainPhase(TestCaseExecutor.java:356)
	at com.kms.katalon.core.main.TestCaseExecutor.execute(TestCaseExecutor.java:251)
	at com.kms.katalon.core.main.TestSuiteExecutor.accessTestCaseMainPhase(TestSuiteExecutor.java:203)
	at com.kms.katalon.core.main.TestSuiteExecutor.accessTestSuiteMainPhase(TestSuiteExecutor.java:152)
	at com.kms.katalon.core.main.TestSuiteExecutor.execute(TestSuiteExecutor.java:95)
	at com.kms.katalon.core.main.TestCaseMain.startTestSuite(TestCaseMain.java:157)
	at com.kms.katalon.core.main.TestCaseMain$startTestSuite$0.call(Unknown Source)
	at TempTestSuite1610447955370.run(TempTestSuite1610447955370.groovy:39)
Caused by: com.kms.katalon.core.exception.StepFailedException: Unable to click on object 'Object Repository/Web RoomMe.id/RoomMe.id Homepage/Button Close banner StaytoWin'
	at com.kms.katalon.core.webui.keyword.internal.WebUIKeywordMain.stepFailed(WebUIKeywordMain.groovy:64)
	at com.kms.katalon.core.webui.keyword.internal.WebUIKeywordMain.runKeyword(WebUIKeywordMain.groovy:26)
	at com.kms.katalon.core.webui.keyword.builtin.ClickKeyword.click(ClickKeyword.groovy:76)
	at com.kms.katalon.core.webui.keyword.builtin.ClickKeyword.execute(ClickKeyword.groovy:43)
	at com.kms.katalon.core.keyword.internal.KeywordExecutor.executeKeywordForPlatform(KeywordExecutor.groovy:73)
	at com.kms.katalon.core.webui.keyword.WebUiBuiltInKeywords.click(WebUiBuiltInKeywords.groovy:617)
	at com.kms.katalon.core.webui.keyword.WebUiBuiltInKeywords$click$2.call(Unknown Source)
	at 1. Customer Access RoomMe Page.run(1. Customer Access RoomMe Page:24)
	at com.kms.katalon.core.main.ScriptEngine.run(ScriptEngine.java:194)
	at com.kms.katalon.core.main.ScriptEngine.runScriptAsRawText(ScriptEngine.java:119)
	at com.kms.katalon.core.main.TestCaseExecutor.runScript(TestCaseExecutor.java:394)
	at com.kms.katalon.core.main.TestCaseExecutor.doExecute(TestCaseExecutor.java:385)
	at com.kms.katalon.core.main.TestCaseExecutor.processExecutionPhase(TestCaseExecutor.java:364)
	at com.kms.katalon.core.main.TestCaseExecutor.accessMainPhase(TestCaseExecutor.java:356)
	at com.kms.katalon.core.main.TestCaseExecutor.execute(TestCaseExecutor.java:251)
	at com.kms.katalon.core.main.TestCaseMain.runTestCase(TestCaseMain.java:114)
	at com.kms.katalon.core.keyword.builtin.CallTestCaseKeyword$_callTestCase_closure1.doCall(CallTestCaseKeyword.groovy:59)
	... 20 more
Caused by: com.kms.katalon.core.webui.exception.WebElementNotFoundException: Web element with id: 'Object Repository/Web RoomMe.id/RoomMe.id Homepage/Button Close banner StaytoWin' located by '//div[@id='stayToWin___BV_modal_body_']/img' not found
	at com.kms.katalon.core.webui.common.WebUiCommonHelper.findWebElement(WebUiCommonHelper.java:1369)
	at com.kms.katalon.core.webui.keyword.internal.WebUIAbstractKeyword.findWebElement(WebUIAbstractKeyword.groovy:27)
	at com.kms.katalon.core.webui.keyword.internal.WebUIAbstractKeyword.findWebElement(WebUIAbstractKeyword.groovy:26)
	at com.kms.katalon.core.webui.keyword.builtin.ClickKeyword$_click_closure1.doCall(ClickKeyword.groovy:67)
	at com.kms.katalon.core.webui.keyword.builtin.ClickKeyword$_click_closure1.call(ClickKeyword.groovy)
	at com.kms.katalon.core.webui.keyword.internal.WebUIKeywordMain.runKeyword(WebUIKeywordMain.groovy:20)
	... 35 more
)]]></system-out>
         <system-err><![CDATA[2021-01-12 17:42:17 - [TEST_CASE][FAILED] - Test Cases/Web RoomMe.id/2. Sign Up/6. Customer Input Password with Invalid Format: Test Cases/Web RoomMe.id/2. Sign Up/6. Customer Input Password with Invalid Format FAILED.
Reason:
com.kms.katalon.core.exception.StepFailedException: Call Test Case 'Test Cases/Web RoomMe.id/1. Homepage/1. Customer Access RoomMe Page' failed
	at com.kms.katalon.core.keyword.builtin.CallTestCaseKeyword$_callTestCase_closure1.doCall(CallTestCaseKeyword.groovy:63)
	at com.kms.katalon.core.keyword.builtin.CallTestCaseKeyword$_callTestCase_closure1.call(CallTestCaseKeyword.groovy)
	at com.kms.katalon.core.keyword.internal.KeywordMain.runKeyword(KeywordMain.groovy:68)
	at com.kms.katalon.core.keyword.builtin.CallTestCaseKeyword.callTestCase(CallTestCaseKeyword.groovy:81)
	at com.kms.katalon.core.keyword.builtin.CallTestCaseKeyword.execute(CallTestCaseKeyword.groovy:44)
	at com.kms.katalon.core.keyword.internal.KeywordExecutor.executeKeywordForPlatform(KeywordExecutor.groovy:73)
	at com.kms.katalon.core.keyword.BuiltinKeywords.callTestCase(BuiltinKeywords.groovy:334)
	at 6. Customer Input Password with Invalid Format.run(6. Customer Input Password with Invalid Format:19)
	at com.kms.katalon.core.main.ScriptEngine.run(ScriptEngine.java:194)
	at com.kms.katalon.core.main.ScriptEngine.runScriptAsRawText(ScriptEngine.java:119)
	at com.kms.katalon.core.main.TestCaseExecutor.runScript(TestCaseExecutor.java:394)
	at com.kms.katalon.core.main.TestCaseExecutor.doExecute(TestCaseExecutor.java:385)
	at com.kms.katalon.core.main.TestCaseExecutor.processExecutionPhase(TestCaseExecutor.java:364)
	at com.kms.katalon.core.main.TestCaseExecutor.accessMainPhase(TestCaseExecutor.java:356)
	at com.kms.katalon.core.main.TestCaseExecutor.execute(TestCaseExecutor.java:251)
	at com.kms.katalon.core.main.TestSuiteExecutor.accessTestCaseMainPhase(TestSuiteExecutor.java:203)
	at com.kms.katalon.core.main.TestSuiteExecutor.accessTestSuiteMainPhase(TestSuiteExecutor.java:152)
	at com.kms.katalon.core.main.TestSuiteExecutor.execute(TestSuiteExecutor.java:95)
	at com.kms.katalon.core.main.TestCaseMain.startTestSuite(TestCaseMain.java:157)
	at com.kms.katalon.core.main.TestCaseMain$startTestSuite$0.call(Unknown Source)
	at TempTestSuite1610447955370.run(TempTestSuite1610447955370.groovy:39)
Caused by: com.kms.katalon.core.exception.StepFailedException: Unable to click on object 'Object Repository/Web RoomMe.id/RoomMe.id Homepage/Button Close banner StaytoWin'
	at com.kms.katalon.core.webui.keyword.internal.WebUIKeywordMain.stepFailed(WebUIKeywordMain.groovy:64)
	at com.kms.katalon.core.webui.keyword.internal.WebUIKeywordMain.runKeyword(WebUIKeywordMain.groovy:26)
	at com.kms.katalon.core.webui.keyword.builtin.ClickKeyword.click(ClickKeyword.groovy:76)
	at com.kms.katalon.core.webui.keyword.builtin.ClickKeyword.execute(ClickKeyword.groovy:43)
	at com.kms.katalon.core.keyword.internal.KeywordExecutor.executeKeywordForPlatform(KeywordExecutor.groovy:73)
	at com.kms.katalon.core.webui.keyword.WebUiBuiltInKeywords.click(WebUiBuiltInKeywords.groovy:617)
	at com.kms.katalon.core.webui.keyword.WebUiBuiltInKeywords$click$2.call(Unknown Source)
	at 1. Customer Access RoomMe Page.run(1. Customer Access RoomMe Page:24)
	at com.kms.katalon.core.main.ScriptEngine.run(ScriptEngine.java:194)
	at com.kms.katalon.core.main.ScriptEngine.runScriptAsRawText(ScriptEngine.java:119)
	at com.kms.katalon.core.main.TestCaseExecutor.runScript(TestCaseExecutor.java:394)
	at com.kms.katalon.core.main.TestCaseExecutor.doExecute(TestCaseExecutor.java:385)
	at com.kms.katalon.core.main.TestCaseExecutor.processExecutionPhase(TestCaseExecutor.java:364)
	at com.kms.katalon.core.main.TestCaseExecutor.accessMainPhase(TestCaseExecutor.java:356)
	at com.kms.katalon.core.main.TestCaseExecutor.execute(TestCaseExecutor.java:251)
	at com.kms.katalon.core.main.TestCaseMain.runTestCase(TestCaseMain.java:114)
	at com.kms.katalon.core.keyword.builtin.CallTestCaseKeyword$_callTestCase_closure1.doCall(CallTestCaseKeyword.groovy:59)
	... 20 more
Caused by: com.kms.katalon.core.webui.exception.WebElementNotFoundException: Web element with id: 'Object Repository/Web RoomMe.id/RoomMe.id Homepage/Button Close banner StaytoWin' located by '//div[@id='stayToWin___BV_modal_body_']/img' not found
	at com.kms.katalon.core.webui.common.WebUiCommonHelper.findWebElement(WebUiCommonHelper.java:1369)
	at com.kms.katalon.core.webui.keyword.internal.WebUIAbstractKeyword.findWebElement(WebUIAbstractKeyword.groovy:27)
	at com.kms.katalon.core.webui.keyword.internal.WebUIAbstractKeyword.findWebElement(WebUIAbstractKeyword.groovy:26)
	at com.kms.katalon.core.webui.keyword.builtin.ClickKeyword$_click_closure1.doCall(ClickKeyword.groovy:67)
	at com.kms.katalon.core.webui.keyword.builtin.ClickKeyword$_click_closure1.call(ClickKeyword.groovy)
	at com.kms.katalon.core.webui.keyword.internal.WebUIKeywordMain.runKeyword(WebUIKeywordMain.groovy:20)
	... 35 more]]></system-err>
      </testcase>
      <testcase name="Test Cases/Web RoomMe.id/2. Sign Up/7. Customer Input Confirm Password with Invalid Format" time="16.803" classname="Test Cases/Web RoomMe.id/2. Sign Up/7. Customer Input Confirm Password with Invalid Format" status="FAILED">
         <failure type="FAILED" message="Test Cases/Web RoomMe.id/2. Sign Up/7. Customer Input Confirm Password with Invalid Format FAILED.
Reason:
com.kms.katalon.core.exception.StepFailedException: Call Test Case 'Test Cases/Web RoomMe.id/1. Homepage/1. Customer Access RoomMe Page' failed
	at com.kms.katalon.core.keyword.builtin.CallTestCaseKeyword$_callTestCase_closure1.doCall(CallTestCaseKeyword.groovy:63)
	at com.kms.katalon.core.keyword.builtin.CallTestCaseKeyword$_callTestCase_closure1.call(CallTestCaseKeyword.groovy)
	at com.kms.katalon.core.keyword.internal.KeywordMain.runKeyword(KeywordMain.groovy:68)
	at com.kms.katalon.core.keyword.builtin.CallTestCaseKeyword.callTestCase(CallTestCaseKeyword.groovy:81)
	at com.kms.katalon.core.keyword.builtin.CallTestCaseKeyword.execute(CallTestCaseKeyword.groovy:44)
	at com.kms.katalon.core.keyword.internal.KeywordExecutor.executeKeywordForPlatform(KeywordExecutor.groovy:73)
	at com.kms.katalon.core.keyword.BuiltinKeywords.callTestCase(BuiltinKeywords.groovy:334)
	at 7. Customer Input Confirm Password with Invalid Format.run(7. Customer Input Confirm Password with Invalid Format:18)
	at com.kms.katalon.core.main.ScriptEngine.run(ScriptEngine.java:194)
	at com.kms.katalon.core.main.ScriptEngine.runScriptAsRawText(ScriptEngine.java:119)
	at com.kms.katalon.core.main.TestCaseExecutor.runScript(TestCaseExecutor.java:394)
	at com.kms.katalon.core.main.TestCaseExecutor.doExecute(TestCaseExecutor.java:385)
	at com.kms.katalon.core.main.TestCaseExecutor.processExecutionPhase(TestCaseExecutor.java:364)
	at com.kms.katalon.core.main.TestCaseExecutor.accessMainPhase(TestCaseExecutor.java:356)
	at com.kms.katalon.core.main.TestCaseExecutor.execute(TestCaseExecutor.java:251)
	at com.kms.katalon.core.main.TestSuiteExecutor.accessTestCaseMainPhase(TestSuiteExecutor.java:203)
	at com.kms.katalon.core.main.TestSuiteExecutor.accessTestSuiteMainPhase(TestSuiteExecutor.java:152)
	at com.kms.katalon.core.main.TestSuiteExecutor.execute(TestSuiteExecutor.java:95)
	at com.kms.katalon.core.main.TestCaseMain.startTestSuite(TestCaseMain.java:157)
	at com.kms.katalon.core.main.TestCaseMain$startTestSuite$0.call(Unknown Source)
	at TempTestSuite1610447955370.run(TempTestSuite1610447955370.groovy:39)
Caused by: com.kms.katalon.core.exception.StepFailedException: Unable to wait for page load
	at com.kms.katalon.core.webui.keyword.internal.WebUIKeywordMain.stepFailed(WebUIKeywordMain.groovy:64)
	at com.kms.katalon.core.webui.keyword.internal.WebUIKeywordMain.runKeyword(WebUIKeywordMain.groovy:26)
	at com.kms.katalon.core.webui.keyword.internal.WebUIKeywordMain$runKeyword.call(Unknown Source)
	at com.kms.katalon.core.webui.keyword.builtin.WaitForPageLoadKeyword.waitForPageLoad(WaitForPageLoadKeyword.groovy:71)
	at com.kms.katalon.core.webui.keyword.builtin.WaitForPageLoadKeyword.execute(WaitForPageLoadKeyword.groovy:67)
	at com.kms.katalon.core.keyword.internal.KeywordExecutor.executeKeywordForPlatform(KeywordExecutor.groovy:73)
	at com.kms.katalon.core.webui.keyword.WebUiBuiltInKeywords.waitForPageLoad(WebUiBuiltInKeywords.groovy:2454)
	at com.kms.katalon.core.webui.keyword.WebUiBuiltInKeywords$waitForPageLoad$1.call(Unknown Source)
	at 1. Customer Access RoomMe Page.run(1. Customer Access RoomMe Page:22)
	at com.kms.katalon.core.main.ScriptEngine.run(ScriptEngine.java:194)
	at com.kms.katalon.core.main.ScriptEngine.runScriptAsRawText(ScriptEngine.java:119)
	at com.kms.katalon.core.main.TestCaseExecutor.runScript(TestCaseExecutor.java:394)
	at com.kms.katalon.core.main.TestCaseExecutor.doExecute(TestCaseExecutor.java:385)
	at com.kms.katalon.core.main.TestCaseExecutor.processExecutionPhase(TestCaseExecutor.java:364)
	at com.kms.katalon.core.main.TestCaseExecutor.accessMainPhase(TestCaseExecutor.java:356)
	at com.kms.katalon.core.main.TestCaseExecutor.execute(TestCaseExecutor.java:251)
	at com.kms.katalon.core.main.TestCaseMain.runTestCase(TestCaseMain.java:114)
	at com.kms.katalon.core.keyword.builtin.CallTestCaseKeyword$_callTestCase_closure1.doCall(CallTestCaseKeyword.groovy:59)
	... 20 more
Caused by: org.openqa.selenium.TimeoutException: Expected condition failed: waiting for com.kms.katalon.core.webui.keyword.builtin.WaitForPageLoadKeyword$1@54ca9420 (tried for 1 second(s) with 500 milliseconds interval)
Build info: version: '3.141.59', revision: 'e82be7d358', time: '2018-11-14T08:25:53'
System info: host: 'XPS', ip: '192.168.10.7', os.name: 'Windows 10', os.arch: 'amd64', os.version: '10.0', java.version: '1.8.0_181'
Driver info: com.kms.katalon.core.webui.driver.SmartWaitWebDriver
Capabilities {acceptInsecureCerts: false, browserName: chrome, browserVersion: 87.0.4280.141, chrome: {chromedriverVersion: 86.0.4240.22 (398b0743353ff..., userDataDir: C:\Users\Faldi\AppData\Loca...}, goog:chromeOptions: {debuggerAddress: localhost:50214}, javascriptEnabled: true, networkConnectionEnabled: false, pageLoadStrategy: normal, platform: WINDOWS, platformName: WINDOWS, proxy: Proxy(), setWindowRect: true, strictFileInteractability: false, timeouts: {implicit: 0, pageLoad: 300000, script: 30000}, unhandledPromptBehavior: dismiss and notify, webauthn:virtualAuthenticators: true}
Session ID: 22b8e1d52a9eb7c02b6f0d52e0ae1ebd
	at org.openqa.selenium.support.ui.WebDriverWait.timeoutException(WebDriverWait.java:95)
	at org.openqa.selenium.support.ui.FluentWait.until(FluentWait.java:272)
	at org.openqa.selenium.support.ui.Wait$until.call(Unknown Source)
	at com.kms.katalon.core.webui.keyword.builtin.WaitForPageLoadKeyword$_waitForPageLoad_closure1.doCall(WaitForPageLoadKeyword.groovy:76)
	at com.kms.katalon.core.webui.keyword.builtin.WaitForPageLoadKeyword$_waitForPageLoad_closure1.doCall(WaitForPageLoadKeyword.groovy)
	at com.kms.katalon.core.webui.keyword.internal.WebUIKeywordMain.runKeyword(WebUIKeywordMain.groovy:20)
	... 36 more
"/>
         <system-out><![CDATA[2021-01-12 17:42:32 - [TEST_CASE][FAILED] - Test Cases/Web RoomMe.id/2. Sign Up/7. Customer Input Confirm Password with Invalid Format: Test Cases/Web RoomMe.id/2. Sign Up/7. Customer Input Confirm Password with Invalid Format FAILED.
Reason:
com.kms.katalon.core.exception.StepFailedException: Call Test Case 'Test Cases/Web RoomMe.id/1. Homepage/1. Customer Access RoomMe Page' failed
	at com.kms.katalon.core.keyword.builtin.CallTestCaseKeyword$_callTestCase_closure1.doCall(CallTestCaseKeyword.groovy:63)
	at com.kms.katalon.core.keyword.builtin.CallTestCaseKeyword$_callTestCase_closure1.call(CallTestCaseKeyword.groovy)
	at com.kms.katalon.core.keyword.internal.KeywordMain.runKeyword(KeywordMain.groovy:68)
	at com.kms.katalon.core.keyword.builtin.CallTestCaseKeyword.callTestCase(CallTestCaseKeyword.groovy:81)
	at com.kms.katalon.core.keyword.builtin.CallTestCaseKeyword.execute(CallTestCaseKeyword.groovy:44)
	at com.kms.katalon.core.keyword.internal.KeywordExecutor.executeKeywordForPlatform(KeywordExecutor.groovy:73)
	at com.kms.katalon.core.keyword.BuiltinKeywords.callTestCase(BuiltinKeywords.groovy:334)
	at 7. Customer Input Confirm Password with Invalid Format.run(7. Customer Input Confirm Password with Invalid Format:18)
	at com.kms.katalon.core.main.ScriptEngine.run(ScriptEngine.java:194)
	at com.kms.katalon.core.main.ScriptEngine.runScriptAsRawText(ScriptEngine.java:119)
	at com.kms.katalon.core.main.TestCaseExecutor.runScript(TestCaseExecutor.java:394)
	at com.kms.katalon.core.main.TestCaseExecutor.doExecute(TestCaseExecutor.java:385)
	at com.kms.katalon.core.main.TestCaseExecutor.processExecutionPhase(TestCaseExecutor.java:364)
	at com.kms.katalon.core.main.TestCaseExecutor.accessMainPhase(TestCaseExecutor.java:356)
	at com.kms.katalon.core.main.TestCaseExecutor.execute(TestCaseExecutor.java:251)
	at com.kms.katalon.core.main.TestSuiteExecutor.accessTestCaseMainPhase(TestSuiteExecutor.java:203)
	at com.kms.katalon.core.main.TestSuiteExecutor.accessTestSuiteMainPhase(TestSuiteExecutor.java:152)
	at com.kms.katalon.core.main.TestSuiteExecutor.execute(TestSuiteExecutor.java:95)
	at com.kms.katalon.core.main.TestCaseMain.startTestSuite(TestCaseMain.java:157)
	at com.kms.katalon.core.main.TestCaseMain$startTestSuite$0.call(Unknown Source)
	at TempTestSuite1610447955370.run(TempTestSuite1610447955370.groovy:39)
Caused by: com.kms.katalon.core.exception.StepFailedException: Unable to wait for page load
	at com.kms.katalon.core.webui.keyword.internal.WebUIKeywordMain.stepFailed(WebUIKeywordMain.groovy:64)
	at com.kms.katalon.core.webui.keyword.internal.WebUIKeywordMain.runKeyword(WebUIKeywordMain.groovy:26)
	at com.kms.katalon.core.webui.keyword.internal.WebUIKeywordMain$runKeyword.call(Unknown Source)
	at com.kms.katalon.core.webui.keyword.builtin.WaitForPageLoadKeyword.waitForPageLoad(WaitForPageLoadKeyword.groovy:71)
	at com.kms.katalon.core.webui.keyword.builtin.WaitForPageLoadKeyword.execute(WaitForPageLoadKeyword.groovy:67)
	at com.kms.katalon.core.keyword.internal.KeywordExecutor.executeKeywordForPlatform(KeywordExecutor.groovy:73)
	at com.kms.katalon.core.webui.keyword.WebUiBuiltInKeywords.waitForPageLoad(WebUiBuiltInKeywords.groovy:2454)
	at com.kms.katalon.core.webui.keyword.WebUiBuiltInKeywords$waitForPageLoad$1.call(Unknown Source)
	at 1. Customer Access RoomMe Page.run(1. Customer Access RoomMe Page:22)
	at com.kms.katalon.core.main.ScriptEngine.run(ScriptEngine.java:194)
	at com.kms.katalon.core.main.ScriptEngine.runScriptAsRawText(ScriptEngine.java:119)
	at com.kms.katalon.core.main.TestCaseExecutor.runScript(TestCaseExecutor.java:394)
	at com.kms.katalon.core.main.TestCaseExecutor.doExecute(TestCaseExecutor.java:385)
	at com.kms.katalon.core.main.TestCaseExecutor.processExecutionPhase(TestCaseExecutor.java:364)
	at com.kms.katalon.core.main.TestCaseExecutor.accessMainPhase(TestCaseExecutor.java:356)
	at com.kms.katalon.core.main.TestCaseExecutor.execute(TestCaseExecutor.java:251)
	at com.kms.katalon.core.main.TestCaseMain.runTestCase(TestCaseMain.java:114)
	at com.kms.katalon.core.keyword.builtin.CallTestCaseKeyword$_callTestCase_closure1.doCall(CallTestCaseKeyword.groovy:59)
	... 20 more
Caused by: org.openqa.selenium.TimeoutException: Expected condition failed: waiting for com.kms.katalon.core.webui.keyword.builtin.WaitForPageLoadKeyword$1@54ca9420 (tried for 1 second(s) with 500 milliseconds interval)
Build info: version: '3.141.59', revision: 'e82be7d358', time: '2018-11-14T08:25:53'
System info: host: 'XPS', ip: '192.168.10.7', os.name: 'Windows 10', os.arch: 'amd64', os.version: '10.0', java.version: '1.8.0_181'
Driver info: com.kms.katalon.core.webui.driver.SmartWaitWebDriver
Capabilities {acceptInsecureCerts: false, browserName: chrome, browserVersion: 87.0.4280.141, chrome: {chromedriverVersion: 86.0.4240.22 (398b0743353ff..., userDataDir: C:\Users\Faldi\AppData\Loca...}, goog:chromeOptions: {debuggerAddress: localhost:50214}, javascriptEnabled: true, networkConnectionEnabled: false, pageLoadStrategy: normal, platform: WINDOWS, platformName: WINDOWS, proxy: Proxy(), setWindowRect: true, strictFileInteractability: false, timeouts: {implicit: 0, pageLoad: 300000, script: 30000}, unhandledPromptBehavior: dismiss and notify, webauthn:virtualAuthenticators: true}
Session ID: 22b8e1d52a9eb7c02b6f0d52e0ae1ebd
	at org.openqa.selenium.support.ui.WebDriverWait.timeoutException(WebDriverWait.java:95)
	at org.openqa.selenium.support.ui.FluentWait.until(FluentWait.java:272)
	at org.openqa.selenium.support.ui.Wait$until.call(Unknown Source)
	at com.kms.katalon.core.webui.keyword.builtin.WaitForPageLoadKeyword$_waitForPageLoad_closure1.doCall(WaitForPageLoadKeyword.groovy:76)
	at com.kms.katalon.core.webui.keyword.builtin.WaitForPageLoadKeyword$_waitForPageLoad_closure1.doCall(WaitForPageLoadKeyword.groovy)
	at com.kms.katalon.core.webui.keyword.internal.WebUIKeywordMain.runKeyword(WebUIKeywordMain.groovy:20)
	... 36 more


2021-01-12 17:42:32 - [TEST_STEP][FAILED] - callTestCase(findTestCase("Web RoomMe.id/1. Homepage/1. Customer Access RoomMe Page"), [:], STOP_ON_FAILURE): Unable to call Test Case 'Test Cases/Web RoomMe.id/1. Homepage/1. Customer Access RoomMe Page' (Root cause: com.kms.katalon.core.exception.StepFailedException: Call Test Case 'Test Cases/Web RoomMe.id/1. Homepage/1. Customer Access RoomMe Page' failed
	at com.kms.katalon.core.keyword.builtin.CallTestCaseKeyword$_callTestCase_closure1.doCall(CallTestCaseKeyword.groovy:63)
	at com.kms.katalon.core.keyword.builtin.CallTestCaseKeyword$_callTestCase_closure1.call(CallTestCaseKeyword.groovy)
	at com.kms.katalon.core.keyword.internal.KeywordMain.runKeyword(KeywordMain.groovy:68)
	at com.kms.katalon.core.keyword.builtin.CallTestCaseKeyword.callTestCase(CallTestCaseKeyword.groovy:81)
	at com.kms.katalon.core.keyword.builtin.CallTestCaseKeyword.execute(CallTestCaseKeyword.groovy:44)
	at com.kms.katalon.core.keyword.internal.KeywordExecutor.executeKeywordForPlatform(KeywordExecutor.groovy:73)
	at com.kms.katalon.core.keyword.BuiltinKeywords.callTestCase(BuiltinKeywords.groovy:334)
	at 7. Customer Input Confirm Password with Invalid Format.run(7. Customer Input Confirm Password with Invalid Format:18)
	at com.kms.katalon.core.main.ScriptEngine.run(ScriptEngine.java:194)
	at com.kms.katalon.core.main.ScriptEngine.runScriptAsRawText(ScriptEngine.java:119)
	at com.kms.katalon.core.main.TestCaseExecutor.runScript(TestCaseExecutor.java:394)
	at com.kms.katalon.core.main.TestCaseExecutor.doExecute(TestCaseExecutor.java:385)
	at com.kms.katalon.core.main.TestCaseExecutor.processExecutionPhase(TestCaseExecutor.java:364)
	at com.kms.katalon.core.main.TestCaseExecutor.accessMainPhase(TestCaseExecutor.java:356)
	at com.kms.katalon.core.main.TestCaseExecutor.execute(TestCaseExecutor.java:251)
	at com.kms.katalon.core.main.TestSuiteExecutor.accessTestCaseMainPhase(TestSuiteExecutor.java:203)
	at com.kms.katalon.core.main.TestSuiteExecutor.accessTestSuiteMainPhase(TestSuiteExecutor.java:152)
	at com.kms.katalon.core.main.TestSuiteExecutor.execute(TestSuiteExecutor.java:95)
	at com.kms.katalon.core.main.TestCaseMain.startTestSuite(TestCaseMain.java:157)
	at com.kms.katalon.core.main.TestCaseMain$startTestSuite$0.call(Unknown Source)
	at TempTestSuite1610447955370.run(TempTestSuite1610447955370.groovy:39)
Caused by: com.kms.katalon.core.exception.StepFailedException: Unable to wait for page load
	at com.kms.katalon.core.webui.keyword.internal.WebUIKeywordMain.stepFailed(WebUIKeywordMain.groovy:64)
	at com.kms.katalon.core.webui.keyword.internal.WebUIKeywordMain.runKeyword(WebUIKeywordMain.groovy:26)
	at com.kms.katalon.core.webui.keyword.internal.WebUIKeywordMain$runKeyword.call(Unknown Source)
	at com.kms.katalon.core.webui.keyword.builtin.WaitForPageLoadKeyword.waitForPageLoad(WaitForPageLoadKeyword.groovy:71)
	at com.kms.katalon.core.webui.keyword.builtin.WaitForPageLoadKeyword.execute(WaitForPageLoadKeyword.groovy:67)
	at com.kms.katalon.core.keyword.internal.KeywordExecutor.executeKeywordForPlatform(KeywordExecutor.groovy:73)
	at com.kms.katalon.core.webui.keyword.WebUiBuiltInKeywords.waitForPageLoad(WebUiBuiltInKeywords.groovy:2454)
	at com.kms.katalon.core.webui.keyword.WebUiBuiltInKeywords$waitForPageLoad$1.call(Unknown Source)
	at 1. Customer Access RoomMe Page.run(1. Customer Access RoomMe Page:22)
	at com.kms.katalon.core.main.ScriptEngine.run(ScriptEngine.java:194)
	at com.kms.katalon.core.main.ScriptEngine.runScriptAsRawText(ScriptEngine.java:119)
	at com.kms.katalon.core.main.TestCaseExecutor.runScript(TestCaseExecutor.java:394)
	at com.kms.katalon.core.main.TestCaseExecutor.doExecute(TestCaseExecutor.java:385)
	at com.kms.katalon.core.main.TestCaseExecutor.processExecutionPhase(TestCaseExecutor.java:364)
	at com.kms.katalon.core.main.TestCaseExecutor.accessMainPhase(TestCaseExecutor.java:356)
	at com.kms.katalon.core.main.TestCaseExecutor.execute(TestCaseExecutor.java:251)
	at com.kms.katalon.core.main.TestCaseMain.runTestCase(TestCaseMain.java:114)
	at com.kms.katalon.core.keyword.builtin.CallTestCaseKeyword$_callTestCase_closure1.doCall(CallTestCaseKeyword.groovy:59)
	... 20 more
Caused by: org.openqa.selenium.TimeoutException: Expected condition failed: waiting for com.kms.katalon.core.webui.keyword.builtin.WaitForPageLoadKeyword$1@54ca9420 (tried for 1 second(s) with 500 milliseconds interval)
Build info: version: '3.141.59', revision: 'e82be7d358', time: '2018-11-14T08:25:53'
System info: host: 'XPS', ip: '192.168.10.7', os.name: 'Windows 10', os.arch: 'amd64', os.version: '10.0', java.version: '1.8.0_181'
Driver info: com.kms.katalon.core.webui.driver.SmartWaitWebDriver
Capabilities {acceptInsecureCerts: false, browserName: chrome, browserVersion: 87.0.4280.141, chrome: {chromedriverVersion: 86.0.4240.22 (398b0743353ff..., userDataDir: C:\Users\Faldi\AppData\Loca...}, goog:chromeOptions: {debuggerAddress: localhost:50214}, javascriptEnabled: true, networkConnectionEnabled: false, pageLoadStrategy: normal, platform: WINDOWS, platformName: WINDOWS, proxy: Proxy(), setWindowRect: true, strictFileInteractability: false, timeouts: {implicit: 0, pageLoad: 300000, script: 30000}, unhandledPromptBehavior: dismiss and notify, webauthn:virtualAuthenticators: true}
Session ID: 22b8e1d52a9eb7c02b6f0d52e0ae1ebd
	at org.openqa.selenium.support.ui.WebDriverWait.timeoutException(WebDriverWait.java:95)
	at org.openqa.selenium.support.ui.FluentWait.until(FluentWait.java:272)
	at org.openqa.selenium.support.ui.Wait$until.call(Unknown Source)
	at com.kms.katalon.core.webui.keyword.builtin.WaitForPageLoadKeyword$_waitForPageLoad_closure1.doCall(WaitForPageLoadKeyword.groovy:76)
	at com.kms.katalon.core.webui.keyword.builtin.WaitForPageLoadKeyword$_waitForPageLoad_closure1.doCall(WaitForPageLoadKeyword.groovy)
	at com.kms.katalon.core.webui.keyword.internal.WebUIKeywordMain.runKeyword(WebUIKeywordMain.groovy:20)
	... 36 more
)

2021-01-12 17:42:32 - [TEST_CASE][FAILED] - Test Cases/Web RoomMe.id/1. Homepage/1. Customer Access RoomMe Page: Test Cases/Web RoomMe.id/1. Homepage/1. Customer Access RoomMe Page FAILED.
Reason:
com.kms.katalon.core.exception.StepFailedException: Unable to wait for page load
	at com.kms.katalon.core.webui.keyword.internal.WebUIKeywordMain.stepFailed(WebUIKeywordMain.groovy:64)
	at com.kms.katalon.core.webui.keyword.internal.WebUIKeywordMain.runKeyword(WebUIKeywordMain.groovy:26)
	at com.kms.katalon.core.webui.keyword.internal.WebUIKeywordMain$runKeyword.call(Unknown Source)
	at com.kms.katalon.core.webui.keyword.builtin.WaitForPageLoadKeyword.waitForPageLoad(WaitForPageLoadKeyword.groovy:71)
	at com.kms.katalon.core.webui.keyword.builtin.WaitForPageLoadKeyword.execute(WaitForPageLoadKeyword.groovy:67)
	at com.kms.katalon.core.keyword.internal.KeywordExecutor.executeKeywordForPlatform(KeywordExecutor.groovy:73)
	at com.kms.katalon.core.webui.keyword.WebUiBuiltInKeywords.waitForPageLoad(WebUiBuiltInKeywords.groovy:2454)
	at com.kms.katalon.core.webui.keyword.WebUiBuiltInKeywords$waitForPageLoad$1.call(Unknown Source)
	at 1. Customer Access RoomMe Page.run(1. Customer Access RoomMe Page:22)
	at com.kms.katalon.core.main.ScriptEngine.run(ScriptEngine.java:194)
	at com.kms.katalon.core.main.ScriptEngine.runScriptAsRawText(ScriptEngine.java:119)
	at com.kms.katalon.core.main.TestCaseExecutor.runScript(TestCaseExecutor.java:394)
	at com.kms.katalon.core.main.TestCaseExecutor.doExecute(TestCaseExecutor.java:385)
	at com.kms.katalon.core.main.TestCaseExecutor.processExecutionPhase(TestCaseExecutor.java:364)
	at com.kms.katalon.core.main.TestCaseExecutor.accessMainPhase(TestCaseExecutor.java:356)
	at com.kms.katalon.core.main.TestCaseExecutor.execute(TestCaseExecutor.java:251)
	at com.kms.katalon.core.main.TestCaseMain.runTestCase(TestCaseMain.java:114)
	at com.kms.katalon.core.keyword.builtin.CallTestCaseKeyword$_callTestCase_closure1.doCall(CallTestCaseKeyword.groovy:59)
	at com.kms.katalon.core.keyword.builtin.CallTestCaseKeyword$_callTestCase_closure1.call(CallTestCaseKeyword.groovy)
	at com.kms.katalon.core.keyword.internal.KeywordMain.runKeyword(KeywordMain.groovy:68)
	at com.kms.katalon.core.keyword.builtin.CallTestCaseKeyword.callTestCase(CallTestCaseKeyword.groovy:81)
	at com.kms.katalon.core.keyword.builtin.CallTestCaseKeyword.execute(CallTestCaseKeyword.groovy:44)
	at com.kms.katalon.core.keyword.internal.KeywordExecutor.executeKeywordForPlatform(KeywordExecutor.groovy:73)
	at com.kms.katalon.core.keyword.BuiltinKeywords.callTestCase(BuiltinKeywords.groovy:334)
	at 7. Customer Input Confirm Password with Invalid Format.run(7. Customer Input Confirm Password with Invalid Format:18)
	at com.kms.katalon.core.main.ScriptEngine.run(ScriptEngine.java:194)
	at com.kms.katalon.core.main.ScriptEngine.runScriptAsRawText(ScriptEngine.java:119)
	at com.kms.katalon.core.main.TestCaseExecutor.runScript(TestCaseExecutor.java:394)
	at com.kms.katalon.core.main.TestCaseExecutor.doExecute(TestCaseExecutor.java:385)
	at com.kms.katalon.core.main.TestCaseExecutor.processExecutionPhase(TestCaseExecutor.java:364)
	at com.kms.katalon.core.main.TestCaseExecutor.accessMainPhase(TestCaseExecutor.java:356)
	at com.kms.katalon.core.main.TestCaseExecutor.execute(TestCaseExecutor.java:251)
	at com.kms.katalon.core.main.TestSuiteExecutor.accessTestCaseMainPhase(TestSuiteExecutor.java:203)
	at com.kms.katalon.core.main.TestSuiteExecutor.accessTestSuiteMainPhase(TestSuiteExecutor.java:152)
	at com.kms.katalon.core.main.TestSuiteExecutor.execute(TestSuiteExecutor.java:95)
	at com.kms.katalon.core.main.TestCaseMain.startTestSuite(TestCaseMain.java:157)
	at com.kms.katalon.core.main.TestCaseMain$startTestSuite$0.call(Unknown Source)
	at TempTestSuite1610447955370.run(TempTestSuite1610447955370.groovy:39)
Caused by: org.openqa.selenium.TimeoutException: Expected condition failed: waiting for com.kms.katalon.core.webui.keyword.builtin.WaitForPageLoadKeyword$1@54ca9420 (tried for 1 second(s) with 500 milliseconds interval)
Build info: version: '3.141.59', revision: 'e82be7d358', time: '2018-11-14T08:25:53'
System info: host: 'XPS', ip: '192.168.10.7', os.name: 'Windows 10', os.arch: 'amd64', os.version: '10.0', java.version: '1.8.0_181'
Driver info: com.kms.katalon.core.webui.driver.SmartWaitWebDriver
Capabilities {acceptInsecureCerts: false, browserName: chrome, browserVersion: 87.0.4280.141, chrome: {chromedriverVersion: 86.0.4240.22 (398b0743353ff..., userDataDir: C:\Users\Faldi\AppData\Loca...}, goog:chromeOptions: {debuggerAddress: localhost:50214}, javascriptEnabled: true, networkConnectionEnabled: false, pageLoadStrategy: normal, platform: WINDOWS, platformName: WINDOWS, proxy: Proxy(), setWindowRect: true, strictFileInteractability: false, timeouts: {implicit: 0, pageLoad: 300000, script: 30000}, unhandledPromptBehavior: dismiss and notify, webauthn:virtualAuthenticators: true}
Session ID: 22b8e1d52a9eb7c02b6f0d52e0ae1ebd
	at org.openqa.selenium.support.ui.WebDriverWait.timeoutException(WebDriverWait.java:95)
	at org.openqa.selenium.support.ui.FluentWait.until(FluentWait.java:272)
	at org.openqa.selenium.support.ui.Wait$until.call(Unknown Source)
	at com.kms.katalon.core.webui.keyword.builtin.WaitForPageLoadKeyword$_waitForPageLoad_closure1.doCall(WaitForPageLoadKeyword.groovy:76)
	at com.kms.katalon.core.webui.keyword.builtin.WaitForPageLoadKeyword$_waitForPageLoad_closure1.doCall(WaitForPageLoadKeyword.groovy)
	at com.kms.katalon.core.webui.keyword.internal.WebUIKeywordMain.runKeyword(WebUIKeywordMain.groovy:20)
	... 36 more


2021-01-12 17:42:32 - [TEST_STEP][PASSED] - openBrowser(url): Browser is opened with url: 'https://dev-web:w3BdEv-r0omM3@web.roomme.id'

2021-01-12 17:42:32 - [MESSAGE][WARNING] - A browser is already opened. Closing browser and opening a new one

2021-01-12 17:42:33 - [MESSAGE][INFO] - Starting 'Chrome' driver

2021-01-12 17:42:33 - [MESSAGE][INFO] - Action delay is set to 50 milliseconds

2021-01-12 17:42:45 - [MESSAGE][PASSED] - Browser is opened with url: 'https://dev-web:w3BdEv-r0omM3@web.roomme.id'

2021-01-12 17:42:45 - [TEST_STEP][PASSED] - maximizeWindow(): Current window maximized

2021-01-12 17:42:47 - [MESSAGE][PASSED] - Current window maximized

2021-01-12 17:42:47 - [TEST_STEP][FAILED] - waitForPageLoad(0): Unable to wait for page load (Root cause: com.kms.katalon.core.exception.StepFailedException: Unable to wait for page load
	at com.kms.katalon.core.webui.keyword.internal.WebUIKeywordMain.stepFailed(WebUIKeywordMain.groovy:64)
	at com.kms.katalon.core.webui.keyword.internal.WebUIKeywordMain.runKeyword(WebUIKeywordMain.groovy:26)
	at com.kms.katalon.core.webui.keyword.internal.WebUIKeywordMain$runKeyword.call(Unknown Source)
	at com.kms.katalon.core.webui.keyword.builtin.WaitForPageLoadKeyword.waitForPageLoad(WaitForPageLoadKeyword.groovy:71)
	at com.kms.katalon.core.webui.keyword.builtin.WaitForPageLoadKeyword.execute(WaitForPageLoadKeyword.groovy:67)
	at com.kms.katalon.core.keyword.internal.KeywordExecutor.executeKeywordForPlatform(KeywordExecutor.groovy:73)
	at com.kms.katalon.core.webui.keyword.WebUiBuiltInKeywords.waitForPageLoad(WebUiBuiltInKeywords.groovy:2454)
	at com.kms.katalon.core.webui.keyword.WebUiBuiltInKeywords$waitForPageLoad$1.call(Unknown Source)
	at 1. Customer Access RoomMe Page.run(1. Customer Access RoomMe Page:22)
	at com.kms.katalon.core.main.ScriptEngine.run(ScriptEngine.java:194)
	at com.kms.katalon.core.main.ScriptEngine.runScriptAsRawText(ScriptEngine.java:119)
	at com.kms.katalon.core.main.TestCaseExecutor.runScript(TestCaseExecutor.java:394)
	at com.kms.katalon.core.main.TestCaseExecutor.doExecute(TestCaseExecutor.java:385)
	at com.kms.katalon.core.main.TestCaseExecutor.processExecutionPhase(TestCaseExecutor.java:364)
	at com.kms.katalon.core.main.TestCaseExecutor.accessMainPhase(TestCaseExecutor.java:356)
	at com.kms.katalon.core.main.TestCaseExecutor.execute(TestCaseExecutor.java:251)
	at com.kms.katalon.core.main.TestCaseMain.runTestCase(TestCaseMain.java:114)
	at com.kms.katalon.core.keyword.builtin.CallTestCaseKeyword$_callTestCase_closure1.doCall(CallTestCaseKeyword.groovy:59)
	at com.kms.katalon.core.keyword.builtin.CallTestCaseKeyword$_callTestCase_closure1.call(CallTestCaseKeyword.groovy)
	at com.kms.katalon.core.keyword.internal.KeywordMain.runKeyword(KeywordMain.groovy:68)
	at com.kms.katalon.core.keyword.builtin.CallTestCaseKeyword.callTestCase(CallTestCaseKeyword.groovy:81)
	at com.kms.katalon.core.keyword.builtin.CallTestCaseKeyword.execute(CallTestCaseKeyword.groovy:44)
	at com.kms.katalon.core.keyword.internal.KeywordExecutor.executeKeywordForPlatform(KeywordExecutor.groovy:73)
	at com.kms.katalon.core.keyword.BuiltinKeywords.callTestCase(BuiltinKeywords.groovy:334)
	at 7. Customer Input Confirm Password with Invalid Format.run(7. Customer Input Confirm Password with Invalid Format:18)
	at com.kms.katalon.core.main.ScriptEngine.run(ScriptEngine.java:194)
	at com.kms.katalon.core.main.ScriptEngine.runScriptAsRawText(ScriptEngine.java:119)
	at com.kms.katalon.core.main.TestCaseExecutor.runScript(TestCaseExecutor.java:394)
	at com.kms.katalon.core.main.TestCaseExecutor.doExecute(TestCaseExecutor.java:385)
	at com.kms.katalon.core.main.TestCaseExecutor.processExecutionPhase(TestCaseExecutor.java:364)
	at com.kms.katalon.core.main.TestCaseExecutor.accessMainPhase(TestCaseExecutor.java:356)
	at com.kms.katalon.core.main.TestCaseExecutor.execute(TestCaseExecutor.java:251)
	at com.kms.katalon.core.main.TestSuiteExecutor.accessTestCaseMainPhase(TestSuiteExecutor.java:203)
	at com.kms.katalon.core.main.TestSuiteExecutor.accessTestSuiteMainPhase(TestSuiteExecutor.java:152)
	at com.kms.katalon.core.main.TestSuiteExecutor.execute(TestSuiteExecutor.java:95)
	at com.kms.katalon.core.main.TestCaseMain.startTestSuite(TestCaseMain.java:157)
	at com.kms.katalon.core.main.TestCaseMain$startTestSuite$0.call(Unknown Source)
	at TempTestSuite1610447955370.run(TempTestSuite1610447955370.groovy:39)
Caused by: org.openqa.selenium.TimeoutException: Expected condition failed: waiting for com.kms.katalon.core.webui.keyword.builtin.WaitForPageLoadKeyword$1@54ca9420 (tried for 1 second(s) with 500 milliseconds interval)
Build info: version: '3.141.59', revision: 'e82be7d358', time: '2018-11-14T08:25:53'
System info: host: 'XPS', ip: '192.168.10.7', os.name: 'Windows 10', os.arch: 'amd64', os.version: '10.0', java.version: '1.8.0_181'
Driver info: com.kms.katalon.core.webui.driver.SmartWaitWebDriver
Capabilities {acceptInsecureCerts: false, browserName: chrome, browserVersion: 87.0.4280.141, chrome: {chromedriverVersion: 86.0.4240.22 (398b0743353ff..., userDataDir: C:\Users\Faldi\AppData\Loca...}, goog:chromeOptions: {debuggerAddress: localhost:50214}, javascriptEnabled: true, networkConnectionEnabled: false, pageLoadStrategy: normal, platform: WINDOWS, platformName: WINDOWS, proxy: Proxy(), setWindowRect: true, strictFileInteractability: false, timeouts: {implicit: 0, pageLoad: 300000, script: 30000}, unhandledPromptBehavior: dismiss and notify, webauthn:virtualAuthenticators: true}
Session ID: 22b8e1d52a9eb7c02b6f0d52e0ae1ebd
	at org.openqa.selenium.support.ui.WebDriverWait.timeoutException(WebDriverWait.java:95)
	at org.openqa.selenium.support.ui.FluentWait.until(FluentWait.java:272)
	at org.openqa.selenium.support.ui.Wait$until.call(Unknown Source)
	at com.kms.katalon.core.webui.keyword.builtin.WaitForPageLoadKeyword$_waitForPageLoad_closure1.doCall(WaitForPageLoadKeyword.groovy:76)
	at com.kms.katalon.core.webui.keyword.builtin.WaitForPageLoadKeyword$_waitForPageLoad_closure1.doCall(WaitForPageLoadKeyword.groovy)
	at com.kms.katalon.core.webui.keyword.internal.WebUIKeywordMain.runKeyword(WebUIKeywordMain.groovy:20)
	at com.kms.katalon.core.webui.keyword.internal.WebUIKeywordMain$runKeyword.call(Unknown Source)
	at com.kms.katalon.core.webui.keyword.builtin.WaitForPageLoadKeyword.waitForPageLoad(WaitForPageLoadKeyword.groovy:71)
	at com.kms.katalon.core.webui.keyword.builtin.WaitForPageLoadKeyword.execute(WaitForPageLoadKeyword.groovy:67)
	at com.kms.katalon.core.keyword.internal.KeywordExecutor.executeKeywordForPlatform(KeywordExecutor.groovy:73)
	at com.kms.katalon.core.webui.keyword.WebUiBuiltInKeywords.waitForPageLoad(WebUiBuiltInKeywords.groovy:2454)
	at com.kms.katalon.core.webui.keyword.WebUiBuiltInKeywords$waitForPageLoad$1.call(Unknown Source)
	at Script1585573992106.run(Script1585573992106.groovy:22)
	at com.kms.katalon.core.main.ScriptEngine.run(ScriptEngine.java:194)
	at com.kms.katalon.core.main.ScriptEngine.runScriptAsRawText(ScriptEngine.java:119)
	at com.kms.katalon.core.main.TestCaseExecutor.runScript(TestCaseExecutor.java:394)
	at com.kms.katalon.core.main.TestCaseExecutor.doExecute(TestCaseExecutor.java:385)
	at com.kms.katalon.core.main.TestCaseExecutor.processExecutionPhase(TestCaseExecutor.java:364)
	at com.kms.katalon.core.main.TestCaseExecutor.accessMainPhase(TestCaseExecutor.java:356)
	at com.kms.katalon.core.main.TestCaseExecutor.execute(TestCaseExecutor.java:251)
	at com.kms.katalon.core.main.TestCaseMain.runTestCase(TestCaseMain.java:114)
	at com.kms.katalon.core.keyword.builtin.CallTestCaseKeyword$_callTestCase_closure1.doCall(CallTestCaseKeyword.groovy:59)
	at com.kms.katalon.core.keyword.builtin.CallTestCaseKeyword$_callTestCase_closure1.call(CallTestCaseKeyword.groovy)
	at com.kms.katalon.core.keyword.internal.KeywordMain.runKeyword(KeywordMain.groovy:68)
	at com.kms.katalon.core.keyword.builtin.CallTestCaseKeyword.callTestCase(CallTestCaseKeyword.groovy:81)
	at com.kms.katalon.core.keyword.builtin.CallTestCaseKeyword.execute(CallTestCaseKeyword.groovy:44)
	at com.kms.katalon.core.keyword.internal.KeywordExecutor.executeKeywordForPlatform(KeywordExecutor.groovy:73)
	at com.kms.katalon.core.keyword.BuiltinKeywords.callTestCase(BuiltinKeywords.groovy:334)
	at Script1586326631237.run(Script1586326631237.groovy:18)
	... 13 more
)

2021-01-12 17:42:47 - [MESSAGE][WARNING] - Timeout '0' is invalid. Using default page load timeout: '1'

2021-01-12 17:42:49 - [MESSAGE][FAILED] - Unable to wait for page load (Root cause: com.kms.katalon.core.exception.StepFailedException: Unable to wait for page load
	at com.kms.katalon.core.webui.keyword.internal.WebUIKeywordMain.stepFailed(WebUIKeywordMain.groovy:64)
	at com.kms.katalon.core.webui.keyword.internal.WebUIKeywordMain.runKeyword(WebUIKeywordMain.groovy:26)
	at com.kms.katalon.core.webui.keyword.internal.WebUIKeywordMain$runKeyword.call(Unknown Source)
	at com.kms.katalon.core.webui.keyword.builtin.WaitForPageLoadKeyword.waitForPageLoad(WaitForPageLoadKeyword.groovy:71)
	at com.kms.katalon.core.webui.keyword.builtin.WaitForPageLoadKeyword.execute(WaitForPageLoadKeyword.groovy:67)
	at com.kms.katalon.core.keyword.internal.KeywordExecutor.executeKeywordForPlatform(KeywordExecutor.groovy:73)
	at com.kms.katalon.core.webui.keyword.WebUiBuiltInKeywords.waitForPageLoad(WebUiBuiltInKeywords.groovy:2454)
	at com.kms.katalon.core.webui.keyword.WebUiBuiltInKeywords$waitForPageLoad$1.call(Unknown Source)
	at 1. Customer Access RoomMe Page.run(1. Customer Access RoomMe Page:22)
	at com.kms.katalon.core.main.ScriptEngine.run(ScriptEngine.java:194)
	at com.kms.katalon.core.main.ScriptEngine.runScriptAsRawText(ScriptEngine.java:119)
	at com.kms.katalon.core.main.TestCaseExecutor.runScript(TestCaseExecutor.java:394)
	at com.kms.katalon.core.main.TestCaseExecutor.doExecute(TestCaseExecutor.java:385)
	at com.kms.katalon.core.main.TestCaseExecutor.processExecutionPhase(TestCaseExecutor.java:364)
	at com.kms.katalon.core.main.TestCaseExecutor.accessMainPhase(TestCaseExecutor.java:356)
	at com.kms.katalon.core.main.TestCaseExecutor.execute(TestCaseExecutor.java:251)
	at com.kms.katalon.core.main.TestCaseMain.runTestCase(TestCaseMain.java:114)
	at com.kms.katalon.core.keyword.builtin.CallTestCaseKeyword$_callTestCase_closure1.doCall(CallTestCaseKeyword.groovy:59)
	at com.kms.katalon.core.keyword.builtin.CallTestCaseKeyword$_callTestCase_closure1.call(CallTestCaseKeyword.groovy)
	at com.kms.katalon.core.keyword.internal.KeywordMain.runKeyword(KeywordMain.groovy:68)
	at com.kms.katalon.core.keyword.builtin.CallTestCaseKeyword.callTestCase(CallTestCaseKeyword.groovy:81)
	at com.kms.katalon.core.keyword.builtin.CallTestCaseKeyword.execute(CallTestCaseKeyword.groovy:44)
	at com.kms.katalon.core.keyword.internal.KeywordExecutor.executeKeywordForPlatform(KeywordExecutor.groovy:73)
	at com.kms.katalon.core.keyword.BuiltinKeywords.callTestCase(BuiltinKeywords.groovy:334)
	at 7. Customer Input Confirm Password with Invalid Format.run(7. Customer Input Confirm Password with Invalid Format:18)
	at com.kms.katalon.core.main.ScriptEngine.run(ScriptEngine.java:194)
	at com.kms.katalon.core.main.ScriptEngine.runScriptAsRawText(ScriptEngine.java:119)
	at com.kms.katalon.core.main.TestCaseExecutor.runScript(TestCaseExecutor.java:394)
	at com.kms.katalon.core.main.TestCaseExecutor.doExecute(TestCaseExecutor.java:385)
	at com.kms.katalon.core.main.TestCaseExecutor.processExecutionPhase(TestCaseExecutor.java:364)
	at com.kms.katalon.core.main.TestCaseExecutor.accessMainPhase(TestCaseExecutor.java:356)
	at com.kms.katalon.core.main.TestCaseExecutor.execute(TestCaseExecutor.java:251)
	at com.kms.katalon.core.main.TestSuiteExecutor.accessTestCaseMainPhase(TestSuiteExecutor.java:203)
	at com.kms.katalon.core.main.TestSuiteExecutor.accessTestSuiteMainPhase(TestSuiteExecutor.java:152)
	at com.kms.katalon.core.main.TestSuiteExecutor.execute(TestSuiteExecutor.java:95)
	at com.kms.katalon.core.main.TestCaseMain.startTestSuite(TestCaseMain.java:157)
	at com.kms.katalon.core.main.TestCaseMain$startTestSuite$0.call(Unknown Source)
	at TempTestSuite1610447955370.run(TempTestSuite1610447955370.groovy:39)
Caused by: org.openqa.selenium.TimeoutException: Expected condition failed: waiting for com.kms.katalon.core.webui.keyword.builtin.WaitForPageLoadKeyword$1@54ca9420 (tried for 1 second(s) with 500 milliseconds interval)
Build info: version: '3.141.59', revision: 'e82be7d358', time: '2018-11-14T08:25:53'
System info: host: 'XPS', ip: '192.168.10.7', os.name: 'Windows 10', os.arch: 'amd64', os.version: '10.0', java.version: '1.8.0_181'
Driver info: com.kms.katalon.core.webui.driver.SmartWaitWebDriver
Capabilities {acceptInsecureCerts: false, browserName: chrome, browserVersion: 87.0.4280.141, chrome: {chromedriverVersion: 86.0.4240.22 (398b0743353ff..., userDataDir: C:\Users\Faldi\AppData\Loca...}, goog:chromeOptions: {debuggerAddress: localhost:50214}, javascriptEnabled: true, networkConnectionEnabled: false, pageLoadStrategy: normal, platform: WINDOWS, platformName: WINDOWS, proxy: Proxy(), setWindowRect: true, strictFileInteractability: false, timeouts: {implicit: 0, pageLoad: 300000, script: 30000}, unhandledPromptBehavior: dismiss and notify, webauthn:virtualAuthenticators: true}
Session ID: 22b8e1d52a9eb7c02b6f0d52e0ae1ebd
	at org.openqa.selenium.support.ui.WebDriverWait.timeoutException(WebDriverWait.java:95)
	at org.openqa.selenium.support.ui.FluentWait.until(FluentWait.java:272)
	at org.openqa.selenium.support.ui.Wait$until.call(Unknown Source)
	at com.kms.katalon.core.webui.keyword.builtin.WaitForPageLoadKeyword$_waitForPageLoad_closure1.doCall(WaitForPageLoadKeyword.groovy:76)
	at com.kms.katalon.core.webui.keyword.builtin.WaitForPageLoadKeyword$_waitForPageLoad_closure1.doCall(WaitForPageLoadKeyword.groovy)
	at com.kms.katalon.core.webui.keyword.internal.WebUIKeywordMain.runKeyword(WebUIKeywordMain.groovy:20)
	at com.kms.katalon.core.webui.keyword.internal.WebUIKeywordMain$runKeyword.call(Unknown Source)
	at com.kms.katalon.core.webui.keyword.builtin.WaitForPageLoadKeyword.waitForPageLoad(WaitForPageLoadKeyword.groovy:71)
	at com.kms.katalon.core.webui.keyword.builtin.WaitForPageLoadKeyword.execute(WaitForPageLoadKeyword.groovy:67)
	at com.kms.katalon.core.keyword.internal.KeywordExecutor.executeKeywordForPlatform(KeywordExecutor.groovy:73)
	at com.kms.katalon.core.webui.keyword.WebUiBuiltInKeywords.waitForPageLoad(WebUiBuiltInKeywords.groovy:2454)
	at com.kms.katalon.core.webui.keyword.WebUiBuiltInKeywords$waitForPageLoad$1.call(Unknown Source)
	at Script1585573992106.run(Script1585573992106.groovy:22)
	at com.kms.katalon.core.main.ScriptEngine.run(ScriptEngine.java:194)
	at com.kms.katalon.core.main.ScriptEngine.runScriptAsRawText(ScriptEngine.java:119)
	at com.kms.katalon.core.main.TestCaseExecutor.runScript(TestCaseExecutor.java:394)
	at com.kms.katalon.core.main.TestCaseExecutor.doExecute(TestCaseExecutor.java:385)
	at com.kms.katalon.core.main.TestCaseExecutor.processExecutionPhase(TestCaseExecutor.java:364)
	at com.kms.katalon.core.main.TestCaseExecutor.accessMainPhase(TestCaseExecutor.java:356)
	at com.kms.katalon.core.main.TestCaseExecutor.execute(TestCaseExecutor.java:251)
	at com.kms.katalon.core.main.TestCaseMain.runTestCase(TestCaseMain.java:114)
	at com.kms.katalon.core.keyword.builtin.CallTestCaseKeyword$_callTestCase_closure1.doCall(CallTestCaseKeyword.groovy:59)
	at com.kms.katalon.core.keyword.builtin.CallTestCaseKeyword$_callTestCase_closure1.call(CallTestCaseKeyword.groovy)
	at com.kms.katalon.core.keyword.internal.KeywordMain.runKeyword(KeywordMain.groovy:68)
	at com.kms.katalon.core.keyword.builtin.CallTestCaseKeyword.callTestCase(CallTestCaseKeyword.groovy:81)
	at com.kms.katalon.core.keyword.builtin.CallTestCaseKeyword.execute(CallTestCaseKeyword.groovy:44)
	at com.kms.katalon.core.keyword.internal.KeywordExecutor.executeKeywordForPlatform(KeywordExecutor.groovy:73)
	at com.kms.katalon.core.keyword.BuiltinKeywords.callTestCase(BuiltinKeywords.groovy:334)
	at Script1586326631237.run(Script1586326631237.groovy:18)
	... 13 more
)
[[ATTACHMENT|C:\\Users\\Faldi\\Katalon Studio\\katalonroomme\\Reports\\20210112_173915\\Web RoomMe.id\\Customer Sign Up\\20210112_173915\\1610448168537.png]]

2021-01-12 17:42:49 - [MESSAGE][FAILED] - Unable to call Test Case 'Test Cases/Web RoomMe.id/1. Homepage/1. Customer Access RoomMe Page' (Root cause: com.kms.katalon.core.exception.StepFailedException: Call Test Case 'Test Cases/Web RoomMe.id/1. Homepage/1. Customer Access RoomMe Page' failed
	at com.kms.katalon.core.keyword.builtin.CallTestCaseKeyword$_callTestCase_closure1.doCall(CallTestCaseKeyword.groovy:63)
	at com.kms.katalon.core.keyword.builtin.CallTestCaseKeyword$_callTestCase_closure1.call(CallTestCaseKeyword.groovy)
	at com.kms.katalon.core.keyword.internal.KeywordMain.runKeyword(KeywordMain.groovy:68)
	at com.kms.katalon.core.keyword.builtin.CallTestCaseKeyword.callTestCase(CallTestCaseKeyword.groovy:81)
	at com.kms.katalon.core.keyword.builtin.CallTestCaseKeyword.execute(CallTestCaseKeyword.groovy:44)
	at com.kms.katalon.core.keyword.internal.KeywordExecutor.executeKeywordForPlatform(KeywordExecutor.groovy:73)
	at com.kms.katalon.core.keyword.BuiltinKeywords.callTestCase(BuiltinKeywords.groovy:334)
	at 7. Customer Input Confirm Password with Invalid Format.run(7. Customer Input Confirm Password with Invalid Format:18)
	at com.kms.katalon.core.main.ScriptEngine.run(ScriptEngine.java:194)
	at com.kms.katalon.core.main.ScriptEngine.runScriptAsRawText(ScriptEngine.java:119)
	at com.kms.katalon.core.main.TestCaseExecutor.runScript(TestCaseExecutor.java:394)
	at com.kms.katalon.core.main.TestCaseExecutor.doExecute(TestCaseExecutor.java:385)
	at com.kms.katalon.core.main.TestCaseExecutor.processExecutionPhase(TestCaseExecutor.java:364)
	at com.kms.katalon.core.main.TestCaseExecutor.accessMainPhase(TestCaseExecutor.java:356)
	at com.kms.katalon.core.main.TestCaseExecutor.execute(TestCaseExecutor.java:251)
	at com.kms.katalon.core.main.TestSuiteExecutor.accessTestCaseMainPhase(TestSuiteExecutor.java:203)
	at com.kms.katalon.core.main.TestSuiteExecutor.accessTestSuiteMainPhase(TestSuiteExecutor.java:152)
	at com.kms.katalon.core.main.TestSuiteExecutor.execute(TestSuiteExecutor.java:95)
	at com.kms.katalon.core.main.TestCaseMain.startTestSuite(TestCaseMain.java:157)
	at com.kms.katalon.core.main.TestCaseMain$startTestSuite$0.call(Unknown Source)
	at TempTestSuite1610447955370.run(TempTestSuite1610447955370.groovy:39)
Caused by: com.kms.katalon.core.exception.StepFailedException: Unable to wait for page load
	at com.kms.katalon.core.webui.keyword.internal.WebUIKeywordMain.stepFailed(WebUIKeywordMain.groovy:64)
	at com.kms.katalon.core.webui.keyword.internal.WebUIKeywordMain.runKeyword(WebUIKeywordMain.groovy:26)
	at com.kms.katalon.core.webui.keyword.internal.WebUIKeywordMain$runKeyword.call(Unknown Source)
	at com.kms.katalon.core.webui.keyword.builtin.WaitForPageLoadKeyword.waitForPageLoad(WaitForPageLoadKeyword.groovy:71)
	at com.kms.katalon.core.webui.keyword.builtin.WaitForPageLoadKeyword.execute(WaitForPageLoadKeyword.groovy:67)
	at com.kms.katalon.core.keyword.internal.KeywordExecutor.executeKeywordForPlatform(KeywordExecutor.groovy:73)
	at com.kms.katalon.core.webui.keyword.WebUiBuiltInKeywords.waitForPageLoad(WebUiBuiltInKeywords.groovy:2454)
	at com.kms.katalon.core.webui.keyword.WebUiBuiltInKeywords$waitForPageLoad$1.call(Unknown Source)
	at 1. Customer Access RoomMe Page.run(1. Customer Access RoomMe Page:22)
	at com.kms.katalon.core.main.ScriptEngine.run(ScriptEngine.java:194)
	at com.kms.katalon.core.main.ScriptEngine.runScriptAsRawText(ScriptEngine.java:119)
	at com.kms.katalon.core.main.TestCaseExecutor.runScript(TestCaseExecutor.java:394)
	at com.kms.katalon.core.main.TestCaseExecutor.doExecute(TestCaseExecutor.java:385)
	at com.kms.katalon.core.main.TestCaseExecutor.processExecutionPhase(TestCaseExecutor.java:364)
	at com.kms.katalon.core.main.TestCaseExecutor.accessMainPhase(TestCaseExecutor.java:356)
	at com.kms.katalon.core.main.TestCaseExecutor.execute(TestCaseExecutor.java:251)
	at com.kms.katalon.core.main.TestCaseMain.runTestCase(TestCaseMain.java:114)
	at com.kms.katalon.core.keyword.builtin.CallTestCaseKeyword$_callTestCase_closure1.doCall(CallTestCaseKeyword.groovy:59)
	... 20 more
Caused by: org.openqa.selenium.TimeoutException: Expected condition failed: waiting for com.kms.katalon.core.webui.keyword.builtin.WaitForPageLoadKeyword$1@54ca9420 (tried for 1 second(s) with 500 milliseconds interval)
Build info: version: '3.141.59', revision: 'e82be7d358', time: '2018-11-14T08:25:53'
System info: host: 'XPS', ip: '192.168.10.7', os.name: 'Windows 10', os.arch: 'amd64', os.version: '10.0', java.version: '1.8.0_181'
Driver info: com.kms.katalon.core.webui.driver.SmartWaitWebDriver
Capabilities {acceptInsecureCerts: false, browserName: chrome, browserVersion: 87.0.4280.141, chrome: {chromedriverVersion: 86.0.4240.22 (398b0743353ff..., userDataDir: C:\Users\Faldi\AppData\Loca...}, goog:chromeOptions: {debuggerAddress: localhost:50214}, javascriptEnabled: true, networkConnectionEnabled: false, pageLoadStrategy: normal, platform: WINDOWS, platformName: WINDOWS, proxy: Proxy(), setWindowRect: true, strictFileInteractability: false, timeouts: {implicit: 0, pageLoad: 300000, script: 30000}, unhandledPromptBehavior: dismiss and notify, webauthn:virtualAuthenticators: true}
Session ID: 22b8e1d52a9eb7c02b6f0d52e0ae1ebd
	at org.openqa.selenium.support.ui.WebDriverWait.timeoutException(WebDriverWait.java:95)
	at org.openqa.selenium.support.ui.FluentWait.until(FluentWait.java:272)
	at org.openqa.selenium.support.ui.Wait$until.call(Unknown Source)
	at com.kms.katalon.core.webui.keyword.builtin.WaitForPageLoadKeyword$_waitForPageLoad_closure1.doCall(WaitForPageLoadKeyword.groovy:76)
	at com.kms.katalon.core.webui.keyword.builtin.WaitForPageLoadKeyword$_waitForPageLoad_closure1.doCall(WaitForPageLoadKeyword.groovy)
	at com.kms.katalon.core.webui.keyword.internal.WebUIKeywordMain.runKeyword(WebUIKeywordMain.groovy:20)
	... 36 more
)]]></system-out>
         <system-err><![CDATA[2021-01-12 17:42:32 - [TEST_CASE][FAILED] - Test Cases/Web RoomMe.id/2. Sign Up/7. Customer Input Confirm Password with Invalid Format: Test Cases/Web RoomMe.id/2. Sign Up/7. Customer Input Confirm Password with Invalid Format FAILED.
Reason:
com.kms.katalon.core.exception.StepFailedException: Call Test Case 'Test Cases/Web RoomMe.id/1. Homepage/1. Customer Access RoomMe Page' failed
	at com.kms.katalon.core.keyword.builtin.CallTestCaseKeyword$_callTestCase_closure1.doCall(CallTestCaseKeyword.groovy:63)
	at com.kms.katalon.core.keyword.builtin.CallTestCaseKeyword$_callTestCase_closure1.call(CallTestCaseKeyword.groovy)
	at com.kms.katalon.core.keyword.internal.KeywordMain.runKeyword(KeywordMain.groovy:68)
	at com.kms.katalon.core.keyword.builtin.CallTestCaseKeyword.callTestCase(CallTestCaseKeyword.groovy:81)
	at com.kms.katalon.core.keyword.builtin.CallTestCaseKeyword.execute(CallTestCaseKeyword.groovy:44)
	at com.kms.katalon.core.keyword.internal.KeywordExecutor.executeKeywordForPlatform(KeywordExecutor.groovy:73)
	at com.kms.katalon.core.keyword.BuiltinKeywords.callTestCase(BuiltinKeywords.groovy:334)
	at 7. Customer Input Confirm Password with Invalid Format.run(7. Customer Input Confirm Password with Invalid Format:18)
	at com.kms.katalon.core.main.ScriptEngine.run(ScriptEngine.java:194)
	at com.kms.katalon.core.main.ScriptEngine.runScriptAsRawText(ScriptEngine.java:119)
	at com.kms.katalon.core.main.TestCaseExecutor.runScript(TestCaseExecutor.java:394)
	at com.kms.katalon.core.main.TestCaseExecutor.doExecute(TestCaseExecutor.java:385)
	at com.kms.katalon.core.main.TestCaseExecutor.processExecutionPhase(TestCaseExecutor.java:364)
	at com.kms.katalon.core.main.TestCaseExecutor.accessMainPhase(TestCaseExecutor.java:356)
	at com.kms.katalon.core.main.TestCaseExecutor.execute(TestCaseExecutor.java:251)
	at com.kms.katalon.core.main.TestSuiteExecutor.accessTestCaseMainPhase(TestSuiteExecutor.java:203)
	at com.kms.katalon.core.main.TestSuiteExecutor.accessTestSuiteMainPhase(TestSuiteExecutor.java:152)
	at com.kms.katalon.core.main.TestSuiteExecutor.execute(TestSuiteExecutor.java:95)
	at com.kms.katalon.core.main.TestCaseMain.startTestSuite(TestCaseMain.java:157)
	at com.kms.katalon.core.main.TestCaseMain$startTestSuite$0.call(Unknown Source)
	at TempTestSuite1610447955370.run(TempTestSuite1610447955370.groovy:39)
Caused by: com.kms.katalon.core.exception.StepFailedException: Unable to wait for page load
	at com.kms.katalon.core.webui.keyword.internal.WebUIKeywordMain.stepFailed(WebUIKeywordMain.groovy:64)
	at com.kms.katalon.core.webui.keyword.internal.WebUIKeywordMain.runKeyword(WebUIKeywordMain.groovy:26)
	at com.kms.katalon.core.webui.keyword.internal.WebUIKeywordMain$runKeyword.call(Unknown Source)
	at com.kms.katalon.core.webui.keyword.builtin.WaitForPageLoadKeyword.waitForPageLoad(WaitForPageLoadKeyword.groovy:71)
	at com.kms.katalon.core.webui.keyword.builtin.WaitForPageLoadKeyword.execute(WaitForPageLoadKeyword.groovy:67)
	at com.kms.katalon.core.keyword.internal.KeywordExecutor.executeKeywordForPlatform(KeywordExecutor.groovy:73)
	at com.kms.katalon.core.webui.keyword.WebUiBuiltInKeywords.waitForPageLoad(WebUiBuiltInKeywords.groovy:2454)
	at com.kms.katalon.core.webui.keyword.WebUiBuiltInKeywords$waitForPageLoad$1.call(Unknown Source)
	at 1. Customer Access RoomMe Page.run(1. Customer Access RoomMe Page:22)
	at com.kms.katalon.core.main.ScriptEngine.run(ScriptEngine.java:194)
	at com.kms.katalon.core.main.ScriptEngine.runScriptAsRawText(ScriptEngine.java:119)
	at com.kms.katalon.core.main.TestCaseExecutor.runScript(TestCaseExecutor.java:394)
	at com.kms.katalon.core.main.TestCaseExecutor.doExecute(TestCaseExecutor.java:385)
	at com.kms.katalon.core.main.TestCaseExecutor.processExecutionPhase(TestCaseExecutor.java:364)
	at com.kms.katalon.core.main.TestCaseExecutor.accessMainPhase(TestCaseExecutor.java:356)
	at com.kms.katalon.core.main.TestCaseExecutor.execute(TestCaseExecutor.java:251)
	at com.kms.katalon.core.main.TestCaseMain.runTestCase(TestCaseMain.java:114)
	at com.kms.katalon.core.keyword.builtin.CallTestCaseKeyword$_callTestCase_closure1.doCall(CallTestCaseKeyword.groovy:59)
	... 20 more
Caused by: org.openqa.selenium.TimeoutException: Expected condition failed: waiting for com.kms.katalon.core.webui.keyword.builtin.WaitForPageLoadKeyword$1@54ca9420 (tried for 1 second(s) with 500 milliseconds interval)
Build info: version: '3.141.59', revision: 'e82be7d358', time: '2018-11-14T08:25:53'
System info: host: 'XPS', ip: '192.168.10.7', os.name: 'Windows 10', os.arch: 'amd64', os.version: '10.0', java.version: '1.8.0_181'
Driver info: com.kms.katalon.core.webui.driver.SmartWaitWebDriver
Capabilities {acceptInsecureCerts: false, browserName: chrome, browserVersion: 87.0.4280.141, chrome: {chromedriverVersion: 86.0.4240.22 (398b0743353ff..., userDataDir: C:\Users\Faldi\AppData\Loca...}, goog:chromeOptions: {debuggerAddress: localhost:50214}, javascriptEnabled: true, networkConnectionEnabled: false, pageLoadStrategy: normal, platform: WINDOWS, platformName: WINDOWS, proxy: Proxy(), setWindowRect: true, strictFileInteractability: false, timeouts: {implicit: 0, pageLoad: 300000, script: 30000}, unhandledPromptBehavior: dismiss and notify, webauthn:virtualAuthenticators: true}
Session ID: 22b8e1d52a9eb7c02b6f0d52e0ae1ebd
	at org.openqa.selenium.support.ui.WebDriverWait.timeoutException(WebDriverWait.java:95)
	at org.openqa.selenium.support.ui.FluentWait.until(FluentWait.java:272)
	at org.openqa.selenium.support.ui.Wait$until.call(Unknown Source)
	at com.kms.katalon.core.webui.keyword.builtin.WaitForPageLoadKeyword$_waitForPageLoad_closure1.doCall(WaitForPageLoadKeyword.groovy:76)
	at com.kms.katalon.core.webui.keyword.builtin.WaitForPageLoadKeyword$_waitForPageLoad_closure1.doCall(WaitForPageLoadKeyword.groovy)
	at com.kms.katalon.core.webui.keyword.internal.WebUIKeywordMain.runKeyword(WebUIKeywordMain.groovy:20)
	... 36 more]]></system-err>
      </testcase>
      <testcase name="Test Cases/Web RoomMe.id/2. Sign Up/8. Sign Up with Already Registered Email" time="35.212" classname="Test Cases/Web RoomMe.id/2. Sign Up/8. Sign Up with Already Registered Email" status="PASSED">
         <system-out><![CDATA[2021-01-12 17:42:49 - [TEST_CASE][PASSED] - Test Cases/Web RoomMe.id/2. Sign Up/8. Sign Up with Already Registered Email: Test Cases/Web RoomMe.id/2. Sign Up/8. Sign Up with Already Registered Email

2021-01-12 17:42:49 - [TEST_STEP][PASSED] - callTestCase(findTestCase("Web RoomMe.id/1. Homepage/1. Customer Access RoomMe Page"), [:], STOP_ON_FAILURE): Call Test Case 'Test Cases/Web RoomMe.id/1. Homepage/1. Customer Access RoomMe Page' successfully

2021-01-12 17:42:49 - [TEST_CASE][PASSED] - Test Cases/Web RoomMe.id/1. Homepage/1. Customer Access RoomMe Page: Test Cases/Web RoomMe.id/1. Homepage/1. Customer Access RoomMe Page

2021-01-12 17:42:49 - [TEST_STEP][PASSED] - openBrowser(url): Browser is opened with url: 'https://dev-web:w3BdEv-r0omM3@web.roomme.id'

2021-01-12 17:42:49 - [MESSAGE][WARNING] - A browser is already opened. Closing browser and opening a new one

2021-01-12 17:42:50 - [MESSAGE][INFO] - Starting 'Chrome' driver

2021-01-12 17:42:50 - [MESSAGE][INFO] - Action delay is set to 50 milliseconds

2021-01-12 17:43:15 - [MESSAGE][PASSED] - Browser is opened with url: 'https://dev-web:w3BdEv-r0omM3@web.roomme.id'

2021-01-12 17:43:15 - [TEST_STEP][PASSED] - maximizeWindow(): Current window maximized

2021-01-12 17:43:17 - [MESSAGE][PASSED] - Current window maximized

2021-01-12 17:43:17 - [TEST_STEP][PASSED] - waitForPageLoad(0): Wait for page load successfully

2021-01-12 17:43:17 - [MESSAGE][WARNING] - Timeout '0' is invalid. Using default page load timeout: '1'

2021-01-12 17:43:18 - [MESSAGE][PASSED] - Wait for page load successfully

2021-01-12 17:43:18 - [TEST_STEP][PASSED] - click(findTestObject("Web RoomMe.id/RoomMe.id Homepage/Button Close banner StaytoWin")): Object: 'Object Repository/Web RoomMe.id/RoomMe.id Homepage/Button Close banner StaytoWin' is clicked on

2021-01-12 17:43:18 - [MESSAGE][PASSED] - Object: 'Object Repository/Web RoomMe.id/RoomMe.id Homepage/Button Close banner StaytoWin' is clicked on

2021-01-12 17:43:18 - [MESSAGE][PASSED] - Call Test Case 'Test Cases/Web RoomMe.id/1. Homepage/1. Customer Access RoomMe Page' successfully

2021-01-12 17:43:18 - [TEST_STEP][NOT_RUN] - callTestCase(findTestCase("Web RoomMe.id/1. Homepage/2. Verify Header RoomMe.id"), [:], STOP_ON_FAILURE): NOT_RUN: callTestCase(findTestCase("Web RoomMe.id/1. Homepage/2. Verify Header RoomMe.id"), [:], STOP_ON_FAILURE)

2021-01-12 17:43:18 - [MESSAGE][NOT_RUN] - NOT_RUN: callTestCase(findTestCase("Web RoomMe.id/1. Homepage/2. Verify Header RoomMe.id"), [:], STOP_ON_FAILURE)

2021-01-12 17:43:18 - [TEST_STEP][PASSED] - click(findTestObject("Web RoomMe.id/RoomMe.id Header/Button Sign In")): Object: 'Object Repository/Web RoomMe.id/RoomMe.id Header/Button Sign In' is clicked on

2021-01-12 17:43:18 - [MESSAGE][PASSED] - Object: 'Object Repository/Web RoomMe.id/RoomMe.id Header/Button Sign In' is clicked on

2021-01-12 17:43:18 - [TEST_STEP][PASSED] - waitForElementVisible(findTestObject("Web RoomMe.id/Sign In Menu/Button Sign Up"), 0): Object 'Object Repository/Web RoomMe.id/Sign In Menu/Button Sign Up' is visible

2021-01-12 17:43:18 - [MESSAGE][WARNING] - Timeout '0' is invalid. Using default page load timeout: '1'

2021-01-12 17:43:18 - [MESSAGE][PASSED] - Object 'Object Repository/Web RoomMe.id/Sign In Menu/Button Sign Up' is visible

2021-01-12 17:43:18 - [TEST_STEP][PASSED] - click(findTestObject("Web RoomMe.id/Sign In Menu/Button Sign Up")): Object: 'Object Repository/Web RoomMe.id/Sign In Menu/Button Sign Up' is clicked on

2021-01-12 17:43:19 - [MESSAGE][PASSED] - Object: 'Object Repository/Web RoomMe.id/Sign In Menu/Button Sign Up' is clicked on

2021-01-12 17:43:19 - [TEST_STEP][PASSED] - callTestCase(findTestCase("Web RoomMe.id/2. Sign Up/Verify Sign Up Menu"), [:], STOP_ON_FAILURE): Call Test Case 'Test Cases/Web RoomMe.id/2. Sign Up/Verify Sign Up Menu' successfully

2021-01-12 17:43:19 - [TEST_CASE][PASSED] - Test Cases/Web RoomMe.id/2. Sign Up/Verify Sign Up Menu: Test Cases/Web RoomMe.id/2. Sign Up/Verify Sign Up Menu

2021-01-12 17:43:19 - [TEST_STEP][PASSED] - objectSubFolder = "Web RoomMe.id\Sign Up Menu\": null

2021-01-12 17:43:19 - [TEST_STEP][PASSED] - pathToObjRep = getProjectDir() + "\Object Repository\" + objectSubFolder: null

2021-01-12 17:43:19 - [TEST_STEP][PASSED] - yourObjects = new java.io.File(pathToObjRep): null

2021-01-12 17:43:19 - [TEST_STEP][PASSED] - fileNames = yourObjects.list(): null

2021-01-12 17:43:19 - [TEST_STEP][PASSED] - testObjects = new java.util.ArrayList(): null

2021-01-12 17:43:19 - [TEST_STEP][PASSED] - for ([i = 0, i < length, (i++)]): null

2021-01-12 17:43:19 - [TEST_STEP][PASSED] - if (fileNames[i].contains(".rs")): null

2021-01-12 17:43:19 - [TEST_STEP][PASSED] - fileNames[i] = fileNames[i].replace(".rs", ""): null

2021-01-12 17:43:19 - [TEST_STEP][PASSED] - testObjects.add(objectSubFolder + fileNames[i]): null

2021-01-12 17:43:19 - [TEST_STEP][PASSED] - if (fileNames[i].contains(".rs")): null

2021-01-12 17:43:19 - [TEST_STEP][PASSED] - fileNames[i] = fileNames[i].replace(".rs", ""): null

2021-01-12 17:43:19 - [TEST_STEP][PASSED] - testObjects.add(objectSubFolder + fileNames[i]): null

2021-01-12 17:43:19 - [TEST_STEP][PASSED] - if (fileNames[i].contains(".rs")): null

2021-01-12 17:43:19 - [TEST_STEP][PASSED] - if (fileNames[i].contains(".rs")): null

2021-01-12 17:43:19 - [TEST_STEP][PASSED] - fileNames[i] = fileNames[i].replace(".rs", ""): null

2021-01-12 17:43:19 - [TEST_STEP][PASSED] - testObjects.add(objectSubFolder + fileNames[i]): null

2021-01-12 17:43:19 - [TEST_STEP][PASSED] - if (fileNames[i].contains(".rs")): null

2021-01-12 17:43:19 - [TEST_STEP][PASSED] - if (fileNames[i].contains(".rs")): null

2021-01-12 17:43:19 - [TEST_STEP][PASSED] - fileNames[i] = fileNames[i].replace(".rs", ""): null

2021-01-12 17:43:19 - [TEST_STEP][PASSED] - testObjects.add(objectSubFolder + fileNames[i]): null

2021-01-12 17:43:19 - [TEST_STEP][PASSED] - if (fileNames[i].contains(".rs")): null

2021-01-12 17:43:19 - [TEST_STEP][PASSED] - fileNames[i] = fileNames[i].replace(".rs", ""): null

2021-01-12 17:43:19 - [TEST_STEP][PASSED] - testObjects.add(objectSubFolder + fileNames[i]): null

2021-01-12 17:43:19 - [TEST_STEP][PASSED] - if (fileNames[i].contains(".rs")): null

2021-01-12 17:43:19 - [TEST_STEP][PASSED] - fileNames[i] = fileNames[i].replace(".rs", ""): null

2021-01-12 17:43:19 - [TEST_STEP][PASSED] - testObjects.add(objectSubFolder + fileNames[i]): null

2021-01-12 17:43:19 - [TEST_STEP][PASSED] - if (fileNames[i].contains(".rs")): null

2021-01-12 17:43:19 - [TEST_STEP][PASSED] - fileNames[i] = fileNames[i].replace(".rs", ""): null

2021-01-12 17:43:19 - [TEST_STEP][PASSED] - testObjects.add(objectSubFolder + fileNames[i]): null

2021-01-12 17:43:19 - [TEST_STEP][PASSED] - if (fileNames[i].contains(".rs")): null

2021-01-12 17:43:19 - [TEST_STEP][PASSED] - fileNames[i] = fileNames[i].replace(".rs", ""): null

2021-01-12 17:43:19 - [TEST_STEP][PASSED] - testObjects.add(objectSubFolder + fileNames[i]): null

2021-01-12 17:43:19 - [TEST_STEP][PASSED] - if (fileNames[i].contains(".rs")): null

2021-01-12 17:43:19 - [TEST_STEP][PASSED] - fileNames[i] = fileNames[i].replace(".rs", ""): null

2021-01-12 17:43:19 - [TEST_STEP][PASSED] - testObjects.add(objectSubFolder + fileNames[i]): null

2021-01-12 17:43:19 - [TEST_STEP][PASSED] - if (fileNames[i].contains(".rs")): null

2021-01-12 17:43:19 - [TEST_STEP][PASSED] - fileNames[i] = fileNames[i].replace(".rs", ""): null

2021-01-12 17:43:19 - [TEST_STEP][PASSED] - testObjects.add(objectSubFolder + fileNames[i]): null

2021-01-12 17:43:19 - [TEST_STEP][PASSED] - if (fileNames[i].contains(".rs")): null

2021-01-12 17:43:19 - [TEST_STEP][PASSED] - fileNames[i] = fileNames[i].replace(".rs", ""): null

2021-01-12 17:43:19 - [TEST_STEP][PASSED] - testObjects.add(objectSubFolder + fileNames[i]): null

2021-01-12 17:43:19 - [TEST_STEP][PASSED] - if (fileNames[i].contains(".rs")): null

2021-01-12 17:43:19 - [TEST_STEP][PASSED] - fileNames[i] = fileNames[i].replace(".rs", ""): null

2021-01-12 17:43:19 - [TEST_STEP][PASSED] - testObjects.add(objectSubFolder + fileNames[i]): null

2021-01-12 17:43:19 - [TEST_STEP][PASSED] - if (fileNames[i].contains(".rs")): null

2021-01-12 17:43:19 - [TEST_STEP][PASSED] - fileNames[i] = fileNames[i].replace(".rs", ""): null

2021-01-12 17:43:19 - [TEST_STEP][PASSED] - testObjects.add(objectSubFolder + fileNames[i]): null

2021-01-12 17:43:19 - [TEST_STEP][PASSED] - for (String obj : testObjects): Object 'Object Repository/Web RoomMe.id\Sign Up Menu\Textfield Phone Number' is visible

2021-01-12 17:43:19 - [TEST_STEP][PASSED] - verifyElementVisible(findTestObject(obj)): Object 'Object Repository/Web RoomMe.id\Sign Up Menu\Button Sign In' is visible

2021-01-12 17:43:19 - [MESSAGE][PASSED] - Object 'Object Repository/Web RoomMe.id\Sign Up Menu\Button Sign In' is visible

2021-01-12 17:43:19 - [TEST_STEP][PASSED] - verifyElementVisible(findTestObject(obj)): Object 'Object Repository/Web RoomMe.id\Sign Up Menu\Button Sign Up' is visible

2021-01-12 17:43:19 - [MESSAGE][PASSED] - Object 'Object Repository/Web RoomMe.id\Sign Up Menu\Button Sign Up' is visible

2021-01-12 17:43:19 - [TEST_STEP][PASSED] - verifyElementVisible(findTestObject(obj)): Object 'Object Repository/Web RoomMe.id\Sign Up Menu\Name Textfield' is visible

2021-01-12 17:43:19 - [MESSAGE][PASSED] - Object 'Object Repository/Web RoomMe.id\Sign Up Menu\Name Textfield' is visible

2021-01-12 17:43:19 - [TEST_STEP][PASSED] - verifyElementVisible(findTestObject(obj)): Object 'Object Repository/Web RoomMe.id\Sign Up Menu\Text Are you have an account' is visible

2021-01-12 17:43:19 - [MESSAGE][PASSED] - Object 'Object Repository/Web RoomMe.id\Sign Up Menu\Text Are you have an account' is visible

2021-01-12 17:43:19 - [TEST_STEP][PASSED] - verifyElementVisible(findTestObject(obj)): Object 'Object Repository/Web RoomMe.id\Sign Up Menu\Text Confirm Password' is visible

2021-01-12 17:43:19 - [MESSAGE][PASSED] - Object 'Object Repository/Web RoomMe.id\Sign Up Menu\Text Confirm Password' is visible

2021-01-12 17:43:19 - [TEST_STEP][PASSED] - verifyElementVisible(findTestObject(obj)): Object 'Object Repository/Web RoomMe.id\Sign Up Menu\Text Email Address' is visible

2021-01-12 17:43:19 - [MESSAGE][PASSED] - Object 'Object Repository/Web RoomMe.id\Sign Up Menu\Text Email Address' is visible

2021-01-12 17:43:19 - [TEST_STEP][PASSED] - verifyElementVisible(findTestObject(obj)): Object 'Object Repository/Web RoomMe.id\Sign Up Menu\Text Full Name' is visible

2021-01-12 17:43:20 - [MESSAGE][PASSED] - Object 'Object Repository/Web RoomMe.id\Sign Up Menu\Text Full Name' is visible

2021-01-12 17:43:20 - [TEST_STEP][PASSED] - verifyElementVisible(findTestObject(obj)): Object 'Object Repository/Web RoomMe.id\Sign Up Menu\Text Password' is visible

2021-01-12 17:43:20 - [MESSAGE][PASSED] - Object 'Object Repository/Web RoomMe.id\Sign Up Menu\Text Password' is visible

2021-01-12 17:43:20 - [TEST_STEP][PASSED] - verifyElementVisible(findTestObject(obj)): Object 'Object Repository/Web RoomMe.id\Sign Up Menu\Text Phone Number' is visible

2021-01-12 17:43:20 - [MESSAGE][PASSED] - Object 'Object Repository/Web RoomMe.id\Sign Up Menu\Text Phone Number' is visible

2021-01-12 17:43:20 - [TEST_STEP][PASSED] - verifyElementVisible(findTestObject(obj)): Object 'Object Repository/Web RoomMe.id\Sign Up Menu\Textfield Confirm Password' is visible

2021-01-12 17:43:20 - [MESSAGE][PASSED] - Object 'Object Repository/Web RoomMe.id\Sign Up Menu\Textfield Confirm Password' is visible

2021-01-12 17:43:20 - [TEST_STEP][PASSED] - verifyElementVisible(findTestObject(obj)): Object 'Object Repository/Web RoomMe.id\Sign Up Menu\Textfield Email' is visible

2021-01-12 17:43:20 - [MESSAGE][PASSED] - Object 'Object Repository/Web RoomMe.id\Sign Up Menu\Textfield Email' is visible

2021-01-12 17:43:20 - [TEST_STEP][PASSED] - verifyElementVisible(findTestObject(obj)): Object 'Object Repository/Web RoomMe.id\Sign Up Menu\Textfield Password' is visible

2021-01-12 17:43:20 - [MESSAGE][PASSED] - Object 'Object Repository/Web RoomMe.id\Sign Up Menu\Textfield Password' is visible

2021-01-12 17:43:20 - [TEST_STEP][PASSED] - verifyElementVisible(findTestObject(obj)): Object 'Object Repository/Web RoomMe.id\Sign Up Menu\Textfield Phone Number' is visible

2021-01-12 17:43:20 - [MESSAGE][PASSED] - Object 'Object Repository/Web RoomMe.id\Sign Up Menu\Textfield Phone Number' is visible

2021-01-12 17:43:20 - [MESSAGE][PASSED] - Call Test Case 'Test Cases/Web RoomMe.id/2. Sign Up/Verify Sign Up Menu' successfully

2021-01-12 17:43:21 - [TEST_STEP][PASSED] - waitForElementVisible(findTestObject("Web RoomMe.id/Sign Up Menu/Name Textfield"), 0): Object 'Object Repository/Web RoomMe.id/Sign Up Menu/Name Textfield' is visible

2021-01-12 17:43:21 - [MESSAGE][WARNING] - Timeout '0' is invalid. Using default page load timeout: '1'

2021-01-12 17:43:21 - [MESSAGE][PASSED] - Object 'Object Repository/Web RoomMe.id/Sign Up Menu/Name Textfield' is visible

2021-01-12 17:43:21 - [TEST_STEP][PASSED] - setText(findTestObject("Web RoomMe.id/Sign Up Menu/Name Textfield"), "Faldi Test AT"): Text 'Faldi Test AT' is set on object 'Object Repository/Web RoomMe.id/Sign Up Menu/Name Textfield'

2021-01-12 17:43:21 - [MESSAGE][PASSED] - Text 'Faldi Test AT' is set on object 'Object Repository/Web RoomMe.id/Sign Up Menu/Name Textfield'

2021-01-12 17:43:21 - [TEST_STEP][NOT_RUN] - getAttribute(findTestObject("Web RoomMe.id/Sign Up Menu/Name Textfield"), "tag"): NOT_RUN: getAttribute(findTestObject("Web RoomMe.id/Sign Up Menu/Name Textfield"), "tag")

2021-01-12 17:43:21 - [MESSAGE][NOT_RUN] - NOT_RUN: getAttribute(findTestObject("Web RoomMe.id/Sign Up Menu/Name Textfield"), "tag")

2021-01-12 17:43:21 - [TEST_STEP][NOT_RUN] - namauser = concatenate(findTestObject("Web RoomMe.id/Sign Up Menu/Name Textfield")): NOT_RUN: namauser = concatenate(findTestObject("Web RoomMe.id/Sign Up Menu/Name Textfield"))

2021-01-12 17:43:21 - [MESSAGE][NOT_RUN] - NOT_RUN: namauser = concatenate(findTestObject("Web RoomMe.id/Sign Up Menu/Name Textfield"))

2021-01-12 17:43:21 - [TEST_STEP][PASSED] - setText(findTestObject("Web RoomMe.id/Sign Up Menu/Textfield Email"), "faldidev@getnada.com"): Text 'faldidev@getnada.com' is set on object 'Object Repository/Web RoomMe.id/Sign Up Menu/Textfield Email'

2021-01-12 17:43:22 - [MESSAGE][PASSED] - Text 'faldidev@getnada.com' is set on object 'Object Repository/Web RoomMe.id/Sign Up Menu/Textfield Email'

2021-01-12 17:43:22 - [TEST_STEP][PASSED] - setText(findTestObject("Web RoomMe.id/Sign Up Menu/Textfield Phone Number"), "081234567890"): Text '081234567890' is set on object 'Object Repository/Web RoomMe.id/Sign Up Menu/Textfield Phone Number'

2021-01-12 17:43:23 - [MESSAGE][PASSED] - Text '081234567890' is set on object 'Object Repository/Web RoomMe.id/Sign Up Menu/Textfield Phone Number'

2021-01-12 17:43:23 - [TEST_STEP][PASSED] - setEncryptedText(findTestObject("Web RoomMe.id/Sign Up Menu/Textfield Password"), "da8fEzhczGg="): Text ****** has been set on object 'Object Repository/Web RoomMe.id/Sign Up Menu/Textfield Password'

2021-01-12 17:43:23 - [MESSAGE][PASSED] - Text ****** has been set on object 'Object Repository/Web RoomMe.id/Sign Up Menu/Textfield Password'

2021-01-12 17:43:23 - [TEST_STEP][PASSED] - setEncryptedText(findTestObject("Web RoomMe.id/Sign Up Menu/Textfield Confirm Password"), "da8fEzhczGg="): Text ****** has been set on object 'Object Repository/Web RoomMe.id/Sign Up Menu/Textfield Confirm Password'

2021-01-12 17:43:23 - [MESSAGE][PASSED] - Text ****** has been set on object 'Object Repository/Web RoomMe.id/Sign Up Menu/Textfield Confirm Password'

2021-01-12 17:43:23 - [TEST_STEP][PASSED] - click(findTestObject("Web RoomMe.id/Sign Up Menu/Button Sign Up")): Object: 'Object Repository/Web RoomMe.id/Sign Up Menu/Button Sign Up' is clicked on

2021-01-12 17:43:24 - [MESSAGE][PASSED] - Object: 'Object Repository/Web RoomMe.id/Sign Up Menu/Button Sign Up' is clicked on

2021-01-12 17:43:24 - [TEST_STEP][PASSED] - waitForElementVisible(findTestObject("Web RoomMe.id/Sign Up Menu/Error Message/Text Email already registered"), 0): Object 'Object Repository/Web RoomMe.id/Sign Up Menu/Error Message/Text Email already registered' is visible

2021-01-12 17:43:24 - [MESSAGE][WARNING] - Timeout '0' is invalid. Using default page load timeout: '1'

2021-01-12 17:43:24 - [MESSAGE][PASSED] - Object 'Object Repository/Web RoomMe.id/Sign Up Menu/Error Message/Text Email already registered' is visible]]></system-out>
         <system-err><![CDATA[]]></system-err>
      </testcase>
      <system-out><![CDATA[2021-01-12 17:39:23 - [TEST_SUITE][FAILED] - Customer Sign Up: Test Cases/Web RoomMe.id/2. Sign Up/6. Customer Input Password with Invalid Format FAILED.
Reason:
com.kms.katalon.core.exception.StepFailedException: Call Test Case 'Test Cases/Web RoomMe.id/1. Homepage/1. Customer Access RoomMe Page' failed
	at com.kms.katalon.core.keyword.builtin.CallTestCaseKeyword$_callTestCase_closure1.doCall(CallTestCaseKeyword.groovy:63)
	at com.kms.katalon.core.keyword.builtin.CallTestCaseKeyword$_callTestCase_closure1.call(CallTestCaseKeyword.groovy)
	at com.kms.katalon.core.keyword.internal.KeywordMain.runKeyword(KeywordMain.groovy:68)
	at com.kms.katalon.core.keyword.builtin.CallTestCaseKeyword.callTestCase(CallTestCaseKeyword.groovy:81)
	at com.kms.katalon.core.keyword.builtin.CallTestCaseKeyword.execute(CallTestCaseKeyword.groovy:44)
	at com.kms.katalon.core.keyword.internal.KeywordExecutor.executeKeywordForPlatform(KeywordExecutor.groovy:73)
	at com.kms.katalon.core.keyword.BuiltinKeywords.callTestCase(BuiltinKeywords.groovy:334)
	at 6. Customer Input Password with Invalid Format.run(6. Customer Input Password with Invalid Format:19)
	at com.kms.katalon.core.main.ScriptEngine.run(ScriptEngine.java:194)
	at com.kms.katalon.core.main.ScriptEngine.runScriptAsRawText(ScriptEngine.java:119)
	at com.kms.katalon.core.main.TestCaseExecutor.runScript(TestCaseExecutor.java:394)
	at com.kms.katalon.core.main.TestCaseExecutor.doExecute(TestCaseExecutor.java:385)
	at com.kms.katalon.core.main.TestCaseExecutor.processExecutionPhase(TestCaseExecutor.java:364)
	at com.kms.katalon.core.main.TestCaseExecutor.accessMainPhase(TestCaseExecutor.java:356)
	at com.kms.katalon.core.main.TestCaseExecutor.execute(TestCaseExecutor.java:251)
	at com.kms.katalon.core.main.TestSuiteExecutor.accessTestCaseMainPhase(TestSuiteExecutor.java:203)
	at com.kms.katalon.core.main.TestSuiteExecutor.accessTestSuiteMainPhase(TestSuiteExecutor.java:152)
	at com.kms.katalon.core.main.TestSuiteExecutor.execute(TestSuiteExecutor.java:95)
	at com.kms.katalon.core.main.TestCaseMain.startTestSuite(TestCaseMain.java:157)
	at com.kms.katalon.core.main.TestCaseMain$startTestSuite$0.call(Unknown Source)
	at TempTestSuite1610447955370.run(TempTestSuite1610447955370.groovy:39)
Caused by: com.kms.katalon.core.exception.StepFailedException: Unable to click on object 'Object Repository/Web RoomMe.id/RoomMe.id Homepage/Button Close banner StaytoWin'
	at com.kms.katalon.core.webui.keyword.internal.WebUIKeywordMain.stepFailed(WebUIKeywordMain.groovy:64)
	at com.kms.katalon.core.webui.keyword.internal.WebUIKeywordMain.runKeyword(WebUIKeywordMain.groovy:26)
	at com.kms.katalon.core.webui.keyword.builtin.ClickKeyword.click(ClickKeyword.groovy:76)
	at com.kms.katalon.core.webui.keyword.builtin.ClickKeyword.execute(ClickKeyword.groovy:43)
	at com.kms.katalon.core.keyword.internal.KeywordExecutor.executeKeywordForPlatform(KeywordExecutor.groovy:73)
	at com.kms.katalon.core.webui.keyword.WebUiBuiltInKeywords.click(WebUiBuiltInKeywords.groovy:617)
	at com.kms.katalon.core.webui.keyword.WebUiBuiltInKeywords$click$2.call(Unknown Source)
	at 1. Customer Access RoomMe Page.run(1. Customer Access RoomMe Page:24)
	at com.kms.katalon.core.main.ScriptEngine.run(ScriptEngine.java:194)
	at com.kms.katalon.core.main.ScriptEngine.runScriptAsRawText(ScriptEngine.java:119)
	at com.kms.katalon.core.main.TestCaseExecutor.runScript(TestCaseExecutor.java:394)
	at com.kms.katalon.core.main.TestCaseExecutor.doExecute(TestCaseExecutor.java:385)
	at com.kms.katalon.core.main.TestCaseExecutor.processExecutionPhase(TestCaseExecutor.java:364)
	at com.kms.katalon.core.main.TestCaseExecutor.accessMainPhase(TestCaseExecutor.java:356)
	at com.kms.katalon.core.main.TestCaseExecutor.execute(TestCaseExecutor.java:251)
	at com.kms.katalon.core.main.TestCaseMain.runTestCase(TestCaseMain.java:114)
	at com.kms.katalon.core.keyword.builtin.CallTestCaseKeyword$_callTestCase_closure1.doCall(CallTestCaseKeyword.groovy:59)
	... 20 more
Caused by: com.kms.katalon.core.webui.exception.WebElementNotFoundException: Web element with id: 'Object Repository/Web RoomMe.id/RoomMe.id Homepage/Button Close banner StaytoWin' located by '//div[@id='stayToWin___BV_modal_body_']/img' not found
	at com.kms.katalon.core.webui.common.WebUiCommonHelper.findWebElement(WebUiCommonHelper.java:1369)
	at com.kms.katalon.core.webui.keyword.internal.WebUIAbstractKeyword.findWebElement(WebUIAbstractKeyword.groovy:27)
	at com.kms.katalon.core.webui.keyword.internal.WebUIAbstractKeyword.findWebElement(WebUIAbstractKeyword.groovy:26)
	at com.kms.katalon.core.webui.keyword.builtin.ClickKeyword$_click_closure1.doCall(ClickKeyword.groovy:67)
	at com.kms.katalon.core.webui.keyword.builtin.ClickKeyword$_click_closure1.call(ClickKeyword.groovy)
	at com.kms.katalon.core.webui.keyword.internal.WebUIKeywordMain.runKeyword(WebUIKeywordMain.groovy:20)
	... 35 more]]></system-out>
      <system-err><![CDATA[2021-01-12 17:39:23 - [TEST_SUITE][FAILED] - Customer Sign Up: Test Cases/Web RoomMe.id/2. Sign Up/6. Customer Input Password with Invalid Format FAILED.
Reason:
com.kms.katalon.core.exception.StepFailedException: Call Test Case 'Test Cases/Web RoomMe.id/1. Homepage/1. Customer Access RoomMe Page' failed
	at com.kms.katalon.core.keyword.builtin.CallTestCaseKeyword$_callTestCase_closure1.doCall(CallTestCaseKeyword.groovy:63)
	at com.kms.katalon.core.keyword.builtin.CallTestCaseKeyword$_callTestCase_closure1.call(CallTestCaseKeyword.groovy)
	at com.kms.katalon.core.keyword.internal.KeywordMain.runKeyword(KeywordMain.groovy:68)
	at com.kms.katalon.core.keyword.builtin.CallTestCaseKeyword.callTestCase(CallTestCaseKeyword.groovy:81)
	at com.kms.katalon.core.keyword.builtin.CallTestCaseKeyword.execute(CallTestCaseKeyword.groovy:44)
	at com.kms.katalon.core.keyword.internal.KeywordExecutor.executeKeywordForPlatform(KeywordExecutor.groovy:73)
	at com.kms.katalon.core.keyword.BuiltinKeywords.callTestCase(BuiltinKeywords.groovy:334)
	at 6. Customer Input Password with Invalid Format.run(6. Customer Input Password with Invalid Format:19)
	at com.kms.katalon.core.main.ScriptEngine.run(ScriptEngine.java:194)
	at com.kms.katalon.core.main.ScriptEngine.runScriptAsRawText(ScriptEngine.java:119)
	at com.kms.katalon.core.main.TestCaseExecutor.runScript(TestCaseExecutor.java:394)
	at com.kms.katalon.core.main.TestCaseExecutor.doExecute(TestCaseExecutor.java:385)
	at com.kms.katalon.core.main.TestCaseExecutor.processExecutionPhase(TestCaseExecutor.java:364)
	at com.kms.katalon.core.main.TestCaseExecutor.accessMainPhase(TestCaseExecutor.java:356)
	at com.kms.katalon.core.main.TestCaseExecutor.execute(TestCaseExecutor.java:251)
	at com.kms.katalon.core.main.TestSuiteExecutor.accessTestCaseMainPhase(TestSuiteExecutor.java:203)
	at com.kms.katalon.core.main.TestSuiteExecutor.accessTestSuiteMainPhase(TestSuiteExecutor.java:152)
	at com.kms.katalon.core.main.TestSuiteExecutor.execute(TestSuiteExecutor.java:95)
	at com.kms.katalon.core.main.TestCaseMain.startTestSuite(TestCaseMain.java:157)
	at com.kms.katalon.core.main.TestCaseMain$startTestSuite$0.call(Unknown Source)
	at TempTestSuite1610447955370.run(TempTestSuite1610447955370.groovy:39)
Caused by: com.kms.katalon.core.exception.StepFailedException: Unable to click on object 'Object Repository/Web RoomMe.id/RoomMe.id Homepage/Button Close banner StaytoWin'
	at com.kms.katalon.core.webui.keyword.internal.WebUIKeywordMain.stepFailed(WebUIKeywordMain.groovy:64)
	at com.kms.katalon.core.webui.keyword.internal.WebUIKeywordMain.runKeyword(WebUIKeywordMain.groovy:26)
	at com.kms.katalon.core.webui.keyword.builtin.ClickKeyword.click(ClickKeyword.groovy:76)
	at com.kms.katalon.core.webui.keyword.builtin.ClickKeyword.execute(ClickKeyword.groovy:43)
	at com.kms.katalon.core.keyword.internal.KeywordExecutor.executeKeywordForPlatform(KeywordExecutor.groovy:73)
	at com.kms.katalon.core.webui.keyword.WebUiBuiltInKeywords.click(WebUiBuiltInKeywords.groovy:617)
	at com.kms.katalon.core.webui.keyword.WebUiBuiltInKeywords$click$2.call(Unknown Source)
	at 1. Customer Access RoomMe Page.run(1. Customer Access RoomMe Page:24)
	at com.kms.katalon.core.main.ScriptEngine.run(ScriptEngine.java:194)
	at com.kms.katalon.core.main.ScriptEngine.runScriptAsRawText(ScriptEngine.java:119)
	at com.kms.katalon.core.main.TestCaseExecutor.runScript(TestCaseExecutor.java:394)
	at com.kms.katalon.core.main.TestCaseExecutor.doExecute(TestCaseExecutor.java:385)
	at com.kms.katalon.core.main.TestCaseExecutor.processExecutionPhase(TestCaseExecutor.java:364)
	at com.kms.katalon.core.main.TestCaseExecutor.accessMainPhase(TestCaseExecutor.java:356)
	at com.kms.katalon.core.main.TestCaseExecutor.execute(TestCaseExecutor.java:251)
	at com.kms.katalon.core.main.TestCaseMain.runTestCase(TestCaseMain.java:114)
	at com.kms.katalon.core.keyword.builtin.CallTestCaseKeyword$_callTestCase_closure1.doCall(CallTestCaseKeyword.groovy:59)
	... 20 more
Caused by: com.kms.katalon.core.webui.exception.WebElementNotFoundException: Web element with id: 'Object Repository/Web RoomMe.id/RoomMe.id Homepage/Button Close banner StaytoWin' located by '//div[@id='stayToWin___BV_modal_body_']/img' not found
	at com.kms.katalon.core.webui.common.WebUiCommonHelper.findWebElement(WebUiCommonHelper.java:1369)
	at com.kms.katalon.core.webui.keyword.internal.WebUIAbstractKeyword.findWebElement(WebUIAbstractKeyword.groovy:27)
	at com.kms.katalon.core.webui.keyword.internal.WebUIAbstractKeyword.findWebElement(WebUIAbstractKeyword.groovy:26)
	at com.kms.katalon.core.webui.keyword.builtin.ClickKeyword$_click_closure1.doCall(ClickKeyword.groovy:67)
	at com.kms.katalon.core.webui.keyword.builtin.ClickKeyword$_click_closure1.call(ClickKeyword.groovy)
	at com.kms.katalon.core.webui.keyword.internal.WebUIKeywordMain.runKeyword(WebUIKeywordMain.groovy:20)
	... 35 more]]></system-err>
   </testsuite>
</testsuites>
