<?xml version="1.0" encoding="UTF-8"?>
<testsuites name="Customer Search For Kost" time="219.88" tests="6" failures="1" errors="0">
   <testsuite name="Customer Search For Kost" tests="6" failures="1" errors="0" time="219.88" timestamp="2020-05-27 08:27:44" hostname="Faldi - Alienware-X51" id="Test Suites/Web RoomMe.id/Customer Search For Kost">
      <properties>
         <property name="deviceName" value=""/>
         <property name="devicePlatform" value=""/>
         <property name="logFolder" value="C:\\Users\\Faldi\\Katalon Studio\\katalonroomme\\Reports\\20200527_082716\\Web RoomMe.id\\Customer Search For Kost\\20200527_082719"/>
         <property name="logFiles" value="C:\\Users\\Faldi\\Katalon Studio\\katalonroomme\\Reports\\20200527_082716\\Web RoomMe.id\\Customer Search For Kost\\20200527_082719\\execution0.log"/>
         <property name="attachments" value="C:\\Users\\Faldi\\Katalon Studio\\katalonroomme\\Reports\\20200527_082716\\Web RoomMe.id\\Customer Search For Kost\\20200527_082719\\1590543014679.png"/>
         <property name="hostName" value="Faldi - Alienware-X51"/>
         <property name="os" value="Windows 10 64bit"/>
         <property name="katalonVersion" value="7.2.9.1"/>
         <property name="browser" value="Chrome 83.0.4103.61"/>
         <property name="hostAddress" value="192.168.1.5"/>
         <property name="sessionId" value="0bcd522515fb5dc7de21f9903a2892c9"/>
         <property name="seleniumVersion" value="3.141.59"/>
         <property name="proxyInformation" value="ProxyInformation{proxyOption=NO_PROXY, proxyServerType=HTTP, password=, proxyServerAddress=, proxyServerPort=0, executionList=}"/>
         <property name="platform" value="Windows 10"/>
      </properties>
      <testcase name="Test Cases/Web RoomMe.id/8. Search for Kost/1. Customer Search For Kost 1 Month 0 Day" time="22.485" classname="Test Cases/Web RoomMe.id/8. Search for Kost/1. Customer Search For Kost 1 Month 0 Day" status="PASSED">
         <system-out><![CDATA[2020-05-27 08:27:44 - [TEST_CASE][PASSED] - Test Cases/Web RoomMe.id/8. Search for Kost/1. Customer Search For Kost 1 Month 0 Day: Test Cases/Web RoomMe.id/8. Search for Kost/1. Customer Search For Kost 1 Month 0 Day

2020-05-27 08:27:45 - [TEST_STEP][PASSED] - callTestCase(findTestCase("Web RoomMe.id/1. Homepage/1. Customer Access RoomMe Page"), [:], STOP_ON_FAILURE): Call Test Case 'Test Cases/Web RoomMe.id/1. Homepage/1. Customer Access RoomMe Page' successfully

2020-05-27 08:27:45 - [TEST_CASE][PASSED] - Test Cases/Web RoomMe.id/1. Homepage/1. Customer Access RoomMe Page: Test Cases/Web RoomMe.id/1. Homepage/1. Customer Access RoomMe Page

2020-05-27 08:27:45 - [TEST_STEP][PASSED] - openBrowser(url): Browser is opened with url: 'roomme.id'

2020-05-27 08:27:46 - [MESSAGE][INFO] - Starting 'Chrome' driver

2020-05-27 08:27:46 - [MESSAGE][INFO] - Action delay is set to 0 seconds

2020-05-27 08:27:56 - [MESSAGE][PASSED] - Browser is opened with url: 'roomme.id'

2020-05-27 08:27:56 - [TEST_STEP][PASSED] - maximizeWindow(): Current window maximized

2020-05-27 08:27:59 - [MESSAGE][PASSED] - Current window maximized

2020-05-27 08:27:59 - [TEST_STEP][PASSED] - waitForPageLoad(0): Wait for page load successfully

2020-05-27 08:27:59 - [MESSAGE][WARNING] - Timeout '0' is invalid. Using default page load timeout: '60'

2020-05-27 08:27:59 - [MESSAGE][PASSED] - Wait for page load successfully

2020-05-27 08:27:59 - [MESSAGE][PASSED] - Call Test Case 'Test Cases/Web RoomMe.id/1. Homepage/1. Customer Access RoomMe Page' successfully

2020-05-27 08:27:59 - [TEST_STEP][PASSED] - sendKeys(findTestObject("Web RoomMe.id/Search Kost Menu/Textfield Input Location"), "jakarta"): Keys 'jakarta' sent to object: 'Object Repository/Web RoomMe.id/Search Kost Menu/Textfield Input Location'

2020-05-27 08:28:00 - [MESSAGE][PASSED] - Keys 'jakarta' sent to object: 'Object Repository/Web RoomMe.id/Search Kost Menu/Textfield Input Location'

2020-05-27 08:28:00 - [TEST_STEP][PASSED] - click(findTestObject("Web RoomMe.id/Search Kost Menu/Text Location Suggestion")): Object: 'Object Repository/Web RoomMe.id/Search Kost Menu/Text Location Suggestion' is clicked on

2020-05-27 08:28:01 - [MESSAGE][PASSED] - Object: 'Object Repository/Web RoomMe.id/Search Kost Menu/Text Location Suggestion' is clicked on

2020-05-27 08:28:01 - [TEST_STEP][PASSED] - click(findTestObject("Web RoomMe.id/Search Kost Menu/Datepicker Check-in")): Object: 'Object Repository/Web RoomMe.id/Search Kost Menu/Datepicker Check-in' is clicked on

2020-05-27 08:28:01 - [MESSAGE][PASSED] - Object: 'Object Repository/Web RoomMe.id/Search Kost Menu/Datepicker Check-in' is clicked on

2020-05-27 08:28:01 - [TEST_STEP][PASSED] - click(findTestObject("Object Repository/Web RoomMe.id/Search Kost Menu/Day Pick")): Object: 'Object Repository/Web RoomMe.id/Search Kost Menu/Day Pick' is clicked on

2020-05-27 08:28:02 - [MESSAGE][PASSED] - Object: 'Object Repository/Web RoomMe.id/Search Kost Menu/Day Pick' is clicked on

2020-05-27 08:28:02 - [TEST_STEP][PASSED] - click(findTestObject("Object Repository/Web RoomMe.id/Search Kost Menu/Button Duration")): Object: 'Object Repository/Web RoomMe.id/Search Kost Menu/Button Duration' is clicked on

2020-05-27 08:28:03 - [MESSAGE][PASSED] - Object: 'Object Repository/Web RoomMe.id/Search Kost Menu/Button Duration' is clicked on

2020-05-27 08:28:03 - [TEST_STEP][PASSED] - click(findTestObject("Object Repository/Web RoomMe.id/Search Kost Menu/Button 1 Month")): Object: 'Object Repository/Web RoomMe.id/Search Kost Menu/Button 1 Month' is clicked on

2020-05-27 08:28:03 - [MESSAGE][PASSED] - Object: 'Object Repository/Web RoomMe.id/Search Kost Menu/Button 1 Month' is clicked on

2020-05-27 08:28:03 - [TEST_STEP][PASSED] - click(findTestObject("Object Repository/Web RoomMe.id/Search Kost Menu/Button Additional")): Object: 'Object Repository/Web RoomMe.id/Search Kost Menu/Button Additional' is clicked on

2020-05-27 08:28:04 - [MESSAGE][PASSED] - Object: 'Object Repository/Web RoomMe.id/Search Kost Menu/Button Additional' is clicked on

2020-05-27 08:28:04 - [TEST_STEP][NOT_RUN] - click(findTestObject("Object Repository/Web RoomMe.id/Search Kost Menu/Button 1 Day")): NOT_RUN: click(findTestObject("Object Repository/Web RoomMe.id/Search Kost Menu/Button 1 Day"))

2020-05-27 08:28:04 - [MESSAGE][NOT_RUN] - NOT_RUN: click(findTestObject("Object Repository/Web RoomMe.id/Search Kost Menu/Button 1 Day"))

2020-05-27 08:28:04 - [TEST_STEP][PASSED] - click(findTestObject("Object Repository/Web RoomMe.id/Search Kost Menu/Button Search")): Object: 'Object Repository/Web RoomMe.id/Search Kost Menu/Button Search' is clicked on

2020-05-27 08:28:06 - [MESSAGE][PASSED] - Object: 'Object Repository/Web RoomMe.id/Search Kost Menu/Button Search' is clicked on

2020-05-27 08:28:06 - [TEST_STEP][NOT_RUN] - verifyElementVisible(findTestObject("Web RoomMe.id/Search Result Menu/Field Facilities")): NOT_RUN: verifyElementVisible(findTestObject("Web RoomMe.id/Search Result Menu/Field Facilities"))

2020-05-27 08:28:06 - [MESSAGE][NOT_RUN] - NOT_RUN: verifyElementVisible(findTestObject("Web RoomMe.id/Search Result Menu/Field Facilities"))

2020-05-27 08:28:06 - [TEST_STEP][NOT_RUN] - verifyElementVisible(findTestObject("Web RoomMe.id/Search Result Menu/Text Nama Kost")): NOT_RUN: verifyElementVisible(findTestObject("Web RoomMe.id/Search Result Menu/Text Nama Kost"))

2020-05-27 08:28:06 - [MESSAGE][NOT_RUN] - NOT_RUN: verifyElementVisible(findTestObject("Web RoomMe.id/Search Result Menu/Text Nama Kost"))

2020-05-27 08:28:06 - [TEST_STEP][NOT_RUN] - verifyElementVisible(findTestObject("Web RoomMe.id/Search Result Menu/div_Submit_col-md-4 img-s")): NOT_RUN: verifyElementVisible(findTestObject("Web RoomMe.id/Search Result Menu/div_Submit_col-md-4 img-s"))

2020-05-27 08:28:06 - [MESSAGE][NOT_RUN] - NOT_RUN: verifyElementVisible(findTestObject("Web RoomMe.id/Search Result Menu/div_Submit_col-md-4 img-s"))

2020-05-27 08:28:06 - [TEST_STEP][NOT_RUN] - verifyElementVisible(findTestObject("Web RoomMe.id/Search Result Menu/div_Rp1400000")): NOT_RUN: verifyElementVisible(findTestObject("Web RoomMe.id/Search Result Menu/div_Rp1400000"))

2020-05-27 08:28:06 - [MESSAGE][NOT_RUN] - NOT_RUN: verifyElementVisible(findTestObject("Web RoomMe.id/Search Result Menu/div_Rp1400000"))

2020-05-27 08:28:06 - [TEST_STEP][NOT_RUN] - verifyElementVisible(findTestObject("Web RoomMe.id/Search Result Menu/Image Kost")): NOT_RUN: verifyElementVisible(findTestObject("Web RoomMe.id/Search Result Menu/Image Kost"))

2020-05-27 08:28:06 - [MESSAGE][NOT_RUN] - NOT_RUN: verifyElementVisible(findTestObject("Web RoomMe.id/Search Result Menu/Image Kost"))

2020-05-27 08:28:06 - [TEST_STEP][PASSED] - waitForPageLoad(0): Wait for page load successfully

2020-05-27 08:28:06 - [MESSAGE][WARNING] - Timeout '0' is invalid. Using default page load timeout: '60'

2020-05-27 08:28:07 - [MESSAGE][PASSED] - Wait for page load successfully]]></system-out>
         <system-err><![CDATA[]]></system-err>
      </testcase>
      <testcase name="Test Cases/Web RoomMe.id/8. Search for Kost/2. Customer Search For Kost 1 Month 1 Day" time="21.234" classname="Test Cases/Web RoomMe.id/8. Search for Kost/2. Customer Search For Kost 1 Month 1 Day" status="PASSED">
         <system-out><![CDATA[2020-05-27 08:28:07 - [TEST_CASE][PASSED] - Test Cases/Web RoomMe.id/8. Search for Kost/2. Customer Search For Kost 1 Month 1 Day: Test Cases/Web RoomMe.id/8. Search for Kost/2. Customer Search For Kost 1 Month 1 Day

2020-05-27 08:28:07 - [TEST_STEP][PASSED] - callTestCase(findTestCase("Web RoomMe.id/1. Homepage/1. Customer Access RoomMe Page"), [:], STOP_ON_FAILURE): Call Test Case 'Test Cases/Web RoomMe.id/1. Homepage/1. Customer Access RoomMe Page' successfully

2020-05-27 08:28:07 - [TEST_CASE][PASSED] - Test Cases/Web RoomMe.id/1. Homepage/1. Customer Access RoomMe Page: Test Cases/Web RoomMe.id/1. Homepage/1. Customer Access RoomMe Page

2020-05-27 08:28:07 - [TEST_STEP][PASSED] - openBrowser(url): Browser is opened with url: 'roomme.id'

2020-05-27 08:28:07 - [MESSAGE][WARNING] - A browser is already opened. Closing browser and opening a new one

2020-05-27 08:28:08 - [MESSAGE][INFO] - Starting 'Chrome' driver

2020-05-27 08:28:17 - [MESSAGE][PASSED] - Browser is opened with url: 'roomme.id'

2020-05-27 08:28:17 - [TEST_STEP][PASSED] - maximizeWindow(): Current window maximized

2020-05-27 08:28:19 - [MESSAGE][PASSED] - Current window maximized

2020-05-27 08:28:19 - [TEST_STEP][PASSED] - waitForPageLoad(0): Wait for page load successfully

2020-05-27 08:28:19 - [MESSAGE][WARNING] - Timeout '0' is invalid. Using default page load timeout: '60'

2020-05-27 08:28:19 - [MESSAGE][PASSED] - Wait for page load successfully

2020-05-27 08:28:19 - [MESSAGE][PASSED] - Call Test Case 'Test Cases/Web RoomMe.id/1. Homepage/1. Customer Access RoomMe Page' successfully

2020-05-27 08:28:19 - [TEST_STEP][PASSED] - sendKeys(findTestObject("Web RoomMe.id/Search Kost Menu/Textfield Input Location"), "jakarta"): Keys 'jakarta' sent to object: 'Object Repository/Web RoomMe.id/Search Kost Menu/Textfield Input Location'

2020-05-27 08:28:20 - [MESSAGE][PASSED] - Keys 'jakarta' sent to object: 'Object Repository/Web RoomMe.id/Search Kost Menu/Textfield Input Location'

2020-05-27 08:28:20 - [TEST_STEP][PASSED] - click(findTestObject("Web RoomMe.id/Search Kost Menu/Text Location Suggestion")): Object: 'Object Repository/Web RoomMe.id/Search Kost Menu/Text Location Suggestion' is clicked on

2020-05-27 08:28:21 - [MESSAGE][PASSED] - Object: 'Object Repository/Web RoomMe.id/Search Kost Menu/Text Location Suggestion' is clicked on

2020-05-27 08:28:21 - [TEST_STEP][PASSED] - click(findTestObject("Web RoomMe.id/Search Kost Menu/Datepicker Check-in")): Object: 'Object Repository/Web RoomMe.id/Search Kost Menu/Datepicker Check-in' is clicked on

2020-05-27 08:28:21 - [MESSAGE][PASSED] - Object: 'Object Repository/Web RoomMe.id/Search Kost Menu/Datepicker Check-in' is clicked on

2020-05-27 08:28:21 - [TEST_STEP][PASSED] - click(findTestObject("Object Repository/Web RoomMe.id/Search Kost Menu/Day Pick")): Object: 'Object Repository/Web RoomMe.id/Search Kost Menu/Day Pick' is clicked on

2020-05-27 08:28:22 - [MESSAGE][PASSED] - Object: 'Object Repository/Web RoomMe.id/Search Kost Menu/Day Pick' is clicked on

2020-05-27 08:28:22 - [TEST_STEP][PASSED] - click(findTestObject("Object Repository/Web RoomMe.id/Search Kost Menu/Button Duration")): Object: 'Object Repository/Web RoomMe.id/Search Kost Menu/Button Duration' is clicked on

2020-05-27 08:28:23 - [MESSAGE][PASSED] - Object: 'Object Repository/Web RoomMe.id/Search Kost Menu/Button Duration' is clicked on

2020-05-27 08:28:23 - [TEST_STEP][PASSED] - click(findTestObject("Object Repository/Web RoomMe.id/Search Kost Menu/Button 1 Month")): Object: 'Object Repository/Web RoomMe.id/Search Kost Menu/Button 1 Month' is clicked on

2020-05-27 08:28:23 - [MESSAGE][PASSED] - Object: 'Object Repository/Web RoomMe.id/Search Kost Menu/Button 1 Month' is clicked on

2020-05-27 08:28:23 - [TEST_STEP][PASSED] - click(findTestObject("Object Repository/Web RoomMe.id/Search Kost Menu/Button Additional")): Object: 'Object Repository/Web RoomMe.id/Search Kost Menu/Button Additional' is clicked on

2020-05-27 08:28:24 - [MESSAGE][PASSED] - Object: 'Object Repository/Web RoomMe.id/Search Kost Menu/Button Additional' is clicked on

2020-05-27 08:28:24 - [TEST_STEP][PASSED] - click(findTestObject("Object Repository/Web RoomMe.id/Search Kost Menu/Button 1 Day")): Object: 'Object Repository/Web RoomMe.id/Search Kost Menu/Button 1 Day' is clicked on

2020-05-27 08:28:24 - [MESSAGE][PASSED] - Object: 'Object Repository/Web RoomMe.id/Search Kost Menu/Button 1 Day' is clicked on

2020-05-27 08:28:24 - [TEST_STEP][PASSED] - click(findTestObject("Object Repository/Web RoomMe.id/Search Kost Menu/Button Search")): Object: 'Object Repository/Web RoomMe.id/Search Kost Menu/Button Search' is clicked on

2020-05-27 08:28:27 - [MESSAGE][PASSED] - Object: 'Object Repository/Web RoomMe.id/Search Kost Menu/Button Search' is clicked on

2020-05-27 08:28:27 - [TEST_STEP][NOT_RUN] - verifyElementVisible(findTestObject("Web RoomMe.id/Search Result Menu/Field Facilities")): NOT_RUN: verifyElementVisible(findTestObject("Web RoomMe.id/Search Result Menu/Field Facilities"))

2020-05-27 08:28:27 - [MESSAGE][NOT_RUN] - NOT_RUN: verifyElementVisible(findTestObject("Web RoomMe.id/Search Result Menu/Field Facilities"))

2020-05-27 08:28:27 - [TEST_STEP][NOT_RUN] - verifyElementVisible(findTestObject("Web RoomMe.id/Search Result Menu/Text Nama Kost")): NOT_RUN: verifyElementVisible(findTestObject("Web RoomMe.id/Search Result Menu/Text Nama Kost"))

2020-05-27 08:28:27 - [MESSAGE][NOT_RUN] - NOT_RUN: verifyElementVisible(findTestObject("Web RoomMe.id/Search Result Menu/Text Nama Kost"))

2020-05-27 08:28:27 - [TEST_STEP][NOT_RUN] - verifyElementVisible(findTestObject("Web RoomMe.id/Search Result Menu/div_Submit_col-md-4 img-s")): NOT_RUN: verifyElementVisible(findTestObject("Web RoomMe.id/Search Result Menu/div_Submit_col-md-4 img-s"))

2020-05-27 08:28:27 - [MESSAGE][NOT_RUN] - NOT_RUN: verifyElementVisible(findTestObject("Web RoomMe.id/Search Result Menu/div_Submit_col-md-4 img-s"))

2020-05-27 08:28:27 - [TEST_STEP][NOT_RUN] - verifyElementVisible(findTestObject("Web RoomMe.id/Search Result Menu/div_Rp1400000")): NOT_RUN: verifyElementVisible(findTestObject("Web RoomMe.id/Search Result Menu/div_Rp1400000"))

2020-05-27 08:28:27 - [MESSAGE][NOT_RUN] - NOT_RUN: verifyElementVisible(findTestObject("Web RoomMe.id/Search Result Menu/div_Rp1400000"))

2020-05-27 08:28:27 - [TEST_STEP][NOT_RUN] - verifyElementVisible(findTestObject("Web RoomMe.id/Search Result Menu/Image Kost")): NOT_RUN: verifyElementVisible(findTestObject("Web RoomMe.id/Search Result Menu/Image Kost"))

2020-05-27 08:28:27 - [MESSAGE][NOT_RUN] - NOT_RUN: verifyElementVisible(findTestObject("Web RoomMe.id/Search Result Menu/Image Kost"))

2020-05-27 08:28:27 - [TEST_STEP][PASSED] - waitForPageLoad(0): Wait for page load successfully

2020-05-27 08:28:27 - [MESSAGE][WARNING] - Timeout '0' is invalid. Using default page load timeout: '60'

2020-05-27 08:28:28 - [MESSAGE][PASSED] - Wait for page load successfully]]></system-out>
         <system-err><![CDATA[]]></system-err>
      </testcase>
      <testcase name="Test Cases/Web RoomMe.id/8. Search for Kost/3. Customer Search For Kost 1 Month 2 Days" time="107.141" classname="Test Cases/Web RoomMe.id/8. Search for Kost/3. Customer Search For Kost 1 Month 2 Days" status="FAILED">
         <failure type="FAILED" message="Test Cases/Web RoomMe.id/8. Search for Kost/3. Customer Search For Kost 1 Month 2 Days FAILED.
Reason:
com.kms.katalon.core.exception.StepFailedException: Unable to click on object 'Object Repository/Web RoomMe.id/Search Kost Menu/Text Location Suggestion'
	at com.kms.katalon.core.webui.keyword.internal.WebUIKeywordMain.stepFailed(WebUIKeywordMain.groovy:64)
	at com.kms.katalon.core.webui.keyword.internal.WebUIKeywordMain.runKeyword(WebUIKeywordMain.groovy:26)
	at com.kms.katalon.core.webui.keyword.builtin.ClickKeyword.click(ClickKeyword.groovy:76)
	at com.kms.katalon.core.webui.keyword.builtin.ClickKeyword.execute(ClickKeyword.groovy:43)
	at com.kms.katalon.core.keyword.internal.KeywordExecutor.executeKeywordForPlatform(KeywordExecutor.groovy:72)
	at com.kms.katalon.core.webui.keyword.WebUiBuiltInKeywords.click(WebUiBuiltInKeywords.groovy:616)
	at com.kms.katalon.core.webui.keyword.WebUiBuiltInKeywords$click$3.call(Unknown Source)
	at 3. Customer Search For Kost 1 Month 2 Days.run(3. Customer Search For Kost 1 Month 2 Days:22)
	at com.kms.katalon.core.main.ScriptEngine.run(ScriptEngine.java:194)
	at com.kms.katalon.core.main.ScriptEngine.runScriptAsRawText(ScriptEngine.java:119)
	at com.kms.katalon.core.main.TestCaseExecutor.runScript(TestCaseExecutor.java:337)
	at com.kms.katalon.core.main.TestCaseExecutor.doExecute(TestCaseExecutor.java:328)
	at com.kms.katalon.core.main.TestCaseExecutor.processExecutionPhase(TestCaseExecutor.java:307)
	at com.kms.katalon.core.main.TestCaseExecutor.accessMainPhase(TestCaseExecutor.java:299)
	at com.kms.katalon.core.main.TestCaseExecutor.execute(TestCaseExecutor.java:233)
	at com.kms.katalon.core.main.TestSuiteExecutor.accessTestCaseMainPhase(TestSuiteExecutor.java:169)
	at com.kms.katalon.core.main.TestSuiteExecutor.accessTestSuiteMainPhase(TestSuiteExecutor.java:142)
	at com.kms.katalon.core.main.TestSuiteExecutor.execute(TestSuiteExecutor.java:91)
	at com.kms.katalon.core.main.TestCaseMain.startTestSuite(TestCaseMain.java:157)
	at com.kms.katalon.core.main.TestCaseMain$startTestSuite$0.call(Unknown Source)
	at TempTestSuite1590542839505.run(TempTestSuite1590542839505.groovy:36)
Caused by: com.kms.katalon.core.webui.exception.WebElementNotFoundException: Web element with id: 'Object Repository/Web RoomMe.id/Search Kost Menu/Text Location Suggestion' located by 'By.xpath: //div[@id='__layout']/div/div[2]/div/div[2]/div/div/div[2]/form/div/div/div/div/div/div/div[2]/div/a' not found
	at com.kms.katalon.core.webui.common.WebUiCommonHelper.findWebElement(WebUiCommonHelper.java:1154)
	at com.kms.katalon.core.webui.keyword.internal.WebUIAbstractKeyword.findWebElement(WebUIAbstractKeyword.groovy:27)
	at com.kms.katalon.core.webui.keyword.internal.WebUIAbstractKeyword.findWebElement(WebUIAbstractKeyword.groovy:26)
	at com.kms.katalon.core.webui.keyword.builtin.ClickKeyword$_click_closure1.doCall(ClickKeyword.groovy:67)
	at com.kms.katalon.core.webui.keyword.builtin.ClickKeyword$_click_closure1.call(ClickKeyword.groovy)
	at com.kms.katalon.core.webui.keyword.internal.WebUIKeywordMain.runKeyword(WebUIKeywordMain.groovy:20)
	... 19 more
"/>
         <system-out><![CDATA[2020-05-27 08:28:28 - [TEST_CASE][FAILED] - Test Cases/Web RoomMe.id/8. Search for Kost/3. Customer Search For Kost 1 Month 2 Days: Test Cases/Web RoomMe.id/8. Search for Kost/3. Customer Search For Kost 1 Month 2 Days FAILED.
Reason:
com.kms.katalon.core.exception.StepFailedException: Unable to click on object 'Object Repository/Web RoomMe.id/Search Kost Menu/Text Location Suggestion'
	at com.kms.katalon.core.webui.keyword.internal.WebUIKeywordMain.stepFailed(WebUIKeywordMain.groovy:64)
	at com.kms.katalon.core.webui.keyword.internal.WebUIKeywordMain.runKeyword(WebUIKeywordMain.groovy:26)
	at com.kms.katalon.core.webui.keyword.builtin.ClickKeyword.click(ClickKeyword.groovy:76)
	at com.kms.katalon.core.webui.keyword.builtin.ClickKeyword.execute(ClickKeyword.groovy:43)
	at com.kms.katalon.core.keyword.internal.KeywordExecutor.executeKeywordForPlatform(KeywordExecutor.groovy:72)
	at com.kms.katalon.core.webui.keyword.WebUiBuiltInKeywords.click(WebUiBuiltInKeywords.groovy:616)
	at com.kms.katalon.core.webui.keyword.WebUiBuiltInKeywords$click$3.call(Unknown Source)
	at 3. Customer Search For Kost 1 Month 2 Days.run(3. Customer Search For Kost 1 Month 2 Days:22)
	at com.kms.katalon.core.main.ScriptEngine.run(ScriptEngine.java:194)
	at com.kms.katalon.core.main.ScriptEngine.runScriptAsRawText(ScriptEngine.java:119)
	at com.kms.katalon.core.main.TestCaseExecutor.runScript(TestCaseExecutor.java:337)
	at com.kms.katalon.core.main.TestCaseExecutor.doExecute(TestCaseExecutor.java:328)
	at com.kms.katalon.core.main.TestCaseExecutor.processExecutionPhase(TestCaseExecutor.java:307)
	at com.kms.katalon.core.main.TestCaseExecutor.accessMainPhase(TestCaseExecutor.java:299)
	at com.kms.katalon.core.main.TestCaseExecutor.execute(TestCaseExecutor.java:233)
	at com.kms.katalon.core.main.TestSuiteExecutor.accessTestCaseMainPhase(TestSuiteExecutor.java:169)
	at com.kms.katalon.core.main.TestSuiteExecutor.accessTestSuiteMainPhase(TestSuiteExecutor.java:142)
	at com.kms.katalon.core.main.TestSuiteExecutor.execute(TestSuiteExecutor.java:91)
	at com.kms.katalon.core.main.TestCaseMain.startTestSuite(TestCaseMain.java:157)
	at com.kms.katalon.core.main.TestCaseMain$startTestSuite$0.call(Unknown Source)
	at TempTestSuite1590542839505.run(TempTestSuite1590542839505.groovy:36)
Caused by: com.kms.katalon.core.webui.exception.WebElementNotFoundException: Web element with id: 'Object Repository/Web RoomMe.id/Search Kost Menu/Text Location Suggestion' located by 'By.xpath: //div[@id='__layout']/div/div[2]/div/div[2]/div/div/div[2]/form/div/div/div/div/div/div/div[2]/div/a' not found
	at com.kms.katalon.core.webui.common.WebUiCommonHelper.findWebElement(WebUiCommonHelper.java:1154)
	at com.kms.katalon.core.webui.keyword.internal.WebUIAbstractKeyword.findWebElement(WebUIAbstractKeyword.groovy:27)
	at com.kms.katalon.core.webui.keyword.internal.WebUIAbstractKeyword.findWebElement(WebUIAbstractKeyword.groovy:26)
	at com.kms.katalon.core.webui.keyword.builtin.ClickKeyword$_click_closure1.doCall(ClickKeyword.groovy:67)
	at com.kms.katalon.core.webui.keyword.builtin.ClickKeyword$_click_closure1.call(ClickKeyword.groovy)
	at com.kms.katalon.core.webui.keyword.internal.WebUIKeywordMain.runKeyword(WebUIKeywordMain.groovy:20)
	... 19 more


2020-05-27 08:28:28 - [TEST_STEP][PASSED] - callTestCase(findTestCase("Web RoomMe.id/1. Homepage/1. Customer Access RoomMe Page"), [:], STOP_ON_FAILURE): Call Test Case 'Test Cases/Web RoomMe.id/1. Homepage/1. Customer Access RoomMe Page' successfully

2020-05-27 08:28:28 - [TEST_CASE][PASSED] - Test Cases/Web RoomMe.id/1. Homepage/1. Customer Access RoomMe Page: Test Cases/Web RoomMe.id/1. Homepage/1. Customer Access RoomMe Page

2020-05-27 08:28:28 - [TEST_STEP][PASSED] - openBrowser(url): Browser is opened with url: 'roomme.id'

2020-05-27 08:28:28 - [MESSAGE][WARNING] - A browser is already opened. Closing browser and opening a new one

2020-05-27 08:28:29 - [MESSAGE][INFO] - Starting 'Chrome' driver

2020-05-27 08:28:42 - [MESSAGE][PASSED] - Browser is opened with url: 'roomme.id'

2020-05-27 08:28:42 - [TEST_STEP][PASSED] - maximizeWindow(): Current window maximized

2020-05-27 08:28:44 - [MESSAGE][PASSED] - Current window maximized

2020-05-27 08:28:44 - [TEST_STEP][PASSED] - waitForPageLoad(0): Wait for page load successfully

2020-05-27 08:28:44 - [MESSAGE][WARNING] - Timeout '0' is invalid. Using default page load timeout: '60'

2020-05-27 08:28:44 - [MESSAGE][PASSED] - Wait for page load successfully

2020-05-27 08:28:44 - [MESSAGE][PASSED] - Call Test Case 'Test Cases/Web RoomMe.id/1. Homepage/1. Customer Access RoomMe Page' successfully

2020-05-27 08:28:44 - [TEST_STEP][PASSED] - sendKeys(findTestObject("Web RoomMe.id/Search Kost Menu/Textfield Input Location"), "jakarta"): Keys 'jakarta' sent to object: 'Object Repository/Web RoomMe.id/Search Kost Menu/Textfield Input Location'

2020-05-27 08:28:45 - [MESSAGE][PASSED] - Keys 'jakarta' sent to object: 'Object Repository/Web RoomMe.id/Search Kost Menu/Textfield Input Location'

2020-05-27 08:28:45 - [TEST_STEP][FAILED] - click(findTestObject("Web RoomMe.id/Search Kost Menu/Text Location Suggestion")): Unable to click on object 'Object Repository/Web RoomMe.id/Search Kost Menu/Text Location Suggestion' (Root cause: com.kms.katalon.core.exception.StepFailedException: Unable to click on object 'Object Repository/Web RoomMe.id/Search Kost Menu/Text Location Suggestion'
	at com.kms.katalon.core.webui.keyword.internal.WebUIKeywordMain.stepFailed(WebUIKeywordMain.groovy:64)
	at com.kms.katalon.core.webui.keyword.internal.WebUIKeywordMain.runKeyword(WebUIKeywordMain.groovy:26)
	at com.kms.katalon.core.webui.keyword.builtin.ClickKeyword.click(ClickKeyword.groovy:76)
	at com.kms.katalon.core.webui.keyword.builtin.ClickKeyword.execute(ClickKeyword.groovy:43)
	at com.kms.katalon.core.keyword.internal.KeywordExecutor.executeKeywordForPlatform(KeywordExecutor.groovy:72)
	at com.kms.katalon.core.webui.keyword.WebUiBuiltInKeywords.click(WebUiBuiltInKeywords.groovy:616)
	at com.kms.katalon.core.webui.keyword.WebUiBuiltInKeywords$click$3.call(Unknown Source)
	at 3. Customer Search For Kost 1 Month 2 Days.run(3. Customer Search For Kost 1 Month 2 Days:22)
	at com.kms.katalon.core.main.ScriptEngine.run(ScriptEngine.java:194)
	at com.kms.katalon.core.main.ScriptEngine.runScriptAsRawText(ScriptEngine.java:119)
	at com.kms.katalon.core.main.TestCaseExecutor.runScript(TestCaseExecutor.java:337)
	at com.kms.katalon.core.main.TestCaseExecutor.doExecute(TestCaseExecutor.java:328)
	at com.kms.katalon.core.main.TestCaseExecutor.processExecutionPhase(TestCaseExecutor.java:307)
	at com.kms.katalon.core.main.TestCaseExecutor.accessMainPhase(TestCaseExecutor.java:299)
	at com.kms.katalon.core.main.TestCaseExecutor.execute(TestCaseExecutor.java:233)
	at com.kms.katalon.core.main.TestSuiteExecutor.accessTestCaseMainPhase(TestSuiteExecutor.java:169)
	at com.kms.katalon.core.main.TestSuiteExecutor.accessTestSuiteMainPhase(TestSuiteExecutor.java:142)
	at com.kms.katalon.core.main.TestSuiteExecutor.execute(TestSuiteExecutor.java:91)
	at com.kms.katalon.core.main.TestCaseMain.startTestSuite(TestCaseMain.java:157)
	at com.kms.katalon.core.main.TestCaseMain$startTestSuite$0.call(Unknown Source)
	at TempTestSuite1590542839505.run(TempTestSuite1590542839505.groovy:36)
Caused by: com.kms.katalon.core.webui.exception.WebElementNotFoundException: Web element with id: 'Object Repository/Web RoomMe.id/Search Kost Menu/Text Location Suggestion' located by 'By.xpath: //div[@id='__layout']/div/div[2]/div/div[2]/div/div/div[2]/form/div/div/div/div/div/div/div[2]/div/a' not found
	at com.kms.katalon.core.webui.common.WebUiCommonHelper.findWebElement(WebUiCommonHelper.java:1154)
	at com.kms.katalon.core.webui.keyword.internal.WebUIAbstractKeyword.findWebElement(WebUIAbstractKeyword.groovy:27)
	at com.kms.katalon.core.webui.keyword.internal.WebUIAbstractKeyword.findWebElement(WebUIAbstractKeyword.groovy:26)
	at com.kms.katalon.core.webui.keyword.builtin.ClickKeyword$_click_closure1.doCall(ClickKeyword.groovy:67)
	at com.kms.katalon.core.webui.keyword.builtin.ClickKeyword$_click_closure1.call(ClickKeyword.groovy)
	at com.kms.katalon.core.webui.keyword.internal.WebUIKeywordMain.runKeyword(WebUIKeywordMain.groovy:20)
	at com.kms.katalon.core.webui.keyword.builtin.ClickKeyword.click(ClickKeyword.groovy:76)
	at com.kms.katalon.core.webui.keyword.builtin.ClickKeyword.execute(ClickKeyword.groovy:43)
	at com.kms.katalon.core.keyword.internal.KeywordExecutor.executeKeywordForPlatform(KeywordExecutor.groovy:72)
	at com.kms.katalon.core.webui.keyword.WebUiBuiltInKeywords.click(WebUiBuiltInKeywords.groovy:616)
	at com.kms.katalon.core.webui.keyword.WebUiBuiltInKeywords$click$3.call(Unknown Source)
	at Script1586772910109.run(Script1586772910109.groovy:22)
	... 13 more
)

2020-05-27 08:30:14 - [MESSAGE][INFO] - Unable to find the element located by 'By.xpath: //div[@id='__layout']/div/div[2]/div/div[2]/div/div/div[2]/form/div/div/div/div/div/div/div[2]/div/a'. Please recheck the objects properties to make sure the desired element is located. 

2020-05-27 08:30:15 - [MESSAGE][FAILED] - Unable to click on object 'Object Repository/Web RoomMe.id/Search Kost Menu/Text Location Suggestion' (Root cause: com.kms.katalon.core.exception.StepFailedException: Unable to click on object 'Object Repository/Web RoomMe.id/Search Kost Menu/Text Location Suggestion'
	at com.kms.katalon.core.webui.keyword.internal.WebUIKeywordMain.stepFailed(WebUIKeywordMain.groovy:64)
	at com.kms.katalon.core.webui.keyword.internal.WebUIKeywordMain.runKeyword(WebUIKeywordMain.groovy:26)
	at com.kms.katalon.core.webui.keyword.builtin.ClickKeyword.click(ClickKeyword.groovy:76)
	at com.kms.katalon.core.webui.keyword.builtin.ClickKeyword.execute(ClickKeyword.groovy:43)
	at com.kms.katalon.core.keyword.internal.KeywordExecutor.executeKeywordForPlatform(KeywordExecutor.groovy:72)
	at com.kms.katalon.core.webui.keyword.WebUiBuiltInKeywords.click(WebUiBuiltInKeywords.groovy:616)
	at com.kms.katalon.core.webui.keyword.WebUiBuiltInKeywords$click$3.call(Unknown Source)
	at 3. Customer Search For Kost 1 Month 2 Days.run(3. Customer Search For Kost 1 Month 2 Days:22)
	at com.kms.katalon.core.main.ScriptEngine.run(ScriptEngine.java:194)
	at com.kms.katalon.core.main.ScriptEngine.runScriptAsRawText(ScriptEngine.java:119)
	at com.kms.katalon.core.main.TestCaseExecutor.runScript(TestCaseExecutor.java:337)
	at com.kms.katalon.core.main.TestCaseExecutor.doExecute(TestCaseExecutor.java:328)
	at com.kms.katalon.core.main.TestCaseExecutor.processExecutionPhase(TestCaseExecutor.java:307)
	at com.kms.katalon.core.main.TestCaseExecutor.accessMainPhase(TestCaseExecutor.java:299)
	at com.kms.katalon.core.main.TestCaseExecutor.execute(TestCaseExecutor.java:233)
	at com.kms.katalon.core.main.TestSuiteExecutor.accessTestCaseMainPhase(TestSuiteExecutor.java:169)
	at com.kms.katalon.core.main.TestSuiteExecutor.accessTestSuiteMainPhase(TestSuiteExecutor.java:142)
	at com.kms.katalon.core.main.TestSuiteExecutor.execute(TestSuiteExecutor.java:91)
	at com.kms.katalon.core.main.TestCaseMain.startTestSuite(TestCaseMain.java:157)
	at com.kms.katalon.core.main.TestCaseMain$startTestSuite$0.call(Unknown Source)
	at TempTestSuite1590542839505.run(TempTestSuite1590542839505.groovy:36)
Caused by: com.kms.katalon.core.webui.exception.WebElementNotFoundException: Web element with id: 'Object Repository/Web RoomMe.id/Search Kost Menu/Text Location Suggestion' located by 'By.xpath: //div[@id='__layout']/div/div[2]/div/div[2]/div/div/div[2]/form/div/div/div/div/div/div/div[2]/div/a' not found
	at com.kms.katalon.core.webui.common.WebUiCommonHelper.findWebElement(WebUiCommonHelper.java:1154)
	at com.kms.katalon.core.webui.keyword.internal.WebUIAbstractKeyword.findWebElement(WebUIAbstractKeyword.groovy:27)
	at com.kms.katalon.core.webui.keyword.internal.WebUIAbstractKeyword.findWebElement(WebUIAbstractKeyword.groovy:26)
	at com.kms.katalon.core.webui.keyword.builtin.ClickKeyword$_click_closure1.doCall(ClickKeyword.groovy:67)
	at com.kms.katalon.core.webui.keyword.builtin.ClickKeyword$_click_closure1.call(ClickKeyword.groovy)
	at com.kms.katalon.core.webui.keyword.internal.WebUIKeywordMain.runKeyword(WebUIKeywordMain.groovy:20)
	at com.kms.katalon.core.webui.keyword.builtin.ClickKeyword.click(ClickKeyword.groovy:76)
	at com.kms.katalon.core.webui.keyword.builtin.ClickKeyword.execute(ClickKeyword.groovy:43)
	at com.kms.katalon.core.keyword.internal.KeywordExecutor.executeKeywordForPlatform(KeywordExecutor.groovy:72)
	at com.kms.katalon.core.webui.keyword.WebUiBuiltInKeywords.click(WebUiBuiltInKeywords.groovy:616)
	at com.kms.katalon.core.webui.keyword.WebUiBuiltInKeywords$click$3.call(Unknown Source)
	at Script1586772910109.run(Script1586772910109.groovy:22)
	... 13 more
)
[[ATTACHMENT|C:\\Users\\Faldi\\Katalon Studio\\katalonroomme\\Reports\\20200527_082716\\Web RoomMe.id\\Customer Search For Kost\\20200527_082719\\1590543014679.png]]]]></system-out>
         <system-err><![CDATA[2020-05-27 08:28:28 - [TEST_CASE][FAILED] - Test Cases/Web RoomMe.id/8. Search for Kost/3. Customer Search For Kost 1 Month 2 Days: Test Cases/Web RoomMe.id/8. Search for Kost/3. Customer Search For Kost 1 Month 2 Days FAILED.
Reason:
com.kms.katalon.core.exception.StepFailedException: Unable to click on object 'Object Repository/Web RoomMe.id/Search Kost Menu/Text Location Suggestion'
	at com.kms.katalon.core.webui.keyword.internal.WebUIKeywordMain.stepFailed(WebUIKeywordMain.groovy:64)
	at com.kms.katalon.core.webui.keyword.internal.WebUIKeywordMain.runKeyword(WebUIKeywordMain.groovy:26)
	at com.kms.katalon.core.webui.keyword.builtin.ClickKeyword.click(ClickKeyword.groovy:76)
	at com.kms.katalon.core.webui.keyword.builtin.ClickKeyword.execute(ClickKeyword.groovy:43)
	at com.kms.katalon.core.keyword.internal.KeywordExecutor.executeKeywordForPlatform(KeywordExecutor.groovy:72)
	at com.kms.katalon.core.webui.keyword.WebUiBuiltInKeywords.click(WebUiBuiltInKeywords.groovy:616)
	at com.kms.katalon.core.webui.keyword.WebUiBuiltInKeywords$click$3.call(Unknown Source)
	at 3. Customer Search For Kost 1 Month 2 Days.run(3. Customer Search For Kost 1 Month 2 Days:22)
	at com.kms.katalon.core.main.ScriptEngine.run(ScriptEngine.java:194)
	at com.kms.katalon.core.main.ScriptEngine.runScriptAsRawText(ScriptEngine.java:119)
	at com.kms.katalon.core.main.TestCaseExecutor.runScript(TestCaseExecutor.java:337)
	at com.kms.katalon.core.main.TestCaseExecutor.doExecute(TestCaseExecutor.java:328)
	at com.kms.katalon.core.main.TestCaseExecutor.processExecutionPhase(TestCaseExecutor.java:307)
	at com.kms.katalon.core.main.TestCaseExecutor.accessMainPhase(TestCaseExecutor.java:299)
	at com.kms.katalon.core.main.TestCaseExecutor.execute(TestCaseExecutor.java:233)
	at com.kms.katalon.core.main.TestSuiteExecutor.accessTestCaseMainPhase(TestSuiteExecutor.java:169)
	at com.kms.katalon.core.main.TestSuiteExecutor.accessTestSuiteMainPhase(TestSuiteExecutor.java:142)
	at com.kms.katalon.core.main.TestSuiteExecutor.execute(TestSuiteExecutor.java:91)
	at com.kms.katalon.core.main.TestCaseMain.startTestSuite(TestCaseMain.java:157)
	at com.kms.katalon.core.main.TestCaseMain$startTestSuite$0.call(Unknown Source)
	at TempTestSuite1590542839505.run(TempTestSuite1590542839505.groovy:36)
Caused by: com.kms.katalon.core.webui.exception.WebElementNotFoundException: Web element with id: 'Object Repository/Web RoomMe.id/Search Kost Menu/Text Location Suggestion' located by 'By.xpath: //div[@id='__layout']/div/div[2]/div/div[2]/div/div/div[2]/form/div/div/div/div/div/div/div[2]/div/a' not found
	at com.kms.katalon.core.webui.common.WebUiCommonHelper.findWebElement(WebUiCommonHelper.java:1154)
	at com.kms.katalon.core.webui.keyword.internal.WebUIAbstractKeyword.findWebElement(WebUIAbstractKeyword.groovy:27)
	at com.kms.katalon.core.webui.keyword.internal.WebUIAbstractKeyword.findWebElement(WebUIAbstractKeyword.groovy:26)
	at com.kms.katalon.core.webui.keyword.builtin.ClickKeyword$_click_closure1.doCall(ClickKeyword.groovy:67)
	at com.kms.katalon.core.webui.keyword.builtin.ClickKeyword$_click_closure1.call(ClickKeyword.groovy)
	at com.kms.katalon.core.webui.keyword.internal.WebUIKeywordMain.runKeyword(WebUIKeywordMain.groovy:20)
	... 19 more]]></system-err>
      </testcase>
      <testcase name="Test Cases/Web RoomMe.id/8. Search for Kost/4. Customer Search For Kost 2 Months 0 Day" time="21.106" classname="Test Cases/Web RoomMe.id/8. Search for Kost/4. Customer Search For Kost 2 Months 0 Day" status="PASSED">
         <system-out><![CDATA[2020-05-27 08:30:15 - [TEST_CASE][PASSED] - Test Cases/Web RoomMe.id/8. Search for Kost/4. Customer Search For Kost 2 Months 0 Day: Test Cases/Web RoomMe.id/8. Search for Kost/4. Customer Search For Kost 2 Months 0 Day

2020-05-27 08:30:15 - [TEST_STEP][PASSED] - callTestCase(findTestCase("Web RoomMe.id/1. Homepage/1. Customer Access RoomMe Page"), [:], STOP_ON_FAILURE): Call Test Case 'Test Cases/Web RoomMe.id/1. Homepage/1. Customer Access RoomMe Page' successfully

2020-05-27 08:30:16 - [TEST_CASE][PASSED] - Test Cases/Web RoomMe.id/1. Homepage/1. Customer Access RoomMe Page: Test Cases/Web RoomMe.id/1. Homepage/1. Customer Access RoomMe Page

2020-05-27 08:30:16 - [TEST_STEP][PASSED] - openBrowser(url): Browser is opened with url: 'roomme.id'

2020-05-27 08:30:16 - [MESSAGE][WARNING] - A browser is already opened. Closing browser and opening a new one

2020-05-27 08:30:16 - [MESSAGE][INFO] - Starting 'Chrome' driver

2020-05-27 08:30:26 - [MESSAGE][PASSED] - Browser is opened with url: 'roomme.id'

2020-05-27 08:30:26 - [TEST_STEP][PASSED] - maximizeWindow(): Current window maximized

2020-05-27 08:30:29 - [MESSAGE][PASSED] - Current window maximized

2020-05-27 08:30:29 - [TEST_STEP][PASSED] - waitForPageLoad(0): Wait for page load successfully

2020-05-27 08:30:29 - [MESSAGE][WARNING] - Timeout '0' is invalid. Using default page load timeout: '60'

2020-05-27 08:30:29 - [MESSAGE][PASSED] - Wait for page load successfully

2020-05-27 08:30:29 - [MESSAGE][PASSED] - Call Test Case 'Test Cases/Web RoomMe.id/1. Homepage/1. Customer Access RoomMe Page' successfully

2020-05-27 08:30:29 - [TEST_STEP][PASSED] - sendKeys(findTestObject("Web RoomMe.id/Search Kost Menu/Textfield Input Location"), "jakarta"): Keys 'jakarta' sent to object: 'Object Repository/Web RoomMe.id/Search Kost Menu/Textfield Input Location'

2020-05-27 08:30:29 - [MESSAGE][PASSED] - Keys 'jakarta' sent to object: 'Object Repository/Web RoomMe.id/Search Kost Menu/Textfield Input Location'

2020-05-27 08:30:29 - [TEST_STEP][PASSED] - click(findTestObject("Web RoomMe.id/Search Kost Menu/Text Location Suggestion")): Object: 'Object Repository/Web RoomMe.id/Search Kost Menu/Text Location Suggestion' is clicked on

2020-05-27 08:30:30 - [MESSAGE][PASSED] - Object: 'Object Repository/Web RoomMe.id/Search Kost Menu/Text Location Suggestion' is clicked on

2020-05-27 08:30:30 - [TEST_STEP][PASSED] - click(findTestObject("Web RoomMe.id/Search Kost Menu/Datepicker Check-in")): Object: 'Object Repository/Web RoomMe.id/Search Kost Menu/Datepicker Check-in' is clicked on

2020-05-27 08:30:31 - [MESSAGE][PASSED] - Object: 'Object Repository/Web RoomMe.id/Search Kost Menu/Datepicker Check-in' is clicked on

2020-05-27 08:30:31 - [TEST_STEP][PASSED] - click(findTestObject("Object Repository/Web RoomMe.id/Search Kost Menu/Day Pick")): Object: 'Object Repository/Web RoomMe.id/Search Kost Menu/Day Pick' is clicked on

2020-05-27 08:30:32 - [MESSAGE][PASSED] - Object: 'Object Repository/Web RoomMe.id/Search Kost Menu/Day Pick' is clicked on

2020-05-27 08:30:32 - [TEST_STEP][PASSED] - click(findTestObject("Object Repository/Web RoomMe.id/Search Kost Menu/Button Duration")): Object: 'Object Repository/Web RoomMe.id/Search Kost Menu/Button Duration' is clicked on

2020-05-27 08:30:32 - [MESSAGE][PASSED] - Object: 'Object Repository/Web RoomMe.id/Search Kost Menu/Button Duration' is clicked on

2020-05-27 08:30:32 - [TEST_STEP][PASSED] - click(findTestObject("Web RoomMe.id/Search Kost Menu/Button 2 Months")): Object: 'Object Repository/Web RoomMe.id/Search Kost Menu/Button 2 Months' is clicked on

2020-05-27 08:30:33 - [MESSAGE][PASSED] - Object: 'Object Repository/Web RoomMe.id/Search Kost Menu/Button 2 Months' is clicked on

2020-05-27 08:30:33 - [TEST_STEP][PASSED] - click(findTestObject("Object Repository/Web RoomMe.id/Search Kost Menu/Button Additional")): Object: 'Object Repository/Web RoomMe.id/Search Kost Menu/Button Additional' is clicked on

2020-05-27 08:30:34 - [MESSAGE][PASSED] - Object: 'Object Repository/Web RoomMe.id/Search Kost Menu/Button Additional' is clicked on

2020-05-27 08:30:34 - [TEST_STEP][NOT_RUN] - click(findTestObject("Web RoomMe.id/Search Kost Menu/Button 2 Days")): NOT_RUN: click(findTestObject("Web RoomMe.id/Search Kost Menu/Button 2 Days"))

2020-05-27 08:30:34 - [MESSAGE][NOT_RUN] - NOT_RUN: click(findTestObject("Web RoomMe.id/Search Kost Menu/Button 2 Days"))

2020-05-27 08:30:34 - [TEST_STEP][PASSED] - click(findTestObject("Object Repository/Web RoomMe.id/Search Kost Menu/Button Search")): Object: 'Object Repository/Web RoomMe.id/Search Kost Menu/Button Search' is clicked on

2020-05-27 08:30:36 - [MESSAGE][PASSED] - Object: 'Object Repository/Web RoomMe.id/Search Kost Menu/Button Search' is clicked on

2020-05-27 08:30:36 - [TEST_STEP][NOT_RUN] - verifyElementVisible(findTestObject("Web RoomMe.id/Search Result Menu/Field Facilities")): NOT_RUN: verifyElementVisible(findTestObject("Web RoomMe.id/Search Result Menu/Field Facilities"))

2020-05-27 08:30:36 - [MESSAGE][NOT_RUN] - NOT_RUN: verifyElementVisible(findTestObject("Web RoomMe.id/Search Result Menu/Field Facilities"))

2020-05-27 08:30:36 - [TEST_STEP][NOT_RUN] - verifyElementVisible(findTestObject("Web RoomMe.id/Search Result Menu/Text Nama Kost")): NOT_RUN: verifyElementVisible(findTestObject("Web RoomMe.id/Search Result Menu/Text Nama Kost"))

2020-05-27 08:30:36 - [MESSAGE][NOT_RUN] - NOT_RUN: verifyElementVisible(findTestObject("Web RoomMe.id/Search Result Menu/Text Nama Kost"))

2020-05-27 08:30:36 - [TEST_STEP][NOT_RUN] - verifyElementVisible(findTestObject("Web RoomMe.id/Search Result Menu/div_Submit_col-md-4 img-s")): NOT_RUN: verifyElementVisible(findTestObject("Web RoomMe.id/Search Result Menu/div_Submit_col-md-4 img-s"))

2020-05-27 08:30:36 - [MESSAGE][NOT_RUN] - NOT_RUN: verifyElementVisible(findTestObject("Web RoomMe.id/Search Result Menu/div_Submit_col-md-4 img-s"))

2020-05-27 08:30:36 - [TEST_STEP][NOT_RUN] - verifyElementVisible(findTestObject("Web RoomMe.id/Search Result Menu/div_Rp1400000")): NOT_RUN: verifyElementVisible(findTestObject("Web RoomMe.id/Search Result Menu/div_Rp1400000"))

2020-05-27 08:30:36 - [MESSAGE][NOT_RUN] - NOT_RUN: verifyElementVisible(findTestObject("Web RoomMe.id/Search Result Menu/div_Rp1400000"))

2020-05-27 08:30:36 - [TEST_STEP][NOT_RUN] - verifyElementVisible(findTestObject("Web RoomMe.id/Search Result Menu/Image Kost")): NOT_RUN: verifyElementVisible(findTestObject("Web RoomMe.id/Search Result Menu/Image Kost"))

2020-05-27 08:30:36 - [MESSAGE][NOT_RUN] - NOT_RUN: verifyElementVisible(findTestObject("Web RoomMe.id/Search Result Menu/Image Kost"))

2020-05-27 08:30:36 - [TEST_STEP][PASSED] - waitForPageLoad(0): Wait for page load successfully

2020-05-27 08:30:36 - [MESSAGE][WARNING] - Timeout '0' is invalid. Using default page load timeout: '60'

2020-05-27 08:30:36 - [MESSAGE][PASSED] - Wait for page load successfully]]></system-out>
         <system-err><![CDATA[]]></system-err>
      </testcase>
      <testcase name="Test Cases/Web RoomMe.id/8. Search for Kost/5. Customer Search For Kost 2 Months 1 Day" time="19.923" classname="Test Cases/Web RoomMe.id/8. Search for Kost/5. Customer Search For Kost 2 Months 1 Day" status="PASSED">
         <system-out><![CDATA[2020-05-27 08:30:36 - [TEST_CASE][PASSED] - Test Cases/Web RoomMe.id/8. Search for Kost/5. Customer Search For Kost 2 Months 1 Day: Test Cases/Web RoomMe.id/8. Search for Kost/5. Customer Search For Kost 2 Months 1 Day

2020-05-27 08:30:36 - [TEST_STEP][PASSED] - callTestCase(findTestCase("Web RoomMe.id/1. Homepage/1. Customer Access RoomMe Page"), [:], STOP_ON_FAILURE): Call Test Case 'Test Cases/Web RoomMe.id/1. Homepage/1. Customer Access RoomMe Page' successfully

2020-05-27 08:30:37 - [TEST_CASE][PASSED] - Test Cases/Web RoomMe.id/1. Homepage/1. Customer Access RoomMe Page: Test Cases/Web RoomMe.id/1. Homepage/1. Customer Access RoomMe Page

2020-05-27 08:30:37 - [TEST_STEP][PASSED] - openBrowser(url): Browser is opened with url: 'roomme.id'

2020-05-27 08:30:37 - [MESSAGE][WARNING] - A browser is already opened. Closing browser and opening a new one

2020-05-27 08:30:37 - [MESSAGE][INFO] - Starting 'Chrome' driver

2020-05-27 08:30:45 - [MESSAGE][PASSED] - Browser is opened with url: 'roomme.id'

2020-05-27 08:30:45 - [TEST_STEP][PASSED] - maximizeWindow(): Current window maximized

2020-05-27 08:30:47 - [MESSAGE][PASSED] - Current window maximized

2020-05-27 08:30:47 - [TEST_STEP][PASSED] - waitForPageLoad(0): Wait for page load successfully

2020-05-27 08:30:47 - [MESSAGE][WARNING] - Timeout '0' is invalid. Using default page load timeout: '60'

2020-05-27 08:30:47 - [MESSAGE][PASSED] - Wait for page load successfully

2020-05-27 08:30:47 - [MESSAGE][PASSED] - Call Test Case 'Test Cases/Web RoomMe.id/1. Homepage/1. Customer Access RoomMe Page' successfully

2020-05-27 08:30:47 - [TEST_STEP][PASSED] - sendKeys(findTestObject("Web RoomMe.id/Search Kost Menu/Textfield Input Location"), "jakarta"): Keys 'jakarta' sent to object: 'Object Repository/Web RoomMe.id/Search Kost Menu/Textfield Input Location'

2020-05-27 08:30:48 - [MESSAGE][PASSED] - Keys 'jakarta' sent to object: 'Object Repository/Web RoomMe.id/Search Kost Menu/Textfield Input Location'

2020-05-27 08:30:48 - [TEST_STEP][PASSED] - click(findTestObject("Web RoomMe.id/Search Kost Menu/Text Location Suggestion")): Object: 'Object Repository/Web RoomMe.id/Search Kost Menu/Text Location Suggestion' is clicked on

2020-05-27 08:30:49 - [MESSAGE][PASSED] - Object: 'Object Repository/Web RoomMe.id/Search Kost Menu/Text Location Suggestion' is clicked on

2020-05-27 08:30:49 - [TEST_STEP][PASSED] - click(findTestObject("Web RoomMe.id/Search Kost Menu/Datepicker Check-in")): Object: 'Object Repository/Web RoomMe.id/Search Kost Menu/Datepicker Check-in' is clicked on

2020-05-27 08:30:49 - [MESSAGE][PASSED] - Object: 'Object Repository/Web RoomMe.id/Search Kost Menu/Datepicker Check-in' is clicked on

2020-05-27 08:30:49 - [TEST_STEP][PASSED] - click(findTestObject("Object Repository/Web RoomMe.id/Search Kost Menu/Day Pick")): Object: 'Object Repository/Web RoomMe.id/Search Kost Menu/Day Pick' is clicked on

2020-05-27 08:30:50 - [MESSAGE][PASSED] - Object: 'Object Repository/Web RoomMe.id/Search Kost Menu/Day Pick' is clicked on

2020-05-27 08:30:50 - [TEST_STEP][PASSED] - click(findTestObject("Object Repository/Web RoomMe.id/Search Kost Menu/Button Duration")): Object: 'Object Repository/Web RoomMe.id/Search Kost Menu/Button Duration' is clicked on

2020-05-27 08:30:51 - [MESSAGE][PASSED] - Object: 'Object Repository/Web RoomMe.id/Search Kost Menu/Button Duration' is clicked on

2020-05-27 08:30:51 - [TEST_STEP][PASSED] - click(findTestObject("Web RoomMe.id/Search Kost Menu/Button 2 Months")): Object: 'Object Repository/Web RoomMe.id/Search Kost Menu/Button 2 Months' is clicked on

2020-05-27 08:30:52 - [MESSAGE][PASSED] - Object: 'Object Repository/Web RoomMe.id/Search Kost Menu/Button 2 Months' is clicked on

2020-05-27 08:30:52 - [TEST_STEP][PASSED] - click(findTestObject("Object Repository/Web RoomMe.id/Search Kost Menu/Button Additional")): Object: 'Object Repository/Web RoomMe.id/Search Kost Menu/Button Additional' is clicked on

2020-05-27 08:30:52 - [MESSAGE][PASSED] - Object: 'Object Repository/Web RoomMe.id/Search Kost Menu/Button Additional' is clicked on

2020-05-27 08:30:52 - [TEST_STEP][PASSED] - click(findTestObject("Web RoomMe.id/Search Kost Menu/Button 1 Day")): Object: 'Object Repository/Web RoomMe.id/Search Kost Menu/Button 1 Day' is clicked on

2020-05-27 08:30:53 - [MESSAGE][PASSED] - Object: 'Object Repository/Web RoomMe.id/Search Kost Menu/Button 1 Day' is clicked on

2020-05-27 08:30:53 - [TEST_STEP][PASSED] - click(findTestObject("Object Repository/Web RoomMe.id/Search Kost Menu/Button Search")): Object: 'Object Repository/Web RoomMe.id/Search Kost Menu/Button Search' is clicked on

2020-05-27 08:30:56 - [MESSAGE][PASSED] - Object: 'Object Repository/Web RoomMe.id/Search Kost Menu/Button Search' is clicked on

2020-05-27 08:30:56 - [TEST_STEP][NOT_RUN] - verifyElementVisible(findTestObject("Web RoomMe.id/Search Result Menu/Field Facilities")): NOT_RUN: verifyElementVisible(findTestObject("Web RoomMe.id/Search Result Menu/Field Facilities"))

2020-05-27 08:30:56 - [MESSAGE][NOT_RUN] - NOT_RUN: verifyElementVisible(findTestObject("Web RoomMe.id/Search Result Menu/Field Facilities"))

2020-05-27 08:30:56 - [TEST_STEP][NOT_RUN] - verifyElementVisible(findTestObject("Web RoomMe.id/Search Result Menu/Text Nama Kost")): NOT_RUN: verifyElementVisible(findTestObject("Web RoomMe.id/Search Result Menu/Text Nama Kost"))

2020-05-27 08:30:56 - [MESSAGE][NOT_RUN] - NOT_RUN: verifyElementVisible(findTestObject("Web RoomMe.id/Search Result Menu/Text Nama Kost"))

2020-05-27 08:30:56 - [TEST_STEP][NOT_RUN] - verifyElementVisible(findTestObject("Web RoomMe.id/Search Result Menu/div_Submit_col-md-4 img-s")): NOT_RUN: verifyElementVisible(findTestObject("Web RoomMe.id/Search Result Menu/div_Submit_col-md-4 img-s"))

2020-05-27 08:30:56 - [MESSAGE][NOT_RUN] - NOT_RUN: verifyElementVisible(findTestObject("Web RoomMe.id/Search Result Menu/div_Submit_col-md-4 img-s"))

2020-05-27 08:30:56 - [TEST_STEP][NOT_RUN] - verifyElementVisible(findTestObject("Web RoomMe.id/Search Result Menu/div_Rp1400000")): NOT_RUN: verifyElementVisible(findTestObject("Web RoomMe.id/Search Result Menu/div_Rp1400000"))

2020-05-27 08:30:56 - [MESSAGE][NOT_RUN] - NOT_RUN: verifyElementVisible(findTestObject("Web RoomMe.id/Search Result Menu/div_Rp1400000"))

2020-05-27 08:30:56 - [TEST_STEP][NOT_RUN] - verifyElementVisible(findTestObject("Web RoomMe.id/Search Result Menu/Image Kost")): NOT_RUN: verifyElementVisible(findTestObject("Web RoomMe.id/Search Result Menu/Image Kost"))

2020-05-27 08:30:56 - [MESSAGE][NOT_RUN] - NOT_RUN: verifyElementVisible(findTestObject("Web RoomMe.id/Search Result Menu/Image Kost"))

2020-05-27 08:30:56 - [TEST_STEP][PASSED] - waitForPageLoad(0): Wait for page load successfully

2020-05-27 08:30:56 - [MESSAGE][WARNING] - Timeout '0' is invalid. Using default page load timeout: '60'

2020-05-27 08:30:56 - [MESSAGE][PASSED] - Wait for page load successfully]]></system-out>
         <system-err><![CDATA[]]></system-err>
      </testcase>
      <testcase name="Test Cases/Web RoomMe.id/8. Search for Kost/6. Customer Search For Kost 2 Months 2 Days" time="20.76" classname="Test Cases/Web RoomMe.id/8. Search for Kost/6. Customer Search For Kost 2 Months 2 Days" status="PASSED">
         <system-out><![CDATA[2020-05-27 08:30:56 - [TEST_CASE][PASSED] - Test Cases/Web RoomMe.id/8. Search for Kost/6. Customer Search For Kost 2 Months 2 Days: Test Cases/Web RoomMe.id/8. Search for Kost/6. Customer Search For Kost 2 Months 2 Days

2020-05-27 08:30:56 - [TEST_STEP][PASSED] - callTestCase(findTestCase("Web RoomMe.id/1. Homepage/1. Customer Access RoomMe Page"), [:], STOP_ON_FAILURE): Call Test Case 'Test Cases/Web RoomMe.id/1. Homepage/1. Customer Access RoomMe Page' successfully

2020-05-27 08:30:56 - [TEST_CASE][PASSED] - Test Cases/Web RoomMe.id/1. Homepage/1. Customer Access RoomMe Page: Test Cases/Web RoomMe.id/1. Homepage/1. Customer Access RoomMe Page

2020-05-27 08:30:56 - [TEST_STEP][PASSED] - openBrowser(url): Browser is opened with url: 'roomme.id'

2020-05-27 08:30:56 - [MESSAGE][WARNING] - A browser is already opened. Closing browser and opening a new one

2020-05-27 08:30:58 - [MESSAGE][INFO] - Starting 'Chrome' driver

2020-05-27 08:31:06 - [MESSAGE][PASSED] - Browser is opened with url: 'roomme.id'

2020-05-27 08:31:06 - [TEST_STEP][PASSED] - maximizeWindow(): Current window maximized

2020-05-27 08:31:09 - [MESSAGE][PASSED] - Current window maximized

2020-05-27 08:31:09 - [TEST_STEP][PASSED] - waitForPageLoad(0): Wait for page load successfully

2020-05-27 08:31:09 - [MESSAGE][WARNING] - Timeout '0' is invalid. Using default page load timeout: '60'

2020-05-27 08:31:09 - [MESSAGE][PASSED] - Wait for page load successfully

2020-05-27 08:31:09 - [MESSAGE][PASSED] - Call Test Case 'Test Cases/Web RoomMe.id/1. Homepage/1. Customer Access RoomMe Page' successfully

2020-05-27 08:31:09 - [TEST_STEP][PASSED] - sendKeys(findTestObject("Web RoomMe.id/Search Kost Menu/Textfield Input Location"), "jakarta"): Keys 'jakarta' sent to object: 'Object Repository/Web RoomMe.id/Search Kost Menu/Textfield Input Location'

2020-05-27 08:31:09 - [MESSAGE][PASSED] - Keys 'jakarta' sent to object: 'Object Repository/Web RoomMe.id/Search Kost Menu/Textfield Input Location'

2020-05-27 08:31:09 - [TEST_STEP][PASSED] - click(findTestObject("Web RoomMe.id/Search Kost Menu/Text Location Suggestion")): Object: 'Object Repository/Web RoomMe.id/Search Kost Menu/Text Location Suggestion' is clicked on

2020-05-27 08:31:10 - [MESSAGE][PASSED] - Object: 'Object Repository/Web RoomMe.id/Search Kost Menu/Text Location Suggestion' is clicked on

2020-05-27 08:31:10 - [TEST_STEP][PASSED] - click(findTestObject("Web RoomMe.id/Search Kost Menu/Datepicker Check-in")): Object: 'Object Repository/Web RoomMe.id/Search Kost Menu/Datepicker Check-in' is clicked on

2020-05-27 08:31:11 - [MESSAGE][PASSED] - Object: 'Object Repository/Web RoomMe.id/Search Kost Menu/Datepicker Check-in' is clicked on

2020-05-27 08:31:11 - [TEST_STEP][PASSED] - click(findTestObject("Object Repository/Web RoomMe.id/Search Kost Menu/Day Pick")): Object: 'Object Repository/Web RoomMe.id/Search Kost Menu/Day Pick' is clicked on

2020-05-27 08:31:11 - [MESSAGE][PASSED] - Object: 'Object Repository/Web RoomMe.id/Search Kost Menu/Day Pick' is clicked on

2020-05-27 08:31:11 - [TEST_STEP][PASSED] - click(findTestObject("Object Repository/Web RoomMe.id/Search Kost Menu/Button Duration")): Object: 'Object Repository/Web RoomMe.id/Search Kost Menu/Button Duration' is clicked on

2020-05-27 08:31:12 - [MESSAGE][PASSED] - Object: 'Object Repository/Web RoomMe.id/Search Kost Menu/Button Duration' is clicked on

2020-05-27 08:31:12 - [TEST_STEP][PASSED] - click(findTestObject("Web RoomMe.id/Search Kost Menu/Button 2 Months")): Object: 'Object Repository/Web RoomMe.id/Search Kost Menu/Button 2 Months' is clicked on

2020-05-27 08:31:13 - [MESSAGE][PASSED] - Object: 'Object Repository/Web RoomMe.id/Search Kost Menu/Button 2 Months' is clicked on

2020-05-27 08:31:13 - [TEST_STEP][PASSED] - click(findTestObject("Object Repository/Web RoomMe.id/Search Kost Menu/Button Additional")): Object: 'Object Repository/Web RoomMe.id/Search Kost Menu/Button Additional' is clicked on

2020-05-27 08:31:13 - [MESSAGE][PASSED] - Object: 'Object Repository/Web RoomMe.id/Search Kost Menu/Button Additional' is clicked on

2020-05-27 08:31:13 - [TEST_STEP][PASSED] - click(findTestObject("Web RoomMe.id/Search Kost Menu/Button 2 Days")): Object: 'Object Repository/Web RoomMe.id/Search Kost Menu/Button 2 Days' is clicked on

2020-05-27 08:31:14 - [MESSAGE][PASSED] - Object: 'Object Repository/Web RoomMe.id/Search Kost Menu/Button 2 Days' is clicked on

2020-05-27 08:31:14 - [TEST_STEP][PASSED] - click(findTestObject("Object Repository/Web RoomMe.id/Search Kost Menu/Button Search")): Object: 'Object Repository/Web RoomMe.id/Search Kost Menu/Button Search' is clicked on

2020-05-27 08:31:16 - [MESSAGE][PASSED] - Object: 'Object Repository/Web RoomMe.id/Search Kost Menu/Button Search' is clicked on

2020-05-27 08:31:16 - [TEST_STEP][NOT_RUN] - verifyElementVisible(findTestObject("Web RoomMe.id/Search Result Menu/Field Facilities")): NOT_RUN: verifyElementVisible(findTestObject("Web RoomMe.id/Search Result Menu/Field Facilities"))

2020-05-27 08:31:16 - [MESSAGE][NOT_RUN] - NOT_RUN: verifyElementVisible(findTestObject("Web RoomMe.id/Search Result Menu/Field Facilities"))

2020-05-27 08:31:16 - [TEST_STEP][NOT_RUN] - verifyElementVisible(findTestObject("Web RoomMe.id/Search Result Menu/Text Nama Kost")): NOT_RUN: verifyElementVisible(findTestObject("Web RoomMe.id/Search Result Menu/Text Nama Kost"))

2020-05-27 08:31:16 - [MESSAGE][NOT_RUN] - NOT_RUN: verifyElementVisible(findTestObject("Web RoomMe.id/Search Result Menu/Text Nama Kost"))

2020-05-27 08:31:16 - [TEST_STEP][NOT_RUN] - verifyElementVisible(findTestObject("Web RoomMe.id/Search Result Menu/div_Submit_col-md-4 img-s")): NOT_RUN: verifyElementVisible(findTestObject("Web RoomMe.id/Search Result Menu/div_Submit_col-md-4 img-s"))

2020-05-27 08:31:16 - [MESSAGE][NOT_RUN] - NOT_RUN: verifyElementVisible(findTestObject("Web RoomMe.id/Search Result Menu/div_Submit_col-md-4 img-s"))

2020-05-27 08:31:16 - [TEST_STEP][NOT_RUN] - verifyElementVisible(findTestObject("Web RoomMe.id/Search Result Menu/div_Rp1400000")): NOT_RUN: verifyElementVisible(findTestObject("Web RoomMe.id/Search Result Menu/div_Rp1400000"))

2020-05-27 08:31:16 - [MESSAGE][NOT_RUN] - NOT_RUN: verifyElementVisible(findTestObject("Web RoomMe.id/Search Result Menu/div_Rp1400000"))

2020-05-27 08:31:16 - [TEST_STEP][NOT_RUN] - verifyElementVisible(findTestObject("Web RoomMe.id/Search Result Menu/Image Kost")): NOT_RUN: verifyElementVisible(findTestObject("Web RoomMe.id/Search Result Menu/Image Kost"))

2020-05-27 08:31:16 - [MESSAGE][NOT_RUN] - NOT_RUN: verifyElementVisible(findTestObject("Web RoomMe.id/Search Result Menu/Image Kost"))

2020-05-27 08:31:16 - [TEST_STEP][PASSED] - waitForPageLoad(0): Wait for page load successfully

2020-05-27 08:31:16 - [MESSAGE][WARNING] - Timeout '0' is invalid. Using default page load timeout: '60'

2020-05-27 08:31:17 - [MESSAGE][PASSED] - Wait for page load successfully]]></system-out>
         <system-err><![CDATA[]]></system-err>
      </testcase>
      <system-out><![CDATA[2020-05-27 08:27:44 - [TEST_SUITE][FAILED] - Customer Search For Kost: Test Cases/Web RoomMe.id/8. Search for Kost/3. Customer Search For Kost 1 Month 2 Days FAILED.
Reason:
com.kms.katalon.core.exception.StepFailedException: Unable to click on object 'Object Repository/Web RoomMe.id/Search Kost Menu/Text Location Suggestion'
	at com.kms.katalon.core.webui.keyword.internal.WebUIKeywordMain.stepFailed(WebUIKeywordMain.groovy:64)
	at com.kms.katalon.core.webui.keyword.internal.WebUIKeywordMain.runKeyword(WebUIKeywordMain.groovy:26)
	at com.kms.katalon.core.webui.keyword.builtin.ClickKeyword.click(ClickKeyword.groovy:76)
	at com.kms.katalon.core.webui.keyword.builtin.ClickKeyword.execute(ClickKeyword.groovy:43)
	at com.kms.katalon.core.keyword.internal.KeywordExecutor.executeKeywordForPlatform(KeywordExecutor.groovy:72)
	at com.kms.katalon.core.webui.keyword.WebUiBuiltInKeywords.click(WebUiBuiltInKeywords.groovy:616)
	at com.kms.katalon.core.webui.keyword.WebUiBuiltInKeywords$click$3.call(Unknown Source)
	at 3. Customer Search For Kost 1 Month 2 Days.run(3. Customer Search For Kost 1 Month 2 Days:22)
	at com.kms.katalon.core.main.ScriptEngine.run(ScriptEngine.java:194)
	at com.kms.katalon.core.main.ScriptEngine.runScriptAsRawText(ScriptEngine.java:119)
	at com.kms.katalon.core.main.TestCaseExecutor.runScript(TestCaseExecutor.java:337)
	at com.kms.katalon.core.main.TestCaseExecutor.doExecute(TestCaseExecutor.java:328)
	at com.kms.katalon.core.main.TestCaseExecutor.processExecutionPhase(TestCaseExecutor.java:307)
	at com.kms.katalon.core.main.TestCaseExecutor.accessMainPhase(TestCaseExecutor.java:299)
	at com.kms.katalon.core.main.TestCaseExecutor.execute(TestCaseExecutor.java:233)
	at com.kms.katalon.core.main.TestSuiteExecutor.accessTestCaseMainPhase(TestSuiteExecutor.java:169)
	at com.kms.katalon.core.main.TestSuiteExecutor.accessTestSuiteMainPhase(TestSuiteExecutor.java:142)
	at com.kms.katalon.core.main.TestSuiteExecutor.execute(TestSuiteExecutor.java:91)
	at com.kms.katalon.core.main.TestCaseMain.startTestSuite(TestCaseMain.java:157)
	at com.kms.katalon.core.main.TestCaseMain$startTestSuite$0.call(Unknown Source)
	at TempTestSuite1590542839505.run(TempTestSuite1590542839505.groovy:36)
Caused by: com.kms.katalon.core.webui.exception.WebElementNotFoundException: Web element with id: 'Object Repository/Web RoomMe.id/Search Kost Menu/Text Location Suggestion' located by 'By.xpath: //div[@id='__layout']/div/div[2]/div/div[2]/div/div/div[2]/form/div/div/div/div/div/div/div[2]/div/a' not found
	at com.kms.katalon.core.webui.common.WebUiCommonHelper.findWebElement(WebUiCommonHelper.java:1154)
	at com.kms.katalon.core.webui.keyword.internal.WebUIAbstractKeyword.findWebElement(WebUIAbstractKeyword.groovy:27)
	at com.kms.katalon.core.webui.keyword.internal.WebUIAbstractKeyword.findWebElement(WebUIAbstractKeyword.groovy:26)
	at com.kms.katalon.core.webui.keyword.builtin.ClickKeyword$_click_closure1.doCall(ClickKeyword.groovy:67)
	at com.kms.katalon.core.webui.keyword.builtin.ClickKeyword$_click_closure1.call(ClickKeyword.groovy)
	at com.kms.katalon.core.webui.keyword.internal.WebUIKeywordMain.runKeyword(WebUIKeywordMain.groovy:20)
	... 19 more]]></system-out>
      <system-err><![CDATA[2020-05-27 08:27:44 - [TEST_SUITE][FAILED] - Customer Search For Kost: Test Cases/Web RoomMe.id/8. Search for Kost/3. Customer Search For Kost 1 Month 2 Days FAILED.
Reason:
com.kms.katalon.core.exception.StepFailedException: Unable to click on object 'Object Repository/Web RoomMe.id/Search Kost Menu/Text Location Suggestion'
	at com.kms.katalon.core.webui.keyword.internal.WebUIKeywordMain.stepFailed(WebUIKeywordMain.groovy:64)
	at com.kms.katalon.core.webui.keyword.internal.WebUIKeywordMain.runKeyword(WebUIKeywordMain.groovy:26)
	at com.kms.katalon.core.webui.keyword.builtin.ClickKeyword.click(ClickKeyword.groovy:76)
	at com.kms.katalon.core.webui.keyword.builtin.ClickKeyword.execute(ClickKeyword.groovy:43)
	at com.kms.katalon.core.keyword.internal.KeywordExecutor.executeKeywordForPlatform(KeywordExecutor.groovy:72)
	at com.kms.katalon.core.webui.keyword.WebUiBuiltInKeywords.click(WebUiBuiltInKeywords.groovy:616)
	at com.kms.katalon.core.webui.keyword.WebUiBuiltInKeywords$click$3.call(Unknown Source)
	at 3. Customer Search For Kost 1 Month 2 Days.run(3. Customer Search For Kost 1 Month 2 Days:22)
	at com.kms.katalon.core.main.ScriptEngine.run(ScriptEngine.java:194)
	at com.kms.katalon.core.main.ScriptEngine.runScriptAsRawText(ScriptEngine.java:119)
	at com.kms.katalon.core.main.TestCaseExecutor.runScript(TestCaseExecutor.java:337)
	at com.kms.katalon.core.main.TestCaseExecutor.doExecute(TestCaseExecutor.java:328)
	at com.kms.katalon.core.main.TestCaseExecutor.processExecutionPhase(TestCaseExecutor.java:307)
	at com.kms.katalon.core.main.TestCaseExecutor.accessMainPhase(TestCaseExecutor.java:299)
	at com.kms.katalon.core.main.TestCaseExecutor.execute(TestCaseExecutor.java:233)
	at com.kms.katalon.core.main.TestSuiteExecutor.accessTestCaseMainPhase(TestSuiteExecutor.java:169)
	at com.kms.katalon.core.main.TestSuiteExecutor.accessTestSuiteMainPhase(TestSuiteExecutor.java:142)
	at com.kms.katalon.core.main.TestSuiteExecutor.execute(TestSuiteExecutor.java:91)
	at com.kms.katalon.core.main.TestCaseMain.startTestSuite(TestCaseMain.java:157)
	at com.kms.katalon.core.main.TestCaseMain$startTestSuite$0.call(Unknown Source)
	at TempTestSuite1590542839505.run(TempTestSuite1590542839505.groovy:36)
Caused by: com.kms.katalon.core.webui.exception.WebElementNotFoundException: Web element with id: 'Object Repository/Web RoomMe.id/Search Kost Menu/Text Location Suggestion' located by 'By.xpath: //div[@id='__layout']/div/div[2]/div/div[2]/div/div/div[2]/form/div/div/div/div/div/div/div[2]/div/a' not found
	at com.kms.katalon.core.webui.common.WebUiCommonHelper.findWebElement(WebUiCommonHelper.java:1154)
	at com.kms.katalon.core.webui.keyword.internal.WebUIAbstractKeyword.findWebElement(WebUIAbstractKeyword.groovy:27)
	at com.kms.katalon.core.webui.keyword.internal.WebUIAbstractKeyword.findWebElement(WebUIAbstractKeyword.groovy:26)
	at com.kms.katalon.core.webui.keyword.builtin.ClickKeyword$_click_closure1.doCall(ClickKeyword.groovy:67)
	at com.kms.katalon.core.webui.keyword.builtin.ClickKeyword$_click_closure1.call(ClickKeyword.groovy)
	at com.kms.katalon.core.webui.keyword.internal.WebUIKeywordMain.runKeyword(WebUIKeywordMain.groovy:20)
	... 19 more]]></system-err>
   </testsuite>
</testsuites>
