<?xml version="1.0" encoding="UTF-8"?>
<testsuites name="Customer Access Our Terms Page" time="330.473" tests="6" failures="2" errors="0">
   <testsuite name="Customer Access Our Terms Page" tests="6" failures="2" errors="0" time="330.473" timestamp="2020-05-27 08:32:01" hostname="Faldi - Alienware-X51" id="Test Suites/Web RoomMe.id/Customer Access Our Terms Page">
      <properties>
         <property name="deviceName" value=""/>
         <property name="devicePlatform" value=""/>
         <property name="logFolder" value="C:\\Users\\Faldi\\Katalon Studio\\katalonroomme\\Reports\\20200527_082716\\Web RoomMe.id\\Customer Access Our Terms Page\\20200527_082721"/>
         <property name="logFiles" value="C:\\Users\\Faldi\\Katalon Studio\\katalonroomme\\Reports\\20200527_082716\\Web RoomMe.id\\Customer Access Our Terms Page\\20200527_082721\\execution0.log"/>
         <property name="attachments" value="C:\\Users\\Faldi\\Katalon Studio\\katalonroomme\\Reports\\20200527_082716\\Web RoomMe.id\\Customer Access Our Terms Page\\20200527_082721\\1590543224037.png, C:\\Users\\Faldi\\Katalon Studio\\katalonroomme\\Reports\\20200527_082716\\Web RoomMe.id\\Customer Access Our Terms Page\\20200527_082721\\1590543325073.png"/>
         <property name="hostName" value="Faldi - Alienware-X51"/>
         <property name="os" value="Windows 10 64bit"/>
         <property name="katalonVersion" value="7.2.9.1"/>
         <property name="browser" value="Chrome 83.0.4103.61"/>
         <property name="hostAddress" value="192.168.1.5"/>
         <property name="sessionId" value="01e04ddf1611ef2b91bb660289ddb5d4"/>
         <property name="seleniumVersion" value="3.141.59"/>
         <property name="proxyInformation" value="ProxyInformation{proxyOption=NO_PROXY, proxyServerType=HTTP, password=, proxyServerAddress=, proxyServerPort=0, executionList=}"/>
         <property name="platform" value="Windows 10"/>
      </properties>
      <testcase name="Test Cases/Web RoomMe.id/4. Our Terms/Customer Access FAQ (Booking) Page" time="103.332" classname="Test Cases/Web RoomMe.id/4. Our Terms/Customer Access FAQ (Booking) Page" status="FAILED">
         <failure type="FAILED" message="Test Cases/Web RoomMe.id/4. Our Terms/Customer Access FAQ (Booking) Page FAILED.
Reason:
com.kms.katalon.core.exception.StepFailedException: Unable to click on object 'Object Repository/Web RoomMe.id/RoomMe.id Footer/Button FAQ'
	at com.kms.katalon.core.webui.keyword.internal.WebUIKeywordMain.stepFailed(WebUIKeywordMain.groovy:64)
	at com.kms.katalon.core.webui.keyword.internal.WebUIKeywordMain.runKeyword(WebUIKeywordMain.groovy:26)
	at com.kms.katalon.core.webui.keyword.builtin.ClickKeyword.click(ClickKeyword.groovy:76)
	at com.kms.katalon.core.webui.keyword.builtin.ClickKeyword.execute(ClickKeyword.groovy:43)
	at com.kms.katalon.core.keyword.internal.KeywordExecutor.executeKeywordForPlatform(KeywordExecutor.groovy:72)
	at com.kms.katalon.core.webui.keyword.WebUiBuiltInKeywords.click(WebUiBuiltInKeywords.groovy:616)
	at com.kms.katalon.core.webui.keyword.WebUiBuiltInKeywords$click$2.call(Unknown Source)
	at Customer Access FAQ (Booking) Page.run(Customer Access FAQ (Booking) Page:20)
	at com.kms.katalon.core.main.ScriptEngine.run(ScriptEngine.java:194)
	at com.kms.katalon.core.main.ScriptEngine.runScriptAsRawText(ScriptEngine.java:119)
	at com.kms.katalon.core.main.TestCaseExecutor.runScript(TestCaseExecutor.java:337)
	at com.kms.katalon.core.main.TestCaseExecutor.doExecute(TestCaseExecutor.java:328)
	at com.kms.katalon.core.main.TestCaseExecutor.processExecutionPhase(TestCaseExecutor.java:307)
	at com.kms.katalon.core.main.TestCaseExecutor.accessMainPhase(TestCaseExecutor.java:299)
	at com.kms.katalon.core.main.TestCaseExecutor.execute(TestCaseExecutor.java:233)
	at com.kms.katalon.core.main.TestSuiteExecutor.accessTestCaseMainPhase(TestSuiteExecutor.java:169)
	at com.kms.katalon.core.main.TestSuiteExecutor.accessTestSuiteMainPhase(TestSuiteExecutor.java:142)
	at com.kms.katalon.core.main.TestSuiteExecutor.execute(TestSuiteExecutor.java:91)
	at com.kms.katalon.core.main.TestCaseMain.startTestSuite(TestCaseMain.java:157)
	at com.kms.katalon.core.main.TestCaseMain$startTestSuite$0.call(Unknown Source)
	at TempTestSuite1590542841768.run(TempTestSuite1590542841768.groovy:36)
Caused by: com.kms.katalon.core.webui.exception.WebElementNotFoundException: Web element with id: 'Object Repository/Web RoomMe.id/RoomMe.id Footer/Button FAQ' located by 'By.xpath: (//a[contains(@href, '/info/faq')])[2]' not found
	at com.kms.katalon.core.webui.common.WebUiCommonHelper.findWebElement(WebUiCommonHelper.java:1154)
	at com.kms.katalon.core.webui.keyword.internal.WebUIAbstractKeyword.findWebElement(WebUIAbstractKeyword.groovy:27)
	at com.kms.katalon.core.webui.keyword.internal.WebUIAbstractKeyword.findWebElement(WebUIAbstractKeyword.groovy:26)
	at com.kms.katalon.core.webui.keyword.builtin.ClickKeyword$_click_closure1.doCall(ClickKeyword.groovy:67)
	at com.kms.katalon.core.webui.keyword.builtin.ClickKeyword$_click_closure1.call(ClickKeyword.groovy)
	at com.kms.katalon.core.webui.keyword.internal.WebUIKeywordMain.runKeyword(WebUIKeywordMain.groovy:20)
	... 19 more
"/>
         <system-out><![CDATA[2020-05-27 08:32:01 - [TEST_CASE][FAILED] - Test Cases/Web RoomMe.id/4. Our Terms/Customer Access FAQ (Booking) Page: Test Cases/Web RoomMe.id/4. Our Terms/Customer Access FAQ (Booking) Page FAILED.
Reason:
com.kms.katalon.core.exception.StepFailedException: Unable to click on object 'Object Repository/Web RoomMe.id/RoomMe.id Footer/Button FAQ'
	at com.kms.katalon.core.webui.keyword.internal.WebUIKeywordMain.stepFailed(WebUIKeywordMain.groovy:64)
	at com.kms.katalon.core.webui.keyword.internal.WebUIKeywordMain.runKeyword(WebUIKeywordMain.groovy:26)
	at com.kms.katalon.core.webui.keyword.builtin.ClickKeyword.click(ClickKeyword.groovy:76)
	at com.kms.katalon.core.webui.keyword.builtin.ClickKeyword.execute(ClickKeyword.groovy:43)
	at com.kms.katalon.core.keyword.internal.KeywordExecutor.executeKeywordForPlatform(KeywordExecutor.groovy:72)
	at com.kms.katalon.core.webui.keyword.WebUiBuiltInKeywords.click(WebUiBuiltInKeywords.groovy:616)
	at com.kms.katalon.core.webui.keyword.WebUiBuiltInKeywords$click$2.call(Unknown Source)
	at Customer Access FAQ (Booking) Page.run(Customer Access FAQ (Booking) Page:20)
	at com.kms.katalon.core.main.ScriptEngine.run(ScriptEngine.java:194)
	at com.kms.katalon.core.main.ScriptEngine.runScriptAsRawText(ScriptEngine.java:119)
	at com.kms.katalon.core.main.TestCaseExecutor.runScript(TestCaseExecutor.java:337)
	at com.kms.katalon.core.main.TestCaseExecutor.doExecute(TestCaseExecutor.java:328)
	at com.kms.katalon.core.main.TestCaseExecutor.processExecutionPhase(TestCaseExecutor.java:307)
	at com.kms.katalon.core.main.TestCaseExecutor.accessMainPhase(TestCaseExecutor.java:299)
	at com.kms.katalon.core.main.TestCaseExecutor.execute(TestCaseExecutor.java:233)
	at com.kms.katalon.core.main.TestSuiteExecutor.accessTestCaseMainPhase(TestSuiteExecutor.java:169)
	at com.kms.katalon.core.main.TestSuiteExecutor.accessTestSuiteMainPhase(TestSuiteExecutor.java:142)
	at com.kms.katalon.core.main.TestSuiteExecutor.execute(TestSuiteExecutor.java:91)
	at com.kms.katalon.core.main.TestCaseMain.startTestSuite(TestCaseMain.java:157)
	at com.kms.katalon.core.main.TestCaseMain$startTestSuite$0.call(Unknown Source)
	at TempTestSuite1590542841768.run(TempTestSuite1590542841768.groovy:36)
Caused by: com.kms.katalon.core.webui.exception.WebElementNotFoundException: Web element with id: 'Object Repository/Web RoomMe.id/RoomMe.id Footer/Button FAQ' located by 'By.xpath: (//a[contains(@href, '/info/faq')])[2]' not found
	at com.kms.katalon.core.webui.common.WebUiCommonHelper.findWebElement(WebUiCommonHelper.java:1154)
	at com.kms.katalon.core.webui.keyword.internal.WebUIAbstractKeyword.findWebElement(WebUIAbstractKeyword.groovy:27)
	at com.kms.katalon.core.webui.keyword.internal.WebUIAbstractKeyword.findWebElement(WebUIAbstractKeyword.groovy:26)
	at com.kms.katalon.core.webui.keyword.builtin.ClickKeyword$_click_closure1.doCall(ClickKeyword.groovy:67)
	at com.kms.katalon.core.webui.keyword.builtin.ClickKeyword$_click_closure1.call(ClickKeyword.groovy)
	at com.kms.katalon.core.webui.keyword.internal.WebUIKeywordMain.runKeyword(WebUIKeywordMain.groovy:20)
	... 19 more


2020-05-27 08:32:02 - [TEST_STEP][PASSED] - callTestCase(findTestCase("Web RoomMe.id/1. Homepage/1. Customer Access RoomMe Page"), [:], STOP_ON_FAILURE): Call Test Case 'Test Cases/Web RoomMe.id/1. Homepage/1. Customer Access RoomMe Page' successfully

2020-05-27 08:32:02 - [TEST_CASE][PASSED] - Test Cases/Web RoomMe.id/1. Homepage/1. Customer Access RoomMe Page: Test Cases/Web RoomMe.id/1. Homepage/1. Customer Access RoomMe Page

2020-05-27 08:32:02 - [TEST_STEP][PASSED] - openBrowser(url): Browser is opened with url: 'roomme.id'

2020-05-27 08:32:03 - [MESSAGE][INFO] - Starting 'Chrome' driver

2020-05-27 08:32:03 - [MESSAGE][INFO] - Action delay is set to 0 seconds

2020-05-27 08:32:12 - [MESSAGE][PASSED] - Browser is opened with url: 'roomme.id'

2020-05-27 08:32:12 - [TEST_STEP][PASSED] - maximizeWindow(): Current window maximized

2020-05-27 08:32:15 - [MESSAGE][PASSED] - Current window maximized

2020-05-27 08:32:15 - [TEST_STEP][PASSED] - waitForPageLoad(0): Wait for page load successfully

2020-05-27 08:32:15 - [MESSAGE][WARNING] - Timeout '0' is invalid. Using default page load timeout: '60'

2020-05-27 08:32:15 - [MESSAGE][PASSED] - Wait for page load successfully

2020-05-27 08:32:15 - [MESSAGE][PASSED] - Call Test Case 'Test Cases/Web RoomMe.id/1. Homepage/1. Customer Access RoomMe Page' successfully

2020-05-27 08:32:15 - [TEST_STEP][FAILED] - click(findTestObject("Web RoomMe.id/RoomMe.id Footer/Button FAQ")): Unable to click on object 'Object Repository/Web RoomMe.id/RoomMe.id Footer/Button FAQ' (Root cause: com.kms.katalon.core.exception.StepFailedException: Unable to click on object 'Object Repository/Web RoomMe.id/RoomMe.id Footer/Button FAQ'
	at com.kms.katalon.core.webui.keyword.internal.WebUIKeywordMain.stepFailed(WebUIKeywordMain.groovy:64)
	at com.kms.katalon.core.webui.keyword.internal.WebUIKeywordMain.runKeyword(WebUIKeywordMain.groovy:26)
	at com.kms.katalon.core.webui.keyword.builtin.ClickKeyword.click(ClickKeyword.groovy:76)
	at com.kms.katalon.core.webui.keyword.builtin.ClickKeyword.execute(ClickKeyword.groovy:43)
	at com.kms.katalon.core.keyword.internal.KeywordExecutor.executeKeywordForPlatform(KeywordExecutor.groovy:72)
	at com.kms.katalon.core.webui.keyword.WebUiBuiltInKeywords.click(WebUiBuiltInKeywords.groovy:616)
	at com.kms.katalon.core.webui.keyword.WebUiBuiltInKeywords$click$2.call(Unknown Source)
	at Customer Access FAQ (Booking) Page.run(Customer Access FAQ (Booking) Page:20)
	at com.kms.katalon.core.main.ScriptEngine.run(ScriptEngine.java:194)
	at com.kms.katalon.core.main.ScriptEngine.runScriptAsRawText(ScriptEngine.java:119)
	at com.kms.katalon.core.main.TestCaseExecutor.runScript(TestCaseExecutor.java:337)
	at com.kms.katalon.core.main.TestCaseExecutor.doExecute(TestCaseExecutor.java:328)
	at com.kms.katalon.core.main.TestCaseExecutor.processExecutionPhase(TestCaseExecutor.java:307)
	at com.kms.katalon.core.main.TestCaseExecutor.accessMainPhase(TestCaseExecutor.java:299)
	at com.kms.katalon.core.main.TestCaseExecutor.execute(TestCaseExecutor.java:233)
	at com.kms.katalon.core.main.TestSuiteExecutor.accessTestCaseMainPhase(TestSuiteExecutor.java:169)
	at com.kms.katalon.core.main.TestSuiteExecutor.accessTestSuiteMainPhase(TestSuiteExecutor.java:142)
	at com.kms.katalon.core.main.TestSuiteExecutor.execute(TestSuiteExecutor.java:91)
	at com.kms.katalon.core.main.TestCaseMain.startTestSuite(TestCaseMain.java:157)
	at com.kms.katalon.core.main.TestCaseMain$startTestSuite$0.call(Unknown Source)
	at TempTestSuite1590542841768.run(TempTestSuite1590542841768.groovy:36)
Caused by: com.kms.katalon.core.webui.exception.WebElementNotFoundException: Web element with id: 'Object Repository/Web RoomMe.id/RoomMe.id Footer/Button FAQ' located by 'By.xpath: (//a[contains(@href, '/info/faq')])[2]' not found
	at com.kms.katalon.core.webui.common.WebUiCommonHelper.findWebElement(WebUiCommonHelper.java:1154)
	at com.kms.katalon.core.webui.keyword.internal.WebUIAbstractKeyword.findWebElement(WebUIAbstractKeyword.groovy:27)
	at com.kms.katalon.core.webui.keyword.internal.WebUIAbstractKeyword.findWebElement(WebUIAbstractKeyword.groovy:26)
	at com.kms.katalon.core.webui.keyword.builtin.ClickKeyword$_click_closure1.doCall(ClickKeyword.groovy:67)
	at com.kms.katalon.core.webui.keyword.builtin.ClickKeyword$_click_closure1.call(ClickKeyword.groovy)
	at com.kms.katalon.core.webui.keyword.internal.WebUIKeywordMain.runKeyword(WebUIKeywordMain.groovy:20)
	at com.kms.katalon.core.webui.keyword.builtin.ClickKeyword.click(ClickKeyword.groovy:76)
	at com.kms.katalon.core.webui.keyword.builtin.ClickKeyword.execute(ClickKeyword.groovy:43)
	at com.kms.katalon.core.keyword.internal.KeywordExecutor.executeKeywordForPlatform(KeywordExecutor.groovy:72)
	at com.kms.katalon.core.webui.keyword.WebUiBuiltInKeywords.click(WebUiBuiltInKeywords.groovy:616)
	at com.kms.katalon.core.webui.keyword.WebUiBuiltInKeywords$click$2.call(Unknown Source)
	at Script1583403944282.run(Script1583403944282.groovy:20)
	... 13 more
)

2020-05-27 08:33:44 - [MESSAGE][INFO] - Unable to find the element located by 'By.xpath: (//a[contains(@href, '/info/faq')])[2]'. Please recheck the objects properties to make sure the desired element is located. 

2020-05-27 08:33:44 - [MESSAGE][FAILED] - Unable to click on object 'Object Repository/Web RoomMe.id/RoomMe.id Footer/Button FAQ' (Root cause: com.kms.katalon.core.exception.StepFailedException: Unable to click on object 'Object Repository/Web RoomMe.id/RoomMe.id Footer/Button FAQ'
	at com.kms.katalon.core.webui.keyword.internal.WebUIKeywordMain.stepFailed(WebUIKeywordMain.groovy:64)
	at com.kms.katalon.core.webui.keyword.internal.WebUIKeywordMain.runKeyword(WebUIKeywordMain.groovy:26)
	at com.kms.katalon.core.webui.keyword.builtin.ClickKeyword.click(ClickKeyword.groovy:76)
	at com.kms.katalon.core.webui.keyword.builtin.ClickKeyword.execute(ClickKeyword.groovy:43)
	at com.kms.katalon.core.keyword.internal.KeywordExecutor.executeKeywordForPlatform(KeywordExecutor.groovy:72)
	at com.kms.katalon.core.webui.keyword.WebUiBuiltInKeywords.click(WebUiBuiltInKeywords.groovy:616)
	at com.kms.katalon.core.webui.keyword.WebUiBuiltInKeywords$click$2.call(Unknown Source)
	at Customer Access FAQ (Booking) Page.run(Customer Access FAQ (Booking) Page:20)
	at com.kms.katalon.core.main.ScriptEngine.run(ScriptEngine.java:194)
	at com.kms.katalon.core.main.ScriptEngine.runScriptAsRawText(ScriptEngine.java:119)
	at com.kms.katalon.core.main.TestCaseExecutor.runScript(TestCaseExecutor.java:337)
	at com.kms.katalon.core.main.TestCaseExecutor.doExecute(TestCaseExecutor.java:328)
	at com.kms.katalon.core.main.TestCaseExecutor.processExecutionPhase(TestCaseExecutor.java:307)
	at com.kms.katalon.core.main.TestCaseExecutor.accessMainPhase(TestCaseExecutor.java:299)
	at com.kms.katalon.core.main.TestCaseExecutor.execute(TestCaseExecutor.java:233)
	at com.kms.katalon.core.main.TestSuiteExecutor.accessTestCaseMainPhase(TestSuiteExecutor.java:169)
	at com.kms.katalon.core.main.TestSuiteExecutor.accessTestSuiteMainPhase(TestSuiteExecutor.java:142)
	at com.kms.katalon.core.main.TestSuiteExecutor.execute(TestSuiteExecutor.java:91)
	at com.kms.katalon.core.main.TestCaseMain.startTestSuite(TestCaseMain.java:157)
	at com.kms.katalon.core.main.TestCaseMain$startTestSuite$0.call(Unknown Source)
	at TempTestSuite1590542841768.run(TempTestSuite1590542841768.groovy:36)
Caused by: com.kms.katalon.core.webui.exception.WebElementNotFoundException: Web element with id: 'Object Repository/Web RoomMe.id/RoomMe.id Footer/Button FAQ' located by 'By.xpath: (//a[contains(@href, '/info/faq')])[2]' not found
	at com.kms.katalon.core.webui.common.WebUiCommonHelper.findWebElement(WebUiCommonHelper.java:1154)
	at com.kms.katalon.core.webui.keyword.internal.WebUIAbstractKeyword.findWebElement(WebUIAbstractKeyword.groovy:27)
	at com.kms.katalon.core.webui.keyword.internal.WebUIAbstractKeyword.findWebElement(WebUIAbstractKeyword.groovy:26)
	at com.kms.katalon.core.webui.keyword.builtin.ClickKeyword$_click_closure1.doCall(ClickKeyword.groovy:67)
	at com.kms.katalon.core.webui.keyword.builtin.ClickKeyword$_click_closure1.call(ClickKeyword.groovy)
	at com.kms.katalon.core.webui.keyword.internal.WebUIKeywordMain.runKeyword(WebUIKeywordMain.groovy:20)
	at com.kms.katalon.core.webui.keyword.builtin.ClickKeyword.click(ClickKeyword.groovy:76)
	at com.kms.katalon.core.webui.keyword.builtin.ClickKeyword.execute(ClickKeyword.groovy:43)
	at com.kms.katalon.core.keyword.internal.KeywordExecutor.executeKeywordForPlatform(KeywordExecutor.groovy:72)
	at com.kms.katalon.core.webui.keyword.WebUiBuiltInKeywords.click(WebUiBuiltInKeywords.groovy:616)
	at com.kms.katalon.core.webui.keyword.WebUiBuiltInKeywords$click$2.call(Unknown Source)
	at Script1583403944282.run(Script1583403944282.groovy:20)
	... 13 more
)
[[ATTACHMENT|C:\\Users\\Faldi\\Katalon Studio\\katalonroomme\\Reports\\20200527_082716\\Web RoomMe.id\\Customer Access Our Terms Page\\20200527_082721\\1590543224037.png]]]]></system-out>
         <system-err><![CDATA[2020-05-27 08:32:01 - [TEST_CASE][FAILED] - Test Cases/Web RoomMe.id/4. Our Terms/Customer Access FAQ (Booking) Page: Test Cases/Web RoomMe.id/4. Our Terms/Customer Access FAQ (Booking) Page FAILED.
Reason:
com.kms.katalon.core.exception.StepFailedException: Unable to click on object 'Object Repository/Web RoomMe.id/RoomMe.id Footer/Button FAQ'
	at com.kms.katalon.core.webui.keyword.internal.WebUIKeywordMain.stepFailed(WebUIKeywordMain.groovy:64)
	at com.kms.katalon.core.webui.keyword.internal.WebUIKeywordMain.runKeyword(WebUIKeywordMain.groovy:26)
	at com.kms.katalon.core.webui.keyword.builtin.ClickKeyword.click(ClickKeyword.groovy:76)
	at com.kms.katalon.core.webui.keyword.builtin.ClickKeyword.execute(ClickKeyword.groovy:43)
	at com.kms.katalon.core.keyword.internal.KeywordExecutor.executeKeywordForPlatform(KeywordExecutor.groovy:72)
	at com.kms.katalon.core.webui.keyword.WebUiBuiltInKeywords.click(WebUiBuiltInKeywords.groovy:616)
	at com.kms.katalon.core.webui.keyword.WebUiBuiltInKeywords$click$2.call(Unknown Source)
	at Customer Access FAQ (Booking) Page.run(Customer Access FAQ (Booking) Page:20)
	at com.kms.katalon.core.main.ScriptEngine.run(ScriptEngine.java:194)
	at com.kms.katalon.core.main.ScriptEngine.runScriptAsRawText(ScriptEngine.java:119)
	at com.kms.katalon.core.main.TestCaseExecutor.runScript(TestCaseExecutor.java:337)
	at com.kms.katalon.core.main.TestCaseExecutor.doExecute(TestCaseExecutor.java:328)
	at com.kms.katalon.core.main.TestCaseExecutor.processExecutionPhase(TestCaseExecutor.java:307)
	at com.kms.katalon.core.main.TestCaseExecutor.accessMainPhase(TestCaseExecutor.java:299)
	at com.kms.katalon.core.main.TestCaseExecutor.execute(TestCaseExecutor.java:233)
	at com.kms.katalon.core.main.TestSuiteExecutor.accessTestCaseMainPhase(TestSuiteExecutor.java:169)
	at com.kms.katalon.core.main.TestSuiteExecutor.accessTestSuiteMainPhase(TestSuiteExecutor.java:142)
	at com.kms.katalon.core.main.TestSuiteExecutor.execute(TestSuiteExecutor.java:91)
	at com.kms.katalon.core.main.TestCaseMain.startTestSuite(TestCaseMain.java:157)
	at com.kms.katalon.core.main.TestCaseMain$startTestSuite$0.call(Unknown Source)
	at TempTestSuite1590542841768.run(TempTestSuite1590542841768.groovy:36)
Caused by: com.kms.katalon.core.webui.exception.WebElementNotFoundException: Web element with id: 'Object Repository/Web RoomMe.id/RoomMe.id Footer/Button FAQ' located by 'By.xpath: (//a[contains(@href, '/info/faq')])[2]' not found
	at com.kms.katalon.core.webui.common.WebUiCommonHelper.findWebElement(WebUiCommonHelper.java:1154)
	at com.kms.katalon.core.webui.keyword.internal.WebUIAbstractKeyword.findWebElement(WebUIAbstractKeyword.groovy:27)
	at com.kms.katalon.core.webui.keyword.internal.WebUIAbstractKeyword.findWebElement(WebUIAbstractKeyword.groovy:26)
	at com.kms.katalon.core.webui.keyword.builtin.ClickKeyword$_click_closure1.doCall(ClickKeyword.groovy:67)
	at com.kms.katalon.core.webui.keyword.builtin.ClickKeyword$_click_closure1.call(ClickKeyword.groovy)
	at com.kms.katalon.core.webui.keyword.internal.WebUIKeywordMain.runKeyword(WebUIKeywordMain.groovy:20)
	... 19 more]]></system-err>
      </testcase>
      <testcase name="Test Cases/Web RoomMe.id/4. Our Terms/Customer Access FAQ (Payment) Page" time="100.966" classname="Test Cases/Web RoomMe.id/4. Our Terms/Customer Access FAQ (Payment) Page" status="FAILED">
         <failure type="FAILED" message="Test Cases/Web RoomMe.id/4. Our Terms/Customer Access FAQ (Payment) Page FAILED.
Reason:
com.kms.katalon.core.exception.StepFailedException: Unable to click on object 'Object Repository/Web RoomMe.id/RoomMe.id Footer/Button FAQ'
	at com.kms.katalon.core.webui.keyword.internal.WebUIKeywordMain.stepFailed(WebUIKeywordMain.groovy:64)
	at com.kms.katalon.core.webui.keyword.internal.WebUIKeywordMain.runKeyword(WebUIKeywordMain.groovy:26)
	at com.kms.katalon.core.webui.keyword.builtin.ClickKeyword.click(ClickKeyword.groovy:76)
	at com.kms.katalon.core.webui.keyword.builtin.ClickKeyword.execute(ClickKeyword.groovy:43)
	at com.kms.katalon.core.keyword.internal.KeywordExecutor.executeKeywordForPlatform(KeywordExecutor.groovy:72)
	at com.kms.katalon.core.webui.keyword.WebUiBuiltInKeywords.click(WebUiBuiltInKeywords.groovy:616)
	at com.kms.katalon.core.webui.keyword.WebUiBuiltInKeywords$click$2.call(Unknown Source)
	at Customer Access FAQ (Payment) Page.run(Customer Access FAQ (Payment) Page:23)
	at com.kms.katalon.core.main.ScriptEngine.run(ScriptEngine.java:194)
	at com.kms.katalon.core.main.ScriptEngine.runScriptAsRawText(ScriptEngine.java:119)
	at com.kms.katalon.core.main.TestCaseExecutor.runScript(TestCaseExecutor.java:337)
	at com.kms.katalon.core.main.TestCaseExecutor.doExecute(TestCaseExecutor.java:328)
	at com.kms.katalon.core.main.TestCaseExecutor.processExecutionPhase(TestCaseExecutor.java:307)
	at com.kms.katalon.core.main.TestCaseExecutor.accessMainPhase(TestCaseExecutor.java:299)
	at com.kms.katalon.core.main.TestCaseExecutor.execute(TestCaseExecutor.java:233)
	at com.kms.katalon.core.main.TestSuiteExecutor.accessTestCaseMainPhase(TestSuiteExecutor.java:169)
	at com.kms.katalon.core.main.TestSuiteExecutor.accessTestSuiteMainPhase(TestSuiteExecutor.java:142)
	at com.kms.katalon.core.main.TestSuiteExecutor.execute(TestSuiteExecutor.java:91)
	at com.kms.katalon.core.main.TestCaseMain.startTestSuite(TestCaseMain.java:157)
	at com.kms.katalon.core.main.TestCaseMain$startTestSuite$0.call(Unknown Source)
	at TempTestSuite1590542841768.run(TempTestSuite1590542841768.groovy:36)
Caused by: com.kms.katalon.core.webui.exception.WebElementNotFoundException: Web element with id: 'Object Repository/Web RoomMe.id/RoomMe.id Footer/Button FAQ' located by 'By.xpath: (//a[contains(@href, '/info/faq')])[2]' not found
	at com.kms.katalon.core.webui.common.WebUiCommonHelper.findWebElement(WebUiCommonHelper.java:1154)
	at com.kms.katalon.core.webui.keyword.internal.WebUIAbstractKeyword.findWebElement(WebUIAbstractKeyword.groovy:27)
	at com.kms.katalon.core.webui.keyword.internal.WebUIAbstractKeyword.findWebElement(WebUIAbstractKeyword.groovy:26)
	at com.kms.katalon.core.webui.keyword.builtin.ClickKeyword$_click_closure1.doCall(ClickKeyword.groovy:67)
	at com.kms.katalon.core.webui.keyword.builtin.ClickKeyword$_click_closure1.call(ClickKeyword.groovy)
	at com.kms.katalon.core.webui.keyword.internal.WebUIKeywordMain.runKeyword(WebUIKeywordMain.groovy:20)
	... 19 more
"/>
         <system-out><![CDATA[2020-05-27 08:33:44 - [TEST_CASE][FAILED] - Test Cases/Web RoomMe.id/4. Our Terms/Customer Access FAQ (Payment) Page: Test Cases/Web RoomMe.id/4. Our Terms/Customer Access FAQ (Payment) Page FAILED.
Reason:
com.kms.katalon.core.exception.StepFailedException: Unable to click on object 'Object Repository/Web RoomMe.id/RoomMe.id Footer/Button FAQ'
	at com.kms.katalon.core.webui.keyword.internal.WebUIKeywordMain.stepFailed(WebUIKeywordMain.groovy:64)
	at com.kms.katalon.core.webui.keyword.internal.WebUIKeywordMain.runKeyword(WebUIKeywordMain.groovy:26)
	at com.kms.katalon.core.webui.keyword.builtin.ClickKeyword.click(ClickKeyword.groovy:76)
	at com.kms.katalon.core.webui.keyword.builtin.ClickKeyword.execute(ClickKeyword.groovy:43)
	at com.kms.katalon.core.keyword.internal.KeywordExecutor.executeKeywordForPlatform(KeywordExecutor.groovy:72)
	at com.kms.katalon.core.webui.keyword.WebUiBuiltInKeywords.click(WebUiBuiltInKeywords.groovy:616)
	at com.kms.katalon.core.webui.keyword.WebUiBuiltInKeywords$click$2.call(Unknown Source)
	at Customer Access FAQ (Payment) Page.run(Customer Access FAQ (Payment) Page:23)
	at com.kms.katalon.core.main.ScriptEngine.run(ScriptEngine.java:194)
	at com.kms.katalon.core.main.ScriptEngine.runScriptAsRawText(ScriptEngine.java:119)
	at com.kms.katalon.core.main.TestCaseExecutor.runScript(TestCaseExecutor.java:337)
	at com.kms.katalon.core.main.TestCaseExecutor.doExecute(TestCaseExecutor.java:328)
	at com.kms.katalon.core.main.TestCaseExecutor.processExecutionPhase(TestCaseExecutor.java:307)
	at com.kms.katalon.core.main.TestCaseExecutor.accessMainPhase(TestCaseExecutor.java:299)
	at com.kms.katalon.core.main.TestCaseExecutor.execute(TestCaseExecutor.java:233)
	at com.kms.katalon.core.main.TestSuiteExecutor.accessTestCaseMainPhase(TestSuiteExecutor.java:169)
	at com.kms.katalon.core.main.TestSuiteExecutor.accessTestSuiteMainPhase(TestSuiteExecutor.java:142)
	at com.kms.katalon.core.main.TestSuiteExecutor.execute(TestSuiteExecutor.java:91)
	at com.kms.katalon.core.main.TestCaseMain.startTestSuite(TestCaseMain.java:157)
	at com.kms.katalon.core.main.TestCaseMain$startTestSuite$0.call(Unknown Source)
	at TempTestSuite1590542841768.run(TempTestSuite1590542841768.groovy:36)
Caused by: com.kms.katalon.core.webui.exception.WebElementNotFoundException: Web element with id: 'Object Repository/Web RoomMe.id/RoomMe.id Footer/Button FAQ' located by 'By.xpath: (//a[contains(@href, '/info/faq')])[2]' not found
	at com.kms.katalon.core.webui.common.WebUiCommonHelper.findWebElement(WebUiCommonHelper.java:1154)
	at com.kms.katalon.core.webui.keyword.internal.WebUIAbstractKeyword.findWebElement(WebUIAbstractKeyword.groovy:27)
	at com.kms.katalon.core.webui.keyword.internal.WebUIAbstractKeyword.findWebElement(WebUIAbstractKeyword.groovy:26)
	at com.kms.katalon.core.webui.keyword.builtin.ClickKeyword$_click_closure1.doCall(ClickKeyword.groovy:67)
	at com.kms.katalon.core.webui.keyword.builtin.ClickKeyword$_click_closure1.call(ClickKeyword.groovy)
	at com.kms.katalon.core.webui.keyword.internal.WebUIKeywordMain.runKeyword(WebUIKeywordMain.groovy:20)
	... 19 more


2020-05-27 08:33:45 - [TEST_STEP][PASSED] - callTestCase(findTestCase("Web RoomMe.id/1. Homepage/1. Customer Access RoomMe Page"), [:], STOP_ON_FAILURE): Call Test Case 'Test Cases/Web RoomMe.id/1. Homepage/1. Customer Access RoomMe Page' successfully

2020-05-27 08:33:45 - [TEST_CASE][PASSED] - Test Cases/Web RoomMe.id/1. Homepage/1. Customer Access RoomMe Page: Test Cases/Web RoomMe.id/1. Homepage/1. Customer Access RoomMe Page

2020-05-27 08:33:45 - [TEST_STEP][PASSED] - openBrowser(url): Browser is opened with url: 'roomme.id'

2020-05-27 08:33:45 - [MESSAGE][WARNING] - A browser is already opened. Closing browser and opening a new one

2020-05-27 08:33:45 - [MESSAGE][INFO] - Starting 'Chrome' driver

2020-05-27 08:33:54 - [MESSAGE][PASSED] - Browser is opened with url: 'roomme.id'

2020-05-27 08:33:54 - [TEST_STEP][PASSED] - maximizeWindow(): Current window maximized

2020-05-27 08:33:56 - [MESSAGE][PASSED] - Current window maximized

2020-05-27 08:33:56 - [TEST_STEP][PASSED] - waitForPageLoad(0): Wait for page load successfully

2020-05-27 08:33:56 - [MESSAGE][WARNING] - Timeout '0' is invalid. Using default page load timeout: '60'

2020-05-27 08:33:56 - [MESSAGE][PASSED] - Wait for page load successfully

2020-05-27 08:33:56 - [MESSAGE][PASSED] - Call Test Case 'Test Cases/Web RoomMe.id/1. Homepage/1. Customer Access RoomMe Page' successfully

2020-05-27 08:33:56 - [TEST_STEP][NOT_RUN] - callTestCase(findTestCase("Web RoomMe.id/1. Homepage/2. Verify Header RoomMe.id"), [:], STOP_ON_FAILURE): NOT_RUN: callTestCase(findTestCase("Web RoomMe.id/1. Homepage/2. Verify Header RoomMe.id"), [:], STOP_ON_FAILURE)

2020-05-27 08:33:56 - [MESSAGE][NOT_RUN] - NOT_RUN: callTestCase(findTestCase("Web RoomMe.id/1. Homepage/2. Verify Header RoomMe.id"), [:], STOP_ON_FAILURE)

2020-05-27 08:33:56 - [TEST_STEP][FAILED] - click(findTestObject("Web RoomMe.id/RoomMe.id Footer/Button FAQ")): Unable to click on object 'Object Repository/Web RoomMe.id/RoomMe.id Footer/Button FAQ' (Root cause: com.kms.katalon.core.exception.StepFailedException: Unable to click on object 'Object Repository/Web RoomMe.id/RoomMe.id Footer/Button FAQ'
	at com.kms.katalon.core.webui.keyword.internal.WebUIKeywordMain.stepFailed(WebUIKeywordMain.groovy:64)
	at com.kms.katalon.core.webui.keyword.internal.WebUIKeywordMain.runKeyword(WebUIKeywordMain.groovy:26)
	at com.kms.katalon.core.webui.keyword.builtin.ClickKeyword.click(ClickKeyword.groovy:76)
	at com.kms.katalon.core.webui.keyword.builtin.ClickKeyword.execute(ClickKeyword.groovy:43)
	at com.kms.katalon.core.keyword.internal.KeywordExecutor.executeKeywordForPlatform(KeywordExecutor.groovy:72)
	at com.kms.katalon.core.webui.keyword.WebUiBuiltInKeywords.click(WebUiBuiltInKeywords.groovy:616)
	at com.kms.katalon.core.webui.keyword.WebUiBuiltInKeywords$click$2.call(Unknown Source)
	at Customer Access FAQ (Payment) Page.run(Customer Access FAQ (Payment) Page:23)
	at com.kms.katalon.core.main.ScriptEngine.run(ScriptEngine.java:194)
	at com.kms.katalon.core.main.ScriptEngine.runScriptAsRawText(ScriptEngine.java:119)
	at com.kms.katalon.core.main.TestCaseExecutor.runScript(TestCaseExecutor.java:337)
	at com.kms.katalon.core.main.TestCaseExecutor.doExecute(TestCaseExecutor.java:328)
	at com.kms.katalon.core.main.TestCaseExecutor.processExecutionPhase(TestCaseExecutor.java:307)
	at com.kms.katalon.core.main.TestCaseExecutor.accessMainPhase(TestCaseExecutor.java:299)
	at com.kms.katalon.core.main.TestCaseExecutor.execute(TestCaseExecutor.java:233)
	at com.kms.katalon.core.main.TestSuiteExecutor.accessTestCaseMainPhase(TestSuiteExecutor.java:169)
	at com.kms.katalon.core.main.TestSuiteExecutor.accessTestSuiteMainPhase(TestSuiteExecutor.java:142)
	at com.kms.katalon.core.main.TestSuiteExecutor.execute(TestSuiteExecutor.java:91)
	at com.kms.katalon.core.main.TestCaseMain.startTestSuite(TestCaseMain.java:157)
	at com.kms.katalon.core.main.TestCaseMain$startTestSuite$0.call(Unknown Source)
	at TempTestSuite1590542841768.run(TempTestSuite1590542841768.groovy:36)
Caused by: com.kms.katalon.core.webui.exception.WebElementNotFoundException: Web element with id: 'Object Repository/Web RoomMe.id/RoomMe.id Footer/Button FAQ' located by 'By.xpath: (//a[contains(@href, '/info/faq')])[2]' not found
	at com.kms.katalon.core.webui.common.WebUiCommonHelper.findWebElement(WebUiCommonHelper.java:1154)
	at com.kms.katalon.core.webui.keyword.internal.WebUIAbstractKeyword.findWebElement(WebUIAbstractKeyword.groovy:27)
	at com.kms.katalon.core.webui.keyword.internal.WebUIAbstractKeyword.findWebElement(WebUIAbstractKeyword.groovy:26)
	at com.kms.katalon.core.webui.keyword.builtin.ClickKeyword$_click_closure1.doCall(ClickKeyword.groovy:67)
	at com.kms.katalon.core.webui.keyword.builtin.ClickKeyword$_click_closure1.call(ClickKeyword.groovy)
	at com.kms.katalon.core.webui.keyword.internal.WebUIKeywordMain.runKeyword(WebUIKeywordMain.groovy:20)
	at com.kms.katalon.core.webui.keyword.builtin.ClickKeyword.click(ClickKeyword.groovy:76)
	at com.kms.katalon.core.webui.keyword.builtin.ClickKeyword.execute(ClickKeyword.groovy:43)
	at com.kms.katalon.core.keyword.internal.KeywordExecutor.executeKeywordForPlatform(KeywordExecutor.groovy:72)
	at com.kms.katalon.core.webui.keyword.WebUiBuiltInKeywords.click(WebUiBuiltInKeywords.groovy:616)
	at com.kms.katalon.core.webui.keyword.WebUiBuiltInKeywords$click$2.call(Unknown Source)
	at Script1583477787556.run(Script1583477787556.groovy:23)
	... 13 more
)

2020-05-27 08:35:25 - [MESSAGE][INFO] - Unable to find the element located by 'By.xpath: (//a[contains(@href, '/info/faq')])[2]'. Please recheck the objects properties to make sure the desired element is located. 

2020-05-27 08:35:25 - [MESSAGE][FAILED] - Unable to click on object 'Object Repository/Web RoomMe.id/RoomMe.id Footer/Button FAQ' (Root cause: com.kms.katalon.core.exception.StepFailedException: Unable to click on object 'Object Repository/Web RoomMe.id/RoomMe.id Footer/Button FAQ'
	at com.kms.katalon.core.webui.keyword.internal.WebUIKeywordMain.stepFailed(WebUIKeywordMain.groovy:64)
	at com.kms.katalon.core.webui.keyword.internal.WebUIKeywordMain.runKeyword(WebUIKeywordMain.groovy:26)
	at com.kms.katalon.core.webui.keyword.builtin.ClickKeyword.click(ClickKeyword.groovy:76)
	at com.kms.katalon.core.webui.keyword.builtin.ClickKeyword.execute(ClickKeyword.groovy:43)
	at com.kms.katalon.core.keyword.internal.KeywordExecutor.executeKeywordForPlatform(KeywordExecutor.groovy:72)
	at com.kms.katalon.core.webui.keyword.WebUiBuiltInKeywords.click(WebUiBuiltInKeywords.groovy:616)
	at com.kms.katalon.core.webui.keyword.WebUiBuiltInKeywords$click$2.call(Unknown Source)
	at Customer Access FAQ (Payment) Page.run(Customer Access FAQ (Payment) Page:23)
	at com.kms.katalon.core.main.ScriptEngine.run(ScriptEngine.java:194)
	at com.kms.katalon.core.main.ScriptEngine.runScriptAsRawText(ScriptEngine.java:119)
	at com.kms.katalon.core.main.TestCaseExecutor.runScript(TestCaseExecutor.java:337)
	at com.kms.katalon.core.main.TestCaseExecutor.doExecute(TestCaseExecutor.java:328)
	at com.kms.katalon.core.main.TestCaseExecutor.processExecutionPhase(TestCaseExecutor.java:307)
	at com.kms.katalon.core.main.TestCaseExecutor.accessMainPhase(TestCaseExecutor.java:299)
	at com.kms.katalon.core.main.TestCaseExecutor.execute(TestCaseExecutor.java:233)
	at com.kms.katalon.core.main.TestSuiteExecutor.accessTestCaseMainPhase(TestSuiteExecutor.java:169)
	at com.kms.katalon.core.main.TestSuiteExecutor.accessTestSuiteMainPhase(TestSuiteExecutor.java:142)
	at com.kms.katalon.core.main.TestSuiteExecutor.execute(TestSuiteExecutor.java:91)
	at com.kms.katalon.core.main.TestCaseMain.startTestSuite(TestCaseMain.java:157)
	at com.kms.katalon.core.main.TestCaseMain$startTestSuite$0.call(Unknown Source)
	at TempTestSuite1590542841768.run(TempTestSuite1590542841768.groovy:36)
Caused by: com.kms.katalon.core.webui.exception.WebElementNotFoundException: Web element with id: 'Object Repository/Web RoomMe.id/RoomMe.id Footer/Button FAQ' located by 'By.xpath: (//a[contains(@href, '/info/faq')])[2]' not found
	at com.kms.katalon.core.webui.common.WebUiCommonHelper.findWebElement(WebUiCommonHelper.java:1154)
	at com.kms.katalon.core.webui.keyword.internal.WebUIAbstractKeyword.findWebElement(WebUIAbstractKeyword.groovy:27)
	at com.kms.katalon.core.webui.keyword.internal.WebUIAbstractKeyword.findWebElement(WebUIAbstractKeyword.groovy:26)
	at com.kms.katalon.core.webui.keyword.builtin.ClickKeyword$_click_closure1.doCall(ClickKeyword.groovy:67)
	at com.kms.katalon.core.webui.keyword.builtin.ClickKeyword$_click_closure1.call(ClickKeyword.groovy)
	at com.kms.katalon.core.webui.keyword.internal.WebUIKeywordMain.runKeyword(WebUIKeywordMain.groovy:20)
	at com.kms.katalon.core.webui.keyword.builtin.ClickKeyword.click(ClickKeyword.groovy:76)
	at com.kms.katalon.core.webui.keyword.builtin.ClickKeyword.execute(ClickKeyword.groovy:43)
	at com.kms.katalon.core.keyword.internal.KeywordExecutor.executeKeywordForPlatform(KeywordExecutor.groovy:72)
	at com.kms.katalon.core.webui.keyword.WebUiBuiltInKeywords.click(WebUiBuiltInKeywords.groovy:616)
	at com.kms.katalon.core.webui.keyword.WebUiBuiltInKeywords$click$2.call(Unknown Source)
	at Script1583477787556.run(Script1583477787556.groovy:23)
	... 13 more
)
[[ATTACHMENT|C:\\Users\\Faldi\\Katalon Studio\\katalonroomme\\Reports\\20200527_082716\\Web RoomMe.id\\Customer Access Our Terms Page\\20200527_082721\\1590543325073.png]]]]></system-out>
         <system-err><![CDATA[2020-05-27 08:33:44 - [TEST_CASE][FAILED] - Test Cases/Web RoomMe.id/4. Our Terms/Customer Access FAQ (Payment) Page: Test Cases/Web RoomMe.id/4. Our Terms/Customer Access FAQ (Payment) Page FAILED.
Reason:
com.kms.katalon.core.exception.StepFailedException: Unable to click on object 'Object Repository/Web RoomMe.id/RoomMe.id Footer/Button FAQ'
	at com.kms.katalon.core.webui.keyword.internal.WebUIKeywordMain.stepFailed(WebUIKeywordMain.groovy:64)
	at com.kms.katalon.core.webui.keyword.internal.WebUIKeywordMain.runKeyword(WebUIKeywordMain.groovy:26)
	at com.kms.katalon.core.webui.keyword.builtin.ClickKeyword.click(ClickKeyword.groovy:76)
	at com.kms.katalon.core.webui.keyword.builtin.ClickKeyword.execute(ClickKeyword.groovy:43)
	at com.kms.katalon.core.keyword.internal.KeywordExecutor.executeKeywordForPlatform(KeywordExecutor.groovy:72)
	at com.kms.katalon.core.webui.keyword.WebUiBuiltInKeywords.click(WebUiBuiltInKeywords.groovy:616)
	at com.kms.katalon.core.webui.keyword.WebUiBuiltInKeywords$click$2.call(Unknown Source)
	at Customer Access FAQ (Payment) Page.run(Customer Access FAQ (Payment) Page:23)
	at com.kms.katalon.core.main.ScriptEngine.run(ScriptEngine.java:194)
	at com.kms.katalon.core.main.ScriptEngine.runScriptAsRawText(ScriptEngine.java:119)
	at com.kms.katalon.core.main.TestCaseExecutor.runScript(TestCaseExecutor.java:337)
	at com.kms.katalon.core.main.TestCaseExecutor.doExecute(TestCaseExecutor.java:328)
	at com.kms.katalon.core.main.TestCaseExecutor.processExecutionPhase(TestCaseExecutor.java:307)
	at com.kms.katalon.core.main.TestCaseExecutor.accessMainPhase(TestCaseExecutor.java:299)
	at com.kms.katalon.core.main.TestCaseExecutor.execute(TestCaseExecutor.java:233)
	at com.kms.katalon.core.main.TestSuiteExecutor.accessTestCaseMainPhase(TestSuiteExecutor.java:169)
	at com.kms.katalon.core.main.TestSuiteExecutor.accessTestSuiteMainPhase(TestSuiteExecutor.java:142)
	at com.kms.katalon.core.main.TestSuiteExecutor.execute(TestSuiteExecutor.java:91)
	at com.kms.katalon.core.main.TestCaseMain.startTestSuite(TestCaseMain.java:157)
	at com.kms.katalon.core.main.TestCaseMain$startTestSuite$0.call(Unknown Source)
	at TempTestSuite1590542841768.run(TempTestSuite1590542841768.groovy:36)
Caused by: com.kms.katalon.core.webui.exception.WebElementNotFoundException: Web element with id: 'Object Repository/Web RoomMe.id/RoomMe.id Footer/Button FAQ' located by 'By.xpath: (//a[contains(@href, '/info/faq')])[2]' not found
	at com.kms.katalon.core.webui.common.WebUiCommonHelper.findWebElement(WebUiCommonHelper.java:1154)
	at com.kms.katalon.core.webui.keyword.internal.WebUIAbstractKeyword.findWebElement(WebUIAbstractKeyword.groovy:27)
	at com.kms.katalon.core.webui.keyword.internal.WebUIAbstractKeyword.findWebElement(WebUIAbstractKeyword.groovy:26)
	at com.kms.katalon.core.webui.keyword.builtin.ClickKeyword$_click_closure1.doCall(ClickKeyword.groovy:67)
	at com.kms.katalon.core.webui.keyword.builtin.ClickKeyword$_click_closure1.call(ClickKeyword.groovy)
	at com.kms.katalon.core.webui.keyword.internal.WebUIKeywordMain.runKeyword(WebUIKeywordMain.groovy:20)
	... 19 more]]></system-err>
      </testcase>
      <testcase name="Test Cases/Web RoomMe.id/4. Our Terms/Customer Access Terms and Conditions Page" time="35.033" classname="Test Cases/Web RoomMe.id/4. Our Terms/Customer Access Terms and Conditions Page" status="PASSED">
         <system-out><![CDATA[2020-05-27 08:35:25 - [TEST_CASE][PASSED] - Test Cases/Web RoomMe.id/4. Our Terms/Customer Access Terms and Conditions Page: Test Cases/Web RoomMe.id/4. Our Terms/Customer Access Terms and Conditions Page

2020-05-27 08:35:26 - [TEST_STEP][PASSED] - callTestCase(findTestCase("Web RoomMe.id/1. Homepage/1. Customer Access RoomMe Page"), [:], STOP_ON_FAILURE): Call Test Case 'Test Cases/Web RoomMe.id/1. Homepage/1. Customer Access RoomMe Page' successfully

2020-05-27 08:35:26 - [TEST_CASE][PASSED] - Test Cases/Web RoomMe.id/1. Homepage/1. Customer Access RoomMe Page: Test Cases/Web RoomMe.id/1. Homepage/1. Customer Access RoomMe Page

2020-05-27 08:35:26 - [TEST_STEP][PASSED] - openBrowser(url): Browser is opened with url: 'roomme.id'

2020-05-27 08:35:26 - [MESSAGE][WARNING] - A browser is already opened. Closing browser and opening a new one

2020-05-27 08:35:26 - [MESSAGE][INFO] - Starting 'Chrome' driver

2020-05-27 08:35:36 - [MESSAGE][PASSED] - Browser is opened with url: 'roomme.id'

2020-05-27 08:35:36 - [TEST_STEP][PASSED] - maximizeWindow(): Current window maximized

2020-05-27 08:35:39 - [MESSAGE][PASSED] - Current window maximized

2020-05-27 08:35:39 - [TEST_STEP][PASSED] - waitForPageLoad(0): Wait for page load successfully

2020-05-27 08:35:39 - [MESSAGE][WARNING] - Timeout '0' is invalid. Using default page load timeout: '60'

2020-05-27 08:35:39 - [MESSAGE][PASSED] - Wait for page load successfully

2020-05-27 08:35:39 - [MESSAGE][PASSED] - Call Test Case 'Test Cases/Web RoomMe.id/1. Homepage/1. Customer Access RoomMe Page' successfully

2020-05-27 08:35:39 - [TEST_STEP][PASSED] - click(findTestObject("Web RoomMe.id/RoomMe.id Footer/Button Terms Conditions")): Object: 'Object Repository/Web RoomMe.id/RoomMe.id Footer/Button Terms Conditions' is clicked on

2020-05-27 08:35:41 - [MESSAGE][PASSED] - Object: 'Object Repository/Web RoomMe.id/RoomMe.id Footer/Button Terms Conditions' is clicked on

2020-05-27 08:35:41 - [TEST_STEP][NOT_RUN] - callTestCase(findTestCase("Web RoomMe.id/1. Homepage/2. Verify Header RoomMe.id"), [:], STOP_ON_FAILURE): NOT_RUN: callTestCase(findTestCase("Web RoomMe.id/1. Homepage/2. Verify Header RoomMe.id"), [:], STOP_ON_FAILURE)

2020-05-27 08:35:41 - [MESSAGE][NOT_RUN] - NOT_RUN: callTestCase(findTestCase("Web RoomMe.id/1. Homepage/2. Verify Header RoomMe.id"), [:], STOP_ON_FAILURE)

2020-05-27 08:35:41 - [TEST_STEP][NOT_RUN] - callTestCase(findTestCase("Web RoomMe.id/1. Homepage/7. Verify Footer RoomMe.id"), [:], STOP_ON_FAILURE): NOT_RUN: callTestCase(findTestCase("Web RoomMe.id/1. Homepage/7. Verify Footer RoomMe.id"), [:], STOP_ON_FAILURE)

2020-05-27 08:35:41 - [MESSAGE][NOT_RUN] - NOT_RUN: callTestCase(findTestCase("Web RoomMe.id/1. Homepage/7. Verify Footer RoomMe.id"), [:], STOP_ON_FAILURE)

2020-05-27 08:35:41 - [TEST_STEP][PASSED] - waitForElementVisible(findTestObject("Web RoomMe.id/RoomMe.id FAQ Page/Button FAQs"), 60): Object 'Object Repository/Web RoomMe.id/RoomMe.id FAQ Page/Button FAQs' is visible

2020-05-27 08:35:41 - [MESSAGE][PASSED] - Object 'Object Repository/Web RoomMe.id/RoomMe.id FAQ Page/Button FAQs' is visible

2020-05-27 08:35:41 - [TEST_STEP][PASSED] - waitForElementVisible(findTestObject("Web RoomMe.id/RoomMe.id FAQ Page/Button Terms  Conditions"), 60): Object 'Object Repository/Web RoomMe.id/RoomMe.id FAQ Page/Button Terms  Conditions' is visible

2020-05-27 08:35:42 - [MESSAGE][PASSED] - Object 'Object Repository/Web RoomMe.id/RoomMe.id FAQ Page/Button Terms  Conditions' is visible

2020-05-27 08:35:42 - [TEST_STEP][PASSED] - waitForElementVisible(findTestObject("Web RoomMe.id/RoomMe.id FAQ Page/Button Terms of Use"), 60): Object 'Object Repository/Web RoomMe.id/RoomMe.id FAQ Page/Button Terms of Use' is visible

2020-05-27 08:35:42 - [MESSAGE][PASSED] - Object 'Object Repository/Web RoomMe.id/RoomMe.id FAQ Page/Button Terms of Use' is visible

2020-05-27 08:35:42 - [TEST_STEP][PASSED] - waitForElementVisible(findTestObject("Web RoomMe.id/RoomMe.id FAQ Page/Button Disclaimer"), 60): Object 'Object Repository/Web RoomMe.id/RoomMe.id FAQ Page/Button Disclaimer' is visible

2020-05-27 08:35:42 - [MESSAGE][PASSED] - Object 'Object Repository/Web RoomMe.id/RoomMe.id FAQ Page/Button Disclaimer' is visible

2020-05-27 08:35:42 - [TEST_STEP][PASSED] - waitForElementVisible(findTestObject("Web RoomMe.id/RoomMe.id FAQ Page/Button Privacy Policy"), 60): Object 'Object Repository/Web RoomMe.id/RoomMe.id FAQ Page/Button Privacy Policy' is visible

2020-05-27 08:35:43 - [MESSAGE][PASSED] - Object 'Object Repository/Web RoomMe.id/RoomMe.id FAQ Page/Button Privacy Policy' is visible

2020-05-27 08:35:43 - [TEST_STEP][PASSED] - waitForElementVisible(findTestObject("Web RoomMe.id/Terms and Conditions Page/Image Terms and Conditions"), 60): Object 'Object Repository/Web RoomMe.id/Terms and Conditions Page/Image Terms and Conditions' is visible

2020-05-27 08:35:43 - [MESSAGE][PASSED] - Object 'Object Repository/Web RoomMe.id/Terms and Conditions Page/Image Terms and Conditions' is visible

2020-05-27 08:35:43 - [TEST_STEP][PASSED] - waitForElementVisible(findTestObject("Web RoomMe.id/Terms and Conditions Page/Text Global Content of Terms  Conditions for Web and Apps"), 60): Object 'Object Repository/Web RoomMe.id/Terms and Conditions Page/Text Global Content of Terms  Conditions for Web and Apps' is visible

2020-05-27 08:35:43 - [MESSAGE][PASSED] - Object 'Object Repository/Web RoomMe.id/Terms and Conditions Page/Text Global Content of Terms  Conditions for Web and Apps' is visible

2020-05-27 08:35:43 - [TEST_STEP][PASSED] - waitForElementVisible(findTestObject("Web RoomMe.id/Terms and Conditions Page/Button Q1"), 60): Object 'Object Repository/Web RoomMe.id/Terms and Conditions Page/Button Q1' is visible

2020-05-27 08:35:44 - [MESSAGE][PASSED] - Object 'Object Repository/Web RoomMe.id/Terms and Conditions Page/Button Q1' is visible

2020-05-27 08:35:44 - [TEST_STEP][PASSED] - verifyElementText(findTestObject("Web RoomMe.id/Terms and Conditions Page/Button Q1"), "Welcome to RoomMe"): Actual text and expected text of test object 'Object Repository/Web RoomMe.id/Terms and Conditions Page/Button Q1' are matched.

2020-05-27 08:35:44 - [MESSAGE][PASSED] - Actual text and expected text of test object 'Object Repository/Web RoomMe.id/Terms and Conditions Page/Button Q1' are matched.

2020-05-27 08:35:44 - [TEST_STEP][PASSED] - waitForElementVisible(findTestObject("Web RoomMe.id/Terms and Conditions Page/Text A1"), 60): Object 'Object Repository/Web RoomMe.id/Terms and Conditions Page/Text A1' is visible

2020-05-27 08:35:45 - [MESSAGE][PASSED] - Object 'Object Repository/Web RoomMe.id/Terms and Conditions Page/Text A1' is visible

2020-05-27 08:35:45 - [TEST_STEP][PASSED] - verifyElementText(findTestObject("Web RoomMe.id/Terms and Conditions Page/Text A1"), id Terms and Conditions Text Data").getValue(1, 1)): Actual text and expected text of test object 'Object Repository/Web RoomMe.id/Terms and Conditions Page/Text A1' are matched.

2020-05-27 08:35:49 - [MESSAGE][PASSED] - Actual text and expected text of test object 'Object Repository/Web RoomMe.id/Terms and Conditions Page/Text A1' are matched.

2020-05-27 08:35:49 - [TEST_STEP][PASSED] - waitForElementVisible(findTestObject("Web RoomMe.id/Terms and Conditions Page/Button Q2"), 60): Object 'Object Repository/Web RoomMe.id/Terms and Conditions Page/Button Q2' is visible

2020-05-27 08:35:50 - [MESSAGE][PASSED] - Object 'Object Repository/Web RoomMe.id/Terms and Conditions Page/Button Q2' is visible

2020-05-27 08:35:50 - [TEST_STEP][PASSED] - verifyElementText(findTestObject("Web RoomMe.id/Terms and Conditions Page/Button Q2"), "Copyright"): Actual text and expected text of test object 'Object Repository/Web RoomMe.id/Terms and Conditions Page/Button Q2' are matched.

2020-05-27 08:35:50 - [MESSAGE][PASSED] - Actual text and expected text of test object 'Object Repository/Web RoomMe.id/Terms and Conditions Page/Button Q2' are matched.

2020-05-27 08:35:50 - [TEST_STEP][PASSED] - click(findTestObject("Web RoomMe.id/Terms and Conditions Page/Button Q2")): Object: 'Object Repository/Web RoomMe.id/Terms and Conditions Page/Button Q2' is clicked on

2020-05-27 08:35:50 - [MESSAGE][PASSED] - Object: 'Object Repository/Web RoomMe.id/Terms and Conditions Page/Button Q2' is clicked on

2020-05-27 08:35:50 - [TEST_STEP][PASSED] - waitForElementVisible(findTestObject("Web RoomMe.id/Terms and Conditions Page/Text A2"), 60): Object 'Object Repository/Web RoomMe.id/Terms and Conditions Page/Text A2' is visible

2020-05-27 08:35:51 - [MESSAGE][PASSED] - Object 'Object Repository/Web RoomMe.id/Terms and Conditions Page/Text A2' is visible

2020-05-27 08:35:51 - [TEST_STEP][PASSED] - verifyElementText(findTestObject("Web RoomMe.id/Terms and Conditions Page/Text A2"), id Terms and Conditions Text Data").getValue(1, 2)): Actual text and expected text of test object 'Object Repository/Web RoomMe.id/Terms and Conditions Page/Text A2' are matched.

2020-05-27 08:35:51 - [MESSAGE][PASSED] - Actual text and expected text of test object 'Object Repository/Web RoomMe.id/Terms and Conditions Page/Text A2' are matched.

2020-05-27 08:35:51 - [TEST_STEP][PASSED] - waitForElementVisible(findTestObject("Web RoomMe.id/Terms and Conditions Page/Button Q3"), 60): Object 'Object Repository/Web RoomMe.id/Terms and Conditions Page/Button Q3' is visible

2020-05-27 08:35:52 - [MESSAGE][PASSED] - Object 'Object Repository/Web RoomMe.id/Terms and Conditions Page/Button Q3' is visible

2020-05-27 08:35:52 - [TEST_STEP][PASSED] - verifyElementText(findTestObject("Web RoomMe.id/Terms and Conditions Page/Button Q3"), "Cookies"): Actual text and expected text of test object 'Object Repository/Web RoomMe.id/Terms and Conditions Page/Button Q3' are matched.

2020-05-27 08:35:52 - [MESSAGE][PASSED] - Actual text and expected text of test object 'Object Repository/Web RoomMe.id/Terms and Conditions Page/Button Q3' are matched.

2020-05-27 08:35:52 - [TEST_STEP][PASSED] - click(findTestObject("Web RoomMe.id/Terms and Conditions Page/Button Q3")): Object: 'Object Repository/Web RoomMe.id/Terms and Conditions Page/Button Q3' is clicked on

2020-05-27 08:35:52 - [MESSAGE][PASSED] - Object: 'Object Repository/Web RoomMe.id/Terms and Conditions Page/Button Q3' is clicked on

2020-05-27 08:35:52 - [TEST_STEP][PASSED] - waitForElementVisible(findTestObject("Web RoomMe.id/Terms and Conditions Page/Text A3"), 60): Object 'Object Repository/Web RoomMe.id/Terms and Conditions Page/Text A3' is visible

2020-05-27 08:35:53 - [MESSAGE][PASSED] - Object 'Object Repository/Web RoomMe.id/Terms and Conditions Page/Text A3' is visible

2020-05-27 08:35:53 - [TEST_STEP][PASSED] - verifyElementText(findTestObject("Web RoomMe.id/Terms and Conditions Page/Text A3"), id Terms and Conditions Text Data").getValue(1, 3)): Actual text and expected text of test object 'Object Repository/Web RoomMe.id/Terms and Conditions Page/Text A3' are matched.

2020-05-27 08:35:53 - [MESSAGE][PASSED] - Actual text and expected text of test object 'Object Repository/Web RoomMe.id/Terms and Conditions Page/Text A3' are matched.

2020-05-27 08:35:53 - [TEST_STEP][PASSED] - waitForElementVisible(findTestObject("Web RoomMe.id/Terms and Conditions Page/Button Q4"), 60): Object 'Object Repository/Web RoomMe.id/Terms and Conditions Page/Button Q4' is visible

2020-05-27 08:35:53 - [MESSAGE][PASSED] - Object 'Object Repository/Web RoomMe.id/Terms and Conditions Page/Button Q4' is visible

2020-05-27 08:35:53 - [TEST_STEP][PASSED] - verifyElementText(findTestObject("Web RoomMe.id/Terms and Conditions Page/Button Q4"), "License and Site Access"): Actual text and expected text of test object 'Object Repository/Web RoomMe.id/Terms and Conditions Page/Button Q4' are matched.

2020-05-27 08:35:54 - [MESSAGE][PASSED] - Actual text and expected text of test object 'Object Repository/Web RoomMe.id/Terms and Conditions Page/Button Q4' are matched.

2020-05-27 08:35:54 - [TEST_STEP][PASSED] - click(findTestObject("Web RoomMe.id/Terms and Conditions Page/Button Q4")): Object: 'Object Repository/Web RoomMe.id/Terms and Conditions Page/Button Q4' is clicked on

2020-05-27 08:35:54 - [MESSAGE][PASSED] - Object: 'Object Repository/Web RoomMe.id/Terms and Conditions Page/Button Q4' is clicked on

2020-05-27 08:35:54 - [TEST_STEP][PASSED] - waitForElementVisible(findTestObject("Web RoomMe.id/Terms and Conditions Page/Text A4"), 60): Object 'Object Repository/Web RoomMe.id/Terms and Conditions Page/Text A4' is visible

2020-05-27 08:35:54 - [MESSAGE][PASSED] - Object 'Object Repository/Web RoomMe.id/Terms and Conditions Page/Text A4' is visible

2020-05-27 08:35:54 - [TEST_STEP][PASSED] - verifyElementText(findTestObject("Web RoomMe.id/Terms and Conditions Page/Text A4"), id Terms and Conditions Text Data").getValue(1, 4)): Actual text and expected text of test object 'Object Repository/Web RoomMe.id/Terms and Conditions Page/Text A4' are matched.

2020-05-27 08:35:55 - [MESSAGE][PASSED] - Actual text and expected text of test object 'Object Repository/Web RoomMe.id/Terms and Conditions Page/Text A4' are matched.

2020-05-27 08:35:55 - [TEST_STEP][PASSED] - waitForElementVisible(findTestObject("Web RoomMe.id/Terms and Conditions Page/Button Q5"), 60): Object 'Object Repository/Web RoomMe.id/Terms and Conditions Page/Button Q5' is visible

2020-05-27 08:35:55 - [MESSAGE][PASSED] - Object 'Object Repository/Web RoomMe.id/Terms and Conditions Page/Button Q5' is visible

2020-05-27 08:35:55 - [TEST_STEP][PASSED] - verifyElementText(findTestObject("Web RoomMe.id/Terms and Conditions Page/Button Q5"), "Comments, Reviews, and Emails"): Actual text and expected text of test object 'Object Repository/Web RoomMe.id/Terms and Conditions Page/Button Q5' are matched.

2020-05-27 08:35:55 - [MESSAGE][PASSED] - Actual text and expected text of test object 'Object Repository/Web RoomMe.id/Terms and Conditions Page/Button Q5' are matched.

2020-05-27 08:35:55 - [TEST_STEP][PASSED] - click(findTestObject("Web RoomMe.id/Terms and Conditions Page/Button Q5")): Object: 'Object Repository/Web RoomMe.id/Terms and Conditions Page/Button Q5' is clicked on

2020-05-27 08:35:56 - [MESSAGE][PASSED] - Object: 'Object Repository/Web RoomMe.id/Terms and Conditions Page/Button Q5' is clicked on

2020-05-27 08:35:56 - [TEST_STEP][PASSED] - waitForElementVisible(findTestObject("Web RoomMe.id/Terms and Conditions Page/Text A5"), 60): Object 'Object Repository/Web RoomMe.id/Terms and Conditions Page/Text A5' is visible

2020-05-27 08:35:56 - [MESSAGE][PASSED] - Object 'Object Repository/Web RoomMe.id/Terms and Conditions Page/Text A5' is visible

2020-05-27 08:35:56 - [TEST_STEP][PASSED] - verifyElementText(findTestObject("Web RoomMe.id/Terms and Conditions Page/Text A5"), id Terms and Conditions Text Data").getValue(1, 5)): Actual text and expected text of test object 'Object Repository/Web RoomMe.id/Terms and Conditions Page/Text A5' are matched.

2020-05-27 08:35:57 - [MESSAGE][PASSED] - Actual text and expected text of test object 'Object Repository/Web RoomMe.id/Terms and Conditions Page/Text A5' are matched.

2020-05-27 08:35:57 - [TEST_STEP][PASSED] - waitForElementVisible(findTestObject("Web RoomMe.id/Terms and Conditions Page/Button Q6"), 60): Object 'Object Repository/Web RoomMe.id/Terms and Conditions Page/Button Q6' is visible

2020-05-27 08:35:57 - [MESSAGE][PASSED] - Object 'Object Repository/Web RoomMe.id/Terms and Conditions Page/Button Q6' is visible

2020-05-27 08:35:57 - [TEST_STEP][PASSED] - verifyElementText(findTestObject("Web RoomMe.id/Terms and Conditions Page/Button Q6"), "Content Liability"): Actual text and expected text of test object 'Object Repository/Web RoomMe.id/Terms and Conditions Page/Button Q6' are matched.

2020-05-27 08:35:57 - [MESSAGE][PASSED] - Actual text and expected text of test object 'Object Repository/Web RoomMe.id/Terms and Conditions Page/Button Q6' are matched.

2020-05-27 08:35:57 - [TEST_STEP][PASSED] - click(findTestObject("Web RoomMe.id/Terms and Conditions Page/Button Q6")): Object: 'Object Repository/Web RoomMe.id/Terms and Conditions Page/Button Q6' is clicked on

2020-05-27 08:35:58 - [MESSAGE][PASSED] - Object: 'Object Repository/Web RoomMe.id/Terms and Conditions Page/Button Q6' is clicked on

2020-05-27 08:35:58 - [TEST_STEP][PASSED] - waitForElementVisible(findTestObject("Web RoomMe.id/Terms and Conditions Page/Text A6"), 60): Object 'Object Repository/Web RoomMe.id/Terms and Conditions Page/Text A6' is visible

2020-05-27 08:35:58 - [MESSAGE][PASSED] - Object 'Object Repository/Web RoomMe.id/Terms and Conditions Page/Text A6' is visible

2020-05-27 08:35:58 - [TEST_STEP][PASSED] - verifyElementText(findTestObject("Web RoomMe.id/Terms and Conditions Page/Text A6"), id Terms and Conditions Text Data").getValue(1, 6)): Actual text and expected text of test object 'Object Repository/Web RoomMe.id/Terms and Conditions Page/Text A6' are matched.

2020-05-27 08:35:58 - [MESSAGE][PASSED] - Actual text and expected text of test object 'Object Repository/Web RoomMe.id/Terms and Conditions Page/Text A6' are matched.

2020-05-27 08:35:58 - [TEST_STEP][PASSED] - waitForElementVisible(findTestObject("Web RoomMe.id/Terms and Conditions Page/Button Q7"), 60): Object 'Object Repository/Web RoomMe.id/Terms and Conditions Page/Button Q7' is visible

2020-05-27 08:35:59 - [MESSAGE][PASSED] - Object 'Object Repository/Web RoomMe.id/Terms and Conditions Page/Button Q7' is visible

2020-05-27 08:35:59 - [TEST_STEP][PASSED] - verifyElementText(findTestObject("Web RoomMe.id/Terms and Conditions Page/Button Q7"), "User Account"): Actual text and expected text of test object 'Object Repository/Web RoomMe.id/Terms and Conditions Page/Button Q7' are matched.

2020-05-27 08:35:59 - [MESSAGE][PASSED] - Actual text and expected text of test object 'Object Repository/Web RoomMe.id/Terms and Conditions Page/Button Q7' are matched.

2020-05-27 08:35:59 - [TEST_STEP][PASSED] - click(findTestObject("Web RoomMe.id/Terms and Conditions Page/Button Q7")): Object: 'Object Repository/Web RoomMe.id/Terms and Conditions Page/Button Q7' is clicked on

2020-05-27 08:35:59 - [MESSAGE][PASSED] - Object: 'Object Repository/Web RoomMe.id/Terms and Conditions Page/Button Q7' is clicked on

2020-05-27 08:35:59 - [TEST_STEP][PASSED] - waitForElementVisible(findTestObject("Web RoomMe.id/Terms and Conditions Page/Text A7"), 60): Object 'Object Repository/Web RoomMe.id/Terms and Conditions Page/Text A7' is visible

2020-05-27 08:36:00 - [MESSAGE][PASSED] - Object 'Object Repository/Web RoomMe.id/Terms and Conditions Page/Text A7' is visible

2020-05-27 08:36:00 - [TEST_STEP][PASSED] - verifyElementText(findTestObject("Web RoomMe.id/Terms and Conditions Page/Text A7"), id Terms and Conditions Text Data").getValue(1, 7)): Actual text and expected text of test object 'Object Repository/Web RoomMe.id/Terms and Conditions Page/Text A7' are matched.

2020-05-27 08:36:00 - [MESSAGE][PASSED] - Actual text and expected text of test object 'Object Repository/Web RoomMe.id/Terms and Conditions Page/Text A7' are matched.]]></system-out>
         <system-err><![CDATA[]]></system-err>
      </testcase>
      <testcase name="Test Cases/Web RoomMe.id/4. Our Terms/Customer Access Terms of Use Page" time="29.582" classname="Test Cases/Web RoomMe.id/4. Our Terms/Customer Access Terms of Use Page" status="PASSED">
         <system-out><![CDATA[2020-05-27 08:36:00 - [TEST_CASE][PASSED] - Test Cases/Web RoomMe.id/4. Our Terms/Customer Access Terms of Use Page: Test Cases/Web RoomMe.id/4. Our Terms/Customer Access Terms of Use Page

2020-05-27 08:36:01 - [TEST_STEP][PASSED] - callTestCase(findTestCase("Web RoomMe.id/1. Homepage/1. Customer Access RoomMe Page"), [:], STOP_ON_FAILURE): Call Test Case 'Test Cases/Web RoomMe.id/1. Homepage/1. Customer Access RoomMe Page' successfully

2020-05-27 08:36:01 - [TEST_CASE][PASSED] - Test Cases/Web RoomMe.id/1. Homepage/1. Customer Access RoomMe Page: Test Cases/Web RoomMe.id/1. Homepage/1. Customer Access RoomMe Page

2020-05-27 08:36:01 - [TEST_STEP][PASSED] - openBrowser(url): Browser is opened with url: 'roomme.id'

2020-05-27 08:36:01 - [MESSAGE][WARNING] - A browser is already opened. Closing browser and opening a new one

2020-05-27 08:36:01 - [MESSAGE][INFO] - Starting 'Chrome' driver

2020-05-27 08:36:09 - [MESSAGE][PASSED] - Browser is opened with url: 'roomme.id'

2020-05-27 08:36:09 - [TEST_STEP][PASSED] - maximizeWindow(): Current window maximized

2020-05-27 08:36:11 - [MESSAGE][PASSED] - Current window maximized

2020-05-27 08:36:11 - [TEST_STEP][PASSED] - waitForPageLoad(0): Wait for page load successfully

2020-05-27 08:36:11 - [MESSAGE][WARNING] - Timeout '0' is invalid. Using default page load timeout: '60'

2020-05-27 08:36:11 - [MESSAGE][PASSED] - Wait for page load successfully

2020-05-27 08:36:11 - [MESSAGE][PASSED] - Call Test Case 'Test Cases/Web RoomMe.id/1. Homepage/1. Customer Access RoomMe Page' successfully

2020-05-27 08:36:11 - [TEST_STEP][PASSED] - click(findTestObject("Web RoomMe.id/RoomMe.id Footer/Button Terms of Use")): Object: 'Object Repository/Web RoomMe.id/RoomMe.id Footer/Button Terms of Use' is clicked on

2020-05-27 08:36:14 - [MESSAGE][PASSED] - Object: 'Object Repository/Web RoomMe.id/RoomMe.id Footer/Button Terms of Use' is clicked on

2020-05-27 08:36:14 - [TEST_STEP][NOT_RUN] - callTestCase(findTestCase("Web RoomMe.id/1. Homepage/2. Verify Header RoomMe.id"), [:], STOP_ON_FAILURE): NOT_RUN: callTestCase(findTestCase("Web RoomMe.id/1. Homepage/2. Verify Header RoomMe.id"), [:], STOP_ON_FAILURE)

2020-05-27 08:36:14 - [MESSAGE][NOT_RUN] - NOT_RUN: callTestCase(findTestCase("Web RoomMe.id/1. Homepage/2. Verify Header RoomMe.id"), [:], STOP_ON_FAILURE)

2020-05-27 08:36:14 - [TEST_STEP][NOT_RUN] - callTestCase(findTestCase("Web RoomMe.id/1. Homepage/7. Verify Footer RoomMe.id"), [:], STOP_ON_FAILURE): NOT_RUN: callTestCase(findTestCase("Web RoomMe.id/1. Homepage/7. Verify Footer RoomMe.id"), [:], STOP_ON_FAILURE)

2020-05-27 08:36:14 - [MESSAGE][NOT_RUN] - NOT_RUN: callTestCase(findTestCase("Web RoomMe.id/1. Homepage/7. Verify Footer RoomMe.id"), [:], STOP_ON_FAILURE)

2020-05-27 08:36:14 - [TEST_STEP][PASSED] - waitForElementVisible(findTestObject("Web RoomMe.id/RoomMe.id FAQ Page/Button FAQs"), 60): Object 'Object Repository/Web RoomMe.id/RoomMe.id FAQ Page/Button FAQs' is visible

2020-05-27 08:36:14 - [MESSAGE][PASSED] - Object 'Object Repository/Web RoomMe.id/RoomMe.id FAQ Page/Button FAQs' is visible

2020-05-27 08:36:14 - [TEST_STEP][PASSED] - waitForElementVisible(findTestObject("Web RoomMe.id/RoomMe.id FAQ Page/Button Terms  Conditions"), 60): Object 'Object Repository/Web RoomMe.id/RoomMe.id FAQ Page/Button Terms  Conditions' is visible

2020-05-27 08:36:14 - [MESSAGE][PASSED] - Object 'Object Repository/Web RoomMe.id/RoomMe.id FAQ Page/Button Terms  Conditions' is visible

2020-05-27 08:36:14 - [TEST_STEP][PASSED] - waitForElementVisible(findTestObject("Web RoomMe.id/RoomMe.id FAQ Page/Button Terms of Use"), 60): Object 'Object Repository/Web RoomMe.id/RoomMe.id FAQ Page/Button Terms of Use' is visible

2020-05-27 08:36:15 - [MESSAGE][PASSED] - Object 'Object Repository/Web RoomMe.id/RoomMe.id FAQ Page/Button Terms of Use' is visible

2020-05-27 08:36:15 - [TEST_STEP][PASSED] - waitForElementVisible(findTestObject("Web RoomMe.id/RoomMe.id FAQ Page/Button Disclaimer"), 60): Object 'Object Repository/Web RoomMe.id/RoomMe.id FAQ Page/Button Disclaimer' is visible

2020-05-27 08:36:16 - [MESSAGE][PASSED] - Object 'Object Repository/Web RoomMe.id/RoomMe.id FAQ Page/Button Disclaimer' is visible

2020-05-27 08:36:16 - [TEST_STEP][PASSED] - waitForElementVisible(findTestObject("Web RoomMe.id/RoomMe.id FAQ Page/Button Privacy Policy"), 60): Object 'Object Repository/Web RoomMe.id/RoomMe.id FAQ Page/Button Privacy Policy' is visible

2020-05-27 08:36:16 - [MESSAGE][PASSED] - Object 'Object Repository/Web RoomMe.id/RoomMe.id FAQ Page/Button Privacy Policy' is visible

2020-05-27 08:36:16 - [TEST_STEP][PASSED] - waitForElementVisible(findTestObject("Web RoomMe.id/Terms of Use Page/Image Terms of Use"), 60): Object 'Object Repository/Web RoomMe.id/Terms of Use Page/Image Terms of Use' is visible

2020-05-27 08:36:16 - [MESSAGE][PASSED] - Object 'Object Repository/Web RoomMe.id/Terms of Use Page/Image Terms of Use' is visible

2020-05-27 08:36:16 - [TEST_STEP][PASSED] - waitForElementVisible(findTestObject("Web RoomMe.id/Terms of Use Page/Text Global Content of Terms of Use for Web Apps"), 60): Object 'Object Repository/Web RoomMe.id/Terms of Use Page/Text Global Content of Terms of Use for Web Apps' is visible

2020-05-27 08:36:17 - [MESSAGE][PASSED] - Object 'Object Repository/Web RoomMe.id/Terms of Use Page/Text Global Content of Terms of Use for Web Apps' is visible

2020-05-27 08:36:17 - [TEST_STEP][PASSED] - waitForElementVisible(findTestObject("Web RoomMe.id/Terms of Use Page/Text Terms of Use Content"), 60): Object 'Object Repository/Web RoomMe.id/Terms of Use Page/Text Terms of Use Content' is visible

2020-05-27 08:36:17 - [MESSAGE][PASSED] - Object 'Object Repository/Web RoomMe.id/Terms of Use Page/Text Terms of Use Content' is visible

2020-05-27 08:36:17 - [TEST_STEP][PASSED] - verifyElementText(findTestObject("Web RoomMe.id/Terms of Use Page/Text Terms of Use Content"), id Terms of Use Text Data").getValue(1, 1)): Actual text and expected text of test object 'Object Repository/Web RoomMe.id/Terms of Use Page/Text Terms of Use Content' are matched.

2020-05-27 08:36:17 - [MESSAGE][PASSED] - Actual text and expected text of test object 'Object Repository/Web RoomMe.id/Terms of Use Page/Text Terms of Use Content' are matched.

2020-05-27 08:36:17 - [TEST_STEP][PASSED] - waitForElementVisible(findTestObject("Web RoomMe.id/Terms of Use Page/Button Q1"), 60): Object 'Object Repository/Web RoomMe.id/Terms of Use Page/Button Q1' is visible

2020-05-27 08:36:18 - [MESSAGE][PASSED] - Object 'Object Repository/Web RoomMe.id/Terms of Use Page/Button Q1' is visible

2020-05-27 08:36:18 - [TEST_STEP][PASSED] - verifyElementText(findTestObject("Web RoomMe.id/Terms of Use Page/Button Q1"), "Bookings"): Actual text and expected text of test object 'Object Repository/Web RoomMe.id/Terms of Use Page/Button Q1' are matched.

2020-05-27 08:36:18 - [MESSAGE][PASSED] - Actual text and expected text of test object 'Object Repository/Web RoomMe.id/Terms of Use Page/Button Q1' are matched.

2020-05-27 08:36:18 - [TEST_STEP][PASSED] - waitForElementVisible(findTestObject("Web RoomMe.id/Terms of Use Page/Text A1"), 60): Object 'Object Repository/Web RoomMe.id/Terms of Use Page/Text A1' is visible

2020-05-27 08:36:18 - [MESSAGE][PASSED] - Object 'Object Repository/Web RoomMe.id/Terms of Use Page/Text A1' is visible

2020-05-27 08:36:18 - [TEST_STEP][PASSED] - verifyElementText(findTestObject("Web RoomMe.id/Terms of Use Page/Text A1"), id Terms of Use Text Data").getValue(1, 2)): Actual text and expected text of test object 'Object Repository/Web RoomMe.id/Terms of Use Page/Text A1' are matched.

2020-05-27 08:36:19 - [MESSAGE][PASSED] - Actual text and expected text of test object 'Object Repository/Web RoomMe.id/Terms of Use Page/Text A1' are matched.

2020-05-27 08:36:19 - [TEST_STEP][PASSED] - waitForElementVisible(findTestObject("Web RoomMe.id/Terms of Use Page/Button Q2"), 60): Object 'Object Repository/Web RoomMe.id/Terms of Use Page/Button Q2' is visible

2020-05-27 08:36:19 - [MESSAGE][PASSED] - Object 'Object Repository/Web RoomMe.id/Terms of Use Page/Button Q2' is visible

2020-05-27 08:36:19 - [TEST_STEP][PASSED] - verifyElementText(findTestObject("Web RoomMe.id/Terms of Use Page/Button Q2"), "Fees and Payments"): Actual text and expected text of test object 'Object Repository/Web RoomMe.id/Terms of Use Page/Button Q2' are matched.

2020-05-27 08:36:19 - [MESSAGE][PASSED] - Actual text and expected text of test object 'Object Repository/Web RoomMe.id/Terms of Use Page/Button Q2' are matched.

2020-05-27 08:36:19 - [TEST_STEP][PASSED] - click(findTestObject("Web RoomMe.id/Terms of Use Page/Button Q2")): Object: 'Object Repository/Web RoomMe.id/Terms of Use Page/Button Q2' is clicked on

2020-05-27 08:36:20 - [MESSAGE][PASSED] - Object: 'Object Repository/Web RoomMe.id/Terms of Use Page/Button Q2' is clicked on

2020-05-27 08:36:20 - [TEST_STEP][PASSED] - waitForElementVisible(findTestObject("Web RoomMe.id/Terms of Use Page/Text A2"), 60): Object 'Object Repository/Web RoomMe.id/Terms of Use Page/Text A2' is visible

2020-05-27 08:36:20 - [MESSAGE][PASSED] - Object 'Object Repository/Web RoomMe.id/Terms of Use Page/Text A2' is visible

2020-05-27 08:36:20 - [TEST_STEP][PASSED] - verifyElementText(findTestObject("Web RoomMe.id/Terms of Use Page/Text A2"), id Terms of Use Text Data").getValue(1, 3)): Actual text and expected text of test object 'Object Repository/Web RoomMe.id/Terms of Use Page/Text A2' are matched.

2020-05-27 08:36:21 - [MESSAGE][PASSED] - Actual text and expected text of test object 'Object Repository/Web RoomMe.id/Terms of Use Page/Text A2' are matched.

2020-05-27 08:36:21 - [TEST_STEP][PASSED] - waitForElementVisible(findTestObject("Web RoomMe.id/Terms of Use Page/Button Q3"), 60): Object 'Object Repository/Web RoomMe.id/Terms of Use Page/Button Q3' is visible

2020-05-27 08:36:21 - [MESSAGE][PASSED] - Object 'Object Repository/Web RoomMe.id/Terms of Use Page/Button Q3' is visible

2020-05-27 08:36:21 - [TEST_STEP][PASSED] - verifyElementText(findTestObject("Web RoomMe.id/Terms of Use Page/Button Q3"), "Termination"): Actual text and expected text of test object 'Object Repository/Web RoomMe.id/Terms of Use Page/Button Q3' are matched.

2020-05-27 08:36:21 - [MESSAGE][PASSED] - Actual text and expected text of test object 'Object Repository/Web RoomMe.id/Terms of Use Page/Button Q3' are matched.

2020-05-27 08:36:21 - [TEST_STEP][PASSED] - click(findTestObject("Web RoomMe.id/Terms of Use Page/Button Q3")): Object: 'Object Repository/Web RoomMe.id/Terms of Use Page/Button Q3' is clicked on

2020-05-27 08:36:22 - [MESSAGE][PASSED] - Object: 'Object Repository/Web RoomMe.id/Terms of Use Page/Button Q3' is clicked on

2020-05-27 08:36:22 - [TEST_STEP][PASSED] - waitForElementVisible(findTestObject("Web RoomMe.id/Terms of Use Page/Text A3"), 60): Object 'Object Repository/Web RoomMe.id/Terms of Use Page/Text A3' is visible

2020-05-27 08:36:22 - [MESSAGE][PASSED] - Object 'Object Repository/Web RoomMe.id/Terms of Use Page/Text A3' is visible

2020-05-27 08:36:22 - [TEST_STEP][PASSED] - verifyElementText(findTestObject("Web RoomMe.id/Terms of Use Page/Text A3"), id Terms of Use Text Data").getValue(1, 4)): Actual text and expected text of test object 'Object Repository/Web RoomMe.id/Terms of Use Page/Text A3' are matched.

2020-05-27 08:36:23 - [MESSAGE][PASSED] - Actual text and expected text of test object 'Object Repository/Web RoomMe.id/Terms of Use Page/Text A3' are matched.

2020-05-27 08:36:23 - [TEST_STEP][PASSED] - waitForElementVisible(findTestObject("Web RoomMe.id/Terms of Use Page/Button Q4"), 60): Object 'Object Repository/Web RoomMe.id/Terms of Use Page/Button Q4' is visible

2020-05-27 08:36:23 - [MESSAGE][PASSED] - Object 'Object Repository/Web RoomMe.id/Terms of Use Page/Button Q4' is visible

2020-05-27 08:36:23 - [TEST_STEP][PASSED] - verifyElementText(findTestObject("Web RoomMe.id/Terms of Use Page/Button Q4"), "Content"): Actual text and expected text of test object 'Object Repository/Web RoomMe.id/Terms of Use Page/Button Q4' are matched.

2020-05-27 08:36:23 - [MESSAGE][PASSED] - Actual text and expected text of test object 'Object Repository/Web RoomMe.id/Terms of Use Page/Button Q4' are matched.

2020-05-27 08:36:23 - [TEST_STEP][PASSED] - click(findTestObject("Web RoomMe.id/Terms of Use Page/Button Q4")): Object: 'Object Repository/Web RoomMe.id/Terms of Use Page/Button Q4' is clicked on

2020-05-27 08:36:24 - [MESSAGE][PASSED] - Object: 'Object Repository/Web RoomMe.id/Terms of Use Page/Button Q4' is clicked on

2020-05-27 08:36:24 - [TEST_STEP][PASSED] - waitForElementVisible(findTestObject("Web RoomMe.id/Terms of Use Page/Text A4"), 60): Object 'Object Repository/Web RoomMe.id/Terms of Use Page/Text A4' is visible

2020-05-27 08:36:24 - [MESSAGE][PASSED] - Object 'Object Repository/Web RoomMe.id/Terms of Use Page/Text A4' is visible

2020-05-27 08:36:24 - [TEST_STEP][PASSED] - verifyElementText(findTestObject("Web RoomMe.id/Terms of Use Page/Text A4"), id Terms of Use Text Data").getValue(1, 5)): Actual text and expected text of test object 'Object Repository/Web RoomMe.id/Terms of Use Page/Text A4' are matched.

2020-05-27 08:36:24 - [MESSAGE][PASSED] - Actual text and expected text of test object 'Object Repository/Web RoomMe.id/Terms of Use Page/Text A4' are matched.

2020-05-27 08:36:24 - [TEST_STEP][PASSED] - waitForElementVisible(findTestObject("Web RoomMe.id/Terms of Use Page/Button Q5"), 60): Object 'Object Repository/Web RoomMe.id/Terms of Use Page/Button Q5' is visible

2020-05-27 08:36:25 - [MESSAGE][PASSED] - Object 'Object Repository/Web RoomMe.id/Terms of Use Page/Button Q5' is visible

2020-05-27 08:36:25 - [TEST_STEP][PASSED] - verifyElementText(findTestObject("Web RoomMe.id/Terms of Use Page/Button Q5"), "Links To Other Websites"): Actual text and expected text of test object 'Object Repository/Web RoomMe.id/Terms of Use Page/Button Q5' are matched.

2020-05-27 08:36:25 - [MESSAGE][PASSED] - Actual text and expected text of test object 'Object Repository/Web RoomMe.id/Terms of Use Page/Button Q5' are matched.

2020-05-27 08:36:25 - [TEST_STEP][PASSED] - click(findTestObject("Web RoomMe.id/Terms of Use Page/Button Q5")): Object: 'Object Repository/Web RoomMe.id/Terms of Use Page/Button Q5' is clicked on

2020-05-27 08:36:25 - [MESSAGE][PASSED] - Object: 'Object Repository/Web RoomMe.id/Terms of Use Page/Button Q5' is clicked on

2020-05-27 08:36:25 - [TEST_STEP][PASSED] - waitForElementVisible(findTestObject("Web RoomMe.id/Terms of Use Page/Text A5"), 60): Object 'Object Repository/Web RoomMe.id/Terms of Use Page/Text A5' is visible

2020-05-27 08:36:26 - [MESSAGE][PASSED] - Object 'Object Repository/Web RoomMe.id/Terms of Use Page/Text A5' is visible

2020-05-27 08:36:26 - [TEST_STEP][PASSED] - verifyElementText(findTestObject("Web RoomMe.id/Terms of Use Page/Text A5"), id Terms of Use Text Data").getValue(1, 6)): Actual text and expected text of test object 'Object Repository/Web RoomMe.id/Terms of Use Page/Text A5' are matched.

2020-05-27 08:36:26 - [MESSAGE][PASSED] - Actual text and expected text of test object 'Object Repository/Web RoomMe.id/Terms of Use Page/Text A5' are matched.

2020-05-27 08:36:26 - [TEST_STEP][PASSED] - waitForElementVisible(findTestObject("Web RoomMe.id/Terms of Use Page/Button Q6"), 60): Object 'Object Repository/Web RoomMe.id/Terms of Use Page/Button Q6' is visible

2020-05-27 08:36:27 - [MESSAGE][PASSED] - Object 'Object Repository/Web RoomMe.id/Terms of Use Page/Button Q6' is visible

2020-05-27 08:36:27 - [TEST_STEP][PASSED] - verifyElementText(findTestObject("Web RoomMe.id/Terms of Use Page/Button Q6"), "Change to Terms"): Actual text and expected text of test object 'Object Repository/Web RoomMe.id/Terms of Use Page/Button Q6' are matched.

2020-05-27 08:36:27 - [MESSAGE][PASSED] - Actual text and expected text of test object 'Object Repository/Web RoomMe.id/Terms of Use Page/Button Q6' are matched.

2020-05-27 08:36:27 - [TEST_STEP][PASSED] - click(findTestObject("Web RoomMe.id/Terms of Use Page/Button Q6")): Object: 'Object Repository/Web RoomMe.id/Terms of Use Page/Button Q6' is clicked on

2020-05-27 08:36:27 - [MESSAGE][PASSED] - Object: 'Object Repository/Web RoomMe.id/Terms of Use Page/Button Q6' is clicked on

2020-05-27 08:36:27 - [TEST_STEP][PASSED] - waitForElementVisible(findTestObject("Web RoomMe.id/Terms of Use Page/Text A6"), 60): Object 'Object Repository/Web RoomMe.id/Terms of Use Page/Text A6' is visible

2020-05-27 08:36:28 - [MESSAGE][PASSED] - Object 'Object Repository/Web RoomMe.id/Terms of Use Page/Text A6' is visible

2020-05-27 08:36:28 - [TEST_STEP][PASSED] - verifyElementText(findTestObject("Web RoomMe.id/Terms of Use Page/Text A6"), id Terms of Use Text Data").getValue(1, 7)): Actual text and expected text of test object 'Object Repository/Web RoomMe.id/Terms of Use Page/Text A6' are matched.

2020-05-27 08:36:28 - [MESSAGE][PASSED] - Actual text and expected text of test object 'Object Repository/Web RoomMe.id/Terms of Use Page/Text A6' are matched.

2020-05-27 08:36:28 - [TEST_STEP][PASSED] - waitForElementVisible(findTestObject("Web RoomMe.id/Terms of Use Page/Button Q7"), 60): Object 'Object Repository/Web RoomMe.id/Terms of Use Page/Button Q7' is visible

2020-05-27 08:36:28 - [MESSAGE][PASSED] - Object 'Object Repository/Web RoomMe.id/Terms of Use Page/Button Q7' is visible

2020-05-27 08:36:28 - [TEST_STEP][PASSED] - verifyElementText(findTestObject("Web RoomMe.id/Terms of Use Page/Button Q7"), "Contact Us"): Actual text and expected text of test object 'Object Repository/Web RoomMe.id/Terms of Use Page/Button Q7' are matched.

2020-05-27 08:36:29 - [MESSAGE][PASSED] - Actual text and expected text of test object 'Object Repository/Web RoomMe.id/Terms of Use Page/Button Q7' are matched.

2020-05-27 08:36:29 - [TEST_STEP][PASSED] - click(findTestObject("Web RoomMe.id/Terms of Use Page/Button Q7")): Object: 'Object Repository/Web RoomMe.id/Terms of Use Page/Button Q7' is clicked on

2020-05-27 08:36:29 - [MESSAGE][PASSED] - Object: 'Object Repository/Web RoomMe.id/Terms of Use Page/Button Q7' is clicked on

2020-05-27 08:36:29 - [TEST_STEP][PASSED] - waitForElementVisible(findTestObject("Web RoomMe.id/Terms of Use Page/Text A7"), 60): Object 'Object Repository/Web RoomMe.id/Terms of Use Page/Text A7' is visible

2020-05-27 08:36:29 - [MESSAGE][PASSED] - Object 'Object Repository/Web RoomMe.id/Terms of Use Page/Text A7' is visible

2020-05-27 08:36:29 - [TEST_STEP][PASSED] - verifyElementText(findTestObject("Web RoomMe.id/Terms of Use Page/Text A7"), id Terms of Use Text Data").getValue(1, 8)): Actual text and expected text of test object 'Object Repository/Web RoomMe.id/Terms of Use Page/Text A7' are matched.

2020-05-27 08:36:30 - [MESSAGE][PASSED] - Actual text and expected text of test object 'Object Repository/Web RoomMe.id/Terms of Use Page/Text A7' are matched.]]></system-out>
         <system-err><![CDATA[]]></system-err>
      </testcase>
      <testcase name="Test Cases/Web RoomMe.id/4. Our Terms/Customer Access Disclaimer Page" time="20.093" classname="Test Cases/Web RoomMe.id/4. Our Terms/Customer Access Disclaimer Page" status="PASSED">
         <system-out><![CDATA[2020-05-27 08:36:30 - [TEST_CASE][PASSED] - Test Cases/Web RoomMe.id/4. Our Terms/Customer Access Disclaimer Page: Test Cases/Web RoomMe.id/4. Our Terms/Customer Access Disclaimer Page

2020-05-27 08:36:30 - [TEST_STEP][PASSED] - callTestCase(findTestCase("Web RoomMe.id/1. Homepage/1. Customer Access RoomMe Page"), [:], STOP_ON_FAILURE): Call Test Case 'Test Cases/Web RoomMe.id/1. Homepage/1. Customer Access RoomMe Page' successfully

2020-05-27 08:36:30 - [TEST_CASE][PASSED] - Test Cases/Web RoomMe.id/1. Homepage/1. Customer Access RoomMe Page: Test Cases/Web RoomMe.id/1. Homepage/1. Customer Access RoomMe Page

2020-05-27 08:36:30 - [TEST_STEP][PASSED] - openBrowser(url): Browser is opened with url: 'roomme.id'

2020-05-27 08:36:30 - [MESSAGE][WARNING] - A browser is already opened. Closing browser and opening a new one

2020-05-27 08:36:31 - [MESSAGE][INFO] - Starting 'Chrome' driver

2020-05-27 08:36:38 - [MESSAGE][PASSED] - Browser is opened with url: 'roomme.id'

2020-05-27 08:36:38 - [TEST_STEP][PASSED] - maximizeWindow(): Current window maximized

2020-05-27 08:36:41 - [MESSAGE][PASSED] - Current window maximized

2020-05-27 08:36:41 - [TEST_STEP][PASSED] - waitForPageLoad(0): Wait for page load successfully

2020-05-27 08:36:41 - [MESSAGE][WARNING] - Timeout '0' is invalid. Using default page load timeout: '60'

2020-05-27 08:36:41 - [MESSAGE][PASSED] - Wait for page load successfully

2020-05-27 08:36:41 - [MESSAGE][PASSED] - Call Test Case 'Test Cases/Web RoomMe.id/1. Homepage/1. Customer Access RoomMe Page' successfully

2020-05-27 08:36:41 - [TEST_STEP][PASSED] - click(findTestObject("Web RoomMe.id/RoomMe.id Footer/Button Disclaimer")): Object: 'Object Repository/Web RoomMe.id/RoomMe.id Footer/Button Disclaimer' is clicked on

2020-05-27 08:36:43 - [MESSAGE][PASSED] - Object: 'Object Repository/Web RoomMe.id/RoomMe.id Footer/Button Disclaimer' is clicked on

2020-05-27 08:36:43 - [TEST_STEP][NOT_RUN] - callTestCase(findTestCase("Web RoomMe.id/1. Homepage/2. Verify Header RoomMe.id"), [:], STOP_ON_FAILURE): NOT_RUN: callTestCase(findTestCase("Web RoomMe.id/1. Homepage/2. Verify Header RoomMe.id"), [:], STOP_ON_FAILURE)

2020-05-27 08:36:43 - [MESSAGE][NOT_RUN] - NOT_RUN: callTestCase(findTestCase("Web RoomMe.id/1. Homepage/2. Verify Header RoomMe.id"), [:], STOP_ON_FAILURE)

2020-05-27 08:36:43 - [TEST_STEP][NOT_RUN] - callTestCase(findTestCase("Web RoomMe.id/1. Homepage/7. Verify Footer RoomMe.id"), [:], STOP_ON_FAILURE): NOT_RUN: callTestCase(findTestCase("Web RoomMe.id/1. Homepage/7. Verify Footer RoomMe.id"), [:], STOP_ON_FAILURE)

2020-05-27 08:36:43 - [MESSAGE][NOT_RUN] - NOT_RUN: callTestCase(findTestCase("Web RoomMe.id/1. Homepage/7. Verify Footer RoomMe.id"), [:], STOP_ON_FAILURE)

2020-05-27 08:36:43 - [TEST_STEP][PASSED] - waitForElementVisible(findTestObject("Web RoomMe.id/RoomMe.id FAQ Page/Button FAQs"), 60): Object 'Object Repository/Web RoomMe.id/RoomMe.id FAQ Page/Button FAQs' is visible

2020-05-27 08:36:44 - [MESSAGE][PASSED] - Object 'Object Repository/Web RoomMe.id/RoomMe.id FAQ Page/Button FAQs' is visible

2020-05-27 08:36:44 - [TEST_STEP][PASSED] - waitForElementVisible(findTestObject("Web RoomMe.id/RoomMe.id FAQ Page/Button Terms  Conditions"), 60): Object 'Object Repository/Web RoomMe.id/RoomMe.id FAQ Page/Button Terms  Conditions' is visible

2020-05-27 08:36:44 - [MESSAGE][PASSED] - Object 'Object Repository/Web RoomMe.id/RoomMe.id FAQ Page/Button Terms  Conditions' is visible

2020-05-27 08:36:44 - [TEST_STEP][PASSED] - waitForElementVisible(findTestObject("Web RoomMe.id/RoomMe.id FAQ Page/Button Terms of Use"), 60): Object 'Object Repository/Web RoomMe.id/RoomMe.id FAQ Page/Button Terms of Use' is visible

2020-05-27 08:36:44 - [MESSAGE][PASSED] - Object 'Object Repository/Web RoomMe.id/RoomMe.id FAQ Page/Button Terms of Use' is visible

2020-05-27 08:36:44 - [TEST_STEP][PASSED] - waitForElementVisible(findTestObject("Web RoomMe.id/RoomMe.id FAQ Page/Button Disclaimer"), 60): Object 'Object Repository/Web RoomMe.id/RoomMe.id FAQ Page/Button Disclaimer' is visible

2020-05-27 08:36:45 - [MESSAGE][PASSED] - Object 'Object Repository/Web RoomMe.id/RoomMe.id FAQ Page/Button Disclaimer' is visible

2020-05-27 08:36:45 - [TEST_STEP][PASSED] - waitForElementVisible(findTestObject("Web RoomMe.id/RoomMe.id FAQ Page/Button Privacy Policy"), 60): Object 'Object Repository/Web RoomMe.id/RoomMe.id FAQ Page/Button Privacy Policy' is visible

2020-05-27 08:36:45 - [MESSAGE][PASSED] - Object 'Object Repository/Web RoomMe.id/RoomMe.id FAQ Page/Button Privacy Policy' is visible

2020-05-27 08:36:45 - [TEST_STEP][PASSED] - waitForElementVisible(findTestObject("Web RoomMe.id/Disclaimer Page/Image Disclaimer"), 60): Object 'Object Repository/Web RoomMe.id/Disclaimer Page/Image Disclaimer' is visible

2020-05-27 08:36:45 - [MESSAGE][PASSED] - Object 'Object Repository/Web RoomMe.id/Disclaimer Page/Image Disclaimer' is visible

2020-05-27 08:36:45 - [TEST_STEP][PASSED] - waitForElementVisible(findTestObject("Web RoomMe.id/Disclaimer Page/Text Global Disclaimer"), 60): Object 'Object Repository/Web RoomMe.id/Disclaimer Page/Text Global Disclaimer' is visible

2020-05-27 08:36:46 - [MESSAGE][PASSED] - Object 'Object Repository/Web RoomMe.id/Disclaimer Page/Text Global Disclaimer' is visible

2020-05-27 08:36:46 - [TEST_STEP][PASSED] - waitForElementVisible(findTestObject("Web RoomMe.id/Disclaimer Page/Text Disclaimer Content"), 60): Object 'Object Repository/Web RoomMe.id/Disclaimer Page/Text Disclaimer Content' is visible

2020-05-27 08:36:46 - [MESSAGE][PASSED] - Object 'Object Repository/Web RoomMe.id/Disclaimer Page/Text Disclaimer Content' is visible

2020-05-27 08:36:46 - [TEST_STEP][PASSED] - verifyElementText(findTestObject("Web RoomMe.id/Disclaimer Page/Text Disclaimer Content"), id Disclaimer Text Data").getValue(1, 1)): Actual text and expected text of test object 'Object Repository/Web RoomMe.id/Disclaimer Page/Text Disclaimer Content' are matched.

2020-05-27 08:36:47 - [MESSAGE][PASSED] - Actual text and expected text of test object 'Object Repository/Web RoomMe.id/Disclaimer Page/Text Disclaimer Content' are matched.

2020-05-27 08:36:47 - [TEST_STEP][PASSED] - waitForElementVisible(findTestObject("Web RoomMe.id/Disclaimer Page/Button Q1"), 60): Object 'Object Repository/Web RoomMe.id/Disclaimer Page/Button Q1' is visible

2020-05-27 08:36:47 - [MESSAGE][PASSED] - Object 'Object Repository/Web RoomMe.id/Disclaimer Page/Button Q1' is visible

2020-05-27 08:36:47 - [TEST_STEP][PASSED] - verifyElementText(findTestObject("Web RoomMe.id/Disclaimer Page/Button Q1"), "Consent"): Actual text and expected text of test object 'Object Repository/Web RoomMe.id/Disclaimer Page/Button Q1' are matched.

2020-05-27 08:36:48 - [MESSAGE][PASSED] - Actual text and expected text of test object 'Object Repository/Web RoomMe.id/Disclaimer Page/Button Q1' are matched.

2020-05-27 08:36:48 - [TEST_STEP][PASSED] - waitForElementVisible(findTestObject("Web RoomMe.id/Disclaimer Page/Text A1"), 60): Object 'Object Repository/Web RoomMe.id/Disclaimer Page/Text A1' is visible

2020-05-27 08:36:48 - [MESSAGE][PASSED] - Object 'Object Repository/Web RoomMe.id/Disclaimer Page/Text A1' is visible

2020-05-27 08:36:48 - [TEST_STEP][PASSED] - verifyElementText(findTestObject("Web RoomMe.id/Disclaimer Page/Text A1"), "By using our website, you hereby consent to our disclaimer and agree to its terms."): Actual text and expected text of test object 'Object Repository/Web RoomMe.id/Disclaimer Page/Text A1' are matched.

2020-05-27 08:36:48 - [MESSAGE][PASSED] - Actual text and expected text of test object 'Object Repository/Web RoomMe.id/Disclaimer Page/Text A1' are matched.

2020-05-27 08:36:48 - [TEST_STEP][PASSED] - waitForElementVisible(findTestObject("Web RoomMe.id/Disclaimer Page/Button Q2"), 60): Object 'Object Repository/Web RoomMe.id/Disclaimer Page/Button Q2' is visible

2020-05-27 08:36:49 - [MESSAGE][PASSED] - Object 'Object Repository/Web RoomMe.id/Disclaimer Page/Button Q2' is visible

2020-05-27 08:36:49 - [TEST_STEP][PASSED] - verifyElementText(findTestObject("Web RoomMe.id/Disclaimer Page/Button Q2"), "Update"): Actual text and expected text of test object 'Object Repository/Web RoomMe.id/Disclaimer Page/Button Q2' are matched.

2020-05-27 08:36:49 - [MESSAGE][PASSED] - Actual text and expected text of test object 'Object Repository/Web RoomMe.id/Disclaimer Page/Button Q2' are matched.

2020-05-27 08:36:49 - [TEST_STEP][PASSED] - click(findTestObject("Web RoomMe.id/Disclaimer Page/Button Q2")): Object: 'Object Repository/Web RoomMe.id/Disclaimer Page/Button Q2' is clicked on

2020-05-27 08:36:49 - [MESSAGE][PASSED] - Object: 'Object Repository/Web RoomMe.id/Disclaimer Page/Button Q2' is clicked on

2020-05-27 08:36:49 - [TEST_STEP][PASSED] - waitForElementVisible(findTestObject("Web RoomMe.id/Disclaimer Page/Text A2"), 60): Object 'Object Repository/Web RoomMe.id/Disclaimer Page/Text A2' is visible

2020-05-27 08:36:49 - [MESSAGE][PASSED] - Object 'Object Repository/Web RoomMe.id/Disclaimer Page/Text A2' is visible

2020-05-27 08:36:49 - [TEST_STEP][PASSED] - verifyElementText(findTestObject("Web RoomMe.id/Disclaimer Page/Text A2"), "Should we update, amend or make any changes to this document, those changes will be promptly posted here."): Actual text and expected text of test object 'Object Repository/Web RoomMe.id/Disclaimer Page/Text A2' are matched.

2020-05-27 08:36:50 - [MESSAGE][PASSED] - Actual text and expected text of test object 'Object Repository/Web RoomMe.id/Disclaimer Page/Text A2' are matched.]]></system-out>
         <system-err><![CDATA[]]></system-err>
      </testcase>
      <testcase name="Test Cases/Web RoomMe.id/4. Our Terms/Customer Access Privacy Policy" time="39.84" classname="Test Cases/Web RoomMe.id/4. Our Terms/Customer Access Privacy Policy" status="PASSED">
         <system-out><![CDATA[2020-05-27 08:36:50 - [TEST_CASE][PASSED] - Test Cases/Web RoomMe.id/4. Our Terms/Customer Access Privacy Policy: Test Cases/Web RoomMe.id/4. Our Terms/Customer Access Privacy Policy

2020-05-27 08:36:50 - [TEST_STEP][PASSED] - callTestCase(findTestCase("Web RoomMe.id/1. Homepage/1. Customer Access RoomMe Page"), [:], STOP_ON_FAILURE): Call Test Case 'Test Cases/Web RoomMe.id/1. Homepage/1. Customer Access RoomMe Page' successfully

2020-05-27 08:36:50 - [TEST_CASE][PASSED] - Test Cases/Web RoomMe.id/1. Homepage/1. Customer Access RoomMe Page: Test Cases/Web RoomMe.id/1. Homepage/1. Customer Access RoomMe Page

2020-05-27 08:36:50 - [TEST_STEP][PASSED] - openBrowser(url): Browser is opened with url: 'roomme.id'

2020-05-27 08:36:50 - [MESSAGE][WARNING] - A browser is already opened. Closing browser and opening a new one

2020-05-27 08:36:51 - [MESSAGE][INFO] - Starting 'Chrome' driver

2020-05-27 08:36:59 - [MESSAGE][PASSED] - Browser is opened with url: 'roomme.id'

2020-05-27 08:36:59 - [TEST_STEP][PASSED] - maximizeWindow(): Current window maximized

2020-05-27 08:37:02 - [MESSAGE][PASSED] - Current window maximized

2020-05-27 08:37:02 - [TEST_STEP][PASSED] - waitForPageLoad(0): Wait for page load successfully

2020-05-27 08:37:02 - [MESSAGE][WARNING] - Timeout '0' is invalid. Using default page load timeout: '60'

2020-05-27 08:37:02 - [MESSAGE][PASSED] - Wait for page load successfully

2020-05-27 08:37:02 - [MESSAGE][PASSED] - Call Test Case 'Test Cases/Web RoomMe.id/1. Homepage/1. Customer Access RoomMe Page' successfully

2020-05-27 08:37:02 - [TEST_STEP][PASSED] - click(findTestObject("Web RoomMe.id/RoomMe.id Footer/Button Privacy Policy")): Object: 'Object Repository/Web RoomMe.id/RoomMe.id Footer/Button Privacy Policy' is clicked on

2020-05-27 08:37:04 - [MESSAGE][PASSED] - Object: 'Object Repository/Web RoomMe.id/RoomMe.id Footer/Button Privacy Policy' is clicked on

2020-05-27 08:37:04 - [TEST_STEP][NOT_RUN] - callTestCase(findTestCase("Web RoomMe.id/1. Homepage/2. Verify Header RoomMe.id"), [:], STOP_ON_FAILURE): NOT_RUN: callTestCase(findTestCase("Web RoomMe.id/1. Homepage/2. Verify Header RoomMe.id"), [:], STOP_ON_FAILURE)

2020-05-27 08:37:04 - [MESSAGE][NOT_RUN] - NOT_RUN: callTestCase(findTestCase("Web RoomMe.id/1. Homepage/2. Verify Header RoomMe.id"), [:], STOP_ON_FAILURE)

2020-05-27 08:37:04 - [TEST_STEP][NOT_RUN] - callTestCase(findTestCase("Web RoomMe.id/1. Homepage/7. Verify Footer RoomMe.id"), [:], STOP_ON_FAILURE): NOT_RUN: callTestCase(findTestCase("Web RoomMe.id/1. Homepage/7. Verify Footer RoomMe.id"), [:], STOP_ON_FAILURE)

2020-05-27 08:37:04 - [MESSAGE][NOT_RUN] - NOT_RUN: callTestCase(findTestCase("Web RoomMe.id/1. Homepage/7. Verify Footer RoomMe.id"), [:], STOP_ON_FAILURE)

2020-05-27 08:37:04 - [TEST_STEP][PASSED] - waitForElementVisible(findTestObject("Web RoomMe.id/RoomMe.id FAQ Page/Button FAQs"), 60): Object 'Object Repository/Web RoomMe.id/RoomMe.id FAQ Page/Button FAQs' is visible

2020-05-27 08:37:05 - [MESSAGE][PASSED] - Object 'Object Repository/Web RoomMe.id/RoomMe.id FAQ Page/Button FAQs' is visible

2020-05-27 08:37:05 - [TEST_STEP][PASSED] - waitForElementVisible(findTestObject("Web RoomMe.id/RoomMe.id FAQ Page/Button Terms  Conditions"), 60): Object 'Object Repository/Web RoomMe.id/RoomMe.id FAQ Page/Button Terms  Conditions' is visible

2020-05-27 08:37:05 - [MESSAGE][PASSED] - Object 'Object Repository/Web RoomMe.id/RoomMe.id FAQ Page/Button Terms  Conditions' is visible

2020-05-27 08:37:05 - [TEST_STEP][PASSED] - waitForElementVisible(findTestObject("Web RoomMe.id/RoomMe.id FAQ Page/Button Terms of Use"), 60): Object 'Object Repository/Web RoomMe.id/RoomMe.id FAQ Page/Button Terms of Use' is visible

2020-05-27 08:37:06 - [MESSAGE][PASSED] - Object 'Object Repository/Web RoomMe.id/RoomMe.id FAQ Page/Button Terms of Use' is visible

2020-05-27 08:37:06 - [TEST_STEP][PASSED] - waitForElementVisible(findTestObject("Web RoomMe.id/RoomMe.id FAQ Page/Button Disclaimer"), 60): Object 'Object Repository/Web RoomMe.id/RoomMe.id FAQ Page/Button Disclaimer' is visible

2020-05-27 08:37:06 - [MESSAGE][PASSED] - Object 'Object Repository/Web RoomMe.id/RoomMe.id FAQ Page/Button Disclaimer' is visible

2020-05-27 08:37:06 - [TEST_STEP][PASSED] - waitForElementVisible(findTestObject("Web RoomMe.id/RoomMe.id FAQ Page/Button Privacy Policy"), 60): Object 'Object Repository/Web RoomMe.id/RoomMe.id FAQ Page/Button Privacy Policy' is visible

2020-05-27 08:37:06 - [MESSAGE][PASSED] - Object 'Object Repository/Web RoomMe.id/RoomMe.id FAQ Page/Button Privacy Policy' is visible

2020-05-27 08:37:06 - [TEST_STEP][PASSED] - waitForElementVisible(findTestObject("Web RoomMe.id/Privacy Policy Page/Image Privacy Policy"), 60): Object 'Object Repository/Web RoomMe.id/Privacy Policy Page/Image Privacy Policy' is visible

2020-05-27 08:37:06 - [MESSAGE][PASSED] - Object 'Object Repository/Web RoomMe.id/Privacy Policy Page/Image Privacy Policy' is visible

2020-05-27 08:37:06 - [TEST_STEP][PASSED] - waitForElementVisible(findTestObject("Web RoomMe.id/Privacy Policy Page/Text Privacy Policy"), 60): Object 'Object Repository/Web RoomMe.id/Privacy Policy Page/Text Privacy Policy' is visible

2020-05-27 08:37:07 - [MESSAGE][PASSED] - Object 'Object Repository/Web RoomMe.id/Privacy Policy Page/Text Privacy Policy' is visible

2020-05-27 08:37:07 - [TEST_STEP][PASSED] - waitForElementVisible(findTestObject("Web RoomMe.id/Privacy Policy Page/Text Privacy Policy Content"), 60): Object 'Object Repository/Web RoomMe.id/Privacy Policy Page/Text Privacy Policy Content' is visible

2020-05-27 08:37:07 - [MESSAGE][PASSED] - Object 'Object Repository/Web RoomMe.id/Privacy Policy Page/Text Privacy Policy Content' is visible

2020-05-27 08:37:07 - [TEST_STEP][PASSED] - verifyElementText(findTestObject("Web RoomMe.id/Privacy Policy Page/Text Privacy Policy Content"), id Privacy Policy Text Data").getValue(1, 1)): Actual text and expected text of test object 'Object Repository/Web RoomMe.id/Privacy Policy Page/Text Privacy Policy Content' are matched.

2020-05-27 08:37:08 - [MESSAGE][PASSED] - Actual text and expected text of test object 'Object Repository/Web RoomMe.id/Privacy Policy Page/Text Privacy Policy Content' are matched.

2020-05-27 08:37:08 - [TEST_STEP][PASSED] - waitForElementVisible(findTestObject("Web RoomMe.id/Privacy Policy Page/Button Q1"), 0): Object 'Object Repository/Web RoomMe.id/Privacy Policy Page/Button Q1' is visible

2020-05-27 08:37:08 - [MESSAGE][WARNING] - Timeout '0' is invalid. Using default page load timeout: '60'

2020-05-27 08:37:08 - [MESSAGE][PASSED] - Object 'Object Repository/Web RoomMe.id/Privacy Policy Page/Button Q1' is visible

2020-05-27 08:37:08 - [TEST_STEP][PASSED] - verifyElementText(findTestObject("Web RoomMe.id/Privacy Policy Page/Button Q1"), "Definitions"): Actual text and expected text of test object 'Object Repository/Web RoomMe.id/Privacy Policy Page/Button Q1' are matched.

2020-05-27 08:37:09 - [MESSAGE][PASSED] - Actual text and expected text of test object 'Object Repository/Web RoomMe.id/Privacy Policy Page/Button Q1' are matched.

2020-05-27 08:37:09 - [TEST_STEP][PASSED] - waitForElementVisible(findTestObject("Web RoomMe.id/Privacy Policy Page/Text A1"), 0): Object 'Object Repository/Web RoomMe.id/Privacy Policy Page/Text A1' is visible

2020-05-27 08:37:09 - [MESSAGE][WARNING] - Timeout '0' is invalid. Using default page load timeout: '60'

2020-05-27 08:37:09 - [MESSAGE][PASSED] - Object 'Object Repository/Web RoomMe.id/Privacy Policy Page/Text A1' is visible

2020-05-27 08:37:09 - [TEST_STEP][PASSED] - verifyElementText(findTestObject("Web RoomMe.id/Privacy Policy Page/Text A1"), id Privacy Policy Text Data").getValue(1, 2)): Actual text and expected text of test object 'Object Repository/Web RoomMe.id/Privacy Policy Page/Text A1' are matched.

2020-05-27 08:37:09 - [MESSAGE][PASSED] - Actual text and expected text of test object 'Object Repository/Web RoomMe.id/Privacy Policy Page/Text A1' are matched.

2020-05-27 08:37:09 - [TEST_STEP][PASSED] - waitForElementVisible(findTestObject("Web RoomMe.id/Privacy Policy Page/Button Q2"), 0): Object 'Object Repository/Web RoomMe.id/Privacy Policy Page/Button Q2' is visible

2020-05-27 08:37:09 - [MESSAGE][WARNING] - Timeout '0' is invalid. Using default page load timeout: '60'

2020-05-27 08:37:09 - [MESSAGE][PASSED] - Object 'Object Repository/Web RoomMe.id/Privacy Policy Page/Button Q2' is visible

2020-05-27 08:37:09 - [TEST_STEP][PASSED] - verifyElementText(findTestObject("Web RoomMe.id/Privacy Policy Page/Button Q2"), "Information Collection and Use"): Actual text and expected text of test object 'Object Repository/Web RoomMe.id/Privacy Policy Page/Button Q2' are matched.

2020-05-27 08:37:10 - [MESSAGE][PASSED] - Actual text and expected text of test object 'Object Repository/Web RoomMe.id/Privacy Policy Page/Button Q2' are matched.

2020-05-27 08:37:10 - [TEST_STEP][PASSED] - click(findTestObject("Web RoomMe.id/Privacy Policy Page/Button Q2")): Object: 'Object Repository/Web RoomMe.id/Privacy Policy Page/Button Q2' is clicked on

2020-05-27 08:37:10 - [MESSAGE][PASSED] - Object: 'Object Repository/Web RoomMe.id/Privacy Policy Page/Button Q2' is clicked on

2020-05-27 08:37:10 - [TEST_STEP][PASSED] - waitForElementVisible(findTestObject("Web RoomMe.id/Privacy Policy Page/Text A2"), 0): Object 'Object Repository/Web RoomMe.id/Privacy Policy Page/Text A2' is visible

2020-05-27 08:37:10 - [MESSAGE][WARNING] - Timeout '0' is invalid. Using default page load timeout: '60'

2020-05-27 08:37:10 - [MESSAGE][PASSED] - Object 'Object Repository/Web RoomMe.id/Privacy Policy Page/Text A2' is visible

2020-05-27 08:37:10 - [TEST_STEP][PASSED] - verifyElementText(findTestObject("Web RoomMe.id/Privacy Policy Page/Text A2"), "We collect several different types of information for various purposes to provide and improve our Service to you."): Actual text and expected text of test object 'Object Repository/Web RoomMe.id/Privacy Policy Page/Text A2' are matched.

2020-05-27 08:37:11 - [MESSAGE][PASSED] - Actual text and expected text of test object 'Object Repository/Web RoomMe.id/Privacy Policy Page/Text A2' are matched.

2020-05-27 08:37:11 - [TEST_STEP][PASSED] - verifyElementText(findTestObject("Web RoomMe.id/Privacy Policy Page/Button Q3"), "Personal Data"): Actual text and expected text of test object 'Object Repository/Web RoomMe.id/Privacy Policy Page/Button Q3' are matched.

2020-05-27 08:37:11 - [MESSAGE][PASSED] - Actual text and expected text of test object 'Object Repository/Web RoomMe.id/Privacy Policy Page/Button Q3' are matched.

2020-05-27 08:37:11 - [TEST_STEP][PASSED] - click(findTestObject("Web RoomMe.id/Privacy Policy Page/Button Q3")): Object: 'Object Repository/Web RoomMe.id/Privacy Policy Page/Button Q3' is clicked on

2020-05-27 08:37:12 - [MESSAGE][PASSED] - Object: 'Object Repository/Web RoomMe.id/Privacy Policy Page/Button Q3' is clicked on

2020-05-27 08:37:12 - [TEST_STEP][PASSED] - waitForElementVisible(findTestObject("Web RoomMe.id/Privacy Policy Page/Text A3"), 0): Object 'Object Repository/Web RoomMe.id/Privacy Policy Page/Text A3' is visible

2020-05-27 08:37:12 - [MESSAGE][WARNING] - Timeout '0' is invalid. Using default page load timeout: '60'

2020-05-27 08:37:12 - [MESSAGE][PASSED] - Object 'Object Repository/Web RoomMe.id/Privacy Policy Page/Text A3' is visible

2020-05-27 08:37:12 - [TEST_STEP][PASSED] - verifyElementText(findTestObject("Web RoomMe.id/Privacy Policy Page/Text A3"), id Privacy Policy Text Data").getValue(1, 4)): Actual text and expected text of test object 'Object Repository/Web RoomMe.id/Privacy Policy Page/Text A3' are matched.

2020-05-27 08:37:12 - [MESSAGE][PASSED] - Actual text and expected text of test object 'Object Repository/Web RoomMe.id/Privacy Policy Page/Text A3' are matched.

2020-05-27 08:37:12 - [TEST_STEP][PASSED] - waitForElementVisible(findTestObject("Web RoomMe.id/Privacy Policy Page/Button Q4"), 0): Object 'Object Repository/Web RoomMe.id/Privacy Policy Page/Button Q4' is visible

2020-05-27 08:37:13 - [MESSAGE][WARNING] - Timeout '0' is invalid. Using default page load timeout: '60'

2020-05-27 08:37:13 - [MESSAGE][PASSED] - Object 'Object Repository/Web RoomMe.id/Privacy Policy Page/Button Q4' is visible

2020-05-27 08:37:13 - [TEST_STEP][PASSED] - verifyElementText(findTestObject("Web RoomMe.id/Privacy Policy Page/Button Q4"), "Use of Data"): Actual text and expected text of test object 'Object Repository/Web RoomMe.id/Privacy Policy Page/Button Q4' are matched.

2020-05-27 08:37:13 - [MESSAGE][PASSED] - Actual text and expected text of test object 'Object Repository/Web RoomMe.id/Privacy Policy Page/Button Q4' are matched.

2020-05-27 08:37:13 - [TEST_STEP][PASSED] - click(findTestObject("Web RoomMe.id/Privacy Policy Page/Button Q4")): Object: 'Object Repository/Web RoomMe.id/Privacy Policy Page/Button Q4' is clicked on

2020-05-27 08:37:13 - [MESSAGE][PASSED] - Object: 'Object Repository/Web RoomMe.id/Privacy Policy Page/Button Q4' is clicked on

2020-05-27 08:37:13 - [TEST_STEP][PASSED] - waitForElementVisible(findTestObject("Web RoomMe.id/Privacy Policy Page/Text A4"), 0): Object 'Object Repository/Web RoomMe.id/Privacy Policy Page/Text A4' is visible

2020-05-27 08:37:14 - [MESSAGE][WARNING] - Timeout '0' is invalid. Using default page load timeout: '60'

2020-05-27 08:37:14 - [MESSAGE][PASSED] - Object 'Object Repository/Web RoomMe.id/Privacy Policy Page/Text A4' is visible

2020-05-27 08:37:14 - [TEST_STEP][PASSED] - verifyElementText(findTestObject("Web RoomMe.id/Privacy Policy Page/Text A4"), id Privacy Policy Text Data").getValue(1, 5)): Actual text and expected text of test object 'Object Repository/Web RoomMe.id/Privacy Policy Page/Text A4' are matched.

2020-05-27 08:37:14 - [MESSAGE][PASSED] - Actual text and expected text of test object 'Object Repository/Web RoomMe.id/Privacy Policy Page/Text A4' are matched.

2020-05-27 08:37:14 - [TEST_STEP][NOT_RUN] - executeJavaScript("document.body.style.zoom='50%'", null): NOT_RUN: executeJavaScript("document.body.style.zoom='50%'", null)

2020-05-27 08:37:14 - [MESSAGE][NOT_RUN] - NOT_RUN: executeJavaScript("document.body.style.zoom='50%'", null)

2020-05-27 08:37:14 - [TEST_STEP][PASSED] - waitForElementVisible(findTestObject("Web RoomMe.id/Privacy Policy Page/Button Q5"), 0): Object 'Object Repository/Web RoomMe.id/Privacy Policy Page/Button Q5' is visible

2020-05-27 08:37:14 - [MESSAGE][WARNING] - Timeout '0' is invalid. Using default page load timeout: '60'

2020-05-27 08:37:15 - [MESSAGE][PASSED] - Object 'Object Repository/Web RoomMe.id/Privacy Policy Page/Button Q5' is visible

2020-05-27 08:37:15 - [TEST_STEP][PASSED] - verifyElementText(findTestObject("Web RoomMe.id/Privacy Policy Page/Button Q5"), "Transfer of Data"): Actual text and expected text of test object 'Object Repository/Web RoomMe.id/Privacy Policy Page/Button Q5' are matched.

2020-05-27 08:37:15 - [MESSAGE][PASSED] - Actual text and expected text of test object 'Object Repository/Web RoomMe.id/Privacy Policy Page/Button Q5' are matched.

2020-05-27 08:37:15 - [TEST_STEP][PASSED] - scrollToElement(findTestObject("Web RoomMe.id/Privacy Policy Page/Button Q4"), 0): Scroll to object 'Object Repository/Web RoomMe.id/Privacy Policy Page/Button Q4' successfully

2020-05-27 08:37:15 - [MESSAGE][WARNING] - Timeout '0' is invalid. Using default page load timeout: '60'

2020-05-27 08:37:15 - [MESSAGE][PASSED] - Scroll to object 'Object Repository/Web RoomMe.id/Privacy Policy Page/Button Q4' successfully

2020-05-27 08:37:15 - [TEST_STEP][PASSED] - verifyElementInViewport(findTestObject("Web RoomMe.id/Privacy Policy Page/Button Q5"), 0): Object 'Object Repository/Web RoomMe.id/Privacy Policy Page/Button Q5' is present and visible in viewport

2020-05-27 08:37:15 - [MESSAGE][WARNING] - Timeout '0' is invalid. Using default page load timeout: '60'

2020-05-27 08:37:16 - [MESSAGE][PASSED] - Object 'Object Repository/Web RoomMe.id/Privacy Policy Page/Button Q5' is present and visible in viewport

2020-05-27 08:37:16 - [TEST_STEP][PASSED] - click(findTestObject("Web RoomMe.id/Privacy Policy Page/Button Q5")): Object: 'Object Repository/Web RoomMe.id/Privacy Policy Page/Button Q5' is clicked on

2020-05-27 08:37:16 - [MESSAGE][PASSED] - Object: 'Object Repository/Web RoomMe.id/Privacy Policy Page/Button Q5' is clicked on

2020-05-27 08:37:16 - [TEST_STEP][PASSED] - waitForElementVisible(findTestObject("Web RoomMe.id/Privacy Policy Page/Text A5"), 0): Object 'Object Repository/Web RoomMe.id/Privacy Policy Page/Text A5' is visible

2020-05-27 08:37:16 - [MESSAGE][WARNING] - Timeout '0' is invalid. Using default page load timeout: '60'

2020-05-27 08:37:17 - [MESSAGE][PASSED] - Object 'Object Repository/Web RoomMe.id/Privacy Policy Page/Text A5' is visible

2020-05-27 08:37:17 - [TEST_STEP][PASSED] - verifyElementText(findTestObject("Web RoomMe.id/Privacy Policy Page/Text A5"), id Privacy Policy Text Data").getValue(1, 6)): Actual text and expected text of test object 'Object Repository/Web RoomMe.id/Privacy Policy Page/Text A5' are matched.

2020-05-27 08:37:17 - [MESSAGE][PASSED] - Actual text and expected text of test object 'Object Repository/Web RoomMe.id/Privacy Policy Page/Text A5' are matched.

2020-05-27 08:37:17 - [TEST_STEP][PASSED] - waitForElementVisible(findTestObject("Web RoomMe.id/Privacy Policy Page/Button Q6"), 0): Object 'Object Repository/Web RoomMe.id/Privacy Policy Page/Button Q6' is visible

2020-05-27 08:37:17 - [MESSAGE][WARNING] - Timeout '0' is invalid. Using default page load timeout: '60'

2020-05-27 08:37:17 - [MESSAGE][PASSED] - Object 'Object Repository/Web RoomMe.id/Privacy Policy Page/Button Q6' is visible

2020-05-27 08:37:17 - [TEST_STEP][PASSED] - verifyElementText(findTestObject("Web RoomMe.id/Privacy Policy Page/Button Q6"), "Disclosure of Data"): Actual text and expected text of test object 'Object Repository/Web RoomMe.id/Privacy Policy Page/Button Q6' are matched.

2020-05-27 08:37:18 - [MESSAGE][PASSED] - Actual text and expected text of test object 'Object Repository/Web RoomMe.id/Privacy Policy Page/Button Q6' are matched.

2020-05-27 08:37:18 - [TEST_STEP][PASSED] - click(findTestObject("Web RoomMe.id/Privacy Policy Page/Button Q6")): Object: 'Object Repository/Web RoomMe.id/Privacy Policy Page/Button Q6' is clicked on

2020-05-27 08:37:18 - [MESSAGE][PASSED] - Object: 'Object Repository/Web RoomMe.id/Privacy Policy Page/Button Q6' is clicked on

2020-05-27 08:37:18 - [TEST_STEP][PASSED] - waitForElementVisible(findTestObject("Web RoomMe.id/Privacy Policy Page/Text A6"), 0): Object 'Object Repository/Web RoomMe.id/Privacy Policy Page/Text A6' is visible

2020-05-27 08:37:18 - [MESSAGE][WARNING] - Timeout '0' is invalid. Using default page load timeout: '60'

2020-05-27 08:37:18 - [MESSAGE][PASSED] - Object 'Object Repository/Web RoomMe.id/Privacy Policy Page/Text A6' is visible

2020-05-27 08:37:18 - [TEST_STEP][PASSED] - verifyElementText(findTestObject("Web RoomMe.id/Privacy Policy Page/Text A6"), id Privacy Policy Text Data").getValue(1, 7)): Actual text and expected text of test object 'Object Repository/Web RoomMe.id/Privacy Policy Page/Text A6' are matched.

2020-05-27 08:37:19 - [MESSAGE][PASSED] - Actual text and expected text of test object 'Object Repository/Web RoomMe.id/Privacy Policy Page/Text A6' are matched.

2020-05-27 08:37:19 - [TEST_STEP][PASSED] - waitForElementVisible(findTestObject("Web RoomMe.id/Privacy Policy Page/Button Q7"), 0): Object 'Object Repository/Web RoomMe.id/Privacy Policy Page/Button Q7' is visible

2020-05-27 08:37:19 - [MESSAGE][WARNING] - Timeout '0' is invalid. Using default page load timeout: '60'

2020-05-27 08:37:19 - [MESSAGE][PASSED] - Object 'Object Repository/Web RoomMe.id/Privacy Policy Page/Button Q7' is visible

2020-05-27 08:37:19 - [TEST_STEP][PASSED] - verifyElementText(findTestObject("Web RoomMe.id/Privacy Policy Page/Button Q7"), "Security of Data"): Actual text and expected text of test object 'Object Repository/Web RoomMe.id/Privacy Policy Page/Button Q7' are matched.

2020-05-27 08:37:20 - [MESSAGE][PASSED] - Actual text and expected text of test object 'Object Repository/Web RoomMe.id/Privacy Policy Page/Button Q7' are matched.

2020-05-27 08:37:20 - [TEST_STEP][PASSED] - click(findTestObject("Web RoomMe.id/Privacy Policy Page/Button Q7")): Object: 'Object Repository/Web RoomMe.id/Privacy Policy Page/Button Q7' is clicked on

2020-05-27 08:37:20 - [MESSAGE][PASSED] - Object: 'Object Repository/Web RoomMe.id/Privacy Policy Page/Button Q7' is clicked on

2020-05-27 08:37:20 - [TEST_STEP][PASSED] - waitForElementVisible(findTestObject("Web RoomMe.id/Privacy Policy Page/Text A7"), 0): Object 'Object Repository/Web RoomMe.id/Privacy Policy Page/Text A7' is visible

2020-05-27 08:37:20 - [MESSAGE][WARNING] - Timeout '0' is invalid. Using default page load timeout: '60'

2020-05-27 08:37:20 - [MESSAGE][PASSED] - Object 'Object Repository/Web RoomMe.id/Privacy Policy Page/Text A7' is visible

2020-05-27 08:37:20 - [TEST_STEP][PASSED] - verifyElementText(findTestObject("Web RoomMe.id/Privacy Policy Page/Text A7"), "The security of your data is important to us but remember that no method of transmission over the Internet or method of electronic storage is 100% secure. While we strive to use commercially acceptable means to protect your Personal Data, we cannot guarantee its absolute security."): Actual text and expected text of test object 'Object Repository/Web RoomMe.id/Privacy Policy Page/Text A7' are matched.

2020-05-27 08:37:21 - [MESSAGE][PASSED] - Actual text and expected text of test object 'Object Repository/Web RoomMe.id/Privacy Policy Page/Text A7' are matched.

2020-05-27 08:37:21 - [TEST_STEP][PASSED] - waitForElementVisible(findTestObject("Web RoomMe.id/Privacy Policy Page/Button Q8"), 0): Object 'Object Repository/Web RoomMe.id/Privacy Policy Page/Button Q8' is visible

2020-05-27 08:37:21 - [MESSAGE][WARNING] - Timeout '0' is invalid. Using default page load timeout: '60'

2020-05-27 08:37:21 - [MESSAGE][PASSED] - Object 'Object Repository/Web RoomMe.id/Privacy Policy Page/Button Q8' is visible

2020-05-27 08:37:21 - [TEST_STEP][PASSED] - verifyElementText(findTestObject("Web RoomMe.id/Privacy Policy Page/Button Q8"), "Service Providers"): Actual text and expected text of test object 'Object Repository/Web RoomMe.id/Privacy Policy Page/Button Q8' are matched.

2020-05-27 08:37:21 - [MESSAGE][PASSED] - Actual text and expected text of test object 'Object Repository/Web RoomMe.id/Privacy Policy Page/Button Q8' are matched.

2020-05-27 08:37:21 - [TEST_STEP][PASSED] - click(findTestObject("Web RoomMe.id/Privacy Policy Page/Button Q8")): Object: 'Object Repository/Web RoomMe.id/Privacy Policy Page/Button Q8' is clicked on

2020-05-27 08:37:22 - [MESSAGE][PASSED] - Object: 'Object Repository/Web RoomMe.id/Privacy Policy Page/Button Q8' is clicked on

2020-05-27 08:37:22 - [TEST_STEP][PASSED] - waitForElementVisible(findTestObject("Web RoomMe.id/Privacy Policy Page/Text A8"), 0): Object 'Object Repository/Web RoomMe.id/Privacy Policy Page/Text A8' is visible

2020-05-27 08:37:22 - [MESSAGE][WARNING] - Timeout '0' is invalid. Using default page load timeout: '60'

2020-05-27 08:37:22 - [MESSAGE][PASSED] - Object 'Object Repository/Web RoomMe.id/Privacy Policy Page/Text A8' is visible

2020-05-27 08:37:22 - [TEST_STEP][PASSED] - verifyElementText(findTestObject("Web RoomMe.id/Privacy Policy Page/Text A8"), id Privacy Policy Text Data").getValue(1, 9)): Actual text and expected text of test object 'Object Repository/Web RoomMe.id/Privacy Policy Page/Text A8' are matched.

2020-05-27 08:37:23 - [MESSAGE][PASSED] - Actual text and expected text of test object 'Object Repository/Web RoomMe.id/Privacy Policy Page/Text A8' are matched.

2020-05-27 08:37:23 - [TEST_STEP][PASSED] - waitForElementVisible(findTestObject("Web RoomMe.id/Privacy Policy Page/Button Q9"), 0): Object 'Object Repository/Web RoomMe.id/Privacy Policy Page/Button Q9' is visible

2020-05-27 08:37:23 - [MESSAGE][WARNING] - Timeout '0' is invalid. Using default page load timeout: '60'

2020-05-27 08:37:23 - [MESSAGE][PASSED] - Object 'Object Repository/Web RoomMe.id/Privacy Policy Page/Button Q9' is visible

2020-05-27 08:37:23 - [TEST_STEP][PASSED] - verifyElementText(findTestObject("Web RoomMe.id/Privacy Policy Page/Button Q9"), "Links to Other Sites"): Actual text and expected text of test object 'Object Repository/Web RoomMe.id/Privacy Policy Page/Button Q9' are matched.

2020-05-27 08:37:23 - [MESSAGE][PASSED] - Actual text and expected text of test object 'Object Repository/Web RoomMe.id/Privacy Policy Page/Button Q9' are matched.

2020-05-27 08:37:23 - [TEST_STEP][PASSED] - click(findTestObject("Web RoomMe.id/Privacy Policy Page/Button Q9")): Object: 'Object Repository/Web RoomMe.id/Privacy Policy Page/Button Q9' is clicked on

2020-05-27 08:37:23 - [MESSAGE][PASSED] - Object: 'Object Repository/Web RoomMe.id/Privacy Policy Page/Button Q9' is clicked on

2020-05-27 08:37:23 - [TEST_STEP][PASSED] - waitForElementVisible(findTestObject("Web RoomMe.id/Privacy Policy Page/Text A9"), 0): Object 'Object Repository/Web RoomMe.id/Privacy Policy Page/Text A9' is visible

2020-05-27 08:37:24 - [MESSAGE][WARNING] - Timeout '0' is invalid. Using default page load timeout: '60'

2020-05-27 08:37:24 - [MESSAGE][PASSED] - Object 'Object Repository/Web RoomMe.id/Privacy Policy Page/Text A9' is visible

2020-05-27 08:37:24 - [TEST_STEP][PASSED] - verifyElementText(findTestObject("Web RoomMe.id/Privacy Policy Page/Text A9"), id Privacy Policy Text Data").getValue(1, 10)): Actual text and expected text of test object 'Object Repository/Web RoomMe.id/Privacy Policy Page/Text A9' are matched.

2020-05-27 08:37:24 - [MESSAGE][PASSED] - Actual text and expected text of test object 'Object Repository/Web RoomMe.id/Privacy Policy Page/Text A9' are matched.

2020-05-27 08:37:24 - [TEST_STEP][PASSED] - waitForElementVisible(findTestObject("Web RoomMe.id/Privacy Policy Page/Button Q10"), 0): Object 'Object Repository/Web RoomMe.id/Privacy Policy Page/Button Q10' is visible

2020-05-27 08:37:24 - [MESSAGE][WARNING] - Timeout '0' is invalid. Using default page load timeout: '60'

2020-05-27 08:37:25 - [MESSAGE][PASSED] - Object 'Object Repository/Web RoomMe.id/Privacy Policy Page/Button Q10' is visible

2020-05-27 08:37:25 - [TEST_STEP][PASSED] - verifyElementText(findTestObject("Web RoomMe.id/Privacy Policy Page/Button Q10"), "Children's Privacy"): Actual text and expected text of test object 'Object Repository/Web RoomMe.id/Privacy Policy Page/Button Q10' are matched.

2020-05-27 08:37:25 - [MESSAGE][PASSED] - Actual text and expected text of test object 'Object Repository/Web RoomMe.id/Privacy Policy Page/Button Q10' are matched.

2020-05-27 08:37:25 - [TEST_STEP][PASSED] - click(findTestObject("Web RoomMe.id/Privacy Policy Page/Button Q10")): Object: 'Object Repository/Web RoomMe.id/Privacy Policy Page/Button Q10' is clicked on

2020-05-27 08:37:25 - [MESSAGE][PASSED] - Object: 'Object Repository/Web RoomMe.id/Privacy Policy Page/Button Q10' is clicked on

2020-05-27 08:37:25 - [TEST_STEP][PASSED] - waitForElementVisible(findTestObject("Web RoomMe.id/Privacy Policy Page/Text A10"), 0): Object 'Object Repository/Web RoomMe.id/Privacy Policy Page/Text A10' is visible

2020-05-27 08:37:25 - [MESSAGE][WARNING] - Timeout '0' is invalid. Using default page load timeout: '60'

2020-05-27 08:37:26 - [MESSAGE][PASSED] - Object 'Object Repository/Web RoomMe.id/Privacy Policy Page/Text A10' is visible

2020-05-27 08:37:26 - [TEST_STEP][PASSED] - verifyElementText(findTestObject("Web RoomMe.id/Privacy Policy Page/Text A10"), id Privacy Policy Text Data").getValue(1, 11)): Actual text and expected text of test object 'Object Repository/Web RoomMe.id/Privacy Policy Page/Text A10' are matched.

2020-05-27 08:37:26 - [MESSAGE][PASSED] - Actual text and expected text of test object 'Object Repository/Web RoomMe.id/Privacy Policy Page/Text A10' are matched.

2020-05-27 08:37:26 - [TEST_STEP][PASSED] - waitForElementVisible(findTestObject("Web RoomMe.id/Privacy Policy Page/Button Q11"), 0): Object 'Object Repository/Web RoomMe.id/Privacy Policy Page/Button Q11' is visible

2020-05-27 08:37:26 - [MESSAGE][WARNING] - Timeout '0' is invalid. Using default page load timeout: '60'

2020-05-27 08:37:27 - [MESSAGE][PASSED] - Object 'Object Repository/Web RoomMe.id/Privacy Policy Page/Button Q11' is visible

2020-05-27 08:37:27 - [TEST_STEP][PASSED] - verifyElementText(findTestObject("Web RoomMe.id/Privacy Policy Page/Button Q11"), "Changes to This Privacy Policy"): Actual text and expected text of test object 'Object Repository/Web RoomMe.id/Privacy Policy Page/Button Q11' are matched.

2020-05-27 08:37:27 - [MESSAGE][PASSED] - Actual text and expected text of test object 'Object Repository/Web RoomMe.id/Privacy Policy Page/Button Q11' are matched.

2020-05-27 08:37:27 - [TEST_STEP][PASSED] - click(findTestObject("Web RoomMe.id/Privacy Policy Page/Button Q11")): Object: 'Object Repository/Web RoomMe.id/Privacy Policy Page/Button Q11' is clicked on

2020-05-27 08:37:27 - [MESSAGE][PASSED] - Object: 'Object Repository/Web RoomMe.id/Privacy Policy Page/Button Q11' is clicked on

2020-05-27 08:37:27 - [TEST_STEP][PASSED] - waitForElementVisible(findTestObject("Web RoomMe.id/Privacy Policy Page/Text A11"), 0): Object 'Object Repository/Web RoomMe.id/Privacy Policy Page/Text A11' is visible

2020-05-27 08:37:27 - [MESSAGE][WARNING] - Timeout '0' is invalid. Using default page load timeout: '60'

2020-05-27 08:37:28 - [MESSAGE][PASSED] - Object 'Object Repository/Web RoomMe.id/Privacy Policy Page/Text A11' is visible

2020-05-27 08:37:28 - [TEST_STEP][PASSED] - verifyElementText(findTestObject("Web RoomMe.id/Privacy Policy Page/Text A11"), id Privacy Policy Text Data").getValue(1, 12)): Actual text and expected text of test object 'Object Repository/Web RoomMe.id/Privacy Policy Page/Text A11' are matched.

2020-05-27 08:37:28 - [MESSAGE][PASSED] - Actual text and expected text of test object 'Object Repository/Web RoomMe.id/Privacy Policy Page/Text A11' are matched.

2020-05-27 08:37:28 - [TEST_STEP][PASSED] - waitForElementVisible(findTestObject("Web RoomMe.id/Privacy Policy Page/Button Q12"), 0): Object 'Object Repository/Web RoomMe.id/Privacy Policy Page/Button Q12' is visible

2020-05-27 08:37:28 - [MESSAGE][WARNING] - Timeout '0' is invalid. Using default page load timeout: '60'

2020-05-27 08:37:28 - [MESSAGE][PASSED] - Object 'Object Repository/Web RoomMe.id/Privacy Policy Page/Button Q12' is visible

2020-05-27 08:37:28 - [TEST_STEP][PASSED] - verifyElementText(findTestObject("Web RoomMe.id/Privacy Policy Page/Button Q12"), "Contact Us"): Actual text and expected text of test object 'Object Repository/Web RoomMe.id/Privacy Policy Page/Button Q12' are matched.

2020-05-27 08:37:29 - [MESSAGE][PASSED] - Actual text and expected text of test object 'Object Repository/Web RoomMe.id/Privacy Policy Page/Button Q12' are matched.

2020-05-27 08:37:29 - [TEST_STEP][PASSED] - click(findTestObject("Web RoomMe.id/Privacy Policy Page/Button Q12")): Object: 'Object Repository/Web RoomMe.id/Privacy Policy Page/Button Q12' is clicked on

2020-05-27 08:37:29 - [MESSAGE][PASSED] - Object: 'Object Repository/Web RoomMe.id/Privacy Policy Page/Button Q12' is clicked on

2020-05-27 08:37:29 - [TEST_STEP][PASSED] - waitForElementVisible(findTestObject("Web RoomMe.id/Privacy Policy Page/Text A12"), 0): Object 'Object Repository/Web RoomMe.id/Privacy Policy Page/Text A12' is visible

2020-05-27 08:37:29 - [MESSAGE][WARNING] - Timeout '0' is invalid. Using default page load timeout: '60'

2020-05-27 08:37:29 - [MESSAGE][PASSED] - Object 'Object Repository/Web RoomMe.id/Privacy Policy Page/Text A12' is visible

2020-05-27 08:37:29 - [TEST_STEP][PASSED] - verifyElementText(findTestObject("Web RoomMe.id/Privacy Policy Page/Text A12"), id Privacy Policy Text Data").getValue(1, 13)): Actual text and expected text of test object 'Object Repository/Web RoomMe.id/Privacy Policy Page/Text A12' are matched.

2020-05-27 08:37:30 - [MESSAGE][PASSED] - Actual text and expected text of test object 'Object Repository/Web RoomMe.id/Privacy Policy Page/Text A12' are matched.]]></system-out>
         <system-err><![CDATA[]]></system-err>
      </testcase>
      <system-out><![CDATA[2020-05-27 08:32:01 - [TEST_SUITE][FAILED] - Customer Access Our Terms Page: Test Cases/Web RoomMe.id/4. Our Terms/Customer Access FAQ (Booking) Page FAILED.
Reason:
com.kms.katalon.core.exception.StepFailedException: Unable to click on object 'Object Repository/Web RoomMe.id/RoomMe.id Footer/Button FAQ'
	at com.kms.katalon.core.webui.keyword.internal.WebUIKeywordMain.stepFailed(WebUIKeywordMain.groovy:64)
	at com.kms.katalon.core.webui.keyword.internal.WebUIKeywordMain.runKeyword(WebUIKeywordMain.groovy:26)
	at com.kms.katalon.core.webui.keyword.builtin.ClickKeyword.click(ClickKeyword.groovy:76)
	at com.kms.katalon.core.webui.keyword.builtin.ClickKeyword.execute(ClickKeyword.groovy:43)
	at com.kms.katalon.core.keyword.internal.KeywordExecutor.executeKeywordForPlatform(KeywordExecutor.groovy:72)
	at com.kms.katalon.core.webui.keyword.WebUiBuiltInKeywords.click(WebUiBuiltInKeywords.groovy:616)
	at com.kms.katalon.core.webui.keyword.WebUiBuiltInKeywords$click$2.call(Unknown Source)
	at Customer Access FAQ (Booking) Page.run(Customer Access FAQ (Booking) Page:20)
	at com.kms.katalon.core.main.ScriptEngine.run(ScriptEngine.java:194)
	at com.kms.katalon.core.main.ScriptEngine.runScriptAsRawText(ScriptEngine.java:119)
	at com.kms.katalon.core.main.TestCaseExecutor.runScript(TestCaseExecutor.java:337)
	at com.kms.katalon.core.main.TestCaseExecutor.doExecute(TestCaseExecutor.java:328)
	at com.kms.katalon.core.main.TestCaseExecutor.processExecutionPhase(TestCaseExecutor.java:307)
	at com.kms.katalon.core.main.TestCaseExecutor.accessMainPhase(TestCaseExecutor.java:299)
	at com.kms.katalon.core.main.TestCaseExecutor.execute(TestCaseExecutor.java:233)
	at com.kms.katalon.core.main.TestSuiteExecutor.accessTestCaseMainPhase(TestSuiteExecutor.java:169)
	at com.kms.katalon.core.main.TestSuiteExecutor.accessTestSuiteMainPhase(TestSuiteExecutor.java:142)
	at com.kms.katalon.core.main.TestSuiteExecutor.execute(TestSuiteExecutor.java:91)
	at com.kms.katalon.core.main.TestCaseMain.startTestSuite(TestCaseMain.java:157)
	at com.kms.katalon.core.main.TestCaseMain$startTestSuite$0.call(Unknown Source)
	at TempTestSuite1590542841768.run(TempTestSuite1590542841768.groovy:36)
Caused by: com.kms.katalon.core.webui.exception.WebElementNotFoundException: Web element with id: 'Object Repository/Web RoomMe.id/RoomMe.id Footer/Button FAQ' located by 'By.xpath: (//a[contains(@href, '/info/faq')])[2]' not found
	at com.kms.katalon.core.webui.common.WebUiCommonHelper.findWebElement(WebUiCommonHelper.java:1154)
	at com.kms.katalon.core.webui.keyword.internal.WebUIAbstractKeyword.findWebElement(WebUIAbstractKeyword.groovy:27)
	at com.kms.katalon.core.webui.keyword.internal.WebUIAbstractKeyword.findWebElement(WebUIAbstractKeyword.groovy:26)
	at com.kms.katalon.core.webui.keyword.builtin.ClickKeyword$_click_closure1.doCall(ClickKeyword.groovy:67)
	at com.kms.katalon.core.webui.keyword.builtin.ClickKeyword$_click_closure1.call(ClickKeyword.groovy)
	at com.kms.katalon.core.webui.keyword.internal.WebUIKeywordMain.runKeyword(WebUIKeywordMain.groovy:20)
	... 19 more]]></system-out>
      <system-err><![CDATA[2020-05-27 08:32:01 - [TEST_SUITE][FAILED] - Customer Access Our Terms Page: Test Cases/Web RoomMe.id/4. Our Terms/Customer Access FAQ (Booking) Page FAILED.
Reason:
com.kms.katalon.core.exception.StepFailedException: Unable to click on object 'Object Repository/Web RoomMe.id/RoomMe.id Footer/Button FAQ'
	at com.kms.katalon.core.webui.keyword.internal.WebUIKeywordMain.stepFailed(WebUIKeywordMain.groovy:64)
	at com.kms.katalon.core.webui.keyword.internal.WebUIKeywordMain.runKeyword(WebUIKeywordMain.groovy:26)
	at com.kms.katalon.core.webui.keyword.builtin.ClickKeyword.click(ClickKeyword.groovy:76)
	at com.kms.katalon.core.webui.keyword.builtin.ClickKeyword.execute(ClickKeyword.groovy:43)
	at com.kms.katalon.core.keyword.internal.KeywordExecutor.executeKeywordForPlatform(KeywordExecutor.groovy:72)
	at com.kms.katalon.core.webui.keyword.WebUiBuiltInKeywords.click(WebUiBuiltInKeywords.groovy:616)
	at com.kms.katalon.core.webui.keyword.WebUiBuiltInKeywords$click$2.call(Unknown Source)
	at Customer Access FAQ (Booking) Page.run(Customer Access FAQ (Booking) Page:20)
	at com.kms.katalon.core.main.ScriptEngine.run(ScriptEngine.java:194)
	at com.kms.katalon.core.main.ScriptEngine.runScriptAsRawText(ScriptEngine.java:119)
	at com.kms.katalon.core.main.TestCaseExecutor.runScript(TestCaseExecutor.java:337)
	at com.kms.katalon.core.main.TestCaseExecutor.doExecute(TestCaseExecutor.java:328)
	at com.kms.katalon.core.main.TestCaseExecutor.processExecutionPhase(TestCaseExecutor.java:307)
	at com.kms.katalon.core.main.TestCaseExecutor.accessMainPhase(TestCaseExecutor.java:299)
	at com.kms.katalon.core.main.TestCaseExecutor.execute(TestCaseExecutor.java:233)
	at com.kms.katalon.core.main.TestSuiteExecutor.accessTestCaseMainPhase(TestSuiteExecutor.java:169)
	at com.kms.katalon.core.main.TestSuiteExecutor.accessTestSuiteMainPhase(TestSuiteExecutor.java:142)
	at com.kms.katalon.core.main.TestSuiteExecutor.execute(TestSuiteExecutor.java:91)
	at com.kms.katalon.core.main.TestCaseMain.startTestSuite(TestCaseMain.java:157)
	at com.kms.katalon.core.main.TestCaseMain$startTestSuite$0.call(Unknown Source)
	at TempTestSuite1590542841768.run(TempTestSuite1590542841768.groovy:36)
Caused by: com.kms.katalon.core.webui.exception.WebElementNotFoundException: Web element with id: 'Object Repository/Web RoomMe.id/RoomMe.id Footer/Button FAQ' located by 'By.xpath: (//a[contains(@href, '/info/faq')])[2]' not found
	at com.kms.katalon.core.webui.common.WebUiCommonHelper.findWebElement(WebUiCommonHelper.java:1154)
	at com.kms.katalon.core.webui.keyword.internal.WebUIAbstractKeyword.findWebElement(WebUIAbstractKeyword.groovy:27)
	at com.kms.katalon.core.webui.keyword.internal.WebUIAbstractKeyword.findWebElement(WebUIAbstractKeyword.groovy:26)
	at com.kms.katalon.core.webui.keyword.builtin.ClickKeyword$_click_closure1.doCall(ClickKeyword.groovy:67)
	at com.kms.katalon.core.webui.keyword.builtin.ClickKeyword$_click_closure1.call(ClickKeyword.groovy)
	at com.kms.katalon.core.webui.keyword.internal.WebUIKeywordMain.runKeyword(WebUIKeywordMain.groovy:20)
	... 19 more]]></system-err>
   </testsuite>
</testsuites>
