<?xml version="1.0" encoding="UTF-8"?>
<testsuites name="Customer Login" time="186.162" tests="6" failures="0" errors="0">
   <testsuite name="Customer Login" tests="6" failures="0" errors="0" time="186.162" timestamp="2020-04-27 02:21:24" hostname="Faldi - Alienware-X51" id="Test Suites/Web RoomMe.id/Customer Login">
      <properties>
         <property name="deviceName" value=""/>
         <property name="devicePlatform" value=""/>
         <property name="logFolder" value="C:\\Users\\Faldi\\Katalon Studio\\katalonroomme\\Reports\\20200427_022109\\Web RoomMe.id\\Customer Login\\20200427_022109"/>
         <property name="logFiles" value="C:\\Users\\Faldi\\Katalon Studio\\katalonroomme\\Reports\\20200427_022109\\Web RoomMe.id\\Customer Login\\20200427_022109\\execution0.log"/>
         <property name="attachments" value=""/>
         <property name="hostName" value="Faldi - Alienware-X51"/>
         <property name="os" value="Windows 10 64bit"/>
         <property name="katalonVersion" value="7.4.0.1"/>
         <property name="browser" value="Firefox 75.0"/>
         <property name="hostAddress" value="192.168.1.5"/>
         <property name="sessionId" value="3df266b8-1444-465f-a006-0855717b76c5"/>
         <property name="seleniumVersion" value="3.141.59"/>
         <property name="proxyInformation" value="ProxyInformation{proxyOption=NO_PROXY, proxyServerType=HTTP, password=, proxyServerAddress=, proxyServerPort=0, executionList=}"/>
         <property name="platform" value="Windows 10"/>
      </properties>
      <testcase name="Test Cases/Web RoomMe.id/3. Sign In/1. Login With Valid Credential" time="31.451" classname="Test Cases/Web RoomMe.id/3. Sign In/1. Login With Valid Credential" status="PASSED">
         <system-out><![CDATA[2020-04-27 02:21:24 - [TEST_CASE][PASSED] - Test Cases/Web RoomMe.id/3. Sign In/1. Login With Valid Credential: Test Cases/Web RoomMe.id/3. Sign In/1. Login With Valid Credential

2020-04-27 02:21:24 - [TEST_STEP][PASSED] - callTestCase(findTestCase("Web RoomMe.id/1. Homepage/1. Customer Access RoomMe Page"), [:], STOP_ON_FAILURE): Call Test Case 'Test Cases/Web RoomMe.id/1. Homepage/1. Customer Access RoomMe Page' successfully

2020-04-27 02:21:25 - [TEST_CASE][PASSED] - Test Cases/Web RoomMe.id/1. Homepage/1. Customer Access RoomMe Page: Test Cases/Web RoomMe.id/1. Homepage/1. Customer Access RoomMe Page

2020-04-27 02:21:25 - [TEST_STEP][PASSED] - openBrowser("https://web.roomme.id/"): Browser is opened with url: 'https://web.roomme.id/'

2020-04-27 02:21:25 - [MESSAGE][INFO] - Starting 'Firefox' driver

2020-04-27 02:21:25 - [MESSAGE][INFO] - Action delay is set to 0 milliseconds

2020-04-27 02:21:36 - [MESSAGE][PASSED] - Browser is opened with url: 'https://web.roomme.id/'

2020-04-27 02:21:36 - [TEST_STEP][PASSED] - maximizeWindow(): Current window maximized

2020-04-27 02:21:37 - [MESSAGE][PASSED] - Current window maximized

2020-04-27 02:21:37 - [TEST_STEP][PASSED] - waitForPageLoad(0): Wait for page load successfully

2020-04-27 02:21:37 - [MESSAGE][WARNING] - Timeout '0' is invalid. Using default page load timeout: '30'

2020-04-27 02:21:37 - [MESSAGE][PASSED] - Wait for page load successfully

2020-04-27 02:21:37 - [MESSAGE][PASSED] - Call Test Case 'Test Cases/Web RoomMe.id/1. Homepage/1. Customer Access RoomMe Page' successfully

2020-04-27 02:21:37 - [TEST_STEP][NOT_RUN] - callTestCase(findTestCase("Web RoomMe.id/1. Homepage/2. Verify Header RoomMe.id"), [:], STOP_ON_FAILURE): NOT_RUN: callTestCase(findTestCase("Web RoomMe.id/1. Homepage/2. Verify Header RoomMe.id"), [:], STOP_ON_FAILURE)

2020-04-27 02:21:37 - [MESSAGE][NOT_RUN] - NOT_RUN: callTestCase(findTestCase("Web RoomMe.id/1. Homepage/2. Verify Header RoomMe.id"), [:], STOP_ON_FAILURE)

2020-04-27 02:21:37 - [TEST_STEP][NOT_RUN] - callTestCase(findTestCase("Web RoomMe.id/1. Homepage/7. Verify Footer RoomMe.id"), [:], STOP_ON_FAILURE): NOT_RUN: callTestCase(findTestCase("Web RoomMe.id/1. Homepage/7. Verify Footer RoomMe.id"), [:], STOP_ON_FAILURE)

2020-04-27 02:21:37 - [MESSAGE][NOT_RUN] - NOT_RUN: callTestCase(findTestCase("Web RoomMe.id/1. Homepage/7. Verify Footer RoomMe.id"), [:], STOP_ON_FAILURE)

2020-04-27 02:21:37 - [TEST_STEP][PASSED] - click(findTestObject("Web RoomMe.id/RoomMe.id Homepage/Button Sign In")): Object: 'Object Repository/Web RoomMe.id/RoomMe.id Homepage/Button Sign In' is clicked on

2020-04-27 02:21:39 - [MESSAGE][PASSED] - Object: 'Object Repository/Web RoomMe.id/RoomMe.id Homepage/Button Sign In' is clicked on

2020-04-27 02:21:39 - [TEST_STEP][PASSED] - waitForElementClickable(findTestObject("Web RoomMe.id/Sign In Menu/Textfield Email"), 0): Object 'Object Repository/Web RoomMe.id/Sign In Menu/Textfield Email' is clickable

2020-04-27 02:21:39 - [MESSAGE][WARNING] - Timeout '0' is invalid. Using default page load timeout: '30'

2020-04-27 02:21:39 - [MESSAGE][PASSED] - Object 'Object Repository/Web RoomMe.id/Sign In Menu/Textfield Email' is clickable

2020-04-27 02:21:39 - [TEST_STEP][PASSED] - waitForElementClickable(findTestObject("Web RoomMe.id/Sign In Menu/Textfield Password"), 0): Object 'Object Repository/Web RoomMe.id/Sign In Menu/Textfield Password' is clickable

2020-04-27 02:21:39 - [MESSAGE][WARNING] - Timeout '0' is invalid. Using default page load timeout: '30'

2020-04-27 02:21:39 - [MESSAGE][PASSED] - Object 'Object Repository/Web RoomMe.id/Sign In Menu/Textfield Password' is clickable

2020-04-27 02:21:39 - [TEST_STEP][PASSED] - callTestCase(findTestCase("Web RoomMe.id/3. Sign In/Verify Sign In Menu"), [:], STOP_ON_FAILURE): Call Test Case 'Test Cases/Web RoomMe.id/3. Sign In/Verify Sign In Menu' successfully

2020-04-27 02:21:39 - [TEST_CASE][PASSED] - Test Cases/Web RoomMe.id/3. Sign In/Verify Sign In Menu: Test Cases/Web RoomMe.id/3. Sign In/Verify Sign In Menu

2020-04-27 02:21:40 - [TEST_STEP][PASSED] - objectSubFolder = "Web RoomMe.id\Sign In Menu\": null

2020-04-27 02:21:40 - [TEST_STEP][PASSED] - pathToObjRep = getProjectDir() + "\Object Repository\" + objectSubFolder: null

2020-04-27 02:21:40 - [TEST_STEP][PASSED] - yourObjects = new java.io.File(pathToObjRep): null

2020-04-27 02:21:40 - [TEST_STEP][PASSED] - fileNames = yourObjects.list(): null

2020-04-27 02:21:40 - [TEST_STEP][PASSED] - testObjects = new java.util.ArrayList(): null

2020-04-27 02:21:40 - [TEST_STEP][PASSED] - for ([i = 0, i < length, (i++)]): null

2020-04-27 02:21:40 - [TEST_STEP][PASSED] - if (fileNames[i].contains(".rs")): null

2020-04-27 02:21:40 - [TEST_STEP][PASSED] - fileNames[i] = fileNames[i].replace(".rs", ""): null

2020-04-27 02:21:40 - [TEST_STEP][PASSED] - testObjects.add(objectSubFolder + fileNames[i]): null

2020-04-27 02:21:40 - [TEST_STEP][PASSED] - if (fileNames[i].contains(".rs")): null

2020-04-27 02:21:40 - [TEST_STEP][PASSED] - fileNames[i] = fileNames[i].replace(".rs", ""): null

2020-04-27 02:21:40 - [TEST_STEP][PASSED] - testObjects.add(objectSubFolder + fileNames[i]): null

2020-04-27 02:21:40 - [TEST_STEP][PASSED] - if (fileNames[i].contains(".rs")): null

2020-04-27 02:21:40 - [TEST_STEP][PASSED] - fileNames[i] = fileNames[i].replace(".rs", ""): null

2020-04-27 02:21:40 - [TEST_STEP][PASSED] - testObjects.add(objectSubFolder + fileNames[i]): null

2020-04-27 02:21:40 - [TEST_STEP][PASSED] - if (fileNames[i].contains(".rs")): null

2020-04-27 02:21:40 - [TEST_STEP][PASSED] - fileNames[i] = fileNames[i].replace(".rs", ""): null

2020-04-27 02:21:40 - [TEST_STEP][PASSED] - testObjects.add(objectSubFolder + fileNames[i]): null

2020-04-27 02:21:40 - [TEST_STEP][PASSED] - if (fileNames[i].contains(".rs")): null

2020-04-27 02:21:40 - [TEST_STEP][PASSED] - fileNames[i] = fileNames[i].replace(".rs", ""): null

2020-04-27 02:21:40 - [TEST_STEP][PASSED] - testObjects.add(objectSubFolder + fileNames[i]): null

2020-04-27 02:21:40 - [TEST_STEP][PASSED] - if (fileNames[i].contains(".rs")): null

2020-04-27 02:21:40 - [TEST_STEP][PASSED] - if (fileNames[i].contains(".rs")): null

2020-04-27 02:21:40 - [TEST_STEP][PASSED] - fileNames[i] = fileNames[i].replace(".rs", ""): null

2020-04-27 02:21:40 - [TEST_STEP][PASSED] - testObjects.add(objectSubFolder + fileNames[i]): null

2020-04-27 02:21:40 - [TEST_STEP][PASSED] - if (fileNames[i].contains(".rs")): null

2020-04-27 02:21:40 - [TEST_STEP][PASSED] - fileNames[i] = fileNames[i].replace(".rs", ""): null

2020-04-27 02:21:40 - [TEST_STEP][PASSED] - testObjects.add(objectSubFolder + fileNames[i]): null

2020-04-27 02:21:40 - [TEST_STEP][PASSED] - for (String obj : testObjects): Object 'Object Repository/Web RoomMe.id\Sign In Menu\Textfield Password' is visible

2020-04-27 02:21:40 - [TEST_STEP][PASSED] - waitForElementVisible(findTestObject(obj), 30, STOP_ON_FAILURE): Object 'Object Repository/Web RoomMe.id\Sign In Menu\Button Forgot Password' is visible

2020-04-27 02:21:40 - [MESSAGE][PASSED] - Object 'Object Repository/Web RoomMe.id\Sign In Menu\Button Forgot Password' is visible

2020-04-27 02:21:40 - [TEST_STEP][PASSED] - waitForElementVisible(findTestObject(obj), 30, STOP_ON_FAILURE): Object 'Object Repository/Web RoomMe.id\Sign In Menu\Button Sign In with Google' is visible

2020-04-27 02:21:41 - [MESSAGE][PASSED] - Object 'Object Repository/Web RoomMe.id\Sign In Menu\Button Sign In with Google' is visible

2020-04-27 02:21:41 - [TEST_STEP][PASSED] - waitForElementVisible(findTestObject(obj), 30, STOP_ON_FAILURE): Object 'Object Repository/Web RoomMe.id\Sign In Menu\Button Sign In' is visible

2020-04-27 02:21:41 - [MESSAGE][PASSED] - Object 'Object Repository/Web RoomMe.id\Sign In Menu\Button Sign In' is visible

2020-04-27 02:21:41 - [TEST_STEP][PASSED] - waitForElementVisible(findTestObject(obj), 30, STOP_ON_FAILURE): Object 'Object Repository/Web RoomMe.id\Sign In Menu\Button Sign Up' is visible

2020-04-27 02:21:41 - [MESSAGE][PASSED] - Object 'Object Repository/Web RoomMe.id\Sign In Menu\Button Sign Up' is visible

2020-04-27 02:21:41 - [TEST_STEP][PASSED] - waitForElementVisible(findTestObject(obj), 30, STOP_ON_FAILURE): Object 'Object Repository/Web RoomMe.id\Sign In Menu\Checkbox Remember me' is visible

2020-04-27 02:21:42 - [MESSAGE][PASSED] - Object 'Object Repository/Web RoomMe.id\Sign In Menu\Checkbox Remember me' is visible

2020-04-27 02:21:42 - [TEST_STEP][PASSED] - waitForElementVisible(findTestObject(obj), 30, STOP_ON_FAILURE): Object 'Object Repository/Web RoomMe.id\Sign In Menu\Textfield Email' is visible

2020-04-27 02:21:42 - [MESSAGE][PASSED] - Object 'Object Repository/Web RoomMe.id\Sign In Menu\Textfield Email' is visible

2020-04-27 02:21:42 - [TEST_STEP][PASSED] - waitForElementVisible(findTestObject(obj), 30, STOP_ON_FAILURE): Object 'Object Repository/Web RoomMe.id\Sign In Menu\Textfield Password' is visible

2020-04-27 02:21:42 - [MESSAGE][PASSED] - Object 'Object Repository/Web RoomMe.id\Sign In Menu\Textfield Password' is visible

2020-04-27 02:21:42 - [MESSAGE][PASSED] - Call Test Case 'Test Cases/Web RoomMe.id/3. Sign In/Verify Sign In Menu' successfully

2020-04-27 02:21:42 - [TEST_STEP][PASSED] - setText(findTestObject("Web RoomMe.id/Sign In Menu/Textfield Email"), "hurujy@getnada.com"): Text 'hurujy@getnada.com' is set on object 'Object Repository/Web RoomMe.id/Sign In Menu/Textfield Email'

2020-04-27 02:21:43 - [MESSAGE][PASSED] - Text 'hurujy@getnada.com' is set on object 'Object Repository/Web RoomMe.id/Sign In Menu/Textfield Email'

2020-04-27 02:21:43 - [TEST_STEP][PASSED] - setEncryptedText(findTestObject("Web RoomMe.id/Sign In Menu/Textfield Password"), "aeHFOx8jV/A="): Text ****** has been set on object 'Object Repository/Web RoomMe.id/Sign In Menu/Textfield Password'

2020-04-27 02:21:44 - [MESSAGE][PASSED] - Text ****** has been set on object 'Object Repository/Web RoomMe.id/Sign In Menu/Textfield Password'

2020-04-27 02:21:44 - [TEST_STEP][PASSED] - click(findTestObject("Web RoomMe.id/Sign In Menu/Button Sign In")): Object: 'Object Repository/Web RoomMe.id/Sign In Menu/Button Sign In' is clicked on

2020-04-27 02:21:44 - [MESSAGE][PASSED] - Object: 'Object Repository/Web RoomMe.id/Sign In Menu/Button Sign In' is clicked on

2020-04-27 02:21:44 - [TEST_STEP][PASSED] - waitForElementVisible(findTestObject("Web RoomMe.id/RoomMe.id Header/User Menu/User Menu"), 10, STOP_ON_FAILURE): Object 'Object Repository/Web RoomMe.id/RoomMe.id Header/User Menu/User Menu' is not visible after 10 second(s)

2020-04-27 02:21:55 - [MESSAGE][WARNING] - Object 'Object Repository/Web RoomMe.id/RoomMe.id Header/User Menu/User Menu' is not visible after 10 second(s)

2020-04-27 02:21:55 - [TEST_STEP][PASSED] - waitForElementVisible(findTestObject("Web RoomMe.id/RoomMe.id Header/User Menu/User Profile Image"), 10, STOP_ON_FAILURE): Object 'Object Repository/Web RoomMe.id/RoomMe.id Header/User Menu/User Profile Image' is visible

2020-04-27 02:21:55 - [MESSAGE][PASSED] - Object 'Object Repository/Web RoomMe.id/RoomMe.id Header/User Menu/User Profile Image' is visible]]></system-out>
         <system-err><![CDATA[]]></system-err>
      </testcase>
      <testcase name="Test Cases/Web RoomMe.id/3. Sign In/2. Login With Not Registered Email" time="27.697" classname="Test Cases/Web RoomMe.id/3. Sign In/2. Login With Not Registered Email" status="PASSED">
         <system-out><![CDATA[2020-04-27 02:21:55 - [TEST_CASE][PASSED] - Test Cases/Web RoomMe.id/3. Sign In/2. Login With Not Registered Email: Test Cases/Web RoomMe.id/3. Sign In/2. Login With Not Registered Email

2020-04-27 02:21:56 - [TEST_STEP][PASSED] - callTestCase(findTestCase("Web RoomMe.id/1. Homepage/1. Customer Access RoomMe Page"), [:], STOP_ON_FAILURE): Call Test Case 'Test Cases/Web RoomMe.id/1. Homepage/1. Customer Access RoomMe Page' successfully

2020-04-27 02:21:56 - [TEST_CASE][PASSED] - Test Cases/Web RoomMe.id/1. Homepage/1. Customer Access RoomMe Page: Test Cases/Web RoomMe.id/1. Homepage/1. Customer Access RoomMe Page

2020-04-27 02:21:56 - [TEST_STEP][PASSED] - openBrowser("https://web.roomme.id/"): Browser is opened with url: 'https://web.roomme.id/'

2020-04-27 02:21:56 - [MESSAGE][WARNING] - A browser is already opened. Closing browser and opening a new one

2020-04-27 02:22:06 - [MESSAGE][INFO] - Starting 'Firefox' driver

2020-04-27 02:22:06 - [MESSAGE][INFO] - Action delay is set to 0 milliseconds

2020-04-27 02:22:16 - [MESSAGE][PASSED] - Browser is opened with url: 'https://web.roomme.id/'

2020-04-27 02:22:16 - [TEST_STEP][PASSED] - maximizeWindow(): Current window maximized

2020-04-27 02:22:16 - [MESSAGE][PASSED] - Current window maximized

2020-04-27 02:22:16 - [TEST_STEP][PASSED] - waitForPageLoad(0): Wait for page load successfully

2020-04-27 02:22:16 - [MESSAGE][WARNING] - Timeout '0' is invalid. Using default page load timeout: '30'

2020-04-27 02:22:16 - [MESSAGE][PASSED] - Wait for page load successfully

2020-04-27 02:22:16 - [MESSAGE][PASSED] - Call Test Case 'Test Cases/Web RoomMe.id/1. Homepage/1. Customer Access RoomMe Page' successfully

2020-04-27 02:22:16 - [TEST_STEP][NOT_RUN] - callTestCase(findTestCase("Web RoomMe.id/1. Homepage/2. Verify Header RoomMe.id"), [:], STOP_ON_FAILURE): NOT_RUN: callTestCase(findTestCase("Web RoomMe.id/1. Homepage/2. Verify Header RoomMe.id"), [:], STOP_ON_FAILURE)

2020-04-27 02:22:16 - [MESSAGE][NOT_RUN] - NOT_RUN: callTestCase(findTestCase("Web RoomMe.id/1. Homepage/2. Verify Header RoomMe.id"), [:], STOP_ON_FAILURE)

2020-04-27 02:22:16 - [TEST_STEP][NOT_RUN] - callTestCase(findTestCase("Web RoomMe.id/1. Homepage/7. Verify Footer RoomMe.id"), [:], STOP_ON_FAILURE): NOT_RUN: callTestCase(findTestCase("Web RoomMe.id/1. Homepage/7. Verify Footer RoomMe.id"), [:], STOP_ON_FAILURE)

2020-04-27 02:22:16 - [MESSAGE][NOT_RUN] - NOT_RUN: callTestCase(findTestCase("Web RoomMe.id/1. Homepage/7. Verify Footer RoomMe.id"), [:], STOP_ON_FAILURE)

2020-04-27 02:22:16 - [TEST_STEP][PASSED] - click(findTestObject("Web RoomMe.id/RoomMe.id Homepage/Button Sign In")): Object: 'Object Repository/Web RoomMe.id/RoomMe.id Homepage/Button Sign In' is clicked on

2020-04-27 02:22:19 - [MESSAGE][PASSED] - Object: 'Object Repository/Web RoomMe.id/RoomMe.id Homepage/Button Sign In' is clicked on

2020-04-27 02:22:19 - [TEST_STEP][PASSED] - delay(1, STOP_ON_FAILURE): Delayed 1 second(s)

2020-04-27 02:22:20 - [MESSAGE][PASSED] - Delayed 1 second(s)

2020-04-27 02:22:20 - [TEST_STEP][NOT_RUN] - callTestCase(findTestCase("Web RoomMe.id/3. Sign In/Verify Sign In Menu"), [:], STOP_ON_FAILURE): NOT_RUN: callTestCase(findTestCase("Web RoomMe.id/3. Sign In/Verify Sign In Menu"), [:], STOP_ON_FAILURE)

2020-04-27 02:22:20 - [MESSAGE][NOT_RUN] - NOT_RUN: callTestCase(findTestCase("Web RoomMe.id/3. Sign In/Verify Sign In Menu"), [:], STOP_ON_FAILURE)

2020-04-27 02:22:20 - [TEST_STEP][PASSED] - waitForElementClickable(findTestObject("Web RoomMe.id/Sign In Menu/Textfield Email"), 0): Object 'Object Repository/Web RoomMe.id/Sign In Menu/Textfield Email' is clickable

2020-04-27 02:22:20 - [MESSAGE][WARNING] - Timeout '0' is invalid. Using default page load timeout: '30'

2020-04-27 02:22:20 - [MESSAGE][PASSED] - Object 'Object Repository/Web RoomMe.id/Sign In Menu/Textfield Email' is clickable

2020-04-27 02:22:20 - [TEST_STEP][PASSED] - waitForElementClickable(findTestObject("Web RoomMe.id/Sign In Menu/Textfield Password"), 0): Object 'Object Repository/Web RoomMe.id/Sign In Menu/Textfield Password' is clickable

2020-04-27 02:22:20 - [MESSAGE][WARNING] - Timeout '0' is invalid. Using default page load timeout: '30'

2020-04-27 02:22:21 - [MESSAGE][PASSED] - Object 'Object Repository/Web RoomMe.id/Sign In Menu/Textfield Password' is clickable

2020-04-27 02:22:21 - [TEST_STEP][PASSED] - setText(findTestObject("Web RoomMe.id/Sign In Menu/Textfield Email"), "burujy@getnada.com"): Text 'burujy@getnada.com' is set on object 'Object Repository/Web RoomMe.id/Sign In Menu/Textfield Email'

2020-04-27 02:22:21 - [MESSAGE][PASSED] - Text 'burujy@getnada.com' is set on object 'Object Repository/Web RoomMe.id/Sign In Menu/Textfield Email'

2020-04-27 02:22:21 - [TEST_STEP][PASSED] - setEncryptedText(findTestObject("Web RoomMe.id/Sign In Menu/Textfield Password"), "aeHFOx8jV/A="): Text ****** has been set on object 'Object Repository/Web RoomMe.id/Sign In Menu/Textfield Password'

2020-04-27 02:22:22 - [MESSAGE][PASSED] - Text ****** has been set on object 'Object Repository/Web RoomMe.id/Sign In Menu/Textfield Password'

2020-04-27 02:22:22 - [TEST_STEP][PASSED] - click(findTestObject("Web RoomMe.id/Sign In Menu/Button Sign In")): Object: 'Object Repository/Web RoomMe.id/Sign In Menu/Button Sign In' is clicked on

2020-04-27 02:22:23 - [MESSAGE][PASSED] - Object: 'Object Repository/Web RoomMe.id/Sign In Menu/Button Sign In' is clicked on

2020-04-27 02:22:23 - [TEST_STEP][PASSED] - waitForElementVisible(findTestObject("Web RoomMe.id/Sign In Menu/Error Message/Text Email Not Found"), 10): Object 'Object Repository/Web RoomMe.id/Sign In Menu/Error Message/Text Email Not Found' is visible

2020-04-27 02:22:23 - [MESSAGE][PASSED] - Object 'Object Repository/Web RoomMe.id/Sign In Menu/Error Message/Text Email Not Found' is visible]]></system-out>
         <system-err><![CDATA[]]></system-err>
      </testcase>
      <testcase name="Test Cases/Web RoomMe.id/3. Sign In/3. Input Email With Incorrect Email Format" time="27.735" classname="Test Cases/Web RoomMe.id/3. Sign In/3. Input Email With Incorrect Email Format" status="PASSED">
         <system-out><![CDATA[2020-04-27 02:22:23 - [TEST_CASE][PASSED] - Test Cases/Web RoomMe.id/3. Sign In/3. Input Email With Incorrect Email Format: Test Cases/Web RoomMe.id/3. Sign In/3. Input Email With Incorrect Email Format

2020-04-27 02:22:23 - [TEST_STEP][PASSED] - callTestCase(findTestCase("Web RoomMe.id/1. Homepage/1. Customer Access RoomMe Page"), [:], STOP_ON_FAILURE): Call Test Case 'Test Cases/Web RoomMe.id/1. Homepage/1. Customer Access RoomMe Page' successfully

2020-04-27 02:22:23 - [TEST_CASE][PASSED] - Test Cases/Web RoomMe.id/1. Homepage/1. Customer Access RoomMe Page: Test Cases/Web RoomMe.id/1. Homepage/1. Customer Access RoomMe Page

2020-04-27 02:22:23 - [TEST_STEP][PASSED] - openBrowser("https://web.roomme.id/"): Browser is opened with url: 'https://web.roomme.id/'

2020-04-27 02:22:23 - [MESSAGE][WARNING] - A browser is already opened. Closing browser and opening a new one

2020-04-27 02:22:34 - [MESSAGE][INFO] - Starting 'Firefox' driver

2020-04-27 02:22:34 - [MESSAGE][INFO] - Action delay is set to 0 milliseconds

2020-04-27 02:22:43 - [MESSAGE][PASSED] - Browser is opened with url: 'https://web.roomme.id/'

2020-04-27 02:22:43 - [TEST_STEP][PASSED] - maximizeWindow(): Current window maximized

2020-04-27 02:22:43 - [MESSAGE][PASSED] - Current window maximized

2020-04-27 02:22:43 - [TEST_STEP][PASSED] - waitForPageLoad(0): Wait for page load successfully

2020-04-27 02:22:43 - [MESSAGE][WARNING] - Timeout '0' is invalid. Using default page load timeout: '30'

2020-04-27 02:22:43 - [MESSAGE][PASSED] - Wait for page load successfully

2020-04-27 02:22:43 - [MESSAGE][PASSED] - Call Test Case 'Test Cases/Web RoomMe.id/1. Homepage/1. Customer Access RoomMe Page' successfully

2020-04-27 02:22:43 - [TEST_STEP][NOT_RUN] - callTestCase(findTestCase("Web RoomMe.id/1. Homepage/2. Verify Header RoomMe.id"), [:], STOP_ON_FAILURE): NOT_RUN: callTestCase(findTestCase("Web RoomMe.id/1. Homepage/2. Verify Header RoomMe.id"), [:], STOP_ON_FAILURE)

2020-04-27 02:22:43 - [MESSAGE][NOT_RUN] - NOT_RUN: callTestCase(findTestCase("Web RoomMe.id/1. Homepage/2. Verify Header RoomMe.id"), [:], STOP_ON_FAILURE)

2020-04-27 02:22:43 - [TEST_STEP][NOT_RUN] - callTestCase(findTestCase("Web RoomMe.id/1. Homepage/7. Verify Footer RoomMe.id"), [:], STOP_ON_FAILURE): NOT_RUN: callTestCase(findTestCase("Web RoomMe.id/1. Homepage/7. Verify Footer RoomMe.id"), [:], STOP_ON_FAILURE)

2020-04-27 02:22:43 - [MESSAGE][NOT_RUN] - NOT_RUN: callTestCase(findTestCase("Web RoomMe.id/1. Homepage/7. Verify Footer RoomMe.id"), [:], STOP_ON_FAILURE)

2020-04-27 02:22:43 - [TEST_STEP][PASSED] - click(findTestObject("Web RoomMe.id/RoomMe.id Homepage/Button Sign In")): Object: 'Object Repository/Web RoomMe.id/RoomMe.id Homepage/Button Sign In' is clicked on

2020-04-27 02:22:45 - [MESSAGE][PASSED] - Object: 'Object Repository/Web RoomMe.id/RoomMe.id Homepage/Button Sign In' is clicked on

2020-04-27 02:22:45 - [TEST_STEP][PASSED] - waitForElementClickable(findTestObject("Web RoomMe.id/Sign In Menu/Textfield Email"), 0): Object 'Object Repository/Web RoomMe.id/Sign In Menu/Textfield Email' is clickable

2020-04-27 02:22:45 - [MESSAGE][WARNING] - Timeout '0' is invalid. Using default page load timeout: '30'

2020-04-27 02:22:46 - [MESSAGE][PASSED] - Object 'Object Repository/Web RoomMe.id/Sign In Menu/Textfield Email' is clickable

2020-04-27 02:22:46 - [TEST_STEP][PASSED] - waitForElementClickable(findTestObject("Web RoomMe.id/Sign In Menu/Textfield Password"), 0): Object 'Object Repository/Web RoomMe.id/Sign In Menu/Textfield Password' is clickable

2020-04-27 02:22:46 - [MESSAGE][WARNING] - Timeout '0' is invalid. Using default page load timeout: '30'

2020-04-27 02:22:46 - [MESSAGE][PASSED] - Object 'Object Repository/Web RoomMe.id/Sign In Menu/Textfield Password' is clickable

2020-04-27 02:22:46 - [TEST_STEP][NOT_RUN] - callTestCase(findTestCase("Web RoomMe.id/3. Sign In/Verify Sign In Menu"), [:], STOP_ON_FAILURE): NOT_RUN: callTestCase(findTestCase("Web RoomMe.id/3. Sign In/Verify Sign In Menu"), [:], STOP_ON_FAILURE)

2020-04-27 02:22:46 - [MESSAGE][NOT_RUN] - NOT_RUN: callTestCase(findTestCase("Web RoomMe.id/3. Sign In/Verify Sign In Menu"), [:], STOP_ON_FAILURE)

2020-04-27 02:22:46 - [TEST_STEP][NOT_RUN] - waitForElementVisible(findTestObject("Web RoomMe.id/Sign In Menu/Textfield Email"), 0): NOT_RUN: waitForElementVisible(findTestObject("Web RoomMe.id/Sign In Menu/Textfield Email"), 0)

2020-04-27 02:22:46 - [MESSAGE][NOT_RUN] - NOT_RUN: waitForElementVisible(findTestObject("Web RoomMe.id/Sign In Menu/Textfield Email"), 0)

2020-04-27 02:22:46 - [TEST_STEP][PASSED] - setText(findTestObject("Web RoomMe.id/Sign In Menu/Textfield Email"), "hurujy"): Text 'hurujy' is set on object 'Object Repository/Web RoomMe.id/Sign In Menu/Textfield Email'

2020-04-27 02:22:47 - [MESSAGE][PASSED] - Text 'hurujy' is set on object 'Object Repository/Web RoomMe.id/Sign In Menu/Textfield Email'

2020-04-27 02:22:47 - [TEST_STEP][NOT_RUN] - waitForElementVisible(findTestObject("Web RoomMe.id/Sign In Menu/Error Message/Text Your Email is Not Valid"), 10): NOT_RUN: waitForElementVisible(findTestObject("Web RoomMe.id/Sign In Menu/Error Message/Text Your Email is Not Valid"), 10)

2020-04-27 02:22:47 - [MESSAGE][NOT_RUN] - NOT_RUN: waitForElementVisible(findTestObject("Web RoomMe.id/Sign In Menu/Error Message/Text Your Email is Not Valid"), 10)

2020-04-27 02:22:47 - [TEST_STEP][PASSED] - clearText(findTestObject("Web RoomMe.id/Sign In Menu/Textfield Email")): Text of object 'Object Repository/Web RoomMe.id/Sign In Menu/Textfield Email' is cleared

2020-04-27 02:22:48 - [MESSAGE][PASSED] - Text of object 'Object Repository/Web RoomMe.id/Sign In Menu/Textfield Email' is cleared

2020-04-27 02:22:48 - [TEST_STEP][PASSED] - setText(findTestObject("Web RoomMe.id/Sign In Menu/Textfield Email"), "12345"): Text '12345' is set on object 'Object Repository/Web RoomMe.id/Sign In Menu/Textfield Email'

2020-04-27 02:22:48 - [MESSAGE][PASSED] - Text '12345' is set on object 'Object Repository/Web RoomMe.id/Sign In Menu/Textfield Email'

2020-04-27 02:22:48 - [TEST_STEP][NOT_RUN] - waitForElementVisible(findTestObject("Web RoomMe.id/Sign In Menu/Error Message/Text Your Email is Not Valid"), 10): NOT_RUN: waitForElementVisible(findTestObject("Web RoomMe.id/Sign In Menu/Error Message/Text Your Email is Not Valid"), 10)

2020-04-27 02:22:48 - [MESSAGE][NOT_RUN] - NOT_RUN: waitForElementVisible(findTestObject("Web RoomMe.id/Sign In Menu/Error Message/Text Your Email is Not Valid"), 10)

2020-04-27 02:22:48 - [TEST_STEP][PASSED] - clearText(findTestObject("Web RoomMe.id/Sign In Menu/Textfield Email")): Text of object 'Object Repository/Web RoomMe.id/Sign In Menu/Textfield Email' is cleared

2020-04-27 02:22:49 - [MESSAGE][PASSED] - Text of object 'Object Repository/Web RoomMe.id/Sign In Menu/Textfield Email' is cleared

2020-04-27 02:22:49 - [TEST_STEP][PASSED] - setText(findTestObject("Web RoomMe.id/Sign In Menu/Textfield Email"), "!@#$%^"): Text '!@#$%^' is set on object 'Object Repository/Web RoomMe.id/Sign In Menu/Textfield Email'

2020-04-27 02:22:50 - [MESSAGE][PASSED] - Text '!@#$%^' is set on object 'Object Repository/Web RoomMe.id/Sign In Menu/Textfield Email'

2020-04-27 02:22:50 - [TEST_STEP][NOT_RUN] - waitForElementVisible(findTestObject("Web RoomMe.id/Sign In Menu/Error Message/Text Your Email is Not Valid"), 10): NOT_RUN: waitForElementVisible(findTestObject("Web RoomMe.id/Sign In Menu/Error Message/Text Your Email is Not Valid"), 10)

2020-04-27 02:22:50 - [MESSAGE][NOT_RUN] - NOT_RUN: waitForElementVisible(findTestObject("Web RoomMe.id/Sign In Menu/Error Message/Text Your Email is Not Valid"), 10)

2020-04-27 02:22:50 - [TEST_STEP][PASSED] - clearText(findTestObject("Web RoomMe.id/Sign In Menu/Textfield Email")): Text of object 'Object Repository/Web RoomMe.id/Sign In Menu/Textfield Email' is cleared

2020-04-27 02:22:50 - [MESSAGE][PASSED] - Text of object 'Object Repository/Web RoomMe.id/Sign In Menu/Textfield Email' is cleared

2020-04-27 02:22:50 - [TEST_STEP][PASSED] - setText(findTestObject("Web RoomMe.id/Sign In Menu/Textfield Email"), "                  "): Text '                  ' is set on object 'Object Repository/Web RoomMe.id/Sign In Menu/Textfield Email'

2020-04-27 02:22:51 - [MESSAGE][PASSED] - Text '                  ' is set on object 'Object Repository/Web RoomMe.id/Sign In Menu/Textfield Email'

2020-04-27 02:22:51 - [TEST_STEP][NOT_RUN] - waitForElementVisible(findTestObject("Web RoomMe.id/Sign In Menu/Error Message/Text Your Email is Not Valid"), 10): NOT_RUN: waitForElementVisible(findTestObject("Web RoomMe.id/Sign In Menu/Error Message/Text Your Email is Not Valid"), 10)

2020-04-27 02:22:51 - [MESSAGE][NOT_RUN] - NOT_RUN: waitForElementVisible(findTestObject("Web RoomMe.id/Sign In Menu/Error Message/Text Your Email is Not Valid"), 10)]]></system-out>
         <system-err><![CDATA[]]></system-err>
      </testcase>
      <testcase name="Test Cases/Web RoomMe.id/3. Sign In/4. Login With Wrong Password" time="28.5" classname="Test Cases/Web RoomMe.id/3. Sign In/4. Login With Wrong Password" status="PASSED">
         <system-out><![CDATA[2020-04-27 02:22:51 - [TEST_CASE][PASSED] - Test Cases/Web RoomMe.id/3. Sign In/4. Login With Wrong Password: Test Cases/Web RoomMe.id/3. Sign In/4. Login With Wrong Password

2020-04-27 02:22:51 - [TEST_STEP][PASSED] - callTestCase(findTestCase("Web RoomMe.id/1. Homepage/1. Customer Access RoomMe Page"), [:], STOP_ON_FAILURE): Call Test Case 'Test Cases/Web RoomMe.id/1. Homepage/1. Customer Access RoomMe Page' successfully

2020-04-27 02:22:51 - [TEST_CASE][PASSED] - Test Cases/Web RoomMe.id/1. Homepage/1. Customer Access RoomMe Page: Test Cases/Web RoomMe.id/1. Homepage/1. Customer Access RoomMe Page

2020-04-27 02:22:51 - [TEST_STEP][PASSED] - openBrowser("https://web.roomme.id/"): Browser is opened with url: 'https://web.roomme.id/'

2020-04-27 02:22:51 - [MESSAGE][WARNING] - A browser is already opened. Closing browser and opening a new one

2020-04-27 02:23:02 - [MESSAGE][INFO] - Starting 'Firefox' driver

2020-04-27 02:23:02 - [MESSAGE][INFO] - Action delay is set to 0 milliseconds

2020-04-27 02:23:14 - [MESSAGE][PASSED] - Browser is opened with url: 'https://web.roomme.id/'

2020-04-27 02:23:14 - [TEST_STEP][PASSED] - maximizeWindow(): Current window maximized

2020-04-27 02:23:14 - [MESSAGE][PASSED] - Current window maximized

2020-04-27 02:23:14 - [TEST_STEP][PASSED] - waitForPageLoad(0): Wait for page load successfully

2020-04-27 02:23:14 - [MESSAGE][WARNING] - Timeout '0' is invalid. Using default page load timeout: '30'

2020-04-27 02:23:14 - [MESSAGE][PASSED] - Wait for page load successfully

2020-04-27 02:23:14 - [MESSAGE][PASSED] - Call Test Case 'Test Cases/Web RoomMe.id/1. Homepage/1. Customer Access RoomMe Page' successfully

2020-04-27 02:23:14 - [TEST_STEP][NOT_RUN] - callTestCase(findTestCase("Web RoomMe.id/1. Homepage/2. Verify Header RoomMe.id"), [:], STOP_ON_FAILURE): NOT_RUN: callTestCase(findTestCase("Web RoomMe.id/1. Homepage/2. Verify Header RoomMe.id"), [:], STOP_ON_FAILURE)

2020-04-27 02:23:14 - [MESSAGE][NOT_RUN] - NOT_RUN: callTestCase(findTestCase("Web RoomMe.id/1. Homepage/2. Verify Header RoomMe.id"), [:], STOP_ON_FAILURE)

2020-04-27 02:23:14 - [TEST_STEP][NOT_RUN] - callTestCase(findTestCase("Web RoomMe.id/1. Homepage/7. Verify Footer RoomMe.id"), [:], STOP_ON_FAILURE): NOT_RUN: callTestCase(findTestCase("Web RoomMe.id/1. Homepage/7. Verify Footer RoomMe.id"), [:], STOP_ON_FAILURE)

2020-04-27 02:23:14 - [MESSAGE][NOT_RUN] - NOT_RUN: callTestCase(findTestCase("Web RoomMe.id/1. Homepage/7. Verify Footer RoomMe.id"), [:], STOP_ON_FAILURE)

2020-04-27 02:23:14 - [TEST_STEP][PASSED] - click(findTestObject("Web RoomMe.id/RoomMe.id Homepage/Button Sign In")): Object: 'Object Repository/Web RoomMe.id/RoomMe.id Homepage/Button Sign In' is clicked on

2020-04-27 02:23:16 - [MESSAGE][PASSED] - Object: 'Object Repository/Web RoomMe.id/RoomMe.id Homepage/Button Sign In' is clicked on

2020-04-27 02:23:16 - [TEST_STEP][PASSED] - waitForElementClickable(findTestObject("Web RoomMe.id/Sign In Menu/Textfield Email"), 0): Object 'Object Repository/Web RoomMe.id/Sign In Menu/Textfield Email' is clickable

2020-04-27 02:23:16 - [MESSAGE][WARNING] - Timeout '0' is invalid. Using default page load timeout: '30'

2020-04-27 02:23:16 - [MESSAGE][PASSED] - Object 'Object Repository/Web RoomMe.id/Sign In Menu/Textfield Email' is clickable

2020-04-27 02:23:16 - [TEST_STEP][PASSED] - waitForElementClickable(findTestObject("Web RoomMe.id/Sign In Menu/Textfield Password"), 0): Object 'Object Repository/Web RoomMe.id/Sign In Menu/Textfield Password' is clickable

2020-04-27 02:23:16 - [MESSAGE][WARNING] - Timeout '0' is invalid. Using default page load timeout: '30'

2020-04-27 02:23:16 - [MESSAGE][PASSED] - Object 'Object Repository/Web RoomMe.id/Sign In Menu/Textfield Password' is clickable

2020-04-27 02:23:16 - [TEST_STEP][NOT_RUN] - callTestCase(findTestCase("Web RoomMe.id/3. Sign In/Verify Sign In Menu"), [:], STOP_ON_FAILURE): NOT_RUN: callTestCase(findTestCase("Web RoomMe.id/3. Sign In/Verify Sign In Menu"), [:], STOP_ON_FAILURE)

2020-04-27 02:23:16 - [MESSAGE][NOT_RUN] - NOT_RUN: callTestCase(findTestCase("Web RoomMe.id/3. Sign In/Verify Sign In Menu"), [:], STOP_ON_FAILURE)

2020-04-27 02:23:16 - [TEST_STEP][PASSED] - setText(findTestObject("Web RoomMe.id/Sign In Menu/Textfield Email"), "hurujy@getnada.com"): Text 'hurujy@getnada.com' is set on object 'Object Repository/Web RoomMe.id/Sign In Menu/Textfield Email'

2020-04-27 02:23:17 - [MESSAGE][PASSED] - Text 'hurujy@getnada.com' is set on object 'Object Repository/Web RoomMe.id/Sign In Menu/Textfield Email'

2020-04-27 02:23:17 - [TEST_STEP][PASSED] - setEncryptedText(findTestObject("Web RoomMe.id/Sign In Menu/Textfield Password"), "BHvA5AcphSgkyy/qmGt4NA=="): Text ****** has been set on object 'Object Repository/Web RoomMe.id/Sign In Menu/Textfield Password'

2020-04-27 02:23:18 - [MESSAGE][PASSED] - Text ****** has been set on object 'Object Repository/Web RoomMe.id/Sign In Menu/Textfield Password'

2020-04-27 02:23:18 - [TEST_STEP][PASSED] - click(findTestObject("Web RoomMe.id/Sign In Menu/Button Sign In")): Object: 'Object Repository/Web RoomMe.id/Sign In Menu/Button Sign In' is clicked on

2020-04-27 02:23:19 - [MESSAGE][PASSED] - Object: 'Object Repository/Web RoomMe.id/Sign In Menu/Button Sign In' is clicked on

2020-04-27 02:23:19 - [TEST_STEP][PASSED] - waitForElementVisible(findTestObject("Web RoomMe.id/Sign In Menu/Error Message/Text Email  Password Not Match"), 10): Object 'Object Repository/Web RoomMe.id/Sign In Menu/Error Message/Text Email  Password Not Match' is visible

2020-04-27 02:23:19 - [MESSAGE][PASSED] - Object 'Object Repository/Web RoomMe.id/Sign In Menu/Error Message/Text Email  Password Not Match' is visible]]></system-out>
         <system-err><![CDATA[]]></system-err>
      </testcase>
      <testcase name="Test Cases/Web RoomMe.id/3. Sign In/5. Input Password With Less Than 6 Character" time="27.454" classname="Test Cases/Web RoomMe.id/3. Sign In/5. Input Password With Less Than 6 Character" status="PASSED">
         <system-out><![CDATA[2020-04-27 02:23:19 - [TEST_CASE][PASSED] - Test Cases/Web RoomMe.id/3. Sign In/5. Input Password With Less Than 6 Character: Test Cases/Web RoomMe.id/3. Sign In/5. Input Password With Less Than 6 Character

2020-04-27 02:23:20 - [TEST_STEP][PASSED] - callTestCase(findTestCase("Web RoomMe.id/1. Homepage/1. Customer Access RoomMe Page"), [:], STOP_ON_FAILURE): Call Test Case 'Test Cases/Web RoomMe.id/1. Homepage/1. Customer Access RoomMe Page' successfully

2020-04-27 02:23:20 - [TEST_CASE][PASSED] - Test Cases/Web RoomMe.id/1. Homepage/1. Customer Access RoomMe Page: Test Cases/Web RoomMe.id/1. Homepage/1. Customer Access RoomMe Page

2020-04-27 02:23:20 - [TEST_STEP][PASSED] - openBrowser("https://web.roomme.id/"): Browser is opened with url: 'https://web.roomme.id/'

2020-04-27 02:23:20 - [MESSAGE][WARNING] - A browser is already opened. Closing browser and opening a new one

2020-04-27 02:23:29 - [MESSAGE][INFO] - Starting 'Firefox' driver

2020-04-27 02:23:29 - [MESSAGE][INFO] - Action delay is set to 0 milliseconds

2020-04-27 02:23:39 - [MESSAGE][PASSED] - Browser is opened with url: 'https://web.roomme.id/'

2020-04-27 02:23:39 - [TEST_STEP][PASSED] - maximizeWindow(): Current window maximized

2020-04-27 02:23:39 - [MESSAGE][PASSED] - Current window maximized

2020-04-27 02:23:39 - [TEST_STEP][PASSED] - waitForPageLoad(0): Wait for page load successfully

2020-04-27 02:23:39 - [MESSAGE][WARNING] - Timeout '0' is invalid. Using default page load timeout: '30'

2020-04-27 02:23:39 - [MESSAGE][PASSED] - Wait for page load successfully

2020-04-27 02:23:39 - [MESSAGE][PASSED] - Call Test Case 'Test Cases/Web RoomMe.id/1. Homepage/1. Customer Access RoomMe Page' successfully

2020-04-27 02:23:39 - [TEST_STEP][NOT_RUN] - callTestCase(findTestCase("Web RoomMe.id/1. Homepage/2. Verify Header RoomMe.id"), [:], STOP_ON_FAILURE): NOT_RUN: callTestCase(findTestCase("Web RoomMe.id/1. Homepage/2. Verify Header RoomMe.id"), [:], STOP_ON_FAILURE)

2020-04-27 02:23:39 - [MESSAGE][NOT_RUN] - NOT_RUN: callTestCase(findTestCase("Web RoomMe.id/1. Homepage/2. Verify Header RoomMe.id"), [:], STOP_ON_FAILURE)

2020-04-27 02:23:39 - [TEST_STEP][NOT_RUN] - callTestCase(findTestCase("Web RoomMe.id/1. Homepage/7. Verify Footer RoomMe.id"), [:], STOP_ON_FAILURE): NOT_RUN: callTestCase(findTestCase("Web RoomMe.id/1. Homepage/7. Verify Footer RoomMe.id"), [:], STOP_ON_FAILURE)

2020-04-27 02:23:39 - [MESSAGE][NOT_RUN] - NOT_RUN: callTestCase(findTestCase("Web RoomMe.id/1. Homepage/7. Verify Footer RoomMe.id"), [:], STOP_ON_FAILURE)

2020-04-27 02:23:39 - [TEST_STEP][PASSED] - click(findTestObject("Web RoomMe.id/RoomMe.id Homepage/Button Sign In")): Object: 'Object Repository/Web RoomMe.id/RoomMe.id Homepage/Button Sign In' is clicked on

2020-04-27 02:23:41 - [MESSAGE][PASSED] - Object: 'Object Repository/Web RoomMe.id/RoomMe.id Homepage/Button Sign In' is clicked on

2020-04-27 02:23:41 - [TEST_STEP][PASSED] - waitForElementClickable(findTestObject("Web RoomMe.id/Sign In Menu/Textfield Email"), 0): Object 'Object Repository/Web RoomMe.id/Sign In Menu/Textfield Email' is clickable

2020-04-27 02:23:41 - [MESSAGE][WARNING] - Timeout '0' is invalid. Using default page load timeout: '30'

2020-04-27 02:23:42 - [MESSAGE][PASSED] - Object 'Object Repository/Web RoomMe.id/Sign In Menu/Textfield Email' is clickable

2020-04-27 02:23:42 - [TEST_STEP][PASSED] - waitForElementClickable(findTestObject("Web RoomMe.id/Sign In Menu/Textfield Password"), 0): Object 'Object Repository/Web RoomMe.id/Sign In Menu/Textfield Password' is clickable

2020-04-27 02:23:42 - [MESSAGE][WARNING] - Timeout '0' is invalid. Using default page load timeout: '30'

2020-04-27 02:23:42 - [MESSAGE][PASSED] - Object 'Object Repository/Web RoomMe.id/Sign In Menu/Textfield Password' is clickable

2020-04-27 02:23:42 - [TEST_STEP][NOT_RUN] - callTestCase(findTestCase("Web RoomMe.id/3. Sign In/Verify Sign In Menu"), [:], STOP_ON_FAILURE): NOT_RUN: callTestCase(findTestCase("Web RoomMe.id/3. Sign In/Verify Sign In Menu"), [:], STOP_ON_FAILURE)

2020-04-27 02:23:42 - [MESSAGE][NOT_RUN] - NOT_RUN: callTestCase(findTestCase("Web RoomMe.id/3. Sign In/Verify Sign In Menu"), [:], STOP_ON_FAILURE)

2020-04-27 02:23:42 - [TEST_STEP][PASSED] - setText(findTestObject("Web RoomMe.id/Sign In Menu/Textfield Password"), "abc"): Text 'abc' is set on object 'Object Repository/Web RoomMe.id/Sign In Menu/Textfield Password'

2020-04-27 02:23:43 - [MESSAGE][PASSED] - Text 'abc' is set on object 'Object Repository/Web RoomMe.id/Sign In Menu/Textfield Password'

2020-04-27 02:23:43 - [TEST_STEP][PASSED] - waitForElementVisible(findTestObject("Web RoomMe.id/Sign In Menu/Error Message/Text Minimum Password Required is 6 Character"), 10): Object 'Object Repository/Web RoomMe.id/Sign In Menu/Error Message/Text Minimum Password Required is 6 Character' is visible

2020-04-27 02:23:44 - [MESSAGE][PASSED] - Object 'Object Repository/Web RoomMe.id/Sign In Menu/Error Message/Text Minimum Password Required is 6 Character' is visible

2020-04-27 02:23:44 - [TEST_STEP][PASSED] - clearText(findTestObject("Web RoomMe.id/Sign In Menu/Textfield Password")): Text of object 'Object Repository/Web RoomMe.id/Sign In Menu/Textfield Password' is cleared

2020-04-27 02:23:44 - [MESSAGE][PASSED] - Text of object 'Object Repository/Web RoomMe.id/Sign In Menu/Textfield Password' is cleared

2020-04-27 02:23:44 - [TEST_STEP][PASSED] - setText(findTestObject("Web RoomMe.id/Sign In Menu/Textfield Password"), "12345"): Text '12345' is set on object 'Object Repository/Web RoomMe.id/Sign In Menu/Textfield Password'

2020-04-27 02:23:45 - [MESSAGE][PASSED] - Text '12345' is set on object 'Object Repository/Web RoomMe.id/Sign In Menu/Textfield Password'

2020-04-27 02:23:45 - [TEST_STEP][PASSED] - waitForElementVisible(findTestObject("Web RoomMe.id/Sign In Menu/Error Message/Text Minimum Password Required is 6 Character"), 10): Object 'Object Repository/Web RoomMe.id/Sign In Menu/Error Message/Text Minimum Password Required is 6 Character' is visible

2020-04-27 02:23:45 - [MESSAGE][PASSED] - Object 'Object Repository/Web RoomMe.id/Sign In Menu/Error Message/Text Minimum Password Required is 6 Character' is visible

2020-04-27 02:23:45 - [TEST_STEP][PASSED] - clearText(findTestObject("Web RoomMe.id/Sign In Menu/Textfield Password")): Text of object 'Object Repository/Web RoomMe.id/Sign In Menu/Textfield Password' is cleared

2020-04-27 02:23:46 - [MESSAGE][PASSED] - Text of object 'Object Repository/Web RoomMe.id/Sign In Menu/Textfield Password' is cleared

2020-04-27 02:23:46 - [TEST_STEP][PASSED] - setText(findTestObject("Web RoomMe.id/Sign In Menu/Textfield Password"), "!@#$%"): Text '!@#$%' is set on object 'Object Repository/Web RoomMe.id/Sign In Menu/Textfield Password'

2020-04-27 02:23:46 - [MESSAGE][PASSED] - Text '!@#$%' is set on object 'Object Repository/Web RoomMe.id/Sign In Menu/Textfield Password'

2020-04-27 02:23:46 - [TEST_STEP][PASSED] - waitForElementVisible(findTestObject("Web RoomMe.id/Sign In Menu/Error Message/Text Minimum Password Required is 6 Character"), 10): Object 'Object Repository/Web RoomMe.id/Sign In Menu/Error Message/Text Minimum Password Required is 6 Character' is visible

2020-04-27 02:23:47 - [MESSAGE][PASSED] - Object 'Object Repository/Web RoomMe.id/Sign In Menu/Error Message/Text Minimum Password Required is 6 Character' is visible]]></system-out>
         <system-err><![CDATA[]]></system-err>
      </testcase>
      <testcase name="Test Cases/Web RoomMe.id/3. Sign In/6. Input Password With Space Character" time="24.924" classname="Test Cases/Web RoomMe.id/3. Sign In/6. Input Password With Space Character" status="PASSED">
         <system-out><![CDATA[2020-04-27 02:23:47 - [TEST_CASE][PASSED] - Test Cases/Web RoomMe.id/3. Sign In/6. Input Password With Space Character: Test Cases/Web RoomMe.id/3. Sign In/6. Input Password With Space Character

2020-04-27 02:23:47 - [TEST_STEP][PASSED] - callTestCase(findTestCase("Web RoomMe.id/1. Homepage/1. Customer Access RoomMe Page"), [:], STOP_ON_FAILURE): Call Test Case 'Test Cases/Web RoomMe.id/1. Homepage/1. Customer Access RoomMe Page' successfully

2020-04-27 02:23:47 - [TEST_CASE][PASSED] - Test Cases/Web RoomMe.id/1. Homepage/1. Customer Access RoomMe Page: Test Cases/Web RoomMe.id/1. Homepage/1. Customer Access RoomMe Page

2020-04-27 02:23:47 - [TEST_STEP][PASSED] - openBrowser("https://web.roomme.id/"): Browser is opened with url: 'https://web.roomme.id/'

2020-04-27 02:23:47 - [MESSAGE][WARNING] - A browser is already opened. Closing browser and opening a new one

2020-04-27 02:23:57 - [MESSAGE][INFO] - Starting 'Firefox' driver

2020-04-27 02:23:57 - [MESSAGE][INFO] - Action delay is set to 0 milliseconds

2020-04-27 02:24:07 - [MESSAGE][PASSED] - Browser is opened with url: 'https://web.roomme.id/'

2020-04-27 02:24:07 - [TEST_STEP][PASSED] - maximizeWindow(): Current window maximized

2020-04-27 02:24:07 - [MESSAGE][PASSED] - Current window maximized

2020-04-27 02:24:07 - [TEST_STEP][PASSED] - waitForPageLoad(0): Wait for page load successfully

2020-04-27 02:24:07 - [MESSAGE][WARNING] - Timeout '0' is invalid. Using default page load timeout: '30'

2020-04-27 02:24:07 - [MESSAGE][PASSED] - Wait for page load successfully

2020-04-27 02:24:07 - [MESSAGE][PASSED] - Call Test Case 'Test Cases/Web RoomMe.id/1. Homepage/1. Customer Access RoomMe Page' successfully

2020-04-27 02:24:07 - [TEST_STEP][NOT_RUN] - callTestCase(findTestCase("Web RoomMe.id/1. Homepage/2. Verify Header RoomMe.id"), [:], STOP_ON_FAILURE): NOT_RUN: callTestCase(findTestCase("Web RoomMe.id/1. Homepage/2. Verify Header RoomMe.id"), [:], STOP_ON_FAILURE)

2020-04-27 02:24:07 - [MESSAGE][NOT_RUN] - NOT_RUN: callTestCase(findTestCase("Web RoomMe.id/1. Homepage/2. Verify Header RoomMe.id"), [:], STOP_ON_FAILURE)

2020-04-27 02:24:07 - [TEST_STEP][NOT_RUN] - callTestCase(findTestCase("Web RoomMe.id/1. Homepage/7. Verify Footer RoomMe.id"), [:], STOP_ON_FAILURE): NOT_RUN: callTestCase(findTestCase("Web RoomMe.id/1. Homepage/7. Verify Footer RoomMe.id"), [:], STOP_ON_FAILURE)

2020-04-27 02:24:07 - [MESSAGE][NOT_RUN] - NOT_RUN: callTestCase(findTestCase("Web RoomMe.id/1. Homepage/7. Verify Footer RoomMe.id"), [:], STOP_ON_FAILURE)

2020-04-27 02:24:07 - [TEST_STEP][PASSED] - click(findTestObject("Web RoomMe.id/RoomMe.id Homepage/Button Sign In")): Object: 'Object Repository/Web RoomMe.id/RoomMe.id Homepage/Button Sign In' is clicked on

2020-04-27 02:24:10 - [MESSAGE][PASSED] - Object: 'Object Repository/Web RoomMe.id/RoomMe.id Homepage/Button Sign In' is clicked on

2020-04-27 02:24:10 - [TEST_STEP][PASSED] - waitForElementClickable(findTestObject("Web RoomMe.id/Sign In Menu/Textfield Email"), 0): Object 'Object Repository/Web RoomMe.id/Sign In Menu/Textfield Email' is clickable

2020-04-27 02:24:10 - [MESSAGE][WARNING] - Timeout '0' is invalid. Using default page load timeout: '30'

2020-04-27 02:24:10 - [MESSAGE][PASSED] - Object 'Object Repository/Web RoomMe.id/Sign In Menu/Textfield Email' is clickable

2020-04-27 02:24:10 - [TEST_STEP][PASSED] - waitForElementClickable(findTestObject("Web RoomMe.id/Sign In Menu/Textfield Password"), 0): Object 'Object Repository/Web RoomMe.id/Sign In Menu/Textfield Password' is clickable

2020-04-27 02:24:10 - [MESSAGE][WARNING] - Timeout '0' is invalid. Using default page load timeout: '30'

2020-04-27 02:24:10 - [MESSAGE][PASSED] - Object 'Object Repository/Web RoomMe.id/Sign In Menu/Textfield Password' is clickable

2020-04-27 02:24:10 - [TEST_STEP][NOT_RUN] - callTestCase(findTestCase("Web RoomMe.id/3. Sign In/Verify Sign In Menu"), [:], STOP_ON_FAILURE): NOT_RUN: callTestCase(findTestCase("Web RoomMe.id/3. Sign In/Verify Sign In Menu"), [:], STOP_ON_FAILURE)

2020-04-27 02:24:10 - [MESSAGE][NOT_RUN] - NOT_RUN: callTestCase(findTestCase("Web RoomMe.id/3. Sign In/Verify Sign In Menu"), [:], STOP_ON_FAILURE)

2020-04-27 02:24:10 - [TEST_STEP][PASSED] - setText(findTestObject("Web RoomMe.id/Sign In Menu/Textfield Password"), "      "): Text '      ' is set on object 'Object Repository/Web RoomMe.id/Sign In Menu/Textfield Password'

2020-04-27 02:24:11 - [MESSAGE][PASSED] - Text '      ' is set on object 'Object Repository/Web RoomMe.id/Sign In Menu/Textfield Password'

2020-04-27 02:24:11 - [TEST_STEP][PASSED] - waitForElementVisible(findTestObject("Web RoomMe.id/Sign In Menu/Error Message/Text Cant Use Space for Password"), 10): Object 'Object Repository/Web RoomMe.id/Sign In Menu/Error Message/Text Cant Use Space for Password' is visible

2020-04-27 02:24:12 - [MESSAGE][PASSED] - Object 'Object Repository/Web RoomMe.id/Sign In Menu/Error Message/Text Cant Use Space for Password' is visible]]></system-out>
         <system-err><![CDATA[]]></system-err>
      </testcase>
      <system-out><![CDATA[2020-04-27 02:21:24 - [TEST_SUITE][PASSED] - Customer Login: Test Cases/Web RoomMe.id/3. Sign In/6. Input Password With Space Character]]></system-out>
      <system-err><![CDATA[]]></system-err>
   </testsuite>
</testsuites>
