<?xml version="1.0" encoding="UTF-8"?>
<testsuites name="Customer Access Community Page" time="245.272" tests="4" failures="1" errors="0">
   <testsuite name="Customer Access Community Page" tests="4" failures="1" errors="0" time="245.272" timestamp="2020-05-20 01:27:49" hostname="Win 10 - LENNONOVO" id="Test Suites/Web RoomMe.id/Customer Access Community Page">
      <properties>
         <property name="deviceName" value=""/>
         <property name="devicePlatform" value=""/>
         <property name="logFolder" value="C:\\Users\\Faldi\\Katalon Studio\\katalonroomme-master\\Reports\\20200520_012741\\Web RoomMe.id\\Customer Access Community Page\\20200520_012741"/>
         <property name="logFiles" value="C:\\Users\\Faldi\\Katalon Studio\\katalonroomme-master\\Reports\\20200520_012741\\Web RoomMe.id\\Customer Access Community Page\\20200520_012741\\execution0.log"/>
         <property name="attachments" value="C:\\Users\\Faldi\\Katalon Studio\\katalonroomme-master\\Reports\\20200520_012741\\Web RoomMe.id\\Customer Access Community Page\\20200520_012741\\1589913111989.png, C:\\Users\\Faldi\\Katalon Studio\\katalonroomme-master\\Reports\\20200520_012741\\Web RoomMe.id\\Customer Access Community Page\\20200520_012741\\1589913112832.png"/>
         <property name="hostName" value="Win 10 - LENNONOVO"/>
         <property name="os" value="Windows 10 64bit"/>
         <property name="katalonVersion" value="7.1.1.1"/>
         <property name="browser" value="Chrome 81.0.4044.138"/>
         <property name="hostAddress" value="192.168.1.14"/>
         <property name="sessionId" value="13f2164b3ea0acd7ba9d9dd7b8a85deb"/>
         <property name="seleniumVersion" value="3.141.59"/>
         <property name="proxyInformation" value="ProxyInformation{proxyOption=NO_PROXY, proxyServerType=HTTP, password=, proxyServerAddress=, proxyServerPort=0}"/>
         <property name="platform" value="Windows 10"/>
      </properties>
      <testcase name="Test Cases/Web RoomMe.id/6. Community/1. Customer Access Community Page From Header" time="52.496" classname="Test Cases/Web RoomMe.id/6. Community/1. Customer Access Community Page From Header" status="PASSED">
         <system-out><![CDATA[2020-05-20 01:27:50 - [TEST_CASE][PASSED] - Test Cases/Web RoomMe.id/6. Community/1. Customer Access Community Page From Header: Test Cases/Web RoomMe.id/6. Community/1. Customer Access Community Page From Header

2020-05-20 01:27:51 - [TEST_STEP][PASSED] - callTestCase(findTestCase("Web RoomMe.id/1. Homepage/1. Customer Access RoomMe Page"), [:], STOP_ON_FAILURE): Call Test Case 'Test Cases/Web RoomMe.id/1. Homepage/1. Customer Access RoomMe Page' successfully

2020-05-20 01:27:51 - [TEST_CASE][PASSED] - Test Cases/Web RoomMe.id/1. Homepage/1. Customer Access RoomMe Page: Test Cases/Web RoomMe.id/1. Homepage/1. Customer Access RoomMe Page

2020-05-20 01:27:51 - [TEST_STEP][PASSED] - openBrowser("https://web.roomme.id/"): Browser is opened with url: 'https://web.roomme.id/'

2020-05-20 01:27:52 - [MESSAGE][INFO] - Starting 'Chrome' driver

2020-05-20 01:27:52 - [MESSAGE][INFO] - Action delay is set to 0 seconds

2020-05-20 01:28:07 - [MESSAGE][PASSED] - Browser is opened with url: 'https://web.roomme.id/'

2020-05-20 01:28:07 - [TEST_STEP][PASSED] - maximizeWindow(): Current window maximized

2020-05-20 01:28:10 - [MESSAGE][PASSED] - Current window maximized

2020-05-20 01:28:10 - [TEST_STEP][PASSED] - waitForPageLoad(0): Wait for page load successfully

2020-05-20 01:28:10 - [MESSAGE][WARNING] - Timeout '0' is invalid. Using default page load timeout: '30'

2020-05-20 01:28:11 - [MESSAGE][PASSED] - Wait for page load successfully

2020-05-20 01:28:11 - [MESSAGE][PASSED] - Call Test Case 'Test Cases/Web RoomMe.id/1. Homepage/1. Customer Access RoomMe Page' successfully

2020-05-20 01:28:11 - [TEST_STEP][PASSED] - waitForElementVisible(findTestObject("Web RoomMe.id/RoomMe.id Header/Button Community"), 30): Object 'Object Repository/Web RoomMe.id/RoomMe.id Header/Button Community' is visible

2020-05-20 01:28:11 - [MESSAGE][PASSED] - Object 'Object Repository/Web RoomMe.id/RoomMe.id Header/Button Community' is visible

2020-05-20 01:28:11 - [TEST_STEP][PASSED] - click(findTestObject("Web RoomMe.id/RoomMe.id Header/Button Community")): Object: 'Object Repository/Web RoomMe.id/RoomMe.id Header/Button Community' is clicked on

2020-05-20 01:28:15 - [MESSAGE][PASSED] - Object: 'Object Repository/Web RoomMe.id/RoomMe.id Header/Button Community' is clicked on

2020-05-20 01:28:15 - [TEST_STEP][PASSED] - waitForPageLoad(0): Wait for page load successfully

2020-05-20 01:28:15 - [MESSAGE][WARNING] - Timeout '0' is invalid. Using default page load timeout: '30'

2020-05-20 01:28:17 - [MESSAGE][PASSED] - Wait for page load successfully

2020-05-20 01:28:17 - [TEST_STEP][PASSED] - callTestCase(findTestCase("Web RoomMe.id/6. Community/5. Verify Welcome Video"), [:], STOP_ON_FAILURE): Call Test Case 'Test Cases/Web RoomMe.id/6. Community/5. Verify Welcome Video' successfully

2020-05-20 01:28:17 - [TEST_CASE][PASSED] - Test Cases/Web RoomMe.id/6. Community/5. Verify Welcome Video: Test Cases/Web RoomMe.id/6. Community/5. Verify Welcome Video

2020-05-20 01:28:18 - [TEST_STEP][NOT_RUN] - callTestCase(findTestCase("Web RoomMe.id/6. Community/1. Customer Access Community Page From Header"), [:], STOP_ON_FAILURE): NOT_RUN: callTestCase(findTestCase("Web RoomMe.id/6. Community/1. Customer Access Community Page From Header"), [:], STOP_ON_FAILURE)

2020-05-20 01:28:18 - [MESSAGE][NOT_RUN] - NOT_RUN: callTestCase(findTestCase("Web RoomMe.id/6. Community/1. Customer Access Community Page From Header"), [:], STOP_ON_FAILURE)

2020-05-20 01:28:18 - [TEST_STEP][PASSED] - waitForElementVisible(findTestObject("Web RoomMe.id/Community Page/Welcome Video/Text JOIN OUR COMMUNITY"), 0): Object 'Object Repository/Web RoomMe.id/Community Page/Welcome Video/Text JOIN OUR COMMUNITY' is visible

2020-05-20 01:28:18 - [MESSAGE][WARNING] - Timeout '0' is invalid. Using default page load timeout: '30'

2020-05-20 01:28:19 - [MESSAGE][PASSED] - Object 'Object Repository/Web RoomMe.id/Community Page/Welcome Video/Text JOIN OUR COMMUNITY' is visible

2020-05-20 01:28:19 - [TEST_STEP][PASSED] - waitForElementVisible(findTestObject("Web RoomMe.id/Community Page/Welcome Video/Text And enjoy the benefits and features"), 0): Object 'Object Repository/Web RoomMe.id/Community Page/Welcome Video/Text And enjoy the benefits and features' is visible

2020-05-20 01:28:19 - [MESSAGE][WARNING] - Timeout '0' is invalid. Using default page load timeout: '30'

2020-05-20 01:28:20 - [MESSAGE][PASSED] - Object 'Object Repository/Web RoomMe.id/Community Page/Welcome Video/Text And enjoy the benefits and features' is visible

2020-05-20 01:28:20 - [TEST_STEP][PASSED] - waitForElementVisible(findTestObject("Web RoomMe.id/Community Page/Welcome Video/Video Events RoomMe"), 0): Object 'Object Repository/Web RoomMe.id/Community Page/Welcome Video/Video Events RoomMe' is visible

2020-05-20 01:28:20 - [MESSAGE][WARNING] - Timeout '0' is invalid. Using default page load timeout: '30'

2020-05-20 01:28:20 - [MESSAGE][PASSED] - Object 'Object Repository/Web RoomMe.id/Community Page/Welcome Video/Video Events RoomMe' is visible

2020-05-20 01:28:20 - [TEST_STEP][PASSED] - waitForElementVisible(findTestObject("Web RoomMe.id/Community Page/Welcome Video/Button Continue on the Form Registration"), 0): Object 'Object Repository/Web RoomMe.id/Community Page/Welcome Video/Button Continue on the Form Registration' is visible

2020-05-20 01:28:21 - [MESSAGE][WARNING] - Timeout '0' is invalid. Using default page load timeout: '30'

2020-05-20 01:28:21 - [MESSAGE][PASSED] - Object 'Object Repository/Web RoomMe.id/Community Page/Welcome Video/Button Continue on the Form Registration' is visible

2020-05-20 01:28:21 - [TEST_STEP][PASSED] - delay(10): Delayed 10 second(s)

2020-05-20 01:28:31 - [MESSAGE][PASSED] - Delayed 10 second(s)

2020-05-20 01:28:31 - [MESSAGE][PASSED] - Call Test Case 'Test Cases/Web RoomMe.id/6. Community/5. Verify Welcome Video' successfully

2020-05-20 01:28:31 - [TEST_STEP][PASSED] - click(findTestObject("Web RoomMe.id/Community Page/Welcome Video/Button Continue on the Form Registration")): Object: 'Object Repository/Web RoomMe.id/Community Page/Welcome Video/Button Continue on the Form Registration' is clicked on

2020-05-20 01:28:32 - [MESSAGE][PASSED] - Object: 'Object Repository/Web RoomMe.id/Community Page/Welcome Video/Button Continue on the Form Registration' is clicked on

2020-05-20 01:28:32 - [TEST_STEP][PASSED] - click(findTestObject("Web RoomMe.id/RoomMe.id Header/Image Header Logo")): Object: 'Object Repository/Web RoomMe.id/RoomMe.id Header/Image Header Logo' is clicked on

2020-05-20 01:28:35 - [MESSAGE][PASSED] - Object: 'Object Repository/Web RoomMe.id/RoomMe.id Header/Image Header Logo' is clicked on

2020-05-20 01:28:35 - [TEST_STEP][PASSED] - callTestCase(findTestCase("Web RoomMe.id/6. Community/4. Verify Element on Community Page"), [:], STOP_ON_FAILURE): Call Test Case 'Test Cases/Web RoomMe.id/6. Community/4. Verify Element on Community Page' successfully

2020-05-20 01:28:35 - [TEST_CASE][PASSED] - Test Cases/Web RoomMe.id/6. Community/4. Verify Element on Community Page: Test Cases/Web RoomMe.id/6. Community/4. Verify Element on Community Page

2020-05-20 01:28:36 - [TEST_STEP][PASSED] - objectSubFolder = "Web RoomMe.id\Community Page\": null

2020-05-20 01:28:36 - [TEST_STEP][PASSED] - pathToObjRep = getProjectDir() + "\Object Repository\" + objectSubFolder: null

2020-05-20 01:28:36 - [TEST_STEP][PASSED] - yourObjects = new java.io.File(pathToObjRep): null

2020-05-20 01:28:36 - [TEST_STEP][PASSED] - fileNames = yourObjects.list(): null

2020-05-20 01:28:36 - [TEST_STEP][PASSED] - testObjects = new java.util.ArrayList(): null

2020-05-20 01:28:36 - [TEST_STEP][PASSED] - for ([i = 0, i < length, (i++)]): null

2020-05-20 01:28:36 - [TEST_STEP][PASSED] - if (fileNames[i].contains(".rs")): null

2020-05-20 01:28:36 - [TEST_STEP][PASSED] - fileNames[i] = fileNames[i].replace(".rs", ""): null

2020-05-20 01:28:36 - [TEST_STEP][PASSED] - testObjects.add(objectSubFolder + fileNames[i]): null

2020-05-20 01:28:36 - [TEST_STEP][PASSED] - if (fileNames[i].contains(".rs")): null

2020-05-20 01:28:36 - [TEST_STEP][PASSED] - fileNames[i] = fileNames[i].replace(".rs", ""): null

2020-05-20 01:28:36 - [TEST_STEP][PASSED] - testObjects.add(objectSubFolder + fileNames[i]): null

2020-05-20 01:28:36 - [TEST_STEP][PASSED] - if (fileNames[i].contains(".rs")): null

2020-05-20 01:28:36 - [TEST_STEP][PASSED] - fileNames[i] = fileNames[i].replace(".rs", ""): null

2020-05-20 01:28:36 - [TEST_STEP][PASSED] - testObjects.add(objectSubFolder + fileNames[i]): null

2020-05-20 01:28:36 - [TEST_STEP][PASSED] - if (fileNames[i].contains(".rs")): null

2020-05-20 01:28:36 - [TEST_STEP][PASSED] - fileNames[i] = fileNames[i].replace(".rs", ""): null

2020-05-20 01:28:36 - [TEST_STEP][PASSED] - testObjects.add(objectSubFolder + fileNames[i]): null

2020-05-20 01:28:36 - [TEST_STEP][PASSED] - if (fileNames[i].contains(".rs")): null

2020-05-20 01:28:36 - [TEST_STEP][PASSED] - if (fileNames[i].contains(".rs")): null

2020-05-20 01:28:36 - [TEST_STEP][PASSED] - fileNames[i] = fileNames[i].replace(".rs", ""): null

2020-05-20 01:28:36 - [TEST_STEP][PASSED] - testObjects.add(objectSubFolder + fileNames[i]): null

2020-05-20 01:28:36 - [TEST_STEP][PASSED] - if (fileNames[i].contains(".rs")): null

2020-05-20 01:28:36 - [TEST_STEP][PASSED] - fileNames[i] = fileNames[i].replace(".rs", ""): null

2020-05-20 01:28:36 - [TEST_STEP][PASSED] - testObjects.add(objectSubFolder + fileNames[i]): null

2020-05-20 01:28:36 - [TEST_STEP][PASSED] - if (fileNames[i].contains(".rs")): null

2020-05-20 01:28:36 - [TEST_STEP][PASSED] - fileNames[i] = fileNames[i].replace(".rs", ""): null

2020-05-20 01:28:36 - [TEST_STEP][PASSED] - testObjects.add(objectSubFolder + fileNames[i]): null

2020-05-20 01:28:36 - [TEST_STEP][PASSED] - if (fileNames[i].contains(".rs")): null

2020-05-20 01:28:36 - [TEST_STEP][PASSED] - fileNames[i] = fileNames[i].replace(".rs", ""): null

2020-05-20 01:28:36 - [TEST_STEP][PASSED] - testObjects.add(objectSubFolder + fileNames[i]): null

2020-05-20 01:28:36 - [TEST_STEP][PASSED] - if (fileNames[i].contains(".rs")): null

2020-05-20 01:28:36 - [TEST_STEP][PASSED] - fileNames[i] = fileNames[i].replace(".rs", ""): null

2020-05-20 01:28:36 - [TEST_STEP][PASSED] - testObjects.add(objectSubFolder + fileNames[i]): null

2020-05-20 01:28:36 - [TEST_STEP][PASSED] - if (fileNames[i].contains(".rs")): null

2020-05-20 01:28:36 - [TEST_STEP][PASSED] - fileNames[i] = fileNames[i].replace(".rs", ""): null

2020-05-20 01:28:36 - [TEST_STEP][PASSED] - testObjects.add(objectSubFolder + fileNames[i]): null

2020-05-20 01:28:36 - [TEST_STEP][PASSED] - if (fileNames[i].contains(".rs")): null

2020-05-20 01:28:36 - [TEST_STEP][PASSED] - fileNames[i] = fileNames[i].replace(".rs", ""): null

2020-05-20 01:28:36 - [TEST_STEP][PASSED] - testObjects.add(objectSubFolder + fileNames[i]): null

2020-05-20 01:28:36 - [TEST_STEP][PASSED] - if (fileNames[i].contains(".rs")): null

2020-05-20 01:28:36 - [TEST_STEP][PASSED] - fileNames[i] = fileNames[i].replace(".rs", ""): null

2020-05-20 01:28:36 - [TEST_STEP][PASSED] - testObjects.add(objectSubFolder + fileNames[i]): null

2020-05-20 01:28:36 - [TEST_STEP][PASSED] - if (fileNames[i].contains(".rs")): null

2020-05-20 01:28:36 - [TEST_STEP][PASSED] - fileNames[i] = fileNames[i].replace(".rs", ""): null

2020-05-20 01:28:36 - [TEST_STEP][PASSED] - testObjects.add(objectSubFolder + fileNames[i]): null

2020-05-20 01:28:36 - [TEST_STEP][PASSED] - if (fileNames[i].contains(".rs")): null

2020-05-20 01:28:36 - [TEST_STEP][PASSED] - fileNames[i] = fileNames[i].replace(".rs", ""): null

2020-05-20 01:28:36 - [TEST_STEP][PASSED] - testObjects.add(objectSubFolder + fileNames[i]): null

2020-05-20 01:28:36 - [TEST_STEP][PASSED] - if (fileNames[i].contains(".rs")): null

2020-05-20 01:28:36 - [TEST_STEP][PASSED] - fileNames[i] = fileNames[i].replace(".rs", ""): null

2020-05-20 01:28:36 - [TEST_STEP][PASSED] - testObjects.add(objectSubFolder + fileNames[i]): null

2020-05-20 01:28:36 - [TEST_STEP][PASSED] - if (fileNames[i].contains(".rs")): null

2020-05-20 01:28:36 - [TEST_STEP][PASSED] - fileNames[i] = fileNames[i].replace(".rs", ""): null

2020-05-20 01:28:36 - [TEST_STEP][PASSED] - testObjects.add(objectSubFolder + fileNames[i]): null

2020-05-20 01:28:36 - [TEST_STEP][PASSED] - if (fileNames[i].contains(".rs")): null

2020-05-20 01:28:36 - [TEST_STEP][PASSED] - fileNames[i] = fileNames[i].replace(".rs", ""): null

2020-05-20 01:28:36 - [TEST_STEP][PASSED] - testObjects.add(objectSubFolder + fileNames[i]): null

2020-05-20 01:28:36 - [TEST_STEP][PASSED] - if (fileNames[i].contains(".rs")): null

2020-05-20 01:28:36 - [TEST_STEP][PASSED] - for (String obj : testObjects): Object 'Object Repository/Web RoomMe.id\Community Page\Video Events' is visible

2020-05-20 01:28:36 - [TEST_STEP][PASSED] - verifyElementVisible(findTestObject(obj)): Object 'Object Repository/Web RoomMe.id\Community Page\Button Join Our Community' is visible

2020-05-20 01:28:36 - [MESSAGE][PASSED] - Object 'Object Repository/Web RoomMe.id\Community Page\Button Join Our Community' is visible

2020-05-20 01:28:36 - [TEST_STEP][PASSED] - verifyElementVisible(findTestObject(obj)): Object 'Object Repository/Web RoomMe.id\Community Page\Button See More Events' is visible

2020-05-20 01:28:36 - [MESSAGE][PASSED] - Object 'Object Repository/Web RoomMe.id\Community Page\Button See More Events' is visible

2020-05-20 01:28:36 - [TEST_STEP][PASSED] - verifyElementVisible(findTestObject(obj)): Object 'Object Repository/Web RoomMe.id\Community Page\Button See More Videos' is visible

2020-05-20 01:28:37 - [MESSAGE][PASSED] - Object 'Object Repository/Web RoomMe.id\Community Page\Button See More Videos' is visible

2020-05-20 01:28:37 - [TEST_STEP][PASSED] - verifyElementVisible(findTestObject(obj)): Object 'Object Repository/Web RoomMe.id\Community Page\Button See More' is visible

2020-05-20 01:28:37 - [MESSAGE][PASSED] - Object 'Object Repository/Web RoomMe.id\Community Page\Button See More' is visible

2020-05-20 01:28:37 - [TEST_STEP][PASSED] - verifyElementVisible(findTestObject(obj)): Object 'Object Repository/Web RoomMe.id\Community Page\Image Carousel' is visible

2020-05-20 01:28:38 - [MESSAGE][PASSED] - Object 'Object Repository/Web RoomMe.id\Community Page\Image Carousel' is visible

2020-05-20 01:28:38 - [TEST_STEP][PASSED] - verifyElementVisible(findTestObject(obj)): Object 'Object Repository/Web RoomMe.id\Community Page\Image Event' is visible

2020-05-20 01:28:38 - [MESSAGE][PASSED] - Object 'Object Repository/Web RoomMe.id\Community Page\Image Event' is visible

2020-05-20 01:28:38 - [TEST_STEP][PASSED] - verifyElementVisible(findTestObject(obj)): Object 'Object Repository/Web RoomMe.id\Community Page\Text All Events' is visible

2020-05-20 01:28:38 - [MESSAGE][PASSED] - Object 'Object Repository/Web RoomMe.id\Community Page\Text All Events' is visible

2020-05-20 01:28:38 - [TEST_STEP][PASSED] - verifyElementVisible(findTestObject(obj)): Object 'Object Repository/Web RoomMe.id\Community Page\Text Discover your pleasant' is visible

2020-05-20 01:28:39 - [MESSAGE][PASSED] - Object 'Object Repository/Web RoomMe.id\Community Page\Text Discover your pleasant' is visible

2020-05-20 01:28:39 - [TEST_STEP][PASSED] - verifyElementVisible(findTestObject(obj)): Object 'Object Repository/Web RoomMe.id\Community Page\Text From inspiring  funny stories' is visible

2020-05-20 01:28:39 - [MESSAGE][PASSED] - Object 'Object Repository/Web RoomMe.id\Community Page\Text From inspiring  funny stories' is visible

2020-05-20 01:28:39 - [TEST_STEP][PASSED] - verifyElementVisible(findTestObject(obj)): Object 'Object Repository/Web RoomMe.id\Community Page\Text Happening Events in Community' is visible

2020-05-20 01:28:40 - [MESSAGE][PASSED] - Object 'Object Repository/Web RoomMe.id\Community Page\Text Happening Events in Community' is visible

2020-05-20 01:28:40 - [TEST_STEP][PASSED] - verifyElementVisible(findTestObject(obj)): Object 'Object Repository/Web RoomMe.id\Community Page\Text Hey RoomMies Lets join our community' is visible

2020-05-20 01:28:40 - [MESSAGE][PASSED] - Object 'Object Repository/Web RoomMe.id\Community Page\Text Hey RoomMies Lets join our community' is visible

2020-05-20 01:28:40 - [TEST_STEP][PASSED] - verifyElementVisible(findTestObject(obj)): Object 'Object Repository/Web RoomMe.id\Community Page\Text Join the right communit' is visible

2020-05-20 01:28:40 - [MESSAGE][PASSED] - Object 'Object Repository/Web RoomMe.id\Community Page\Text Join the right communit' is visible

2020-05-20 01:28:40 - [TEST_STEP][PASSED] - verifyElementVisible(findTestObject(obj)): Object 'Object Repository/Web RoomMe.id\Community Page\Text Know Your Friends' is visible

2020-05-20 01:28:41 - [MESSAGE][PASSED] - Object 'Object Repository/Web RoomMe.id\Community Page\Text Know Your Friends' is visible

2020-05-20 01:28:41 - [TEST_STEP][PASSED] - verifyElementVisible(findTestObject(obj)): Object 'Object Repository/Web RoomMe.id\Community Page\Text Latest Events to Watch' is visible

2020-05-20 01:28:41 - [MESSAGE][PASSED] - Object 'Object Repository/Web RoomMe.id\Community Page\Text Latest Events to Watch' is visible

2020-05-20 01:28:41 - [TEST_STEP][PASSED] - verifyElementVisible(findTestObject(obj)): Object 'Object Repository/Web RoomMe.id\Community Page\Text To know more about our activitie' is visible

2020-05-20 01:28:42 - [MESSAGE][PASSED] - Object 'Object Repository/Web RoomMe.id\Community Page\Text To know more about our activitie' is visible

2020-05-20 01:28:42 - [TEST_STEP][PASSED] - verifyElementVisible(findTestObject(obj)): Object 'Object Repository/Web RoomMe.id\Community Page\Text Your hobbies will be more exciting' is visible

2020-05-20 01:28:42 - [MESSAGE][PASSED] - Object 'Object Repository/Web RoomMe.id\Community Page\Text Your hobbies will be more exciting' is visible

2020-05-20 01:28:42 - [TEST_STEP][PASSED] - verifyElementVisible(findTestObject(obj)): Object 'Object Repository/Web RoomMe.id\Community Page\Video Events' is visible

2020-05-20 01:28:42 - [MESSAGE][PASSED] - Object 'Object Repository/Web RoomMe.id\Community Page\Video Events' is visible

2020-05-20 01:28:42 - [MESSAGE][PASSED] - Call Test Case 'Test Cases/Web RoomMe.id/6. Community/4. Verify Element on Community Page' successfully]]></system-out>
         <system-err><![CDATA[]]></system-err>
      </testcase>
      <testcase name="Test Cases/Web RoomMe.id/6. Community/2. Customer Access Community Page From Homepage Section" time="41.859" classname="Test Cases/Web RoomMe.id/6. Community/2. Customer Access Community Page From Homepage Section" status="PASSED">
         <system-out><![CDATA[2020-05-20 01:28:42 - [TEST_CASE][PASSED] - Test Cases/Web RoomMe.id/6. Community/2. Customer Access Community Page From Homepage Section: Test Cases/Web RoomMe.id/6. Community/2. Customer Access Community Page From Homepage Section

2020-05-20 01:28:43 - [TEST_STEP][PASSED] - callTestCase(findTestCase("Web RoomMe.id/1. Homepage/1. Customer Access RoomMe Page"), [:], STOP_ON_FAILURE): Call Test Case 'Test Cases/Web RoomMe.id/1. Homepage/1. Customer Access RoomMe Page' successfully

2020-05-20 01:28:43 - [TEST_CASE][PASSED] - Test Cases/Web RoomMe.id/1. Homepage/1. Customer Access RoomMe Page: Test Cases/Web RoomMe.id/1. Homepage/1. Customer Access RoomMe Page

2020-05-20 01:28:43 - [TEST_STEP][PASSED] - openBrowser("https://web.roomme.id/"): Browser is opened with url: 'https://web.roomme.id/'

2020-05-20 01:28:43 - [MESSAGE][WARNING] - A browser is already opened. Closing browser and opening a new one

2020-05-20 01:28:44 - [MESSAGE][INFO] - Starting 'Chrome' driver

2020-05-20 01:28:52 - [MESSAGE][PASSED] - Browser is opened with url: 'https://web.roomme.id/'

2020-05-20 01:28:52 - [TEST_STEP][PASSED] - maximizeWindow(): Current window maximized

2020-05-20 01:28:55 - [MESSAGE][PASSED] - Current window maximized

2020-05-20 01:28:55 - [TEST_STEP][PASSED] - waitForPageLoad(0): Wait for page load successfully

2020-05-20 01:28:55 - [MESSAGE][WARNING] - Timeout '0' is invalid. Using default page load timeout: '30'

2020-05-20 01:28:55 - [MESSAGE][PASSED] - Wait for page load successfully

2020-05-20 01:28:55 - [MESSAGE][PASSED] - Call Test Case 'Test Cases/Web RoomMe.id/1. Homepage/1. Customer Access RoomMe Page' successfully

2020-05-20 01:28:55 - [TEST_STEP][PASSED] - waitForElementVisible(findTestObject("Web RoomMe.id/RoomMe.id Homepage/Button Explore Community"), 30): Object 'Object Repository/Web RoomMe.id/RoomMe.id Homepage/Button Explore Community' is visible

2020-05-20 01:28:55 - [MESSAGE][PASSED] - Object 'Object Repository/Web RoomMe.id/RoomMe.id Homepage/Button Explore Community' is visible

2020-05-20 01:28:55 - [TEST_STEP][PASSED] - click(findTestObject("Web RoomMe.id/RoomMe.id Homepage/Button Explore Community")): Object: 'Object Repository/Web RoomMe.id/RoomMe.id Homepage/Button Explore Community' is clicked on

2020-05-20 01:28:59 - [MESSAGE][PASSED] - Object: 'Object Repository/Web RoomMe.id/RoomMe.id Homepage/Button Explore Community' is clicked on

2020-05-20 01:28:59 - [TEST_STEP][PASSED] - waitForPageLoad(0): Wait for page load successfully

2020-05-20 01:28:59 - [MESSAGE][WARNING] - Timeout '0' is invalid. Using default page load timeout: '30'

2020-05-20 01:29:03 - [MESSAGE][PASSED] - Wait for page load successfully

2020-05-20 01:29:03 - [TEST_STEP][PASSED] - callTestCase(findTestCase("Web RoomMe.id/6. Community/5. Verify Welcome Video"), [:], STOP_ON_FAILURE): Call Test Case 'Test Cases/Web RoomMe.id/6. Community/5. Verify Welcome Video' successfully

2020-05-20 01:29:03 - [TEST_CASE][PASSED] - Test Cases/Web RoomMe.id/6. Community/5. Verify Welcome Video: Test Cases/Web RoomMe.id/6. Community/5. Verify Welcome Video

2020-05-20 01:29:03 - [TEST_STEP][NOT_RUN] - callTestCase(findTestCase("Web RoomMe.id/6. Community/1. Customer Access Community Page From Header"), [:], STOP_ON_FAILURE): NOT_RUN: callTestCase(findTestCase("Web RoomMe.id/6. Community/1. Customer Access Community Page From Header"), [:], STOP_ON_FAILURE)

2020-05-20 01:29:03 - [MESSAGE][NOT_RUN] - NOT_RUN: callTestCase(findTestCase("Web RoomMe.id/6. Community/1. Customer Access Community Page From Header"), [:], STOP_ON_FAILURE)

2020-05-20 01:29:03 - [TEST_STEP][PASSED] - waitForElementVisible(findTestObject("Web RoomMe.id/Community Page/Welcome Video/Text JOIN OUR COMMUNITY"), 0): Object 'Object Repository/Web RoomMe.id/Community Page/Welcome Video/Text JOIN OUR COMMUNITY' is visible

2020-05-20 01:29:03 - [MESSAGE][WARNING] - Timeout '0' is invalid. Using default page load timeout: '30'

2020-05-20 01:29:03 - [MESSAGE][PASSED] - Object 'Object Repository/Web RoomMe.id/Community Page/Welcome Video/Text JOIN OUR COMMUNITY' is visible

2020-05-20 01:29:03 - [TEST_STEP][PASSED] - waitForElementVisible(findTestObject("Web RoomMe.id/Community Page/Welcome Video/Text And enjoy the benefits and features"), 0): Object 'Object Repository/Web RoomMe.id/Community Page/Welcome Video/Text And enjoy the benefits and features' is visible

2020-05-20 01:29:03 - [MESSAGE][WARNING] - Timeout '0' is invalid. Using default page load timeout: '30'

2020-05-20 01:29:03 - [MESSAGE][PASSED] - Object 'Object Repository/Web RoomMe.id/Community Page/Welcome Video/Text And enjoy the benefits and features' is visible

2020-05-20 01:29:03 - [TEST_STEP][PASSED] - waitForElementVisible(findTestObject("Web RoomMe.id/Community Page/Welcome Video/Video Events RoomMe"), 0): Object 'Object Repository/Web RoomMe.id/Community Page/Welcome Video/Video Events RoomMe' is visible

2020-05-20 01:29:04 - [MESSAGE][WARNING] - Timeout '0' is invalid. Using default page load timeout: '30'

2020-05-20 01:29:04 - [MESSAGE][PASSED] - Object 'Object Repository/Web RoomMe.id/Community Page/Welcome Video/Video Events RoomMe' is visible

2020-05-20 01:29:04 - [TEST_STEP][PASSED] - waitForElementVisible(findTestObject("Web RoomMe.id/Community Page/Welcome Video/Button Continue on the Form Registration"), 0): Object 'Object Repository/Web RoomMe.id/Community Page/Welcome Video/Button Continue on the Form Registration' is visible

2020-05-20 01:29:04 - [MESSAGE][WARNING] - Timeout '0' is invalid. Using default page load timeout: '30'

2020-05-20 01:29:04 - [MESSAGE][PASSED] - Object 'Object Repository/Web RoomMe.id/Community Page/Welcome Video/Button Continue on the Form Registration' is visible

2020-05-20 01:29:04 - [TEST_STEP][PASSED] - delay(10): Delayed 10 second(s)

2020-05-20 01:29:14 - [MESSAGE][PASSED] - Delayed 10 second(s)

2020-05-20 01:29:14 - [MESSAGE][PASSED] - Call Test Case 'Test Cases/Web RoomMe.id/6. Community/5. Verify Welcome Video' successfully

2020-05-20 01:29:14 - [TEST_STEP][PASSED] - click(findTestObject("Web RoomMe.id/Community Page/Welcome Video/Button Continue on the Form Registration")): Object: 'Object Repository/Web RoomMe.id/Community Page/Welcome Video/Button Continue on the Form Registration' is clicked on

2020-05-20 01:29:15 - [MESSAGE][PASSED] - Object: 'Object Repository/Web RoomMe.id/Community Page/Welcome Video/Button Continue on the Form Registration' is clicked on

2020-05-20 01:29:15 - [TEST_STEP][PASSED] - click(findTestObject("Web RoomMe.id/RoomMe.id Header/Image Header Logo")): Object: 'Object Repository/Web RoomMe.id/RoomMe.id Header/Image Header Logo' is clicked on

2020-05-20 01:29:18 - [MESSAGE][PASSED] - Object: 'Object Repository/Web RoomMe.id/RoomMe.id Header/Image Header Logo' is clicked on

2020-05-20 01:29:18 - [TEST_STEP][PASSED] - callTestCase(findTestCase("Web RoomMe.id/6. Community/4. Verify Element on Community Page"), [:], STOP_ON_FAILURE): Call Test Case 'Test Cases/Web RoomMe.id/6. Community/4. Verify Element on Community Page' successfully

2020-05-20 01:29:18 - [TEST_CASE][PASSED] - Test Cases/Web RoomMe.id/6. Community/4. Verify Element on Community Page: Test Cases/Web RoomMe.id/6. Community/4. Verify Element on Community Page

2020-05-20 01:29:18 - [TEST_STEP][PASSED] - objectSubFolder = "Web RoomMe.id\Community Page\": null

2020-05-20 01:29:18 - [TEST_STEP][PASSED] - pathToObjRep = getProjectDir() + "\Object Repository\" + objectSubFolder: null

2020-05-20 01:29:18 - [TEST_STEP][PASSED] - yourObjects = new java.io.File(pathToObjRep): null

2020-05-20 01:29:18 - [TEST_STEP][PASSED] - fileNames = yourObjects.list(): null

2020-05-20 01:29:18 - [TEST_STEP][PASSED] - testObjects = new java.util.ArrayList(): null

2020-05-20 01:29:18 - [TEST_STEP][PASSED] - for ([i = 0, i < length, (i++)]): null

2020-05-20 01:29:18 - [TEST_STEP][PASSED] - if (fileNames[i].contains(".rs")): null

2020-05-20 01:29:18 - [TEST_STEP][PASSED] - fileNames[i] = fileNames[i].replace(".rs", ""): null

2020-05-20 01:29:18 - [TEST_STEP][PASSED] - testObjects.add(objectSubFolder + fileNames[i]): null

2020-05-20 01:29:18 - [TEST_STEP][PASSED] - if (fileNames[i].contains(".rs")): null

2020-05-20 01:29:18 - [TEST_STEP][PASSED] - fileNames[i] = fileNames[i].replace(".rs", ""): null

2020-05-20 01:29:18 - [TEST_STEP][PASSED] - testObjects.add(objectSubFolder + fileNames[i]): null

2020-05-20 01:29:18 - [TEST_STEP][PASSED] - if (fileNames[i].contains(".rs")): null

2020-05-20 01:29:18 - [TEST_STEP][PASSED] - fileNames[i] = fileNames[i].replace(".rs", ""): null

2020-05-20 01:29:18 - [TEST_STEP][PASSED] - testObjects.add(objectSubFolder + fileNames[i]): null

2020-05-20 01:29:18 - [TEST_STEP][PASSED] - if (fileNames[i].contains(".rs")): null

2020-05-20 01:29:18 - [TEST_STEP][PASSED] - fileNames[i] = fileNames[i].replace(".rs", ""): null

2020-05-20 01:29:18 - [TEST_STEP][PASSED] - testObjects.add(objectSubFolder + fileNames[i]): null

2020-05-20 01:29:18 - [TEST_STEP][PASSED] - if (fileNames[i].contains(".rs")): null

2020-05-20 01:29:18 - [TEST_STEP][PASSED] - if (fileNames[i].contains(".rs")): null

2020-05-20 01:29:18 - [TEST_STEP][PASSED] - fileNames[i] = fileNames[i].replace(".rs", ""): null

2020-05-20 01:29:18 - [TEST_STEP][PASSED] - testObjects.add(objectSubFolder + fileNames[i]): null

2020-05-20 01:29:18 - [TEST_STEP][PASSED] - if (fileNames[i].contains(".rs")): null

2020-05-20 01:29:18 - [TEST_STEP][PASSED] - fileNames[i] = fileNames[i].replace(".rs", ""): null

2020-05-20 01:29:18 - [TEST_STEP][PASSED] - testObjects.add(objectSubFolder + fileNames[i]): null

2020-05-20 01:29:18 - [TEST_STEP][PASSED] - if (fileNames[i].contains(".rs")): null

2020-05-20 01:29:18 - [TEST_STEP][PASSED] - fileNames[i] = fileNames[i].replace(".rs", ""): null

2020-05-20 01:29:18 - [TEST_STEP][PASSED] - testObjects.add(objectSubFolder + fileNames[i]): null

2020-05-20 01:29:18 - [TEST_STEP][PASSED] - if (fileNames[i].contains(".rs")): null

2020-05-20 01:29:18 - [TEST_STEP][PASSED] - fileNames[i] = fileNames[i].replace(".rs", ""): null

2020-05-20 01:29:18 - [TEST_STEP][PASSED] - testObjects.add(objectSubFolder + fileNames[i]): null

2020-05-20 01:29:18 - [TEST_STEP][PASSED] - if (fileNames[i].contains(".rs")): null

2020-05-20 01:29:18 - [TEST_STEP][PASSED] - fileNames[i] = fileNames[i].replace(".rs", ""): null

2020-05-20 01:29:18 - [TEST_STEP][PASSED] - testObjects.add(objectSubFolder + fileNames[i]): null

2020-05-20 01:29:18 - [TEST_STEP][PASSED] - if (fileNames[i].contains(".rs")): null

2020-05-20 01:29:18 - [TEST_STEP][PASSED] - fileNames[i] = fileNames[i].replace(".rs", ""): null

2020-05-20 01:29:18 - [TEST_STEP][PASSED] - testObjects.add(objectSubFolder + fileNames[i]): null

2020-05-20 01:29:18 - [TEST_STEP][PASSED] - if (fileNames[i].contains(".rs")): null

2020-05-20 01:29:18 - [TEST_STEP][PASSED] - fileNames[i] = fileNames[i].replace(".rs", ""): null

2020-05-20 01:29:18 - [TEST_STEP][PASSED] - testObjects.add(objectSubFolder + fileNames[i]): null

2020-05-20 01:29:18 - [TEST_STEP][PASSED] - if (fileNames[i].contains(".rs")): null

2020-05-20 01:29:18 - [TEST_STEP][PASSED] - fileNames[i] = fileNames[i].replace(".rs", ""): null

2020-05-20 01:29:18 - [TEST_STEP][PASSED] - testObjects.add(objectSubFolder + fileNames[i]): null

2020-05-20 01:29:18 - [TEST_STEP][PASSED] - if (fileNames[i].contains(".rs")): null

2020-05-20 01:29:18 - [TEST_STEP][PASSED] - fileNames[i] = fileNames[i].replace(".rs", ""): null

2020-05-20 01:29:18 - [TEST_STEP][PASSED] - testObjects.add(objectSubFolder + fileNames[i]): null

2020-05-20 01:29:18 - [TEST_STEP][PASSED] - if (fileNames[i].contains(".rs")): null

2020-05-20 01:29:18 - [TEST_STEP][PASSED] - fileNames[i] = fileNames[i].replace(".rs", ""): null

2020-05-20 01:29:18 - [TEST_STEP][PASSED] - testObjects.add(objectSubFolder + fileNames[i]): null

2020-05-20 01:29:18 - [TEST_STEP][PASSED] - if (fileNames[i].contains(".rs")): null

2020-05-20 01:29:18 - [TEST_STEP][PASSED] - fileNames[i] = fileNames[i].replace(".rs", ""): null

2020-05-20 01:29:18 - [TEST_STEP][PASSED] - testObjects.add(objectSubFolder + fileNames[i]): null

2020-05-20 01:29:18 - [TEST_STEP][PASSED] - if (fileNames[i].contains(".rs")): null

2020-05-20 01:29:18 - [TEST_STEP][PASSED] - fileNames[i] = fileNames[i].replace(".rs", ""): null

2020-05-20 01:29:18 - [TEST_STEP][PASSED] - testObjects.add(objectSubFolder + fileNames[i]): null

2020-05-20 01:29:18 - [TEST_STEP][PASSED] - if (fileNames[i].contains(".rs")): null

2020-05-20 01:29:18 - [TEST_STEP][PASSED] - fileNames[i] = fileNames[i].replace(".rs", ""): null

2020-05-20 01:29:18 - [TEST_STEP][PASSED] - testObjects.add(objectSubFolder + fileNames[i]): null

2020-05-20 01:29:18 - [TEST_STEP][PASSED] - if (fileNames[i].contains(".rs")): null

2020-05-20 01:29:18 - [TEST_STEP][PASSED] - for (String obj : testObjects): Object 'Object Repository/Web RoomMe.id\Community Page\Video Events' is visible

2020-05-20 01:29:18 - [TEST_STEP][PASSED] - verifyElementVisible(findTestObject(obj)): Object 'Object Repository/Web RoomMe.id\Community Page\Button Join Our Community' is visible

2020-05-20 01:29:19 - [MESSAGE][PASSED] - Object 'Object Repository/Web RoomMe.id\Community Page\Button Join Our Community' is visible

2020-05-20 01:29:19 - [TEST_STEP][PASSED] - verifyElementVisible(findTestObject(obj)): Object 'Object Repository/Web RoomMe.id\Community Page\Button See More Events' is visible

2020-05-20 01:29:19 - [MESSAGE][PASSED] - Object 'Object Repository/Web RoomMe.id\Community Page\Button See More Events' is visible

2020-05-20 01:29:19 - [TEST_STEP][PASSED] - verifyElementVisible(findTestObject(obj)): Object 'Object Repository/Web RoomMe.id\Community Page\Button See More Videos' is visible

2020-05-20 01:29:19 - [MESSAGE][PASSED] - Object 'Object Repository/Web RoomMe.id\Community Page\Button See More Videos' is visible

2020-05-20 01:29:19 - [TEST_STEP][PASSED] - verifyElementVisible(findTestObject(obj)): Object 'Object Repository/Web RoomMe.id\Community Page\Button See More' is visible

2020-05-20 01:29:20 - [MESSAGE][PASSED] - Object 'Object Repository/Web RoomMe.id\Community Page\Button See More' is visible

2020-05-20 01:29:20 - [TEST_STEP][PASSED] - verifyElementVisible(findTestObject(obj)): Object 'Object Repository/Web RoomMe.id\Community Page\Image Carousel' is visible

2020-05-20 01:29:20 - [MESSAGE][PASSED] - Object 'Object Repository/Web RoomMe.id\Community Page\Image Carousel' is visible

2020-05-20 01:29:20 - [TEST_STEP][PASSED] - verifyElementVisible(findTestObject(obj)): Object 'Object Repository/Web RoomMe.id\Community Page\Image Event' is visible

2020-05-20 01:29:21 - [MESSAGE][PASSED] - Object 'Object Repository/Web RoomMe.id\Community Page\Image Event' is visible

2020-05-20 01:29:21 - [TEST_STEP][PASSED] - verifyElementVisible(findTestObject(obj)): Object 'Object Repository/Web RoomMe.id\Community Page\Text All Events' is visible

2020-05-20 01:29:21 - [MESSAGE][PASSED] - Object 'Object Repository/Web RoomMe.id\Community Page\Text All Events' is visible

2020-05-20 01:29:21 - [TEST_STEP][PASSED] - verifyElementVisible(findTestObject(obj)): Object 'Object Repository/Web RoomMe.id\Community Page\Text Discover your pleasant' is visible

2020-05-20 01:29:21 - [MESSAGE][PASSED] - Object 'Object Repository/Web RoomMe.id\Community Page\Text Discover your pleasant' is visible

2020-05-20 01:29:21 - [TEST_STEP][PASSED] - verifyElementVisible(findTestObject(obj)): Object 'Object Repository/Web RoomMe.id\Community Page\Text From inspiring  funny stories' is visible

2020-05-20 01:29:22 - [MESSAGE][PASSED] - Object 'Object Repository/Web RoomMe.id\Community Page\Text From inspiring  funny stories' is visible

2020-05-20 01:29:22 - [TEST_STEP][PASSED] - verifyElementVisible(findTestObject(obj)): Object 'Object Repository/Web RoomMe.id\Community Page\Text Happening Events in Community' is visible

2020-05-20 01:29:22 - [MESSAGE][PASSED] - Object 'Object Repository/Web RoomMe.id\Community Page\Text Happening Events in Community' is visible

2020-05-20 01:29:22 - [TEST_STEP][PASSED] - verifyElementVisible(findTestObject(obj)): Object 'Object Repository/Web RoomMe.id\Community Page\Text Hey RoomMies Lets join our community' is visible

2020-05-20 01:29:22 - [MESSAGE][PASSED] - Object 'Object Repository/Web RoomMe.id\Community Page\Text Hey RoomMies Lets join our community' is visible

2020-05-20 01:29:22 - [TEST_STEP][PASSED] - verifyElementVisible(findTestObject(obj)): Object 'Object Repository/Web RoomMe.id\Community Page\Text Join the right communit' is visible

2020-05-20 01:29:23 - [MESSAGE][PASSED] - Object 'Object Repository/Web RoomMe.id\Community Page\Text Join the right communit' is visible

2020-05-20 01:29:23 - [TEST_STEP][PASSED] - verifyElementVisible(findTestObject(obj)): Object 'Object Repository/Web RoomMe.id\Community Page\Text Know Your Friends' is visible

2020-05-20 01:29:23 - [MESSAGE][PASSED] - Object 'Object Repository/Web RoomMe.id\Community Page\Text Know Your Friends' is visible

2020-05-20 01:29:23 - [TEST_STEP][PASSED] - verifyElementVisible(findTestObject(obj)): Object 'Object Repository/Web RoomMe.id\Community Page\Text Latest Events to Watch' is visible

2020-05-20 01:29:23 - [MESSAGE][PASSED] - Object 'Object Repository/Web RoomMe.id\Community Page\Text Latest Events to Watch' is visible

2020-05-20 01:29:23 - [TEST_STEP][PASSED] - verifyElementVisible(findTestObject(obj)): Object 'Object Repository/Web RoomMe.id\Community Page\Text To know more about our activitie' is visible

2020-05-20 01:29:24 - [MESSAGE][PASSED] - Object 'Object Repository/Web RoomMe.id\Community Page\Text To know more about our activitie' is visible

2020-05-20 01:29:24 - [TEST_STEP][PASSED] - verifyElementVisible(findTestObject(obj)): Object 'Object Repository/Web RoomMe.id\Community Page\Text Your hobbies will be more exciting' is visible

2020-05-20 01:29:24 - [MESSAGE][PASSED] - Object 'Object Repository/Web RoomMe.id\Community Page\Text Your hobbies will be more exciting' is visible

2020-05-20 01:29:24 - [TEST_STEP][PASSED] - verifyElementVisible(findTestObject(obj)): Object 'Object Repository/Web RoomMe.id\Community Page\Video Events' is visible

2020-05-20 01:29:24 - [MESSAGE][PASSED] - Object 'Object Repository/Web RoomMe.id\Community Page\Video Events' is visible

2020-05-20 01:29:24 - [MESSAGE][PASSED] - Call Test Case 'Test Cases/Web RoomMe.id/6. Community/4. Verify Element on Community Page' successfully]]></system-out>
         <system-err><![CDATA[]]></system-err>
      </testcase>
      <testcase name="Test Cases/Web RoomMe.id/6. Community/3. Verify All Link in Community Page" time="54.502" classname="Test Cases/Web RoomMe.id/6. Community/3. Verify All Link in Community Page" status="PASSED">
         <system-out><![CDATA[2020-05-20 01:29:24 - [TEST_CASE][PASSED] - Test Cases/Web RoomMe.id/6. Community/3. Verify All Link in Community Page: Test Cases/Web RoomMe.id/6. Community/3. Verify All Link in Community Page

2020-05-20 01:29:25 - [TEST_STEP][PASSED] - callTestCase(findTestCase("Web RoomMe.id/6. Community/1. Customer Access Community Page From Header"), [:], STOP_ON_FAILURE): Call Test Case 'Test Cases/Web RoomMe.id/6. Community/1. Customer Access Community Page From Header' successfully

2020-05-20 01:29:25 - [TEST_CASE][PASSED] - Test Cases/Web RoomMe.id/6. Community/1. Customer Access Community Page From Header: Test Cases/Web RoomMe.id/6. Community/1. Customer Access Community Page From Header

2020-05-20 01:29:25 - [TEST_STEP][PASSED] - callTestCase(findTestCase("Web RoomMe.id/1. Homepage/1. Customer Access RoomMe Page"), [:], STOP_ON_FAILURE): Call Test Case 'Test Cases/Web RoomMe.id/1. Homepage/1. Customer Access RoomMe Page' successfully

2020-05-20 01:29:25 - [TEST_CASE][PASSED] - Test Cases/Web RoomMe.id/1. Homepage/1. Customer Access RoomMe Page: Test Cases/Web RoomMe.id/1. Homepage/1. Customer Access RoomMe Page

2020-05-20 01:29:25 - [TEST_STEP][PASSED] - openBrowser("https://web.roomme.id/"): Browser is opened with url: 'https://web.roomme.id/'

2020-05-20 01:29:25 - [MESSAGE][WARNING] - A browser is already opened. Closing browser and opening a new one

2020-05-20 01:29:26 - [MESSAGE][INFO] - Starting 'Chrome' driver

2020-05-20 01:29:34 - [MESSAGE][PASSED] - Browser is opened with url: 'https://web.roomme.id/'

2020-05-20 01:29:34 - [TEST_STEP][PASSED] - maximizeWindow(): Current window maximized

2020-05-20 01:29:37 - [MESSAGE][PASSED] - Current window maximized

2020-05-20 01:29:37 - [TEST_STEP][PASSED] - waitForPageLoad(0): Wait for page load successfully

2020-05-20 01:29:37 - [MESSAGE][WARNING] - Timeout '0' is invalid. Using default page load timeout: '30'

2020-05-20 01:29:37 - [MESSAGE][PASSED] - Wait for page load successfully

2020-05-20 01:29:37 - [MESSAGE][PASSED] - Call Test Case 'Test Cases/Web RoomMe.id/1. Homepage/1. Customer Access RoomMe Page' successfully

2020-05-20 01:29:37 - [TEST_STEP][PASSED] - waitForElementVisible(findTestObject("Web RoomMe.id/RoomMe.id Header/Button Community"), 30): Object 'Object Repository/Web RoomMe.id/RoomMe.id Header/Button Community' is visible

2020-05-20 01:29:37 - [MESSAGE][PASSED] - Object 'Object Repository/Web RoomMe.id/RoomMe.id Header/Button Community' is visible

2020-05-20 01:29:37 - [TEST_STEP][PASSED] - click(findTestObject("Web RoomMe.id/RoomMe.id Header/Button Community")): Object: 'Object Repository/Web RoomMe.id/RoomMe.id Header/Button Community' is clicked on

2020-05-20 01:29:41 - [MESSAGE][PASSED] - Object: 'Object Repository/Web RoomMe.id/RoomMe.id Header/Button Community' is clicked on

2020-05-20 01:29:41 - [TEST_STEP][PASSED] - waitForPageLoad(0): Wait for page load successfully

2020-05-20 01:29:41 - [MESSAGE][WARNING] - Timeout '0' is invalid. Using default page load timeout: '30'

2020-05-20 01:29:43 - [MESSAGE][PASSED] - Wait for page load successfully

2020-05-20 01:29:43 - [TEST_STEP][PASSED] - callTestCase(findTestCase("Web RoomMe.id/6. Community/5. Verify Welcome Video"), [:], STOP_ON_FAILURE): Call Test Case 'Test Cases/Web RoomMe.id/6. Community/5. Verify Welcome Video' successfully

2020-05-20 01:29:43 - [TEST_CASE][PASSED] - Test Cases/Web RoomMe.id/6. Community/5. Verify Welcome Video: Test Cases/Web RoomMe.id/6. Community/5. Verify Welcome Video

2020-05-20 01:29:43 - [TEST_STEP][NOT_RUN] - callTestCase(findTestCase("Web RoomMe.id/6. Community/1. Customer Access Community Page From Header"), [:], STOP_ON_FAILURE): NOT_RUN: callTestCase(findTestCase("Web RoomMe.id/6. Community/1. Customer Access Community Page From Header"), [:], STOP_ON_FAILURE)

2020-05-20 01:29:43 - [MESSAGE][NOT_RUN] - NOT_RUN: callTestCase(findTestCase("Web RoomMe.id/6. Community/1. Customer Access Community Page From Header"), [:], STOP_ON_FAILURE)

2020-05-20 01:29:43 - [TEST_STEP][PASSED] - waitForElementVisible(findTestObject("Web RoomMe.id/Community Page/Welcome Video/Text JOIN OUR COMMUNITY"), 0): Object 'Object Repository/Web RoomMe.id/Community Page/Welcome Video/Text JOIN OUR COMMUNITY' is visible

2020-05-20 01:29:43 - [MESSAGE][WARNING] - Timeout '0' is invalid. Using default page load timeout: '30'

2020-05-20 01:29:43 - [MESSAGE][PASSED] - Object 'Object Repository/Web RoomMe.id/Community Page/Welcome Video/Text JOIN OUR COMMUNITY' is visible

2020-05-20 01:29:43 - [TEST_STEP][PASSED] - waitForElementVisible(findTestObject("Web RoomMe.id/Community Page/Welcome Video/Text And enjoy the benefits and features"), 0): Object 'Object Repository/Web RoomMe.id/Community Page/Welcome Video/Text And enjoy the benefits and features' is visible

2020-05-20 01:29:43 - [MESSAGE][WARNING] - Timeout '0' is invalid. Using default page load timeout: '30'

2020-05-20 01:29:44 - [MESSAGE][PASSED] - Object 'Object Repository/Web RoomMe.id/Community Page/Welcome Video/Text And enjoy the benefits and features' is visible

2020-05-20 01:29:44 - [TEST_STEP][PASSED] - waitForElementVisible(findTestObject("Web RoomMe.id/Community Page/Welcome Video/Video Events RoomMe"), 0): Object 'Object Repository/Web RoomMe.id/Community Page/Welcome Video/Video Events RoomMe' is visible

2020-05-20 01:29:44 - [MESSAGE][WARNING] - Timeout '0' is invalid. Using default page load timeout: '30'

2020-05-20 01:29:45 - [MESSAGE][PASSED] - Object 'Object Repository/Web RoomMe.id/Community Page/Welcome Video/Video Events RoomMe' is visible

2020-05-20 01:29:45 - [TEST_STEP][PASSED] - waitForElementVisible(findTestObject("Web RoomMe.id/Community Page/Welcome Video/Button Continue on the Form Registration"), 0): Object 'Object Repository/Web RoomMe.id/Community Page/Welcome Video/Button Continue on the Form Registration' is visible

2020-05-20 01:29:45 - [MESSAGE][WARNING] - Timeout '0' is invalid. Using default page load timeout: '30'

2020-05-20 01:29:45 - [MESSAGE][PASSED] - Object 'Object Repository/Web RoomMe.id/Community Page/Welcome Video/Button Continue on the Form Registration' is visible

2020-05-20 01:29:45 - [TEST_STEP][PASSED] - delay(10): Delayed 10 second(s)

2020-05-20 01:29:55 - [MESSAGE][PASSED] - Delayed 10 second(s)

2020-05-20 01:29:55 - [MESSAGE][PASSED] - Call Test Case 'Test Cases/Web RoomMe.id/6. Community/5. Verify Welcome Video' successfully

2020-05-20 01:29:55 - [TEST_STEP][PASSED] - click(findTestObject("Web RoomMe.id/Community Page/Welcome Video/Button Continue on the Form Registration")): Object: 'Object Repository/Web RoomMe.id/Community Page/Welcome Video/Button Continue on the Form Registration' is clicked on

2020-05-20 01:29:56 - [MESSAGE][PASSED] - Object: 'Object Repository/Web RoomMe.id/Community Page/Welcome Video/Button Continue on the Form Registration' is clicked on

2020-05-20 01:29:56 - [TEST_STEP][PASSED] - click(findTestObject("Web RoomMe.id/RoomMe.id Header/Image Header Logo")): Object: 'Object Repository/Web RoomMe.id/RoomMe.id Header/Image Header Logo' is clicked on

2020-05-20 01:29:59 - [MESSAGE][PASSED] - Object: 'Object Repository/Web RoomMe.id/RoomMe.id Header/Image Header Logo' is clicked on

2020-05-20 01:29:59 - [TEST_STEP][PASSED] - callTestCase(findTestCase("Web RoomMe.id/6. Community/4. Verify Element on Community Page"), [:], STOP_ON_FAILURE): Call Test Case 'Test Cases/Web RoomMe.id/6. Community/4. Verify Element on Community Page' successfully

2020-05-20 01:29:59 - [TEST_CASE][PASSED] - Test Cases/Web RoomMe.id/6. Community/4. Verify Element on Community Page: Test Cases/Web RoomMe.id/6. Community/4. Verify Element on Community Page

2020-05-20 01:29:59 - [TEST_STEP][PASSED] - objectSubFolder = "Web RoomMe.id\Community Page\": null

2020-05-20 01:29:59 - [TEST_STEP][PASSED] - pathToObjRep = getProjectDir() + "\Object Repository\" + objectSubFolder: null

2020-05-20 01:29:59 - [TEST_STEP][PASSED] - yourObjects = new java.io.File(pathToObjRep): null

2020-05-20 01:29:59 - [TEST_STEP][PASSED] - fileNames = yourObjects.list(): null

2020-05-20 01:29:59 - [TEST_STEP][PASSED] - testObjects = new java.util.ArrayList(): null

2020-05-20 01:29:59 - [TEST_STEP][PASSED] - for ([i = 0, i < length, (i++)]): null

2020-05-20 01:29:59 - [TEST_STEP][PASSED] - if (fileNames[i].contains(".rs")): null

2020-05-20 01:29:59 - [TEST_STEP][PASSED] - fileNames[i] = fileNames[i].replace(".rs", ""): null

2020-05-20 01:29:59 - [TEST_STEP][PASSED] - testObjects.add(objectSubFolder + fileNames[i]): null

2020-05-20 01:29:59 - [TEST_STEP][PASSED] - if (fileNames[i].contains(".rs")): null

2020-05-20 01:29:59 - [TEST_STEP][PASSED] - fileNames[i] = fileNames[i].replace(".rs", ""): null

2020-05-20 01:29:59 - [TEST_STEP][PASSED] - testObjects.add(objectSubFolder + fileNames[i]): null

2020-05-20 01:29:59 - [TEST_STEP][PASSED] - if (fileNames[i].contains(".rs")): null

2020-05-20 01:29:59 - [TEST_STEP][PASSED] - fileNames[i] = fileNames[i].replace(".rs", ""): null

2020-05-20 01:29:59 - [TEST_STEP][PASSED] - testObjects.add(objectSubFolder + fileNames[i]): null

2020-05-20 01:29:59 - [TEST_STEP][PASSED] - if (fileNames[i].contains(".rs")): null

2020-05-20 01:29:59 - [TEST_STEP][PASSED] - fileNames[i] = fileNames[i].replace(".rs", ""): null

2020-05-20 01:29:59 - [TEST_STEP][PASSED] - testObjects.add(objectSubFolder + fileNames[i]): null

2020-05-20 01:29:59 - [TEST_STEP][PASSED] - if (fileNames[i].contains(".rs")): null

2020-05-20 01:29:59 - [TEST_STEP][PASSED] - if (fileNames[i].contains(".rs")): null

2020-05-20 01:29:59 - [TEST_STEP][PASSED] - fileNames[i] = fileNames[i].replace(".rs", ""): null

2020-05-20 01:29:59 - [TEST_STEP][PASSED] - testObjects.add(objectSubFolder + fileNames[i]): null

2020-05-20 01:29:59 - [TEST_STEP][PASSED] - if (fileNames[i].contains(".rs")): null

2020-05-20 01:29:59 - [TEST_STEP][PASSED] - fileNames[i] = fileNames[i].replace(".rs", ""): null

2020-05-20 01:29:59 - [TEST_STEP][PASSED] - testObjects.add(objectSubFolder + fileNames[i]): null

2020-05-20 01:29:59 - [TEST_STEP][PASSED] - if (fileNames[i].contains(".rs")): null

2020-05-20 01:29:59 - [TEST_STEP][PASSED] - fileNames[i] = fileNames[i].replace(".rs", ""): null

2020-05-20 01:29:59 - [TEST_STEP][PASSED] - testObjects.add(objectSubFolder + fileNames[i]): null

2020-05-20 01:29:59 - [TEST_STEP][PASSED] - if (fileNames[i].contains(".rs")): null

2020-05-20 01:29:59 - [TEST_STEP][PASSED] - fileNames[i] = fileNames[i].replace(".rs", ""): null

2020-05-20 01:29:59 - [TEST_STEP][PASSED] - testObjects.add(objectSubFolder + fileNames[i]): null

2020-05-20 01:29:59 - [TEST_STEP][PASSED] - if (fileNames[i].contains(".rs")): null

2020-05-20 01:29:59 - [TEST_STEP][PASSED] - fileNames[i] = fileNames[i].replace(".rs", ""): null

2020-05-20 01:29:59 - [TEST_STEP][PASSED] - testObjects.add(objectSubFolder + fileNames[i]): null

2020-05-20 01:29:59 - [TEST_STEP][PASSED] - if (fileNames[i].contains(".rs")): null

2020-05-20 01:29:59 - [TEST_STEP][PASSED] - fileNames[i] = fileNames[i].replace(".rs", ""): null

2020-05-20 01:29:59 - [TEST_STEP][PASSED] - testObjects.add(objectSubFolder + fileNames[i]): null

2020-05-20 01:29:59 - [TEST_STEP][PASSED] - if (fileNames[i].contains(".rs")): null

2020-05-20 01:29:59 - [TEST_STEP][PASSED] - fileNames[i] = fileNames[i].replace(".rs", ""): null

2020-05-20 01:29:59 - [TEST_STEP][PASSED] - testObjects.add(objectSubFolder + fileNames[i]): null

2020-05-20 01:29:59 - [TEST_STEP][PASSED] - if (fileNames[i].contains(".rs")): null

2020-05-20 01:29:59 - [TEST_STEP][PASSED] - fileNames[i] = fileNames[i].replace(".rs", ""): null

2020-05-20 01:29:59 - [TEST_STEP][PASSED] - testObjects.add(objectSubFolder + fileNames[i]): null

2020-05-20 01:29:59 - [TEST_STEP][PASSED] - if (fileNames[i].contains(".rs")): null

2020-05-20 01:29:59 - [TEST_STEP][PASSED] - fileNames[i] = fileNames[i].replace(".rs", ""): null

2020-05-20 01:29:59 - [TEST_STEP][PASSED] - testObjects.add(objectSubFolder + fileNames[i]): null

2020-05-20 01:29:59 - [TEST_STEP][PASSED] - if (fileNames[i].contains(".rs")): null

2020-05-20 01:29:59 - [TEST_STEP][PASSED] - fileNames[i] = fileNames[i].replace(".rs", ""): null

2020-05-20 01:29:59 - [TEST_STEP][PASSED] - testObjects.add(objectSubFolder + fileNames[i]): null

2020-05-20 01:29:59 - [TEST_STEP][PASSED] - if (fileNames[i].contains(".rs")): null

2020-05-20 01:29:59 - [TEST_STEP][PASSED] - fileNames[i] = fileNames[i].replace(".rs", ""): null

2020-05-20 01:29:59 - [TEST_STEP][PASSED] - testObjects.add(objectSubFolder + fileNames[i]): null

2020-05-20 01:29:59 - [TEST_STEP][PASSED] - if (fileNames[i].contains(".rs")): null

2020-05-20 01:29:59 - [TEST_STEP][PASSED] - fileNames[i] = fileNames[i].replace(".rs", ""): null

2020-05-20 01:29:59 - [TEST_STEP][PASSED] - testObjects.add(objectSubFolder + fileNames[i]): null

2020-05-20 01:29:59 - [TEST_STEP][PASSED] - if (fileNames[i].contains(".rs")): null

2020-05-20 01:29:59 - [TEST_STEP][PASSED] - fileNames[i] = fileNames[i].replace(".rs", ""): null

2020-05-20 01:29:59 - [TEST_STEP][PASSED] - testObjects.add(objectSubFolder + fileNames[i]): null

2020-05-20 01:29:59 - [TEST_STEP][PASSED] - if (fileNames[i].contains(".rs")): null

2020-05-20 01:29:59 - [TEST_STEP][PASSED] - for (String obj : testObjects): Object 'Object Repository/Web RoomMe.id\Community Page\Video Events' is visible

2020-05-20 01:29:59 - [TEST_STEP][PASSED] - verifyElementVisible(findTestObject(obj)): Object 'Object Repository/Web RoomMe.id\Community Page\Button Join Our Community' is visible

2020-05-20 01:30:00 - [MESSAGE][PASSED] - Object 'Object Repository/Web RoomMe.id\Community Page\Button Join Our Community' is visible

2020-05-20 01:30:00 - [TEST_STEP][PASSED] - verifyElementVisible(findTestObject(obj)): Object 'Object Repository/Web RoomMe.id\Community Page\Button See More Events' is visible

2020-05-20 01:30:00 - [MESSAGE][PASSED] - Object 'Object Repository/Web RoomMe.id\Community Page\Button See More Events' is visible

2020-05-20 01:30:00 - [TEST_STEP][PASSED] - verifyElementVisible(findTestObject(obj)): Object 'Object Repository/Web RoomMe.id\Community Page\Button See More Videos' is visible

2020-05-20 01:30:00 - [MESSAGE][PASSED] - Object 'Object Repository/Web RoomMe.id\Community Page\Button See More Videos' is visible

2020-05-20 01:30:00 - [TEST_STEP][PASSED] - verifyElementVisible(findTestObject(obj)): Object 'Object Repository/Web RoomMe.id\Community Page\Button See More' is visible

2020-05-20 01:30:01 - [MESSAGE][PASSED] - Object 'Object Repository/Web RoomMe.id\Community Page\Button See More' is visible

2020-05-20 01:30:01 - [TEST_STEP][PASSED] - verifyElementVisible(findTestObject(obj)): Object 'Object Repository/Web RoomMe.id\Community Page\Image Carousel' is visible

2020-05-20 01:30:01 - [MESSAGE][PASSED] - Object 'Object Repository/Web RoomMe.id\Community Page\Image Carousel' is visible

2020-05-20 01:30:01 - [TEST_STEP][PASSED] - verifyElementVisible(findTestObject(obj)): Object 'Object Repository/Web RoomMe.id\Community Page\Image Event' is visible

2020-05-20 01:30:02 - [MESSAGE][PASSED] - Object 'Object Repository/Web RoomMe.id\Community Page\Image Event' is visible

2020-05-20 01:30:02 - [TEST_STEP][PASSED] - verifyElementVisible(findTestObject(obj)): Object 'Object Repository/Web RoomMe.id\Community Page\Text All Events' is visible

2020-05-20 01:30:02 - [MESSAGE][PASSED] - Object 'Object Repository/Web RoomMe.id\Community Page\Text All Events' is visible

2020-05-20 01:30:02 - [TEST_STEP][PASSED] - verifyElementVisible(findTestObject(obj)): Object 'Object Repository/Web RoomMe.id\Community Page\Text Discover your pleasant' is visible

2020-05-20 01:30:02 - [MESSAGE][PASSED] - Object 'Object Repository/Web RoomMe.id\Community Page\Text Discover your pleasant' is visible

2020-05-20 01:30:02 - [TEST_STEP][PASSED] - verifyElementVisible(findTestObject(obj)): Object 'Object Repository/Web RoomMe.id\Community Page\Text From inspiring  funny stories' is visible

2020-05-20 01:30:03 - [MESSAGE][PASSED] - Object 'Object Repository/Web RoomMe.id\Community Page\Text From inspiring  funny stories' is visible

2020-05-20 01:30:03 - [TEST_STEP][PASSED] - verifyElementVisible(findTestObject(obj)): Object 'Object Repository/Web RoomMe.id\Community Page\Text Happening Events in Community' is visible

2020-05-20 01:30:03 - [MESSAGE][PASSED] - Object 'Object Repository/Web RoomMe.id\Community Page\Text Happening Events in Community' is visible

2020-05-20 01:30:03 - [TEST_STEP][PASSED] - verifyElementVisible(findTestObject(obj)): Object 'Object Repository/Web RoomMe.id\Community Page\Text Hey RoomMies Lets join our community' is visible

2020-05-20 01:30:04 - [MESSAGE][PASSED] - Object 'Object Repository/Web RoomMe.id\Community Page\Text Hey RoomMies Lets join our community' is visible

2020-05-20 01:30:04 - [TEST_STEP][PASSED] - verifyElementVisible(findTestObject(obj)): Object 'Object Repository/Web RoomMe.id\Community Page\Text Join the right communit' is visible

2020-05-20 01:30:04 - [MESSAGE][PASSED] - Object 'Object Repository/Web RoomMe.id\Community Page\Text Join the right communit' is visible

2020-05-20 01:30:04 - [TEST_STEP][PASSED] - verifyElementVisible(findTestObject(obj)): Object 'Object Repository/Web RoomMe.id\Community Page\Text Know Your Friends' is visible

2020-05-20 01:30:04 - [MESSAGE][PASSED] - Object 'Object Repository/Web RoomMe.id\Community Page\Text Know Your Friends' is visible

2020-05-20 01:30:04 - [TEST_STEP][PASSED] - verifyElementVisible(findTestObject(obj)): Object 'Object Repository/Web RoomMe.id\Community Page\Text Latest Events to Watch' is visible

2020-05-20 01:30:05 - [MESSAGE][PASSED] - Object 'Object Repository/Web RoomMe.id\Community Page\Text Latest Events to Watch' is visible

2020-05-20 01:30:05 - [TEST_STEP][PASSED] - verifyElementVisible(findTestObject(obj)): Object 'Object Repository/Web RoomMe.id\Community Page\Text To know more about our activitie' is visible

2020-05-20 01:30:05 - [MESSAGE][PASSED] - Object 'Object Repository/Web RoomMe.id\Community Page\Text To know more about our activitie' is visible

2020-05-20 01:30:05 - [TEST_STEP][PASSED] - verifyElementVisible(findTestObject(obj)): Object 'Object Repository/Web RoomMe.id\Community Page\Text Your hobbies will be more exciting' is visible

2020-05-20 01:30:06 - [MESSAGE][PASSED] - Object 'Object Repository/Web RoomMe.id\Community Page\Text Your hobbies will be more exciting' is visible

2020-05-20 01:30:06 - [TEST_STEP][PASSED] - verifyElementVisible(findTestObject(obj)): Object 'Object Repository/Web RoomMe.id\Community Page\Video Events' is visible

2020-05-20 01:30:06 - [MESSAGE][PASSED] - Object 'Object Repository/Web RoomMe.id\Community Page\Video Events' is visible

2020-05-20 01:30:06 - [MESSAGE][PASSED] - Call Test Case 'Test Cases/Web RoomMe.id/6. Community/4. Verify Element on Community Page' successfully

2020-05-20 01:30:06 - [MESSAGE][PASSED] - Call Test Case 'Test Cases/Web RoomMe.id/6. Community/1. Customer Access Community Page From Header' successfully

2020-05-20 01:30:06 - [TEST_STEP][PASSED] - verifyAllLinksOnCurrentPageAccessible(false, []): All links on the page 'https://web.roomme.id/community' are accessible

2020-05-20 01:30:10 - [MESSAGE][PASSED] - Found 52 unique links on the page https://web.roomme.id/community

2020-05-20 01:30:12 - [MESSAGE][INFO] - HAR: C:\Users\Faldi\Katalon Studio\katalonroomme-master\Reports\20200520_012741\Web RoomMe.id\Customer Access Community Page\20200520_012741\requests\main\0.har

2020-05-20 01:30:12 - [MESSAGE][PASSED] - Send request successfully

2020-05-20 01:30:12 - [MESSAGE][INFO] - HAR: C:\Users\Faldi\Katalon Studio\katalonroomme-master\Reports\20200520_012741\Web RoomMe.id\Customer Access Community Page\20200520_012741\requests\main\1.har

2020-05-20 01:30:12 - [MESSAGE][PASSED] - Send request successfully

2020-05-20 01:30:12 - [MESSAGE][INFO] - HAR: C:\Users\Faldi\Katalon Studio\katalonroomme-master\Reports\20200520_012741\Web RoomMe.id\Customer Access Community Page\20200520_012741\requests\main\2.har

2020-05-20 01:30:12 - [MESSAGE][PASSED] - Send request successfully

2020-05-20 01:30:12 - [MESSAGE][INFO] - HAR: C:\Users\Faldi\Katalon Studio\katalonroomme-master\Reports\20200520_012741\Web RoomMe.id\Customer Access Community Page\20200520_012741\requests\main\3.har

2020-05-20 01:30:12 - [MESSAGE][PASSED] - Send request successfully

2020-05-20 01:30:12 - [MESSAGE][INFO] - HAR: C:\Users\Faldi\Katalon Studio\katalonroomme-master\Reports\20200520_012741\Web RoomMe.id\Customer Access Community Page\20200520_012741\requests\main\4.har

2020-05-20 01:30:12 - [MESSAGE][PASSED] - Send request successfully

2020-05-20 01:30:13 - [MESSAGE][INFO] - HAR: C:\Users\Faldi\Katalon Studio\katalonroomme-master\Reports\20200520_012741\Web RoomMe.id\Customer Access Community Page\20200520_012741\requests\main\5.har

2020-05-20 01:30:13 - [MESSAGE][PASSED] - Send request successfully

2020-05-20 01:30:13 - [MESSAGE][INFO] - HAR: C:\Users\Faldi\Katalon Studio\katalonroomme-master\Reports\20200520_012741\Web RoomMe.id\Customer Access Community Page\20200520_012741\requests\main\6.har

2020-05-20 01:30:13 - [MESSAGE][PASSED] - Send request successfully

2020-05-20 01:30:13 - [MESSAGE][INFO] - HAR: C:\Users\Faldi\Katalon Studio\katalonroomme-master\Reports\20200520_012741\Web RoomMe.id\Customer Access Community Page\20200520_012741\requests\main\7.har

2020-05-20 01:30:13 - [MESSAGE][PASSED] - Send request successfully

2020-05-20 01:30:13 - [MESSAGE][INFO] - HAR: C:\Users\Faldi\Katalon Studio\katalonroomme-master\Reports\20200520_012741\Web RoomMe.id\Customer Access Community Page\20200520_012741\requests\main\8.har

2020-05-20 01:30:13 - [MESSAGE][PASSED] - Send request successfully

2020-05-20 01:30:13 - [MESSAGE][INFO] - HAR: C:\Users\Faldi\Katalon Studio\katalonroomme-master\Reports\20200520_012741\Web RoomMe.id\Customer Access Community Page\20200520_012741\requests\main\9.har

2020-05-20 01:30:13 - [MESSAGE][PASSED] - Send request successfully

2020-05-20 01:30:13 - [MESSAGE][INFO] - HAR: C:\Users\Faldi\Katalon Studio\katalonroomme-master\Reports\20200520_012741\Web RoomMe.id\Customer Access Community Page\20200520_012741\requests\main\10.har

2020-05-20 01:30:13 - [MESSAGE][PASSED] - Send request successfully

2020-05-20 01:30:13 - [MESSAGE][INFO] - HAR: C:\Users\Faldi\Katalon Studio\katalonroomme-master\Reports\20200520_012741\Web RoomMe.id\Customer Access Community Page\20200520_012741\requests\main\11.har

2020-05-20 01:30:13 - [MESSAGE][PASSED] - Send request successfully

2020-05-20 01:30:13 - [MESSAGE][INFO] - HAR: C:\Users\Faldi\Katalon Studio\katalonroomme-master\Reports\20200520_012741\Web RoomMe.id\Customer Access Community Page\20200520_012741\requests\main\12.har

2020-05-20 01:30:13 - [MESSAGE][PASSED] - Send request successfully

2020-05-20 01:30:13 - [MESSAGE][INFO] - HAR: C:\Users\Faldi\Katalon Studio\katalonroomme-master\Reports\20200520_012741\Web RoomMe.id\Customer Access Community Page\20200520_012741\requests\main\13.har

2020-05-20 01:30:13 - [MESSAGE][PASSED] - Send request successfully

2020-05-20 01:30:13 - [MESSAGE][INFO] - HAR: C:\Users\Faldi\Katalon Studio\katalonroomme-master\Reports\20200520_012741\Web RoomMe.id\Customer Access Community Page\20200520_012741\requests\main\14.har

2020-05-20 01:30:13 - [MESSAGE][PASSED] - Send request successfully

2020-05-20 01:30:14 - [MESSAGE][INFO] - HAR: C:\Users\Faldi\Katalon Studio\katalonroomme-master\Reports\20200520_012741\Web RoomMe.id\Customer Access Community Page\20200520_012741\requests\main\15.har

2020-05-20 01:30:14 - [MESSAGE][PASSED] - Send request successfully

2020-05-20 01:30:14 - [MESSAGE][INFO] - HAR: C:\Users\Faldi\Katalon Studio\katalonroomme-master\Reports\20200520_012741\Web RoomMe.id\Customer Access Community Page\20200520_012741\requests\main\16.har

2020-05-20 01:30:14 - [MESSAGE][PASSED] - Send request successfully

2020-05-20 01:30:14 - [MESSAGE][INFO] - HAR: C:\Users\Faldi\Katalon Studio\katalonroomme-master\Reports\20200520_012741\Web RoomMe.id\Customer Access Community Page\20200520_012741\requests\main\17.har

2020-05-20 01:30:14 - [MESSAGE][PASSED] - Send request successfully

2020-05-20 01:30:14 - [MESSAGE][INFO] - HAR: C:\Users\Faldi\Katalon Studio\katalonroomme-master\Reports\20200520_012741\Web RoomMe.id\Customer Access Community Page\20200520_012741\requests\main\18.har

2020-05-20 01:30:14 - [MESSAGE][PASSED] - Send request successfully

2020-05-20 01:30:14 - [MESSAGE][INFO] - HAR: C:\Users\Faldi\Katalon Studio\katalonroomme-master\Reports\20200520_012741\Web RoomMe.id\Customer Access Community Page\20200520_012741\requests\main\19.har

2020-05-20 01:30:14 - [MESSAGE][PASSED] - Send request successfully

2020-05-20 01:30:14 - [MESSAGE][INFO] - HAR: C:\Users\Faldi\Katalon Studio\katalonroomme-master\Reports\20200520_012741\Web RoomMe.id\Customer Access Community Page\20200520_012741\requests\main\20.har

2020-05-20 01:30:14 - [MESSAGE][PASSED] - Send request successfully

2020-05-20 01:30:14 - [MESSAGE][INFO] - HAR: C:\Users\Faldi\Katalon Studio\katalonroomme-master\Reports\20200520_012741\Web RoomMe.id\Customer Access Community Page\20200520_012741\requests\main\21.har

2020-05-20 01:30:14 - [MESSAGE][PASSED] - Send request successfully

2020-05-20 01:30:14 - [MESSAGE][INFO] - HAR: C:\Users\Faldi\Katalon Studio\katalonroomme-master\Reports\20200520_012741\Web RoomMe.id\Customer Access Community Page\20200520_012741\requests\main\22.har

2020-05-20 01:30:14 - [MESSAGE][PASSED] - Send request successfully

2020-05-20 01:30:14 - [MESSAGE][INFO] - HAR: C:\Users\Faldi\Katalon Studio\katalonroomme-master\Reports\20200520_012741\Web RoomMe.id\Customer Access Community Page\20200520_012741\requests\main\23.har

2020-05-20 01:30:14 - [MESSAGE][PASSED] - Send request successfully

2020-05-20 01:30:14 - [MESSAGE][INFO] - HAR: C:\Users\Faldi\Katalon Studio\katalonroomme-master\Reports\20200520_012741\Web RoomMe.id\Customer Access Community Page\20200520_012741\requests\main\24.har

2020-05-20 01:30:14 - [MESSAGE][PASSED] - Send request successfully

2020-05-20 01:30:14 - [MESSAGE][INFO] - HAR: C:\Users\Faldi\Katalon Studio\katalonroomme-master\Reports\20200520_012741\Web RoomMe.id\Customer Access Community Page\20200520_012741\requests\main\25.har

2020-05-20 01:30:14 - [MESSAGE][PASSED] - Send request successfully

2020-05-20 01:30:14 - [MESSAGE][INFO] - HAR: C:\Users\Faldi\Katalon Studio\katalonroomme-master\Reports\20200520_012741\Web RoomMe.id\Customer Access Community Page\20200520_012741\requests\main\26.har

2020-05-20 01:30:14 - [MESSAGE][PASSED] - Send request successfully

2020-05-20 01:30:14 - [MESSAGE][INFO] - HAR: C:\Users\Faldi\Katalon Studio\katalonroomme-master\Reports\20200520_012741\Web RoomMe.id\Customer Access Community Page\20200520_012741\requests\main\27.har

2020-05-20 01:30:14 - [MESSAGE][PASSED] - Send request successfully

2020-05-20 01:30:15 - [MESSAGE][INFO] - HAR: C:\Users\Faldi\Katalon Studio\katalonroomme-master\Reports\20200520_012741\Web RoomMe.id\Customer Access Community Page\20200520_012741\requests\main\28.har

2020-05-20 01:30:15 - [MESSAGE][PASSED] - Send request successfully

2020-05-20 01:30:15 - [MESSAGE][INFO] - HAR: C:\Users\Faldi\Katalon Studio\katalonroomme-master\Reports\20200520_012741\Web RoomMe.id\Customer Access Community Page\20200520_012741\requests\main\29.har

2020-05-20 01:30:15 - [MESSAGE][PASSED] - Send request successfully

2020-05-20 01:30:15 - [MESSAGE][INFO] - HAR: C:\Users\Faldi\Katalon Studio\katalonroomme-master\Reports\20200520_012741\Web RoomMe.id\Customer Access Community Page\20200520_012741\requests\main\30.har

2020-05-20 01:30:15 - [MESSAGE][PASSED] - Send request successfully

2020-05-20 01:30:15 - [MESSAGE][INFO] - HAR: C:\Users\Faldi\Katalon Studio\katalonroomme-master\Reports\20200520_012741\Web RoomMe.id\Customer Access Community Page\20200520_012741\requests\main\31.har

2020-05-20 01:30:15 - [MESSAGE][PASSED] - Send request successfully

2020-05-20 01:30:15 - [MESSAGE][INFO] - HAR: C:\Users\Faldi\Katalon Studio\katalonroomme-master\Reports\20200520_012741\Web RoomMe.id\Customer Access Community Page\20200520_012741\requests\main\32.har

2020-05-20 01:30:15 - [MESSAGE][PASSED] - Send request successfully

2020-05-20 01:30:16 - [MESSAGE][INFO] - HAR: C:\Users\Faldi\Katalon Studio\katalonroomme-master\Reports\20200520_012741\Web RoomMe.id\Customer Access Community Page\20200520_012741\requests\main\33.har

2020-05-20 01:30:16 - [MESSAGE][PASSED] - Send request successfully

2020-05-20 01:30:16 - [MESSAGE][INFO] - HAR: C:\Users\Faldi\Katalon Studio\katalonroomme-master\Reports\20200520_012741\Web RoomMe.id\Customer Access Community Page\20200520_012741\requests\main\34.har

2020-05-20 01:30:16 - [MESSAGE][PASSED] - Send request successfully

2020-05-20 01:30:16 - [MESSAGE][INFO] - HAR: C:\Users\Faldi\Katalon Studio\katalonroomme-master\Reports\20200520_012741\Web RoomMe.id\Customer Access Community Page\20200520_012741\requests\main\35.har

2020-05-20 01:30:16 - [MESSAGE][PASSED] - Send request successfully

2020-05-20 01:30:16 - [MESSAGE][INFO] - HAR: C:\Users\Faldi\Katalon Studio\katalonroomme-master\Reports\20200520_012741\Web RoomMe.id\Customer Access Community Page\20200520_012741\requests\main\36.har

2020-05-20 01:30:16 - [MESSAGE][PASSED] - Send request successfully

2020-05-20 01:30:16 - [MESSAGE][INFO] - HAR: C:\Users\Faldi\Katalon Studio\katalonroomme-master\Reports\20200520_012741\Web RoomMe.id\Customer Access Community Page\20200520_012741\requests\main\37.har

2020-05-20 01:30:16 - [MESSAGE][PASSED] - Send request successfully

2020-05-20 01:30:17 - [MESSAGE][INFO] - HAR: C:\Users\Faldi\Katalon Studio\katalonroomme-master\Reports\20200520_012741\Web RoomMe.id\Customer Access Community Page\20200520_012741\requests\main\38.har

2020-05-20 01:30:17 - [MESSAGE][PASSED] - Send request successfully

2020-05-20 01:30:17 - [MESSAGE][INFO] - HAR: C:\Users\Faldi\Katalon Studio\katalonroomme-master\Reports\20200520_012741\Web RoomMe.id\Customer Access Community Page\20200520_012741\requests\main\39.har

2020-05-20 01:30:17 - [MESSAGE][PASSED] - Send request successfully

2020-05-20 01:30:17 - [MESSAGE][INFO] - HAR: C:\Users\Faldi\Katalon Studio\katalonroomme-master\Reports\20200520_012741\Web RoomMe.id\Customer Access Community Page\20200520_012741\requests\main\40.har

2020-05-20 01:30:17 - [MESSAGE][PASSED] - Send request successfully

2020-05-20 01:30:17 - [MESSAGE][INFO] - HAR: C:\Users\Faldi\Katalon Studio\katalonroomme-master\Reports\20200520_012741\Web RoomMe.id\Customer Access Community Page\20200520_012741\requests\main\41.har

2020-05-20 01:30:17 - [MESSAGE][PASSED] - Send request successfully

2020-05-20 01:30:18 - [MESSAGE][INFO] - HAR: C:\Users\Faldi\Katalon Studio\katalonroomme-master\Reports\20200520_012741\Web RoomMe.id\Customer Access Community Page\20200520_012741\requests\main\42.har

2020-05-20 01:30:18 - [MESSAGE][PASSED] - Send request successfully

2020-05-20 01:30:18 - [MESSAGE][INFO] - HAR: C:\Users\Faldi\Katalon Studio\katalonroomme-master\Reports\20200520_012741\Web RoomMe.id\Customer Access Community Page\20200520_012741\requests\main\43.har

2020-05-20 01:30:18 - [MESSAGE][PASSED] - Send request successfully

2020-05-20 01:30:18 - [MESSAGE][INFO] - HAR: C:\Users\Faldi\Katalon Studio\katalonroomme-master\Reports\20200520_012741\Web RoomMe.id\Customer Access Community Page\20200520_012741\requests\main\44.har

2020-05-20 01:30:18 - [MESSAGE][PASSED] - Send request successfully

2020-05-20 01:30:18 - [MESSAGE][INFO] - HAR: C:\Users\Faldi\Katalon Studio\katalonroomme-master\Reports\20200520_012741\Web RoomMe.id\Customer Access Community Page\20200520_012741\requests\main\45.har

2020-05-20 01:30:18 - [MESSAGE][PASSED] - Send request successfully

2020-05-20 01:30:18 - [MESSAGE][INFO] - HAR: C:\Users\Faldi\Katalon Studio\katalonroomme-master\Reports\20200520_012741\Web RoomMe.id\Customer Access Community Page\20200520_012741\requests\main\46.har

2020-05-20 01:30:18 - [MESSAGE][PASSED] - Send request successfully

2020-05-20 01:30:19 - [MESSAGE][INFO] - HAR: C:\Users\Faldi\Katalon Studio\katalonroomme-master\Reports\20200520_012741\Web RoomMe.id\Customer Access Community Page\20200520_012741\requests\main\47.har

2020-05-20 01:30:19 - [MESSAGE][PASSED] - Send request successfully

2020-05-20 01:30:19 - [MESSAGE][INFO] - HAR: C:\Users\Faldi\Katalon Studio\katalonroomme-master\Reports\20200520_012741\Web RoomMe.id\Customer Access Community Page\20200520_012741\requests\main\48.har

2020-05-20 01:30:19 - [MESSAGE][PASSED] - Send request successfully

2020-05-20 01:30:19 - [MESSAGE][INFO] - HAR: C:\Users\Faldi\Katalon Studio\katalonroomme-master\Reports\20200520_012741\Web RoomMe.id\Customer Access Community Page\20200520_012741\requests\main\49.har

2020-05-20 01:30:19 - [MESSAGE][PASSED] - Send request successfully

2020-05-20 01:30:19 - [MESSAGE][INFO] - HAR: C:\Users\Faldi\Katalon Studio\katalonroomme-master\Reports\20200520_012741\Web RoomMe.id\Customer Access Community Page\20200520_012741\requests\main\50.har

2020-05-20 01:30:19 - [MESSAGE][PASSED] - Send request successfully

2020-05-20 01:30:19 - [MESSAGE][INFO] - HAR: C:\Users\Faldi\Katalon Studio\katalonroomme-master\Reports\20200520_012741\Web RoomMe.id\Customer Access Community Page\20200520_012741\requests\main\51.har

2020-05-20 01:30:19 - [MESSAGE][PASSED] - Send request successfully

2020-05-20 01:30:19 - [MESSAGE][PASSED] - All links are accessible

2020-05-20 01:30:19 - [MESSAGE][PASSED] - All links on the page 'https://web.roomme.id/community' are accessible]]></system-out>
         <system-err><![CDATA[]]></system-err>
      </testcase>
      <testcase name="Test Cases/Web RoomMe.id/6. Community/6. Register Community From Community Page Section" time="94.283" classname="Test Cases/Web RoomMe.id/6. Community/6. Register Community From Community Page Section" status="FAILED">
         <failure type="FAILED" message="Test Cases/Web RoomMe.id/6. Community/6. Register Community From Community Page Section FAILED.
Reason:
com.kms.katalon.core.exception.StepFailedException: Call Test Case 'Test Cases/Web RoomMe.id/20. Community Registration/1. Verify Registration Form' failed
	at com.kms.katalon.core.keyword.builtin.CallTestCaseKeyword$_callTestCase_closure1.doCall(CallTestCaseKeyword.groovy:63)
	at com.kms.katalon.core.keyword.builtin.CallTestCaseKeyword$_callTestCase_closure1.call(CallTestCaseKeyword.groovy)
	at com.kms.katalon.core.keyword.internal.KeywordMain.runKeyword(KeywordMain.groovy:68)
	at com.kms.katalon.core.keyword.builtin.CallTestCaseKeyword.callTestCase(CallTestCaseKeyword.groovy:81)
	at com.kms.katalon.core.keyword.builtin.CallTestCaseKeyword.execute(CallTestCaseKeyword.groovy:44)
	at com.kms.katalon.core.keyword.internal.KeywordExecutor.executeKeywordForPlatform(KeywordExecutor.groovy:60)
	at com.kms.katalon.core.keyword.BuiltinKeywords.callTestCase(BuiltinKeywords.groovy:334)
	at 6. Register Community From Community Page Section.run(6. Register Community From Community Page Section:25)
	at com.kms.katalon.core.main.ScriptEngine.run(ScriptEngine.java:194)
	at com.kms.katalon.core.main.ScriptEngine.runScriptAsRawText(ScriptEngine.java:119)
	at com.kms.katalon.core.main.TestCaseExecutor.runScript(TestCaseExecutor.java:337)
	at com.kms.katalon.core.main.TestCaseExecutor.doExecute(TestCaseExecutor.java:328)
	at com.kms.katalon.core.main.TestCaseExecutor.processExecutionPhase(TestCaseExecutor.java:307)
	at com.kms.katalon.core.main.TestCaseExecutor.accessMainPhase(TestCaseExecutor.java:299)
	at com.kms.katalon.core.main.TestCaseExecutor.execute(TestCaseExecutor.java:233)
	at com.kms.katalon.core.main.TestSuiteExecutor.accessTestCaseMainPhase(TestSuiteExecutor.java:169)
	at com.kms.katalon.core.main.TestSuiteExecutor.accessTestSuiteMainPhase(TestSuiteExecutor.java:142)
	at com.kms.katalon.core.main.TestSuiteExecutor.execute(TestSuiteExecutor.java:91)
	at com.kms.katalon.core.main.TestCaseMain.startTestSuite(TestCaseMain.java:157)
	at com.kms.katalon.core.main.TestCaseMain$startTestSuite$0.call(Unknown Source)
	at TempTestSuite1589912861324.run(TempTestSuite1589912861324.groovy:36)
Caused by: com.kms.katalon.core.exception.StepFailedException: Unable to verify object 'Object Repository/Web RoomMe.id\Community Page\Community Registration\Dropdown Interest Default' is visible
	at com.kms.katalon.core.webui.keyword.internal.WebUIKeywordMain.stepFailed(WebUIKeywordMain.groovy:64)
	at com.kms.katalon.core.webui.keyword.internal.WebUIKeywordMain.runKeyword(WebUIKeywordMain.groovy:26)
	at com.kms.katalon.core.webui.keyword.builtin.VerifyElementVisibleKeyword.verifyElementVisible(VerifyElementVisibleKeyword.groovy:97)
	at com.kms.katalon.core.webui.keyword.builtin.VerifyElementVisibleKeyword.execute(VerifyElementVisibleKeyword.groovy:67)
	at com.kms.katalon.core.keyword.internal.KeywordExecutor.executeKeywordForPlatform(KeywordExecutor.groovy:60)
	at com.kms.katalon.core.webui.keyword.WebUiBuiltInKeywords.verifyElementVisible(WebUiBuiltInKeywords.groovy:372)
	at com.kms.katalon.core.webui.keyword.WebUiBuiltInKeywords$verifyElementVisible$4.call(Unknown Source)
	at 1. Verify Registration Form.run(1. Verify Registration Form:38)
	at com.kms.katalon.core.main.ScriptEngine.run(ScriptEngine.java:194)
	at com.kms.katalon.core.main.ScriptEngine.runScriptAsRawText(ScriptEngine.java:119)
	at com.kms.katalon.core.main.TestCaseExecutor.runScript(TestCaseExecutor.java:337)
	at com.kms.katalon.core.main.TestCaseExecutor.doExecute(TestCaseExecutor.java:328)
	at com.kms.katalon.core.main.TestCaseExecutor.processExecutionPhase(TestCaseExecutor.java:307)
	at com.kms.katalon.core.main.TestCaseExecutor.accessMainPhase(TestCaseExecutor.java:299)
	at com.kms.katalon.core.main.TestCaseExecutor.execute(TestCaseExecutor.java:233)
	at com.kms.katalon.core.main.TestCaseMain.runTestCase(TestCaseMain.java:114)
	at com.kms.katalon.core.keyword.builtin.CallTestCaseKeyword$_callTestCase_closure1.doCall(CallTestCaseKeyword.groovy:59)
	... 20 more
Caused by: com.kms.katalon.core.exception.StepFailedException: Web element with id: 'Object Repository/Web RoomMe.id\Community Page\Community Registration\Dropdown Interest Default' located by 'By.xpath: //select[@id='__BVID__125']' not found
	at com.kms.katalon.core.webui.keyword.internal.WebUIKeywordMain.stepFailed(WebUIKeywordMain.groovy:64)
	at com.kms.katalon.core.webui.keyword.builtin.VerifyElementVisibleKeyword$_verifyElementVisible_closure1.doCall(VerifyElementVisibleKeyword.groovy:89)
	at com.kms.katalon.core.webui.keyword.builtin.VerifyElementVisibleKeyword$_verifyElementVisible_closure1.call(VerifyElementVisibleKeyword.groovy)
	at com.kms.katalon.core.webui.keyword.internal.WebUIKeywordMain.runKeyword(WebUIKeywordMain.groovy:20)
	... 35 more
"/>
         <system-out><![CDATA[2020-05-20 01:30:19 - [TEST_CASE][FAILED] - Test Cases/Web RoomMe.id/6. Community/6. Register Community From Community Page Section: Test Cases/Web RoomMe.id/6. Community/6. Register Community From Community Page Section FAILED.
Reason:
com.kms.katalon.core.exception.StepFailedException: Call Test Case 'Test Cases/Web RoomMe.id/20. Community Registration/1. Verify Registration Form' failed
	at com.kms.katalon.core.keyword.builtin.CallTestCaseKeyword$_callTestCase_closure1.doCall(CallTestCaseKeyword.groovy:63)
	at com.kms.katalon.core.keyword.builtin.CallTestCaseKeyword$_callTestCase_closure1.call(CallTestCaseKeyword.groovy)
	at com.kms.katalon.core.keyword.internal.KeywordMain.runKeyword(KeywordMain.groovy:68)
	at com.kms.katalon.core.keyword.builtin.CallTestCaseKeyword.callTestCase(CallTestCaseKeyword.groovy:81)
	at com.kms.katalon.core.keyword.builtin.CallTestCaseKeyword.execute(CallTestCaseKeyword.groovy:44)
	at com.kms.katalon.core.keyword.internal.KeywordExecutor.executeKeywordForPlatform(KeywordExecutor.groovy:60)
	at com.kms.katalon.core.keyword.BuiltinKeywords.callTestCase(BuiltinKeywords.groovy:334)
	at 6. Register Community From Community Page Section.run(6. Register Community From Community Page Section:25)
	at com.kms.katalon.core.main.ScriptEngine.run(ScriptEngine.java:194)
	at com.kms.katalon.core.main.ScriptEngine.runScriptAsRawText(ScriptEngine.java:119)
	at com.kms.katalon.core.main.TestCaseExecutor.runScript(TestCaseExecutor.java:337)
	at com.kms.katalon.core.main.TestCaseExecutor.doExecute(TestCaseExecutor.java:328)
	at com.kms.katalon.core.main.TestCaseExecutor.processExecutionPhase(TestCaseExecutor.java:307)
	at com.kms.katalon.core.main.TestCaseExecutor.accessMainPhase(TestCaseExecutor.java:299)
	at com.kms.katalon.core.main.TestCaseExecutor.execute(TestCaseExecutor.java:233)
	at com.kms.katalon.core.main.TestSuiteExecutor.accessTestCaseMainPhase(TestSuiteExecutor.java:169)
	at com.kms.katalon.core.main.TestSuiteExecutor.accessTestSuiteMainPhase(TestSuiteExecutor.java:142)
	at com.kms.katalon.core.main.TestSuiteExecutor.execute(TestSuiteExecutor.java:91)
	at com.kms.katalon.core.main.TestCaseMain.startTestSuite(TestCaseMain.java:157)
	at com.kms.katalon.core.main.TestCaseMain$startTestSuite$0.call(Unknown Source)
	at TempTestSuite1589912861324.run(TempTestSuite1589912861324.groovy:36)
Caused by: com.kms.katalon.core.exception.StepFailedException: Unable to verify object 'Object Repository/Web RoomMe.id\Community Page\Community Registration\Dropdown Interest Default' is visible
	at com.kms.katalon.core.webui.keyword.internal.WebUIKeywordMain.stepFailed(WebUIKeywordMain.groovy:64)
	at com.kms.katalon.core.webui.keyword.internal.WebUIKeywordMain.runKeyword(WebUIKeywordMain.groovy:26)
	at com.kms.katalon.core.webui.keyword.builtin.VerifyElementVisibleKeyword.verifyElementVisible(VerifyElementVisibleKeyword.groovy:97)
	at com.kms.katalon.core.webui.keyword.builtin.VerifyElementVisibleKeyword.execute(VerifyElementVisibleKeyword.groovy:67)
	at com.kms.katalon.core.keyword.internal.KeywordExecutor.executeKeywordForPlatform(KeywordExecutor.groovy:60)
	at com.kms.katalon.core.webui.keyword.WebUiBuiltInKeywords.verifyElementVisible(WebUiBuiltInKeywords.groovy:372)
	at com.kms.katalon.core.webui.keyword.WebUiBuiltInKeywords$verifyElementVisible$4.call(Unknown Source)
	at 1. Verify Registration Form.run(1. Verify Registration Form:38)
	at com.kms.katalon.core.main.ScriptEngine.run(ScriptEngine.java:194)
	at com.kms.katalon.core.main.ScriptEngine.runScriptAsRawText(ScriptEngine.java:119)
	at com.kms.katalon.core.main.TestCaseExecutor.runScript(TestCaseExecutor.java:337)
	at com.kms.katalon.core.main.TestCaseExecutor.doExecute(TestCaseExecutor.java:328)
	at com.kms.katalon.core.main.TestCaseExecutor.processExecutionPhase(TestCaseExecutor.java:307)
	at com.kms.katalon.core.main.TestCaseExecutor.accessMainPhase(TestCaseExecutor.java:299)
	at com.kms.katalon.core.main.TestCaseExecutor.execute(TestCaseExecutor.java:233)
	at com.kms.katalon.core.main.TestCaseMain.runTestCase(TestCaseMain.java:114)
	at com.kms.katalon.core.keyword.builtin.CallTestCaseKeyword$_callTestCase_closure1.doCall(CallTestCaseKeyword.groovy:59)
	... 20 more
Caused by: com.kms.katalon.core.exception.StepFailedException: Web element with id: 'Object Repository/Web RoomMe.id\Community Page\Community Registration\Dropdown Interest Default' located by 'By.xpath: //select[@id='__BVID__125']' not found
	at com.kms.katalon.core.webui.keyword.internal.WebUIKeywordMain.stepFailed(WebUIKeywordMain.groovy:64)
	at com.kms.katalon.core.webui.keyword.builtin.VerifyElementVisibleKeyword$_verifyElementVisible_closure1.doCall(VerifyElementVisibleKeyword.groovy:89)
	at com.kms.katalon.core.webui.keyword.builtin.VerifyElementVisibleKeyword$_verifyElementVisible_closure1.call(VerifyElementVisibleKeyword.groovy)
	at com.kms.katalon.core.webui.keyword.internal.WebUIKeywordMain.runKeyword(WebUIKeywordMain.groovy:20)
	... 35 more


2020-05-20 01:30:19 - [TEST_STEP][PASSED] - callTestCase(findTestCase("Web RoomMe.id/6. Community/1. Customer Access Community Page From Header"), [:], STOP_ON_FAILURE): Call Test Case 'Test Cases/Web RoomMe.id/6. Community/1. Customer Access Community Page From Header' successfully

2020-05-20 01:30:19 - [TEST_CASE][PASSED] - Test Cases/Web RoomMe.id/6. Community/1. Customer Access Community Page From Header: Test Cases/Web RoomMe.id/6. Community/1. Customer Access Community Page From Header

2020-05-20 01:30:20 - [TEST_STEP][PASSED] - callTestCase(findTestCase("Web RoomMe.id/1. Homepage/1. Customer Access RoomMe Page"), [:], STOP_ON_FAILURE): Call Test Case 'Test Cases/Web RoomMe.id/1. Homepage/1. Customer Access RoomMe Page' successfully

2020-05-20 01:30:20 - [TEST_CASE][PASSED] - Test Cases/Web RoomMe.id/1. Homepage/1. Customer Access RoomMe Page: Test Cases/Web RoomMe.id/1. Homepage/1. Customer Access RoomMe Page

2020-05-20 01:30:20 - [TEST_STEP][PASSED] - openBrowser("https://web.roomme.id/"): Browser is opened with url: 'https://web.roomme.id/'

2020-05-20 01:30:20 - [MESSAGE][WARNING] - A browser is already opened. Closing browser and opening a new one

2020-05-20 01:30:20 - [MESSAGE][INFO] - Starting 'Chrome' driver

2020-05-20 01:30:28 - [MESSAGE][PASSED] - Browser is opened with url: 'https://web.roomme.id/'

2020-05-20 01:30:28 - [TEST_STEP][PASSED] - maximizeWindow(): Current window maximized

2020-05-20 01:30:31 - [MESSAGE][PASSED] - Current window maximized

2020-05-20 01:30:31 - [TEST_STEP][PASSED] - waitForPageLoad(0): Wait for page load successfully

2020-05-20 01:30:31 - [MESSAGE][WARNING] - Timeout '0' is invalid. Using default page load timeout: '30'

2020-05-20 01:30:31 - [MESSAGE][PASSED] - Wait for page load successfully

2020-05-20 01:30:31 - [MESSAGE][PASSED] - Call Test Case 'Test Cases/Web RoomMe.id/1. Homepage/1. Customer Access RoomMe Page' successfully

2020-05-20 01:30:31 - [TEST_STEP][PASSED] - waitForElementVisible(findTestObject("Web RoomMe.id/RoomMe.id Header/Button Community"), 30): Object 'Object Repository/Web RoomMe.id/RoomMe.id Header/Button Community' is visible

2020-05-20 01:30:32 - [MESSAGE][PASSED] - Object 'Object Repository/Web RoomMe.id/RoomMe.id Header/Button Community' is visible

2020-05-20 01:30:32 - [TEST_STEP][PASSED] - click(findTestObject("Web RoomMe.id/RoomMe.id Header/Button Community")): Object: 'Object Repository/Web RoomMe.id/RoomMe.id Header/Button Community' is clicked on

2020-05-20 01:30:35 - [MESSAGE][PASSED] - Object: 'Object Repository/Web RoomMe.id/RoomMe.id Header/Button Community' is clicked on

2020-05-20 01:30:35 - [TEST_STEP][PASSED] - waitForPageLoad(0): Wait for page load successfully

2020-05-20 01:30:35 - [MESSAGE][WARNING] - Timeout '0' is invalid. Using default page load timeout: '30'

2020-05-20 01:30:41 - [MESSAGE][PASSED] - Wait for page load successfully

2020-05-20 01:30:41 - [TEST_STEP][PASSED] - callTestCase(findTestCase("Web RoomMe.id/6. Community/5. Verify Welcome Video"), [:], STOP_ON_FAILURE): Call Test Case 'Test Cases/Web RoomMe.id/6. Community/5. Verify Welcome Video' successfully

2020-05-20 01:30:41 - [TEST_CASE][PASSED] - Test Cases/Web RoomMe.id/6. Community/5. Verify Welcome Video: Test Cases/Web RoomMe.id/6. Community/5. Verify Welcome Video

2020-05-20 01:30:41 - [TEST_STEP][NOT_RUN] - callTestCase(findTestCase("Web RoomMe.id/6. Community/1. Customer Access Community Page From Header"), [:], STOP_ON_FAILURE): NOT_RUN: callTestCase(findTestCase("Web RoomMe.id/6. Community/1. Customer Access Community Page From Header"), [:], STOP_ON_FAILURE)

2020-05-20 01:30:41 - [MESSAGE][NOT_RUN] - NOT_RUN: callTestCase(findTestCase("Web RoomMe.id/6. Community/1. Customer Access Community Page From Header"), [:], STOP_ON_FAILURE)

2020-05-20 01:30:41 - [TEST_STEP][PASSED] - waitForElementVisible(findTestObject("Web RoomMe.id/Community Page/Welcome Video/Text JOIN OUR COMMUNITY"), 0): Object 'Object Repository/Web RoomMe.id/Community Page/Welcome Video/Text JOIN OUR COMMUNITY' is visible

2020-05-20 01:30:41 - [MESSAGE][WARNING] - Timeout '0' is invalid. Using default page load timeout: '30'

2020-05-20 01:30:42 - [MESSAGE][PASSED] - Object 'Object Repository/Web RoomMe.id/Community Page/Welcome Video/Text JOIN OUR COMMUNITY' is visible

2020-05-20 01:30:42 - [TEST_STEP][PASSED] - waitForElementVisible(findTestObject("Web RoomMe.id/Community Page/Welcome Video/Text And enjoy the benefits and features"), 0): Object 'Object Repository/Web RoomMe.id/Community Page/Welcome Video/Text And enjoy the benefits and features' is visible

2020-05-20 01:30:42 - [MESSAGE][WARNING] - Timeout '0' is invalid. Using default page load timeout: '30'

2020-05-20 01:30:43 - [MESSAGE][PASSED] - Object 'Object Repository/Web RoomMe.id/Community Page/Welcome Video/Text And enjoy the benefits and features' is visible

2020-05-20 01:30:43 - [TEST_STEP][PASSED] - waitForElementVisible(findTestObject("Web RoomMe.id/Community Page/Welcome Video/Video Events RoomMe"), 0): Object 'Object Repository/Web RoomMe.id/Community Page/Welcome Video/Video Events RoomMe' is visible

2020-05-20 01:30:43 - [MESSAGE][WARNING] - Timeout '0' is invalid. Using default page load timeout: '30'

2020-05-20 01:30:43 - [MESSAGE][PASSED] - Object 'Object Repository/Web RoomMe.id/Community Page/Welcome Video/Video Events RoomMe' is visible

2020-05-20 01:30:43 - [TEST_STEP][PASSED] - waitForElementVisible(findTestObject("Web RoomMe.id/Community Page/Welcome Video/Button Continue on the Form Registration"), 0): Object 'Object Repository/Web RoomMe.id/Community Page/Welcome Video/Button Continue on the Form Registration' is visible

2020-05-20 01:30:43 - [MESSAGE][WARNING] - Timeout '0' is invalid. Using default page load timeout: '30'

2020-05-20 01:30:44 - [MESSAGE][PASSED] - Object 'Object Repository/Web RoomMe.id/Community Page/Welcome Video/Button Continue on the Form Registration' is visible

2020-05-20 01:30:44 - [TEST_STEP][PASSED] - delay(10): Delayed 10 second(s)

2020-05-20 01:30:54 - [MESSAGE][PASSED] - Delayed 10 second(s)

2020-05-20 01:30:54 - [MESSAGE][PASSED] - Call Test Case 'Test Cases/Web RoomMe.id/6. Community/5. Verify Welcome Video' successfully

2020-05-20 01:30:54 - [TEST_STEP][PASSED] - click(findTestObject("Web RoomMe.id/Community Page/Welcome Video/Button Continue on the Form Registration")): Object: 'Object Repository/Web RoomMe.id/Community Page/Welcome Video/Button Continue on the Form Registration' is clicked on

2020-05-20 01:30:54 - [MESSAGE][PASSED] - Object: 'Object Repository/Web RoomMe.id/Community Page/Welcome Video/Button Continue on the Form Registration' is clicked on

2020-05-20 01:30:54 - [TEST_STEP][PASSED] - click(findTestObject("Web RoomMe.id/RoomMe.id Header/Image Header Logo")): Object: 'Object Repository/Web RoomMe.id/RoomMe.id Header/Image Header Logo' is clicked on

2020-05-20 01:30:58 - [MESSAGE][PASSED] - Object: 'Object Repository/Web RoomMe.id/RoomMe.id Header/Image Header Logo' is clicked on

2020-05-20 01:30:58 - [TEST_STEP][PASSED] - callTestCase(findTestCase("Web RoomMe.id/6. Community/4. Verify Element on Community Page"), [:], STOP_ON_FAILURE): Call Test Case 'Test Cases/Web RoomMe.id/6. Community/4. Verify Element on Community Page' successfully

2020-05-20 01:30:58 - [TEST_CASE][PASSED] - Test Cases/Web RoomMe.id/6. Community/4. Verify Element on Community Page: Test Cases/Web RoomMe.id/6. Community/4. Verify Element on Community Page

2020-05-20 01:30:58 - [TEST_STEP][PASSED] - objectSubFolder = "Web RoomMe.id\Community Page\": null

2020-05-20 01:30:58 - [TEST_STEP][PASSED] - pathToObjRep = getProjectDir() + "\Object Repository\" + objectSubFolder: null

2020-05-20 01:30:58 - [TEST_STEP][PASSED] - yourObjects = new java.io.File(pathToObjRep): null

2020-05-20 01:30:58 - [TEST_STEP][PASSED] - fileNames = yourObjects.list(): null

2020-05-20 01:30:58 - [TEST_STEP][PASSED] - testObjects = new java.util.ArrayList(): null

2020-05-20 01:30:58 - [TEST_STEP][PASSED] - for ([i = 0, i < length, (i++)]): null

2020-05-20 01:30:58 - [TEST_STEP][PASSED] - if (fileNames[i].contains(".rs")): null

2020-05-20 01:30:58 - [TEST_STEP][PASSED] - fileNames[i] = fileNames[i].replace(".rs", ""): null

2020-05-20 01:30:58 - [TEST_STEP][PASSED] - testObjects.add(objectSubFolder + fileNames[i]): null

2020-05-20 01:30:58 - [TEST_STEP][PASSED] - if (fileNames[i].contains(".rs")): null

2020-05-20 01:30:58 - [TEST_STEP][PASSED] - fileNames[i] = fileNames[i].replace(".rs", ""): null

2020-05-20 01:30:58 - [TEST_STEP][PASSED] - testObjects.add(objectSubFolder + fileNames[i]): null

2020-05-20 01:30:58 - [TEST_STEP][PASSED] - if (fileNames[i].contains(".rs")): null

2020-05-20 01:30:58 - [TEST_STEP][PASSED] - fileNames[i] = fileNames[i].replace(".rs", ""): null

2020-05-20 01:30:58 - [TEST_STEP][PASSED] - testObjects.add(objectSubFolder + fileNames[i]): null

2020-05-20 01:30:58 - [TEST_STEP][PASSED] - if (fileNames[i].contains(".rs")): null

2020-05-20 01:30:58 - [TEST_STEP][PASSED] - fileNames[i] = fileNames[i].replace(".rs", ""): null

2020-05-20 01:30:58 - [TEST_STEP][PASSED] - testObjects.add(objectSubFolder + fileNames[i]): null

2020-05-20 01:30:58 - [TEST_STEP][PASSED] - if (fileNames[i].contains(".rs")): null

2020-05-20 01:30:58 - [TEST_STEP][PASSED] - if (fileNames[i].contains(".rs")): null

2020-05-20 01:30:58 - [TEST_STEP][PASSED] - fileNames[i] = fileNames[i].replace(".rs", ""): null

2020-05-20 01:30:58 - [TEST_STEP][PASSED] - testObjects.add(objectSubFolder + fileNames[i]): null

2020-05-20 01:30:58 - [TEST_STEP][PASSED] - if (fileNames[i].contains(".rs")): null

2020-05-20 01:30:58 - [TEST_STEP][PASSED] - fileNames[i] = fileNames[i].replace(".rs", ""): null

2020-05-20 01:30:58 - [TEST_STEP][PASSED] - testObjects.add(objectSubFolder + fileNames[i]): null

2020-05-20 01:30:58 - [TEST_STEP][PASSED] - if (fileNames[i].contains(".rs")): null

2020-05-20 01:30:58 - [TEST_STEP][PASSED] - fileNames[i] = fileNames[i].replace(".rs", ""): null

2020-05-20 01:30:58 - [TEST_STEP][PASSED] - testObjects.add(objectSubFolder + fileNames[i]): null

2020-05-20 01:30:58 - [TEST_STEP][PASSED] - if (fileNames[i].contains(".rs")): null

2020-05-20 01:30:58 - [TEST_STEP][PASSED] - fileNames[i] = fileNames[i].replace(".rs", ""): null

2020-05-20 01:30:58 - [TEST_STEP][PASSED] - testObjects.add(objectSubFolder + fileNames[i]): null

2020-05-20 01:30:58 - [TEST_STEP][PASSED] - if (fileNames[i].contains(".rs")): null

2020-05-20 01:30:58 - [TEST_STEP][PASSED] - fileNames[i] = fileNames[i].replace(".rs", ""): null

2020-05-20 01:30:58 - [TEST_STEP][PASSED] - testObjects.add(objectSubFolder + fileNames[i]): null

2020-05-20 01:30:58 - [TEST_STEP][PASSED] - if (fileNames[i].contains(".rs")): null

2020-05-20 01:30:58 - [TEST_STEP][PASSED] - fileNames[i] = fileNames[i].replace(".rs", ""): null

2020-05-20 01:30:58 - [TEST_STEP][PASSED] - testObjects.add(objectSubFolder + fileNames[i]): null

2020-05-20 01:30:58 - [TEST_STEP][PASSED] - if (fileNames[i].contains(".rs")): null

2020-05-20 01:30:58 - [TEST_STEP][PASSED] - fileNames[i] = fileNames[i].replace(".rs", ""): null

2020-05-20 01:30:58 - [TEST_STEP][PASSED] - testObjects.add(objectSubFolder + fileNames[i]): null

2020-05-20 01:30:58 - [TEST_STEP][PASSED] - if (fileNames[i].contains(".rs")): null

2020-05-20 01:30:58 - [TEST_STEP][PASSED] - fileNames[i] = fileNames[i].replace(".rs", ""): null

2020-05-20 01:30:58 - [TEST_STEP][PASSED] - testObjects.add(objectSubFolder + fileNames[i]): null

2020-05-20 01:30:58 - [TEST_STEP][PASSED] - if (fileNames[i].contains(".rs")): null

2020-05-20 01:30:58 - [TEST_STEP][PASSED] - fileNames[i] = fileNames[i].replace(".rs", ""): null

2020-05-20 01:30:58 - [TEST_STEP][PASSED] - testObjects.add(objectSubFolder + fileNames[i]): null

2020-05-20 01:30:58 - [TEST_STEP][PASSED] - if (fileNames[i].contains(".rs")): null

2020-05-20 01:30:58 - [TEST_STEP][PASSED] - fileNames[i] = fileNames[i].replace(".rs", ""): null

2020-05-20 01:30:58 - [TEST_STEP][PASSED] - testObjects.add(objectSubFolder + fileNames[i]): null

2020-05-20 01:30:58 - [TEST_STEP][PASSED] - if (fileNames[i].contains(".rs")): null

2020-05-20 01:30:58 - [TEST_STEP][PASSED] - fileNames[i] = fileNames[i].replace(".rs", ""): null

2020-05-20 01:30:58 - [TEST_STEP][PASSED] - testObjects.add(objectSubFolder + fileNames[i]): null

2020-05-20 01:30:58 - [TEST_STEP][PASSED] - if (fileNames[i].contains(".rs")): null

2020-05-20 01:30:58 - [TEST_STEP][PASSED] - fileNames[i] = fileNames[i].replace(".rs", ""): null

2020-05-20 01:30:58 - [TEST_STEP][PASSED] - testObjects.add(objectSubFolder + fileNames[i]): null

2020-05-20 01:30:58 - [TEST_STEP][PASSED] - if (fileNames[i].contains(".rs")): null

2020-05-20 01:30:58 - [TEST_STEP][PASSED] - fileNames[i] = fileNames[i].replace(".rs", ""): null

2020-05-20 01:30:58 - [TEST_STEP][PASSED] - testObjects.add(objectSubFolder + fileNames[i]): null

2020-05-20 01:30:58 - [TEST_STEP][PASSED] - if (fileNames[i].contains(".rs")): null

2020-05-20 01:30:58 - [TEST_STEP][PASSED] - for (String obj : testObjects): Object 'Object Repository/Web RoomMe.id\Community Page\Video Events' is visible

2020-05-20 01:30:58 - [TEST_STEP][PASSED] - verifyElementVisible(findTestObject(obj)): Object 'Object Repository/Web RoomMe.id\Community Page\Button Join Our Community' is visible

2020-05-20 01:30:58 - [MESSAGE][PASSED] - Object 'Object Repository/Web RoomMe.id\Community Page\Button Join Our Community' is visible

2020-05-20 01:30:58 - [TEST_STEP][PASSED] - verifyElementVisible(findTestObject(obj)): Object 'Object Repository/Web RoomMe.id\Community Page\Button See More Events' is visible

2020-05-20 01:30:59 - [MESSAGE][PASSED] - Object 'Object Repository/Web RoomMe.id\Community Page\Button See More Events' is visible

2020-05-20 01:30:59 - [TEST_STEP][PASSED] - verifyElementVisible(findTestObject(obj)): Object 'Object Repository/Web RoomMe.id\Community Page\Button See More Videos' is visible

2020-05-20 01:30:59 - [MESSAGE][PASSED] - Object 'Object Repository/Web RoomMe.id\Community Page\Button See More Videos' is visible

2020-05-20 01:30:59 - [TEST_STEP][PASSED] - verifyElementVisible(findTestObject(obj)): Object 'Object Repository/Web RoomMe.id\Community Page\Button See More' is visible

2020-05-20 01:30:59 - [MESSAGE][PASSED] - Object 'Object Repository/Web RoomMe.id\Community Page\Button See More' is visible

2020-05-20 01:30:59 - [TEST_STEP][PASSED] - verifyElementVisible(findTestObject(obj)): Object 'Object Repository/Web RoomMe.id\Community Page\Image Carousel' is visible

2020-05-20 01:31:00 - [MESSAGE][PASSED] - Object 'Object Repository/Web RoomMe.id\Community Page\Image Carousel' is visible

2020-05-20 01:31:00 - [TEST_STEP][PASSED] - verifyElementVisible(findTestObject(obj)): Object 'Object Repository/Web RoomMe.id\Community Page\Image Event' is visible

2020-05-20 01:31:00 - [MESSAGE][PASSED] - Object 'Object Repository/Web RoomMe.id\Community Page\Image Event' is visible

2020-05-20 01:31:00 - [TEST_STEP][PASSED] - verifyElementVisible(findTestObject(obj)): Object 'Object Repository/Web RoomMe.id\Community Page\Text All Events' is visible

2020-05-20 01:31:01 - [MESSAGE][PASSED] - Object 'Object Repository/Web RoomMe.id\Community Page\Text All Events' is visible

2020-05-20 01:31:01 - [TEST_STEP][PASSED] - verifyElementVisible(findTestObject(obj)): Object 'Object Repository/Web RoomMe.id\Community Page\Text Discover your pleasant' is visible

2020-05-20 01:31:01 - [MESSAGE][PASSED] - Object 'Object Repository/Web RoomMe.id\Community Page\Text Discover your pleasant' is visible

2020-05-20 01:31:01 - [TEST_STEP][PASSED] - verifyElementVisible(findTestObject(obj)): Object 'Object Repository/Web RoomMe.id\Community Page\Text From inspiring  funny stories' is visible

2020-05-20 01:31:01 - [MESSAGE][PASSED] - Object 'Object Repository/Web RoomMe.id\Community Page\Text From inspiring  funny stories' is visible

2020-05-20 01:31:01 - [TEST_STEP][PASSED] - verifyElementVisible(findTestObject(obj)): Object 'Object Repository/Web RoomMe.id\Community Page\Text Happening Events in Community' is visible

2020-05-20 01:31:02 - [MESSAGE][PASSED] - Object 'Object Repository/Web RoomMe.id\Community Page\Text Happening Events in Community' is visible

2020-05-20 01:31:02 - [TEST_STEP][PASSED] - verifyElementVisible(findTestObject(obj)): Object 'Object Repository/Web RoomMe.id\Community Page\Text Hey RoomMies Lets join our community' is visible

2020-05-20 01:31:02 - [MESSAGE][PASSED] - Object 'Object Repository/Web RoomMe.id\Community Page\Text Hey RoomMies Lets join our community' is visible

2020-05-20 01:31:02 - [TEST_STEP][PASSED] - verifyElementVisible(findTestObject(obj)): Object 'Object Repository/Web RoomMe.id\Community Page\Text Join the right communit' is visible

2020-05-20 01:31:02 - [MESSAGE][PASSED] - Object 'Object Repository/Web RoomMe.id\Community Page\Text Join the right communit' is visible

2020-05-20 01:31:02 - [TEST_STEP][PASSED] - verifyElementVisible(findTestObject(obj)): Object 'Object Repository/Web RoomMe.id\Community Page\Text Know Your Friends' is visible

2020-05-20 01:31:03 - [MESSAGE][PASSED] - Object 'Object Repository/Web RoomMe.id\Community Page\Text Know Your Friends' is visible

2020-05-20 01:31:03 - [TEST_STEP][PASSED] - verifyElementVisible(findTestObject(obj)): Object 'Object Repository/Web RoomMe.id\Community Page\Text Latest Events to Watch' is visible

2020-05-20 01:31:03 - [MESSAGE][PASSED] - Object 'Object Repository/Web RoomMe.id\Community Page\Text Latest Events to Watch' is visible

2020-05-20 01:31:03 - [TEST_STEP][PASSED] - verifyElementVisible(findTestObject(obj)): Object 'Object Repository/Web RoomMe.id\Community Page\Text To know more about our activitie' is visible

2020-05-20 01:31:04 - [MESSAGE][PASSED] - Object 'Object Repository/Web RoomMe.id\Community Page\Text To know more about our activitie' is visible

2020-05-20 01:31:04 - [TEST_STEP][PASSED] - verifyElementVisible(findTestObject(obj)): Object 'Object Repository/Web RoomMe.id\Community Page\Text Your hobbies will be more exciting' is visible

2020-05-20 01:31:04 - [MESSAGE][PASSED] - Object 'Object Repository/Web RoomMe.id\Community Page\Text Your hobbies will be more exciting' is visible

2020-05-20 01:31:04 - [TEST_STEP][PASSED] - verifyElementVisible(findTestObject(obj)): Object 'Object Repository/Web RoomMe.id\Community Page\Video Events' is visible

2020-05-20 01:31:04 - [MESSAGE][PASSED] - Object 'Object Repository/Web RoomMe.id\Community Page\Video Events' is visible

2020-05-20 01:31:04 - [MESSAGE][PASSED] - Call Test Case 'Test Cases/Web RoomMe.id/6. Community/4. Verify Element on Community Page' successfully

2020-05-20 01:31:04 - [MESSAGE][PASSED] - Call Test Case 'Test Cases/Web RoomMe.id/6. Community/1. Customer Access Community Page From Header' successfully

2020-05-20 01:31:04 - [TEST_STEP][PASSED] - waitForElementVisible(findTestObject("Web RoomMe.id/Community Page/Button Join Our Community"), 0): Object 'Object Repository/Web RoomMe.id/Community Page/Button Join Our Community' is visible

2020-05-20 01:31:04 - [MESSAGE][WARNING] - Timeout '0' is invalid. Using default page load timeout: '30'

2020-05-20 01:31:05 - [MESSAGE][PASSED] - Object 'Object Repository/Web RoomMe.id/Community Page/Button Join Our Community' is visible

2020-05-20 01:31:05 - [TEST_STEP][PASSED] - click(findTestObject("Web RoomMe.id/Community Page/Button Join Our Community")): Object: 'Object Repository/Web RoomMe.id/Community Page/Button Join Our Community' is clicked on

2020-05-20 01:31:05 - [MESSAGE][PASSED] - Object: 'Object Repository/Web RoomMe.id/Community Page/Button Join Our Community' is clicked on

2020-05-20 01:31:05 - [TEST_STEP][FAILED] - callTestCase(findTestCase("Web RoomMe.id/20. Community Registration/1. Verify Registration Form"), [:], STOP_ON_FAILURE): Unable to call Test Case 'Test Cases/Web RoomMe.id/20. Community Registration/1. Verify Registration Form' (Root cause: com.kms.katalon.core.exception.StepFailedException: Call Test Case 'Test Cases/Web RoomMe.id/20. Community Registration/1. Verify Registration Form' failed
	at com.kms.katalon.core.keyword.builtin.CallTestCaseKeyword$_callTestCase_closure1.doCall(CallTestCaseKeyword.groovy:63)
	at com.kms.katalon.core.keyword.builtin.CallTestCaseKeyword$_callTestCase_closure1.call(CallTestCaseKeyword.groovy)
	at com.kms.katalon.core.keyword.internal.KeywordMain.runKeyword(KeywordMain.groovy:68)
	at com.kms.katalon.core.keyword.builtin.CallTestCaseKeyword.callTestCase(CallTestCaseKeyword.groovy:81)
	at com.kms.katalon.core.keyword.builtin.CallTestCaseKeyword.execute(CallTestCaseKeyword.groovy:44)
	at com.kms.katalon.core.keyword.internal.KeywordExecutor.executeKeywordForPlatform(KeywordExecutor.groovy:60)
	at com.kms.katalon.core.keyword.BuiltinKeywords.callTestCase(BuiltinKeywords.groovy:334)
	at 6. Register Community From Community Page Section.run(6. Register Community From Community Page Section:25)
	at com.kms.katalon.core.main.ScriptEngine.run(ScriptEngine.java:194)
	at com.kms.katalon.core.main.ScriptEngine.runScriptAsRawText(ScriptEngine.java:119)
	at com.kms.katalon.core.main.TestCaseExecutor.runScript(TestCaseExecutor.java:337)
	at com.kms.katalon.core.main.TestCaseExecutor.doExecute(TestCaseExecutor.java:328)
	at com.kms.katalon.core.main.TestCaseExecutor.processExecutionPhase(TestCaseExecutor.java:307)
	at com.kms.katalon.core.main.TestCaseExecutor.accessMainPhase(TestCaseExecutor.java:299)
	at com.kms.katalon.core.main.TestCaseExecutor.execute(TestCaseExecutor.java:233)
	at com.kms.katalon.core.main.TestSuiteExecutor.accessTestCaseMainPhase(TestSuiteExecutor.java:169)
	at com.kms.katalon.core.main.TestSuiteExecutor.accessTestSuiteMainPhase(TestSuiteExecutor.java:142)
	at com.kms.katalon.core.main.TestSuiteExecutor.execute(TestSuiteExecutor.java:91)
	at com.kms.katalon.core.main.TestCaseMain.startTestSuite(TestCaseMain.java:157)
	at com.kms.katalon.core.main.TestCaseMain$startTestSuite$0.call(Unknown Source)
	at TempTestSuite1589912861324.run(TempTestSuite1589912861324.groovy:36)
Caused by: com.kms.katalon.core.exception.StepFailedException: Unable to verify object 'Object Repository/Web RoomMe.id\Community Page\Community Registration\Dropdown Interest Default' is visible
	at com.kms.katalon.core.webui.keyword.internal.WebUIKeywordMain.stepFailed(WebUIKeywordMain.groovy:64)
	at com.kms.katalon.core.webui.keyword.internal.WebUIKeywordMain.runKeyword(WebUIKeywordMain.groovy:26)
	at com.kms.katalon.core.webui.keyword.builtin.VerifyElementVisibleKeyword.verifyElementVisible(VerifyElementVisibleKeyword.groovy:97)
	at com.kms.katalon.core.webui.keyword.builtin.VerifyElementVisibleKeyword.execute(VerifyElementVisibleKeyword.groovy:67)
	at com.kms.katalon.core.keyword.internal.KeywordExecutor.executeKeywordForPlatform(KeywordExecutor.groovy:60)
	at com.kms.katalon.core.webui.keyword.WebUiBuiltInKeywords.verifyElementVisible(WebUiBuiltInKeywords.groovy:372)
	at com.kms.katalon.core.webui.keyword.WebUiBuiltInKeywords$verifyElementVisible$4.call(Unknown Source)
	at 1. Verify Registration Form.run(1. Verify Registration Form:38)
	at com.kms.katalon.core.main.ScriptEngine.run(ScriptEngine.java:194)
	at com.kms.katalon.core.main.ScriptEngine.runScriptAsRawText(ScriptEngine.java:119)
	at com.kms.katalon.core.main.TestCaseExecutor.runScript(TestCaseExecutor.java:337)
	at com.kms.katalon.core.main.TestCaseExecutor.doExecute(TestCaseExecutor.java:328)
	at com.kms.katalon.core.main.TestCaseExecutor.processExecutionPhase(TestCaseExecutor.java:307)
	at com.kms.katalon.core.main.TestCaseExecutor.accessMainPhase(TestCaseExecutor.java:299)
	at com.kms.katalon.core.main.TestCaseExecutor.execute(TestCaseExecutor.java:233)
	at com.kms.katalon.core.main.TestCaseMain.runTestCase(TestCaseMain.java:114)
	at com.kms.katalon.core.keyword.builtin.CallTestCaseKeyword$_callTestCase_closure1.doCall(CallTestCaseKeyword.groovy:59)
	... 20 more
Caused by: com.kms.katalon.core.exception.StepFailedException: Web element with id: 'Object Repository/Web RoomMe.id\Community Page\Community Registration\Dropdown Interest Default' located by 'By.xpath: //select[@id='__BVID__125']' not found
	at com.kms.katalon.core.webui.keyword.internal.WebUIKeywordMain.stepFailed(WebUIKeywordMain.groovy:64)
	at com.kms.katalon.core.webui.keyword.builtin.VerifyElementVisibleKeyword$_verifyElementVisible_closure1.doCall(VerifyElementVisibleKeyword.groovy:89)
	at com.kms.katalon.core.webui.keyword.builtin.VerifyElementVisibleKeyword$_verifyElementVisible_closure1.call(VerifyElementVisibleKeyword.groovy)
	at com.kms.katalon.core.webui.keyword.internal.WebUIKeywordMain.runKeyword(WebUIKeywordMain.groovy:20)
	... 35 more
)

2020-05-20 01:31:05 - [TEST_CASE][FAILED] - Test Cases/Web RoomMe.id/20. Community Registration/1. Verify Registration Form: Test Cases/Web RoomMe.id/20. Community Registration/1. Verify Registration Form FAILED.
Reason:
com.kms.katalon.core.exception.StepFailedException: Unable to verify object 'Object Repository/Web RoomMe.id\Community Page\Community Registration\Dropdown Interest Default' is visible
	at com.kms.katalon.core.webui.keyword.internal.WebUIKeywordMain.stepFailed(WebUIKeywordMain.groovy:64)
	at com.kms.katalon.core.webui.keyword.internal.WebUIKeywordMain.runKeyword(WebUIKeywordMain.groovy:26)
	at com.kms.katalon.core.webui.keyword.builtin.VerifyElementVisibleKeyword.verifyElementVisible(VerifyElementVisibleKeyword.groovy:97)
	at com.kms.katalon.core.webui.keyword.builtin.VerifyElementVisibleKeyword.execute(VerifyElementVisibleKeyword.groovy:67)
	at com.kms.katalon.core.keyword.internal.KeywordExecutor.executeKeywordForPlatform(KeywordExecutor.groovy:60)
	at com.kms.katalon.core.webui.keyword.WebUiBuiltInKeywords.verifyElementVisible(WebUiBuiltInKeywords.groovy:372)
	at com.kms.katalon.core.webui.keyword.WebUiBuiltInKeywords$verifyElementVisible$4.call(Unknown Source)
	at 1. Verify Registration Form.run(1. Verify Registration Form:38)
	at com.kms.katalon.core.main.ScriptEngine.run(ScriptEngine.java:194)
	at com.kms.katalon.core.main.ScriptEngine.runScriptAsRawText(ScriptEngine.java:119)
	at com.kms.katalon.core.main.TestCaseExecutor.runScript(TestCaseExecutor.java:337)
	at com.kms.katalon.core.main.TestCaseExecutor.doExecute(TestCaseExecutor.java:328)
	at com.kms.katalon.core.main.TestCaseExecutor.processExecutionPhase(TestCaseExecutor.java:307)
	at com.kms.katalon.core.main.TestCaseExecutor.accessMainPhase(TestCaseExecutor.java:299)
	at com.kms.katalon.core.main.TestCaseExecutor.execute(TestCaseExecutor.java:233)
	at com.kms.katalon.core.main.TestCaseMain.runTestCase(TestCaseMain.java:114)
	at com.kms.katalon.core.keyword.builtin.CallTestCaseKeyword$_callTestCase_closure1.doCall(CallTestCaseKeyword.groovy:59)
	at com.kms.katalon.core.keyword.builtin.CallTestCaseKeyword$_callTestCase_closure1.call(CallTestCaseKeyword.groovy)
	at com.kms.katalon.core.keyword.internal.KeywordMain.runKeyword(KeywordMain.groovy:68)
	at com.kms.katalon.core.keyword.builtin.CallTestCaseKeyword.callTestCase(CallTestCaseKeyword.groovy:81)
	at com.kms.katalon.core.keyword.builtin.CallTestCaseKeyword.execute(CallTestCaseKeyword.groovy:44)
	at com.kms.katalon.core.keyword.internal.KeywordExecutor.executeKeywordForPlatform(KeywordExecutor.groovy:60)
	at com.kms.katalon.core.keyword.BuiltinKeywords.callTestCase(BuiltinKeywords.groovy:334)
	at 6. Register Community From Community Page Section.run(6. Register Community From Community Page Section:25)
	at com.kms.katalon.core.main.ScriptEngine.run(ScriptEngine.java:194)
	at com.kms.katalon.core.main.ScriptEngine.runScriptAsRawText(ScriptEngine.java:119)
	at com.kms.katalon.core.main.TestCaseExecutor.runScript(TestCaseExecutor.java:337)
	at com.kms.katalon.core.main.TestCaseExecutor.doExecute(TestCaseExecutor.java:328)
	at com.kms.katalon.core.main.TestCaseExecutor.processExecutionPhase(TestCaseExecutor.java:307)
	at com.kms.katalon.core.main.TestCaseExecutor.accessMainPhase(TestCaseExecutor.java:299)
	at com.kms.katalon.core.main.TestCaseExecutor.execute(TestCaseExecutor.java:233)
	at com.kms.katalon.core.main.TestSuiteExecutor.accessTestCaseMainPhase(TestSuiteExecutor.java:169)
	at com.kms.katalon.core.main.TestSuiteExecutor.accessTestSuiteMainPhase(TestSuiteExecutor.java:142)
	at com.kms.katalon.core.main.TestSuiteExecutor.execute(TestSuiteExecutor.java:91)
	at com.kms.katalon.core.main.TestCaseMain.startTestSuite(TestCaseMain.java:157)
	at com.kms.katalon.core.main.TestCaseMain$startTestSuite$0.call(Unknown Source)
	at TempTestSuite1589912861324.run(TempTestSuite1589912861324.groovy:36)
Caused by: com.kms.katalon.core.exception.StepFailedException: Web element with id: 'Object Repository/Web RoomMe.id\Community Page\Community Registration\Dropdown Interest Default' located by 'By.xpath: //select[@id='__BVID__125']' not found
	at com.kms.katalon.core.webui.keyword.internal.WebUIKeywordMain.stepFailed(WebUIKeywordMain.groovy:64)
	at com.kms.katalon.core.webui.keyword.builtin.VerifyElementVisibleKeyword$_verifyElementVisible_closure1.doCall(VerifyElementVisibleKeyword.groovy:89)
	at com.kms.katalon.core.webui.keyword.builtin.VerifyElementVisibleKeyword$_verifyElementVisible_closure1.call(VerifyElementVisibleKeyword.groovy)
	at com.kms.katalon.core.webui.keyword.internal.WebUIKeywordMain.runKeyword(WebUIKeywordMain.groovy:20)
	... 35 more


2020-05-20 01:31:06 - [TEST_STEP][PASSED] - objectSubFolder = "Web RoomMe.id\Community Page\Community Registration\": null

2020-05-20 01:31:06 - [TEST_STEP][PASSED] - pathToObjRep = getProjectDir() + "\Object Repository\" + objectSubFolder: null

2020-05-20 01:31:06 - [TEST_STEP][PASSED] - yourObjects = new java.io.File(pathToObjRep): null

2020-05-20 01:31:06 - [TEST_STEP][PASSED] - fileNames = yourObjects.list(): null

2020-05-20 01:31:06 - [TEST_STEP][PASSED] - testObjects = new java.util.ArrayList(): null

2020-05-20 01:31:06 - [TEST_STEP][PASSED] - for ([i = 0, i < length, (i++)]): null

2020-05-20 01:31:06 - [TEST_STEP][PASSED] - if (fileNames[i].contains(".rs")): null

2020-05-20 01:31:06 - [TEST_STEP][PASSED] - if (fileNames[i].contains(".rs")): null

2020-05-20 01:31:06 - [TEST_STEP][PASSED] - fileNames[i] = fileNames[i].replace(".rs", ""): null

2020-05-20 01:31:06 - [TEST_STEP][PASSED] - testObjects.add(objectSubFolder + fileNames[i]): null

2020-05-20 01:31:06 - [TEST_STEP][PASSED] - if (fileNames[i].contains(".rs")): null

2020-05-20 01:31:06 - [TEST_STEP][PASSED] - fileNames[i] = fileNames[i].replace(".rs", ""): null

2020-05-20 01:31:06 - [TEST_STEP][PASSED] - testObjects.add(objectSubFolder + fileNames[i]): null

2020-05-20 01:31:06 - [TEST_STEP][PASSED] - if (fileNames[i].contains(".rs")): null

2020-05-20 01:31:06 - [TEST_STEP][PASSED] - fileNames[i] = fileNames[i].replace(".rs", ""): null

2020-05-20 01:31:06 - [TEST_STEP][PASSED] - testObjects.add(objectSubFolder + fileNames[i]): null

2020-05-20 01:31:06 - [TEST_STEP][PASSED] - if (fileNames[i].contains(".rs")): null

2020-05-20 01:31:06 - [TEST_STEP][PASSED] - if (fileNames[i].contains(".rs")): null

2020-05-20 01:31:06 - [TEST_STEP][PASSED] - fileNames[i] = fileNames[i].replace(".rs", ""): null

2020-05-20 01:31:06 - [TEST_STEP][PASSED] - testObjects.add(objectSubFolder + fileNames[i]): null

2020-05-20 01:31:06 - [TEST_STEP][PASSED] - if (fileNames[i].contains(".rs")): null

2020-05-20 01:31:06 - [TEST_STEP][PASSED] - fileNames[i] = fileNames[i].replace(".rs", ""): null

2020-05-20 01:31:06 - [TEST_STEP][PASSED] - testObjects.add(objectSubFolder + fileNames[i]): null

2020-05-20 01:31:06 - [TEST_STEP][PASSED] - if (fileNames[i].contains(".rs")): null

2020-05-20 01:31:06 - [TEST_STEP][PASSED] - fileNames[i] = fileNames[i].replace(".rs", ""): null

2020-05-20 01:31:06 - [TEST_STEP][PASSED] - testObjects.add(objectSubFolder + fileNames[i]): null

2020-05-20 01:31:06 - [TEST_STEP][PASSED] - if (fileNames[i].contains(".rs")): null

2020-05-20 01:31:06 - [TEST_STEP][PASSED] - if (fileNames[i].contains(".rs")): null

2020-05-20 01:31:06 - [TEST_STEP][PASSED] - fileNames[i] = fileNames[i].replace(".rs", ""): null

2020-05-20 01:31:06 - [TEST_STEP][PASSED] - testObjects.add(objectSubFolder + fileNames[i]): null

2020-05-20 01:31:06 - [TEST_STEP][PASSED] - if (fileNames[i].contains(".rs")): null

2020-05-20 01:31:06 - [TEST_STEP][PASSED] - fileNames[i] = fileNames[i].replace(".rs", ""): null

2020-05-20 01:31:06 - [TEST_STEP][PASSED] - testObjects.add(objectSubFolder + fileNames[i]): null

2020-05-20 01:31:06 - [TEST_STEP][PASSED] - if (fileNames[i].contains(".rs")): null

2020-05-20 01:31:06 - [TEST_STEP][PASSED] - fileNames[i] = fileNames[i].replace(".rs", ""): null

2020-05-20 01:31:06 - [TEST_STEP][PASSED] - testObjects.add(objectSubFolder + fileNames[i]): null

2020-05-20 01:31:06 - [TEST_STEP][PASSED] - if (fileNames[i].contains(".rs")): null

2020-05-20 01:31:06 - [TEST_STEP][PASSED] - fileNames[i] = fileNames[i].replace(".rs", ""): null

2020-05-20 01:31:06 - [TEST_STEP][PASSED] - testObjects.add(objectSubFolder + fileNames[i]): null

2020-05-20 01:31:06 - [TEST_STEP][PASSED] - if (fileNames[i].contains(".rs")): null

2020-05-20 01:31:06 - [TEST_STEP][PASSED] - fileNames[i] = fileNames[i].replace(".rs", ""): null

2020-05-20 01:31:06 - [TEST_STEP][PASSED] - testObjects.add(objectSubFolder + fileNames[i]): null

2020-05-20 01:31:06 - [TEST_STEP][PASSED] - if (fileNames[i].contains(".rs")): null

2020-05-20 01:31:06 - [TEST_STEP][PASSED] - fileNames[i] = fileNames[i].replace(".rs", ""): null

2020-05-20 01:31:06 - [TEST_STEP][PASSED] - testObjects.add(objectSubFolder + fileNames[i]): null

2020-05-20 01:31:06 - [TEST_STEP][PASSED] - if (fileNames[i].contains(".rs")): null

2020-05-20 01:31:06 - [TEST_STEP][PASSED] - fileNames[i] = fileNames[i].replace(".rs", ""): null

2020-05-20 01:31:06 - [TEST_STEP][PASSED] - testObjects.add(objectSubFolder + fileNames[i]): null

2020-05-20 01:31:06 - [TEST_STEP][PASSED] - if (fileNames[i].contains(".rs")): null

2020-05-20 01:31:06 - [TEST_STEP][PASSED] - fileNames[i] = fileNames[i].replace(".rs", ""): null

2020-05-20 01:31:06 - [TEST_STEP][PASSED] - testObjects.add(objectSubFolder + fileNames[i]): null

2020-05-20 01:31:06 - [TEST_STEP][PASSED] - if (fileNames[i].contains(".rs")): null

2020-05-20 01:31:06 - [TEST_STEP][PASSED] - fileNames[i] = fileNames[i].replace(".rs", ""): null

2020-05-20 01:31:06 - [TEST_STEP][PASSED] - testObjects.add(objectSubFolder + fileNames[i]): null

2020-05-20 01:31:06 - [TEST_STEP][PASSED] - if (fileNames[i].contains(".rs")): null

2020-05-20 01:31:06 - [TEST_STEP][PASSED] - fileNames[i] = fileNames[i].replace(".rs", ""): null

2020-05-20 01:31:06 - [TEST_STEP][PASSED] - testObjects.add(objectSubFolder + fileNames[i]): null

2020-05-20 01:31:06 - [TEST_STEP][PASSED] - if (fileNames[i].contains(".rs")): null

2020-05-20 01:31:06 - [TEST_STEP][PASSED] - fileNames[i] = fileNames[i].replace(".rs", ""): null

2020-05-20 01:31:06 - [TEST_STEP][PASSED] - testObjects.add(objectSubFolder + fileNames[i]): null

2020-05-20 01:31:06 - [TEST_STEP][FAILED] - for (String obj : testObjects): Unable to verify object 'Object Repository/Web RoomMe.id\Community Page\Community Registration\Dropdown Interest Default' is visible (Root cause: com.kms.katalon.core.exception.StepFailedException: Unable to verify object 'Object Repository/Web RoomMe.id\Community Page\Community Registration\Dropdown Interest Default' is visible
	at com.kms.katalon.core.webui.keyword.internal.WebUIKeywordMain.stepFailed(WebUIKeywordMain.groovy:64)
	at com.kms.katalon.core.webui.keyword.internal.WebUIKeywordMain.runKeyword(WebUIKeywordMain.groovy:26)
	at com.kms.katalon.core.webui.keyword.builtin.VerifyElementVisibleKeyword.verifyElementVisible(VerifyElementVisibleKeyword.groovy:97)
	at com.kms.katalon.core.webui.keyword.builtin.VerifyElementVisibleKeyword.execute(VerifyElementVisibleKeyword.groovy:67)
	at com.kms.katalon.core.keyword.internal.KeywordExecutor.executeKeywordForPlatform(KeywordExecutor.groovy:60)
	at com.kms.katalon.core.webui.keyword.WebUiBuiltInKeywords.verifyElementVisible(WebUiBuiltInKeywords.groovy:372)
	at com.kms.katalon.core.webui.keyword.WebUiBuiltInKeywords$verifyElementVisible$4.call(Unknown Source)
	at 1. Verify Registration Form.run(1. Verify Registration Form:38)
	at com.kms.katalon.core.main.ScriptEngine.run(ScriptEngine.java:194)
	at com.kms.katalon.core.main.ScriptEngine.runScriptAsRawText(ScriptEngine.java:119)
	at com.kms.katalon.core.main.TestCaseExecutor.runScript(TestCaseExecutor.java:337)
	at com.kms.katalon.core.main.TestCaseExecutor.doExecute(TestCaseExecutor.java:328)
	at com.kms.katalon.core.main.TestCaseExecutor.processExecutionPhase(TestCaseExecutor.java:307)
	at com.kms.katalon.core.main.TestCaseExecutor.accessMainPhase(TestCaseExecutor.java:299)
	at com.kms.katalon.core.main.TestCaseExecutor.execute(TestCaseExecutor.java:233)
	at com.kms.katalon.core.main.TestCaseMain.runTestCase(TestCaseMain.java:114)
	at com.kms.katalon.core.keyword.builtin.CallTestCaseKeyword$_callTestCase_closure1.doCall(CallTestCaseKeyword.groovy:59)
	at com.kms.katalon.core.keyword.builtin.CallTestCaseKeyword$_callTestCase_closure1.call(CallTestCaseKeyword.groovy)
	at com.kms.katalon.core.keyword.internal.KeywordMain.runKeyword(KeywordMain.groovy:68)
	at com.kms.katalon.core.keyword.builtin.CallTestCaseKeyword.callTestCase(CallTestCaseKeyword.groovy:81)
	at com.kms.katalon.core.keyword.builtin.CallTestCaseKeyword.execute(CallTestCaseKeyword.groovy:44)
	at com.kms.katalon.core.keyword.internal.KeywordExecutor.executeKeywordForPlatform(KeywordExecutor.groovy:60)
	at com.kms.katalon.core.keyword.BuiltinKeywords.callTestCase(BuiltinKeywords.groovy:334)
	at 6. Register Community From Community Page Section.run(6. Register Community From Community Page Section:25)
	at com.kms.katalon.core.main.ScriptEngine.run(ScriptEngine.java:194)
	at com.kms.katalon.core.main.ScriptEngine.runScriptAsRawText(ScriptEngine.java:119)
	at com.kms.katalon.core.main.TestCaseExecutor.runScript(TestCaseExecutor.java:337)
	at com.kms.katalon.core.main.TestCaseExecutor.doExecute(TestCaseExecutor.java:328)
	at com.kms.katalon.core.main.TestCaseExecutor.processExecutionPhase(TestCaseExecutor.java:307)
	at com.kms.katalon.core.main.TestCaseExecutor.accessMainPhase(TestCaseExecutor.java:299)
	at com.kms.katalon.core.main.TestCaseExecutor.execute(TestCaseExecutor.java:233)
	at com.kms.katalon.core.main.TestSuiteExecutor.accessTestCaseMainPhase(TestSuiteExecutor.java:169)
	at com.kms.katalon.core.main.TestSuiteExecutor.accessTestSuiteMainPhase(TestSuiteExecutor.java:142)
	at com.kms.katalon.core.main.TestSuiteExecutor.execute(TestSuiteExecutor.java:91)
	at com.kms.katalon.core.main.TestCaseMain.startTestSuite(TestCaseMain.java:157)
	at com.kms.katalon.core.main.TestCaseMain$startTestSuite$0.call(Unknown Source)
	at TempTestSuite1589912861324.run(TempTestSuite1589912861324.groovy:36)
Caused by: com.kms.katalon.core.exception.StepFailedException: Web element with id: 'Object Repository/Web RoomMe.id\Community Page\Community Registration\Dropdown Interest Default' located by 'By.xpath: //select[@id='__BVID__125']' not found
	at com.kms.katalon.core.webui.keyword.internal.WebUIKeywordMain.stepFailed(WebUIKeywordMain.groovy:64)
	at com.kms.katalon.core.webui.keyword.builtin.VerifyElementVisibleKeyword$_verifyElementVisible_closure1.doCall(VerifyElementVisibleKeyword.groovy:89)
	at com.kms.katalon.core.webui.keyword.builtin.VerifyElementVisibleKeyword$_verifyElementVisible_closure1.call(VerifyElementVisibleKeyword.groovy)
	at com.kms.katalon.core.webui.keyword.internal.WebUIKeywordMain.runKeyword(WebUIKeywordMain.groovy:20)
	... 35 more
)

2020-05-20 01:31:06 - [TEST_STEP][PASSED] - verifyElementVisible(findTestObject(obj)): Object 'Object Repository/Web RoomMe.id\Community Page\Community Registration\Button Submit' is visible

2020-05-20 01:31:06 - [MESSAGE][PASSED] - Object 'Object Repository/Web RoomMe.id\Community Page\Community Registration\Button Submit' is visible

2020-05-20 01:31:06 - [TEST_STEP][FAILED] - verifyElementVisible(findTestObject(obj)): Unable to verify object 'Object Repository/Web RoomMe.id\Community Page\Community Registration\Dropdown Interest Default' is visible (Root cause: com.kms.katalon.core.exception.StepFailedException: Unable to verify object 'Object Repository/Web RoomMe.id\Community Page\Community Registration\Dropdown Interest Default' is visible
	at com.kms.katalon.core.webui.keyword.internal.WebUIKeywordMain.stepFailed(WebUIKeywordMain.groovy:64)
	at com.kms.katalon.core.webui.keyword.internal.WebUIKeywordMain.runKeyword(WebUIKeywordMain.groovy:26)
	at com.kms.katalon.core.webui.keyword.builtin.VerifyElementVisibleKeyword.verifyElementVisible(VerifyElementVisibleKeyword.groovy:97)
	at com.kms.katalon.core.webui.keyword.builtin.VerifyElementVisibleKeyword.execute(VerifyElementVisibleKeyword.groovy:67)
	at com.kms.katalon.core.keyword.internal.KeywordExecutor.executeKeywordForPlatform(KeywordExecutor.groovy:60)
	at com.kms.katalon.core.webui.keyword.WebUiBuiltInKeywords.verifyElementVisible(WebUiBuiltInKeywords.groovy:372)
	at com.kms.katalon.core.webui.keyword.WebUiBuiltInKeywords$verifyElementVisible$4.call(Unknown Source)
	at 1. Verify Registration Form.run(1. Verify Registration Form:38)
	at com.kms.katalon.core.main.ScriptEngine.run(ScriptEngine.java:194)
	at com.kms.katalon.core.main.ScriptEngine.runScriptAsRawText(ScriptEngine.java:119)
	at com.kms.katalon.core.main.TestCaseExecutor.runScript(TestCaseExecutor.java:337)
	at com.kms.katalon.core.main.TestCaseExecutor.doExecute(TestCaseExecutor.java:328)
	at com.kms.katalon.core.main.TestCaseExecutor.processExecutionPhase(TestCaseExecutor.java:307)
	at com.kms.katalon.core.main.TestCaseExecutor.accessMainPhase(TestCaseExecutor.java:299)
	at com.kms.katalon.core.main.TestCaseExecutor.execute(TestCaseExecutor.java:233)
	at com.kms.katalon.core.main.TestCaseMain.runTestCase(TestCaseMain.java:114)
	at com.kms.katalon.core.keyword.builtin.CallTestCaseKeyword$_callTestCase_closure1.doCall(CallTestCaseKeyword.groovy:59)
	at com.kms.katalon.core.keyword.builtin.CallTestCaseKeyword$_callTestCase_closure1.call(CallTestCaseKeyword.groovy)
	at com.kms.katalon.core.keyword.internal.KeywordMain.runKeyword(KeywordMain.groovy:68)
	at com.kms.katalon.core.keyword.builtin.CallTestCaseKeyword.callTestCase(CallTestCaseKeyword.groovy:81)
	at com.kms.katalon.core.keyword.builtin.CallTestCaseKeyword.execute(CallTestCaseKeyword.groovy:44)
	at com.kms.katalon.core.keyword.internal.KeywordExecutor.executeKeywordForPlatform(KeywordExecutor.groovy:60)
	at com.kms.katalon.core.keyword.BuiltinKeywords.callTestCase(BuiltinKeywords.groovy:334)
	at 6. Register Community From Community Page Section.run(6. Register Community From Community Page Section:25)
	at com.kms.katalon.core.main.ScriptEngine.run(ScriptEngine.java:194)
	at com.kms.katalon.core.main.ScriptEngine.runScriptAsRawText(ScriptEngine.java:119)
	at com.kms.katalon.core.main.TestCaseExecutor.runScript(TestCaseExecutor.java:337)
	at com.kms.katalon.core.main.TestCaseExecutor.doExecute(TestCaseExecutor.java:328)
	at com.kms.katalon.core.main.TestCaseExecutor.processExecutionPhase(TestCaseExecutor.java:307)
	at com.kms.katalon.core.main.TestCaseExecutor.accessMainPhase(TestCaseExecutor.java:299)
	at com.kms.katalon.core.main.TestCaseExecutor.execute(TestCaseExecutor.java:233)
	at com.kms.katalon.core.main.TestSuiteExecutor.accessTestCaseMainPhase(TestSuiteExecutor.java:169)
	at com.kms.katalon.core.main.TestSuiteExecutor.accessTestSuiteMainPhase(TestSuiteExecutor.java:142)
	at com.kms.katalon.core.main.TestSuiteExecutor.execute(TestSuiteExecutor.java:91)
	at com.kms.katalon.core.main.TestCaseMain.startTestSuite(TestCaseMain.java:157)
	at com.kms.katalon.core.main.TestCaseMain$startTestSuite$0.call(Unknown Source)
	at TempTestSuite1589912861324.run(TempTestSuite1589912861324.groovy:36)
Caused by: com.kms.katalon.core.exception.StepFailedException: Web element with id: 'Object Repository/Web RoomMe.id\Community Page\Community Registration\Dropdown Interest Default' located by 'By.xpath: //select[@id='__BVID__125']' not found
	at com.kms.katalon.core.webui.keyword.internal.WebUIKeywordMain.stepFailed(WebUIKeywordMain.groovy:64)
	at com.kms.katalon.core.webui.keyword.builtin.VerifyElementVisibleKeyword$_verifyElementVisible_closure1.doCall(VerifyElementVisibleKeyword.groovy:89)
	at com.kms.katalon.core.webui.keyword.builtin.VerifyElementVisibleKeyword$_verifyElementVisible_closure1.call(VerifyElementVisibleKeyword.groovy)
	at com.kms.katalon.core.webui.keyword.internal.WebUIKeywordMain.runKeyword(WebUIKeywordMain.groovy:20)
	... 35 more
)

2020-05-20 01:31:51 - [MESSAGE][INFO] - Unable to find the element located by 'By.xpath: //select[@id='__BVID__125']'. Please recheck the objects properties to make sure the desired element is located. 

2020-05-20 01:31:52 - [MESSAGE][FAILED] - Web element with id: 'Object Repository/Web RoomMe.id\Community Page\Community Registration\Dropdown Interest Default' located by 'By.xpath: //select[@id='__BVID__125']' not found (Root cause: com.kms.katalon.core.exception.StepFailedException: Web element with id: 'Object Repository/Web RoomMe.id\Community Page\Community Registration\Dropdown Interest Default' located by 'By.xpath: //select[@id='__BVID__125']' not found
	at com.kms.katalon.core.webui.keyword.internal.WebUIKeywordMain.stepFailed(WebUIKeywordMain.groovy:64)
	at com.kms.katalon.core.webui.keyword.builtin.VerifyElementVisibleKeyword$_verifyElementVisible_closure1.doCall(VerifyElementVisibleKeyword.groovy:89)
	at com.kms.katalon.core.webui.keyword.builtin.VerifyElementVisibleKeyword$_verifyElementVisible_closure1.call(VerifyElementVisibleKeyword.groovy)
	at com.kms.katalon.core.webui.keyword.internal.WebUIKeywordMain.runKeyword(WebUIKeywordMain.groovy:20)
	at com.kms.katalon.core.webui.keyword.builtin.VerifyElementVisibleKeyword.verifyElementVisible(VerifyElementVisibleKeyword.groovy:97)
	at com.kms.katalon.core.webui.keyword.builtin.VerifyElementVisibleKeyword.execute(VerifyElementVisibleKeyword.groovy:67)
	at com.kms.katalon.core.keyword.internal.KeywordExecutor.executeKeywordForPlatform(KeywordExecutor.groovy:60)
	at com.kms.katalon.core.webui.keyword.WebUiBuiltInKeywords.verifyElementVisible(WebUiBuiltInKeywords.groovy:372)
	at com.kms.katalon.core.webui.keyword.WebUiBuiltInKeywords$verifyElementVisible$4.call(Unknown Source)
	at 1. Verify Registration Form.run(1. Verify Registration Form:38)
	at com.kms.katalon.core.main.ScriptEngine.run(ScriptEngine.java:194)
	at com.kms.katalon.core.main.ScriptEngine.runScriptAsRawText(ScriptEngine.java:119)
	at com.kms.katalon.core.main.TestCaseExecutor.runScript(TestCaseExecutor.java:337)
	at com.kms.katalon.core.main.TestCaseExecutor.doExecute(TestCaseExecutor.java:328)
	at com.kms.katalon.core.main.TestCaseExecutor.processExecutionPhase(TestCaseExecutor.java:307)
	at com.kms.katalon.core.main.TestCaseExecutor.accessMainPhase(TestCaseExecutor.java:299)
	at com.kms.katalon.core.main.TestCaseExecutor.execute(TestCaseExecutor.java:233)
	at com.kms.katalon.core.main.TestCaseMain.runTestCase(TestCaseMain.java:114)
	at com.kms.katalon.core.keyword.builtin.CallTestCaseKeyword$_callTestCase_closure1.doCall(CallTestCaseKeyword.groovy:59)
	at com.kms.katalon.core.keyword.builtin.CallTestCaseKeyword$_callTestCase_closure1.call(CallTestCaseKeyword.groovy)
	at com.kms.katalon.core.keyword.internal.KeywordMain.runKeyword(KeywordMain.groovy:68)
	at com.kms.katalon.core.keyword.builtin.CallTestCaseKeyword.callTestCase(CallTestCaseKeyword.groovy:81)
	at com.kms.katalon.core.keyword.builtin.CallTestCaseKeyword.execute(CallTestCaseKeyword.groovy:44)
	at com.kms.katalon.core.keyword.internal.KeywordExecutor.executeKeywordForPlatform(KeywordExecutor.groovy:60)
	at com.kms.katalon.core.keyword.BuiltinKeywords.callTestCase(BuiltinKeywords.groovy:334)
	at 6. Register Community From Community Page Section.run(6. Register Community From Community Page Section:25)
	at com.kms.katalon.core.main.ScriptEngine.run(ScriptEngine.java:194)
	at com.kms.katalon.core.main.ScriptEngine.runScriptAsRawText(ScriptEngine.java:119)
	at com.kms.katalon.core.main.TestCaseExecutor.runScript(TestCaseExecutor.java:337)
	at com.kms.katalon.core.main.TestCaseExecutor.doExecute(TestCaseExecutor.java:328)
	at com.kms.katalon.core.main.TestCaseExecutor.processExecutionPhase(TestCaseExecutor.java:307)
	at com.kms.katalon.core.main.TestCaseExecutor.accessMainPhase(TestCaseExecutor.java:299)
	at com.kms.katalon.core.main.TestCaseExecutor.execute(TestCaseExecutor.java:233)
	at com.kms.katalon.core.main.TestSuiteExecutor.accessTestCaseMainPhase(TestSuiteExecutor.java:169)
	at com.kms.katalon.core.main.TestSuiteExecutor.accessTestSuiteMainPhase(TestSuiteExecutor.java:142)
	at com.kms.katalon.core.main.TestSuiteExecutor.execute(TestSuiteExecutor.java:91)
	at com.kms.katalon.core.main.TestCaseMain.startTestSuite(TestCaseMain.java:157)
	at com.kms.katalon.core.main.TestCaseMain$startTestSuite$0.call(Unknown Source)
	at TempTestSuite1589912861324.run(TempTestSuite1589912861324.groovy:36)
)
[[ATTACHMENT|C:\\Users\\Faldi\\Katalon Studio\\katalonroomme-master\\Reports\\20200520_012741\\Web RoomMe.id\\Customer Access Community Page\\20200520_012741\\1589913111989.png]]

2020-05-20 01:31:53 - [MESSAGE][FAILED] - Unable to verify object 'Object Repository/Web RoomMe.id\Community Page\Community Registration\Dropdown Interest Default' is visible (Root cause: com.kms.katalon.core.exception.StepFailedException: Unable to verify object 'Object Repository/Web RoomMe.id\Community Page\Community Registration\Dropdown Interest Default' is visible
	at com.kms.katalon.core.webui.keyword.internal.WebUIKeywordMain.stepFailed(WebUIKeywordMain.groovy:64)
	at com.kms.katalon.core.webui.keyword.internal.WebUIKeywordMain.runKeyword(WebUIKeywordMain.groovy:26)
	at com.kms.katalon.core.webui.keyword.builtin.VerifyElementVisibleKeyword.verifyElementVisible(VerifyElementVisibleKeyword.groovy:97)
	at com.kms.katalon.core.webui.keyword.builtin.VerifyElementVisibleKeyword.execute(VerifyElementVisibleKeyword.groovy:67)
	at com.kms.katalon.core.keyword.internal.KeywordExecutor.executeKeywordForPlatform(KeywordExecutor.groovy:60)
	at com.kms.katalon.core.webui.keyword.WebUiBuiltInKeywords.verifyElementVisible(WebUiBuiltInKeywords.groovy:372)
	at com.kms.katalon.core.webui.keyword.WebUiBuiltInKeywords$verifyElementVisible$4.call(Unknown Source)
	at 1. Verify Registration Form.run(1. Verify Registration Form:38)
	at com.kms.katalon.core.main.ScriptEngine.run(ScriptEngine.java:194)
	at com.kms.katalon.core.main.ScriptEngine.runScriptAsRawText(ScriptEngine.java:119)
	at com.kms.katalon.core.main.TestCaseExecutor.runScript(TestCaseExecutor.java:337)
	at com.kms.katalon.core.main.TestCaseExecutor.doExecute(TestCaseExecutor.java:328)
	at com.kms.katalon.core.main.TestCaseExecutor.processExecutionPhase(TestCaseExecutor.java:307)
	at com.kms.katalon.core.main.TestCaseExecutor.accessMainPhase(TestCaseExecutor.java:299)
	at com.kms.katalon.core.main.TestCaseExecutor.execute(TestCaseExecutor.java:233)
	at com.kms.katalon.core.main.TestCaseMain.runTestCase(TestCaseMain.java:114)
	at com.kms.katalon.core.keyword.builtin.CallTestCaseKeyword$_callTestCase_closure1.doCall(CallTestCaseKeyword.groovy:59)
	at com.kms.katalon.core.keyword.builtin.CallTestCaseKeyword$_callTestCase_closure1.call(CallTestCaseKeyword.groovy)
	at com.kms.katalon.core.keyword.internal.KeywordMain.runKeyword(KeywordMain.groovy:68)
	at com.kms.katalon.core.keyword.builtin.CallTestCaseKeyword.callTestCase(CallTestCaseKeyword.groovy:81)
	at com.kms.katalon.core.keyword.builtin.CallTestCaseKeyword.execute(CallTestCaseKeyword.groovy:44)
	at com.kms.katalon.core.keyword.internal.KeywordExecutor.executeKeywordForPlatform(KeywordExecutor.groovy:60)
	at com.kms.katalon.core.keyword.BuiltinKeywords.callTestCase(BuiltinKeywords.groovy:334)
	at 6. Register Community From Community Page Section.run(6. Register Community From Community Page Section:25)
	at com.kms.katalon.core.main.ScriptEngine.run(ScriptEngine.java:194)
	at com.kms.katalon.core.main.ScriptEngine.runScriptAsRawText(ScriptEngine.java:119)
	at com.kms.katalon.core.main.TestCaseExecutor.runScript(TestCaseExecutor.java:337)
	at com.kms.katalon.core.main.TestCaseExecutor.doExecute(TestCaseExecutor.java:328)
	at com.kms.katalon.core.main.TestCaseExecutor.processExecutionPhase(TestCaseExecutor.java:307)
	at com.kms.katalon.core.main.TestCaseExecutor.accessMainPhase(TestCaseExecutor.java:299)
	at com.kms.katalon.core.main.TestCaseExecutor.execute(TestCaseExecutor.java:233)
	at com.kms.katalon.core.main.TestSuiteExecutor.accessTestCaseMainPhase(TestSuiteExecutor.java:169)
	at com.kms.katalon.core.main.TestSuiteExecutor.accessTestSuiteMainPhase(TestSuiteExecutor.java:142)
	at com.kms.katalon.core.main.TestSuiteExecutor.execute(TestSuiteExecutor.java:91)
	at com.kms.katalon.core.main.TestCaseMain.startTestSuite(TestCaseMain.java:157)
	at com.kms.katalon.core.main.TestCaseMain$startTestSuite$0.call(Unknown Source)
	at TempTestSuite1589912861324.run(TempTestSuite1589912861324.groovy:36)
Caused by: com.kms.katalon.core.exception.StepFailedException: Web element with id: 'Object Repository/Web RoomMe.id\Community Page\Community Registration\Dropdown Interest Default' located by 'By.xpath: //select[@id='__BVID__125']' not found
	at com.kms.katalon.core.webui.keyword.internal.WebUIKeywordMain.stepFailed(WebUIKeywordMain.groovy:64)
	at com.kms.katalon.core.webui.keyword.builtin.VerifyElementVisibleKeyword$_verifyElementVisible_closure1.doCall(VerifyElementVisibleKeyword.groovy:89)
	at com.kms.katalon.core.webui.keyword.builtin.VerifyElementVisibleKeyword$_verifyElementVisible_closure1.call(VerifyElementVisibleKeyword.groovy)
	at com.kms.katalon.core.webui.keyword.internal.WebUIKeywordMain.runKeyword(WebUIKeywordMain.groovy:20)
	... 35 more
)
[[ATTACHMENT|C:\\Users\\Faldi\\Katalon Studio\\katalonroomme-master\\Reports\\20200520_012741\\Web RoomMe.id\\Customer Access Community Page\\20200520_012741\\1589913112832.png]]

2020-05-20 01:31:53 - [MESSAGE][FAILED] - Unable to call Test Case 'Test Cases/Web RoomMe.id/20. Community Registration/1. Verify Registration Form' (Root cause: com.kms.katalon.core.exception.StepFailedException: Call Test Case 'Test Cases/Web RoomMe.id/20. Community Registration/1. Verify Registration Form' failed
	at com.kms.katalon.core.keyword.builtin.CallTestCaseKeyword$_callTestCase_closure1.doCall(CallTestCaseKeyword.groovy:63)
	at com.kms.katalon.core.keyword.builtin.CallTestCaseKeyword$_callTestCase_closure1.call(CallTestCaseKeyword.groovy)
	at com.kms.katalon.core.keyword.internal.KeywordMain.runKeyword(KeywordMain.groovy:68)
	at com.kms.katalon.core.keyword.builtin.CallTestCaseKeyword.callTestCase(CallTestCaseKeyword.groovy:81)
	at com.kms.katalon.core.keyword.builtin.CallTestCaseKeyword.execute(CallTestCaseKeyword.groovy:44)
	at com.kms.katalon.core.keyword.internal.KeywordExecutor.executeKeywordForPlatform(KeywordExecutor.groovy:60)
	at com.kms.katalon.core.keyword.BuiltinKeywords.callTestCase(BuiltinKeywords.groovy:334)
	at 6. Register Community From Community Page Section.run(6. Register Community From Community Page Section:25)
	at com.kms.katalon.core.main.ScriptEngine.run(ScriptEngine.java:194)
	at com.kms.katalon.core.main.ScriptEngine.runScriptAsRawText(ScriptEngine.java:119)
	at com.kms.katalon.core.main.TestCaseExecutor.runScript(TestCaseExecutor.java:337)
	at com.kms.katalon.core.main.TestCaseExecutor.doExecute(TestCaseExecutor.java:328)
	at com.kms.katalon.core.main.TestCaseExecutor.processExecutionPhase(TestCaseExecutor.java:307)
	at com.kms.katalon.core.main.TestCaseExecutor.accessMainPhase(TestCaseExecutor.java:299)
	at com.kms.katalon.core.main.TestCaseExecutor.execute(TestCaseExecutor.java:233)
	at com.kms.katalon.core.main.TestSuiteExecutor.accessTestCaseMainPhase(TestSuiteExecutor.java:169)
	at com.kms.katalon.core.main.TestSuiteExecutor.accessTestSuiteMainPhase(TestSuiteExecutor.java:142)
	at com.kms.katalon.core.main.TestSuiteExecutor.execute(TestSuiteExecutor.java:91)
	at com.kms.katalon.core.main.TestCaseMain.startTestSuite(TestCaseMain.java:157)
	at com.kms.katalon.core.main.TestCaseMain$startTestSuite$0.call(Unknown Source)
	at TempTestSuite1589912861324.run(TempTestSuite1589912861324.groovy:36)
Caused by: com.kms.katalon.core.exception.StepFailedException: Unable to verify object 'Object Repository/Web RoomMe.id\Community Page\Community Registration\Dropdown Interest Default' is visible
	at com.kms.katalon.core.webui.keyword.internal.WebUIKeywordMain.stepFailed(WebUIKeywordMain.groovy:64)
	at com.kms.katalon.core.webui.keyword.internal.WebUIKeywordMain.runKeyword(WebUIKeywordMain.groovy:26)
	at com.kms.katalon.core.webui.keyword.builtin.VerifyElementVisibleKeyword.verifyElementVisible(VerifyElementVisibleKeyword.groovy:97)
	at com.kms.katalon.core.webui.keyword.builtin.VerifyElementVisibleKeyword.execute(VerifyElementVisibleKeyword.groovy:67)
	at com.kms.katalon.core.keyword.internal.KeywordExecutor.executeKeywordForPlatform(KeywordExecutor.groovy:60)
	at com.kms.katalon.core.webui.keyword.WebUiBuiltInKeywords.verifyElementVisible(WebUiBuiltInKeywords.groovy:372)
	at com.kms.katalon.core.webui.keyword.WebUiBuiltInKeywords$verifyElementVisible$4.call(Unknown Source)
	at 1. Verify Registration Form.run(1. Verify Registration Form:38)
	at com.kms.katalon.core.main.ScriptEngine.run(ScriptEngine.java:194)
	at com.kms.katalon.core.main.ScriptEngine.runScriptAsRawText(ScriptEngine.java:119)
	at com.kms.katalon.core.main.TestCaseExecutor.runScript(TestCaseExecutor.java:337)
	at com.kms.katalon.core.main.TestCaseExecutor.doExecute(TestCaseExecutor.java:328)
	at com.kms.katalon.core.main.TestCaseExecutor.processExecutionPhase(TestCaseExecutor.java:307)
	at com.kms.katalon.core.main.TestCaseExecutor.accessMainPhase(TestCaseExecutor.java:299)
	at com.kms.katalon.core.main.TestCaseExecutor.execute(TestCaseExecutor.java:233)
	at com.kms.katalon.core.main.TestCaseMain.runTestCase(TestCaseMain.java:114)
	at com.kms.katalon.core.keyword.builtin.CallTestCaseKeyword$_callTestCase_closure1.doCall(CallTestCaseKeyword.groovy:59)
	... 20 more
Caused by: com.kms.katalon.core.exception.StepFailedException: Web element with id: 'Object Repository/Web RoomMe.id\Community Page\Community Registration\Dropdown Interest Default' located by 'By.xpath: //select[@id='__BVID__125']' not found
	at com.kms.katalon.core.webui.keyword.internal.WebUIKeywordMain.stepFailed(WebUIKeywordMain.groovy:64)
	at com.kms.katalon.core.webui.keyword.builtin.VerifyElementVisibleKeyword$_verifyElementVisible_closure1.doCall(VerifyElementVisibleKeyword.groovy:89)
	at com.kms.katalon.core.webui.keyword.builtin.VerifyElementVisibleKeyword$_verifyElementVisible_closure1.call(VerifyElementVisibleKeyword.groovy)
	at com.kms.katalon.core.webui.keyword.internal.WebUIKeywordMain.runKeyword(WebUIKeywordMain.groovy:20)
	... 35 more
)]]></system-out>
         <system-err><![CDATA[2020-05-20 01:30:19 - [TEST_CASE][FAILED] - Test Cases/Web RoomMe.id/6. Community/6. Register Community From Community Page Section: Test Cases/Web RoomMe.id/6. Community/6. Register Community From Community Page Section FAILED.
Reason:
com.kms.katalon.core.exception.StepFailedException: Call Test Case 'Test Cases/Web RoomMe.id/20. Community Registration/1. Verify Registration Form' failed
	at com.kms.katalon.core.keyword.builtin.CallTestCaseKeyword$_callTestCase_closure1.doCall(CallTestCaseKeyword.groovy:63)
	at com.kms.katalon.core.keyword.builtin.CallTestCaseKeyword$_callTestCase_closure1.call(CallTestCaseKeyword.groovy)
	at com.kms.katalon.core.keyword.internal.KeywordMain.runKeyword(KeywordMain.groovy:68)
	at com.kms.katalon.core.keyword.builtin.CallTestCaseKeyword.callTestCase(CallTestCaseKeyword.groovy:81)
	at com.kms.katalon.core.keyword.builtin.CallTestCaseKeyword.execute(CallTestCaseKeyword.groovy:44)
	at com.kms.katalon.core.keyword.internal.KeywordExecutor.executeKeywordForPlatform(KeywordExecutor.groovy:60)
	at com.kms.katalon.core.keyword.BuiltinKeywords.callTestCase(BuiltinKeywords.groovy:334)
	at 6. Register Community From Community Page Section.run(6. Register Community From Community Page Section:25)
	at com.kms.katalon.core.main.ScriptEngine.run(ScriptEngine.java:194)
	at com.kms.katalon.core.main.ScriptEngine.runScriptAsRawText(ScriptEngine.java:119)
	at com.kms.katalon.core.main.TestCaseExecutor.runScript(TestCaseExecutor.java:337)
	at com.kms.katalon.core.main.TestCaseExecutor.doExecute(TestCaseExecutor.java:328)
	at com.kms.katalon.core.main.TestCaseExecutor.processExecutionPhase(TestCaseExecutor.java:307)
	at com.kms.katalon.core.main.TestCaseExecutor.accessMainPhase(TestCaseExecutor.java:299)
	at com.kms.katalon.core.main.TestCaseExecutor.execute(TestCaseExecutor.java:233)
	at com.kms.katalon.core.main.TestSuiteExecutor.accessTestCaseMainPhase(TestSuiteExecutor.java:169)
	at com.kms.katalon.core.main.TestSuiteExecutor.accessTestSuiteMainPhase(TestSuiteExecutor.java:142)
	at com.kms.katalon.core.main.TestSuiteExecutor.execute(TestSuiteExecutor.java:91)
	at com.kms.katalon.core.main.TestCaseMain.startTestSuite(TestCaseMain.java:157)
	at com.kms.katalon.core.main.TestCaseMain$startTestSuite$0.call(Unknown Source)
	at TempTestSuite1589912861324.run(TempTestSuite1589912861324.groovy:36)
Caused by: com.kms.katalon.core.exception.StepFailedException: Unable to verify object 'Object Repository/Web RoomMe.id\Community Page\Community Registration\Dropdown Interest Default' is visible
	at com.kms.katalon.core.webui.keyword.internal.WebUIKeywordMain.stepFailed(WebUIKeywordMain.groovy:64)
	at com.kms.katalon.core.webui.keyword.internal.WebUIKeywordMain.runKeyword(WebUIKeywordMain.groovy:26)
	at com.kms.katalon.core.webui.keyword.builtin.VerifyElementVisibleKeyword.verifyElementVisible(VerifyElementVisibleKeyword.groovy:97)
	at com.kms.katalon.core.webui.keyword.builtin.VerifyElementVisibleKeyword.execute(VerifyElementVisibleKeyword.groovy:67)
	at com.kms.katalon.core.keyword.internal.KeywordExecutor.executeKeywordForPlatform(KeywordExecutor.groovy:60)
	at com.kms.katalon.core.webui.keyword.WebUiBuiltInKeywords.verifyElementVisible(WebUiBuiltInKeywords.groovy:372)
	at com.kms.katalon.core.webui.keyword.WebUiBuiltInKeywords$verifyElementVisible$4.call(Unknown Source)
	at 1. Verify Registration Form.run(1. Verify Registration Form:38)
	at com.kms.katalon.core.main.ScriptEngine.run(ScriptEngine.java:194)
	at com.kms.katalon.core.main.ScriptEngine.runScriptAsRawText(ScriptEngine.java:119)
	at com.kms.katalon.core.main.TestCaseExecutor.runScript(TestCaseExecutor.java:337)
	at com.kms.katalon.core.main.TestCaseExecutor.doExecute(TestCaseExecutor.java:328)
	at com.kms.katalon.core.main.TestCaseExecutor.processExecutionPhase(TestCaseExecutor.java:307)
	at com.kms.katalon.core.main.TestCaseExecutor.accessMainPhase(TestCaseExecutor.java:299)
	at com.kms.katalon.core.main.TestCaseExecutor.execute(TestCaseExecutor.java:233)
	at com.kms.katalon.core.main.TestCaseMain.runTestCase(TestCaseMain.java:114)
	at com.kms.katalon.core.keyword.builtin.CallTestCaseKeyword$_callTestCase_closure1.doCall(CallTestCaseKeyword.groovy:59)
	... 20 more
Caused by: com.kms.katalon.core.exception.StepFailedException: Web element with id: 'Object Repository/Web RoomMe.id\Community Page\Community Registration\Dropdown Interest Default' located by 'By.xpath: //select[@id='__BVID__125']' not found
	at com.kms.katalon.core.webui.keyword.internal.WebUIKeywordMain.stepFailed(WebUIKeywordMain.groovy:64)
	at com.kms.katalon.core.webui.keyword.builtin.VerifyElementVisibleKeyword$_verifyElementVisible_closure1.doCall(VerifyElementVisibleKeyword.groovy:89)
	at com.kms.katalon.core.webui.keyword.builtin.VerifyElementVisibleKeyword$_verifyElementVisible_closure1.call(VerifyElementVisibleKeyword.groovy)
	at com.kms.katalon.core.webui.keyword.internal.WebUIKeywordMain.runKeyword(WebUIKeywordMain.groovy:20)
	... 35 more]]></system-err>
      </testcase>
      <system-out><![CDATA[2020-05-20 01:27:49 - [TEST_SUITE][FAILED] - Customer Access Community Page: Test Cases/Web RoomMe.id/6. Community/6. Register Community From Community Page Section FAILED.
Reason:
com.kms.katalon.core.exception.StepFailedException: Call Test Case 'Test Cases/Web RoomMe.id/20. Community Registration/1. Verify Registration Form' failed
	at com.kms.katalon.core.keyword.builtin.CallTestCaseKeyword$_callTestCase_closure1.doCall(CallTestCaseKeyword.groovy:63)
	at com.kms.katalon.core.keyword.builtin.CallTestCaseKeyword$_callTestCase_closure1.call(CallTestCaseKeyword.groovy)
	at com.kms.katalon.core.keyword.internal.KeywordMain.runKeyword(KeywordMain.groovy:68)
	at com.kms.katalon.core.keyword.builtin.CallTestCaseKeyword.callTestCase(CallTestCaseKeyword.groovy:81)
	at com.kms.katalon.core.keyword.builtin.CallTestCaseKeyword.execute(CallTestCaseKeyword.groovy:44)
	at com.kms.katalon.core.keyword.internal.KeywordExecutor.executeKeywordForPlatform(KeywordExecutor.groovy:60)
	at com.kms.katalon.core.keyword.BuiltinKeywords.callTestCase(BuiltinKeywords.groovy:334)
	at 6. Register Community From Community Page Section.run(6. Register Community From Community Page Section:25)
	at com.kms.katalon.core.main.ScriptEngine.run(ScriptEngine.java:194)
	at com.kms.katalon.core.main.ScriptEngine.runScriptAsRawText(ScriptEngine.java:119)
	at com.kms.katalon.core.main.TestCaseExecutor.runScript(TestCaseExecutor.java:337)
	at com.kms.katalon.core.main.TestCaseExecutor.doExecute(TestCaseExecutor.java:328)
	at com.kms.katalon.core.main.TestCaseExecutor.processExecutionPhase(TestCaseExecutor.java:307)
	at com.kms.katalon.core.main.TestCaseExecutor.accessMainPhase(TestCaseExecutor.java:299)
	at com.kms.katalon.core.main.TestCaseExecutor.execute(TestCaseExecutor.java:233)
	at com.kms.katalon.core.main.TestSuiteExecutor.accessTestCaseMainPhase(TestSuiteExecutor.java:169)
	at com.kms.katalon.core.main.TestSuiteExecutor.accessTestSuiteMainPhase(TestSuiteExecutor.java:142)
	at com.kms.katalon.core.main.TestSuiteExecutor.execute(TestSuiteExecutor.java:91)
	at com.kms.katalon.core.main.TestCaseMain.startTestSuite(TestCaseMain.java:157)
	at com.kms.katalon.core.main.TestCaseMain$startTestSuite$0.call(Unknown Source)
	at TempTestSuite1589912861324.run(TempTestSuite1589912861324.groovy:36)
Caused by: com.kms.katalon.core.exception.StepFailedException: Unable to verify object 'Object Repository/Web RoomMe.id\Community Page\Community Registration\Dropdown Interest Default' is visible
	at com.kms.katalon.core.webui.keyword.internal.WebUIKeywordMain.stepFailed(WebUIKeywordMain.groovy:64)
	at com.kms.katalon.core.webui.keyword.internal.WebUIKeywordMain.runKeyword(WebUIKeywordMain.groovy:26)
	at com.kms.katalon.core.webui.keyword.builtin.VerifyElementVisibleKeyword.verifyElementVisible(VerifyElementVisibleKeyword.groovy:97)
	at com.kms.katalon.core.webui.keyword.builtin.VerifyElementVisibleKeyword.execute(VerifyElementVisibleKeyword.groovy:67)
	at com.kms.katalon.core.keyword.internal.KeywordExecutor.executeKeywordForPlatform(KeywordExecutor.groovy:60)
	at com.kms.katalon.core.webui.keyword.WebUiBuiltInKeywords.verifyElementVisible(WebUiBuiltInKeywords.groovy:372)
	at com.kms.katalon.core.webui.keyword.WebUiBuiltInKeywords$verifyElementVisible$4.call(Unknown Source)
	at 1. Verify Registration Form.run(1. Verify Registration Form:38)
	at com.kms.katalon.core.main.ScriptEngine.run(ScriptEngine.java:194)
	at com.kms.katalon.core.main.ScriptEngine.runScriptAsRawText(ScriptEngine.java:119)
	at com.kms.katalon.core.main.TestCaseExecutor.runScript(TestCaseExecutor.java:337)
	at com.kms.katalon.core.main.TestCaseExecutor.doExecute(TestCaseExecutor.java:328)
	at com.kms.katalon.core.main.TestCaseExecutor.processExecutionPhase(TestCaseExecutor.java:307)
	at com.kms.katalon.core.main.TestCaseExecutor.accessMainPhase(TestCaseExecutor.java:299)
	at com.kms.katalon.core.main.TestCaseExecutor.execute(TestCaseExecutor.java:233)
	at com.kms.katalon.core.main.TestCaseMain.runTestCase(TestCaseMain.java:114)
	at com.kms.katalon.core.keyword.builtin.CallTestCaseKeyword$_callTestCase_closure1.doCall(CallTestCaseKeyword.groovy:59)
	... 20 more
Caused by: com.kms.katalon.core.exception.StepFailedException: Web element with id: 'Object Repository/Web RoomMe.id\Community Page\Community Registration\Dropdown Interest Default' located by 'By.xpath: //select[@id='__BVID__125']' not found
	at com.kms.katalon.core.webui.keyword.internal.WebUIKeywordMain.stepFailed(WebUIKeywordMain.groovy:64)
	at com.kms.katalon.core.webui.keyword.builtin.VerifyElementVisibleKeyword$_verifyElementVisible_closure1.doCall(VerifyElementVisibleKeyword.groovy:89)
	at com.kms.katalon.core.webui.keyword.builtin.VerifyElementVisibleKeyword$_verifyElementVisible_closure1.call(VerifyElementVisibleKeyword.groovy)
	at com.kms.katalon.core.webui.keyword.internal.WebUIKeywordMain.runKeyword(WebUIKeywordMain.groovy:20)
	... 35 more]]></system-out>
      <system-err><![CDATA[2020-05-20 01:27:49 - [TEST_SUITE][FAILED] - Customer Access Community Page: Test Cases/Web RoomMe.id/6. Community/6. Register Community From Community Page Section FAILED.
Reason:
com.kms.katalon.core.exception.StepFailedException: Call Test Case 'Test Cases/Web RoomMe.id/20. Community Registration/1. Verify Registration Form' failed
	at com.kms.katalon.core.keyword.builtin.CallTestCaseKeyword$_callTestCase_closure1.doCall(CallTestCaseKeyword.groovy:63)
	at com.kms.katalon.core.keyword.builtin.CallTestCaseKeyword$_callTestCase_closure1.call(CallTestCaseKeyword.groovy)
	at com.kms.katalon.core.keyword.internal.KeywordMain.runKeyword(KeywordMain.groovy:68)
	at com.kms.katalon.core.keyword.builtin.CallTestCaseKeyword.callTestCase(CallTestCaseKeyword.groovy:81)
	at com.kms.katalon.core.keyword.builtin.CallTestCaseKeyword.execute(CallTestCaseKeyword.groovy:44)
	at com.kms.katalon.core.keyword.internal.KeywordExecutor.executeKeywordForPlatform(KeywordExecutor.groovy:60)
	at com.kms.katalon.core.keyword.BuiltinKeywords.callTestCase(BuiltinKeywords.groovy:334)
	at 6. Register Community From Community Page Section.run(6. Register Community From Community Page Section:25)
	at com.kms.katalon.core.main.ScriptEngine.run(ScriptEngine.java:194)
	at com.kms.katalon.core.main.ScriptEngine.runScriptAsRawText(ScriptEngine.java:119)
	at com.kms.katalon.core.main.TestCaseExecutor.runScript(TestCaseExecutor.java:337)
	at com.kms.katalon.core.main.TestCaseExecutor.doExecute(TestCaseExecutor.java:328)
	at com.kms.katalon.core.main.TestCaseExecutor.processExecutionPhase(TestCaseExecutor.java:307)
	at com.kms.katalon.core.main.TestCaseExecutor.accessMainPhase(TestCaseExecutor.java:299)
	at com.kms.katalon.core.main.TestCaseExecutor.execute(TestCaseExecutor.java:233)
	at com.kms.katalon.core.main.TestSuiteExecutor.accessTestCaseMainPhase(TestSuiteExecutor.java:169)
	at com.kms.katalon.core.main.TestSuiteExecutor.accessTestSuiteMainPhase(TestSuiteExecutor.java:142)
	at com.kms.katalon.core.main.TestSuiteExecutor.execute(TestSuiteExecutor.java:91)
	at com.kms.katalon.core.main.TestCaseMain.startTestSuite(TestCaseMain.java:157)
	at com.kms.katalon.core.main.TestCaseMain$startTestSuite$0.call(Unknown Source)
	at TempTestSuite1589912861324.run(TempTestSuite1589912861324.groovy:36)
Caused by: com.kms.katalon.core.exception.StepFailedException: Unable to verify object 'Object Repository/Web RoomMe.id\Community Page\Community Registration\Dropdown Interest Default' is visible
	at com.kms.katalon.core.webui.keyword.internal.WebUIKeywordMain.stepFailed(WebUIKeywordMain.groovy:64)
	at com.kms.katalon.core.webui.keyword.internal.WebUIKeywordMain.runKeyword(WebUIKeywordMain.groovy:26)
	at com.kms.katalon.core.webui.keyword.builtin.VerifyElementVisibleKeyword.verifyElementVisible(VerifyElementVisibleKeyword.groovy:97)
	at com.kms.katalon.core.webui.keyword.builtin.VerifyElementVisibleKeyword.execute(VerifyElementVisibleKeyword.groovy:67)
	at com.kms.katalon.core.keyword.internal.KeywordExecutor.executeKeywordForPlatform(KeywordExecutor.groovy:60)
	at com.kms.katalon.core.webui.keyword.WebUiBuiltInKeywords.verifyElementVisible(WebUiBuiltInKeywords.groovy:372)
	at com.kms.katalon.core.webui.keyword.WebUiBuiltInKeywords$verifyElementVisible$4.call(Unknown Source)
	at 1. Verify Registration Form.run(1. Verify Registration Form:38)
	at com.kms.katalon.core.main.ScriptEngine.run(ScriptEngine.java:194)
	at com.kms.katalon.core.main.ScriptEngine.runScriptAsRawText(ScriptEngine.java:119)
	at com.kms.katalon.core.main.TestCaseExecutor.runScript(TestCaseExecutor.java:337)
	at com.kms.katalon.core.main.TestCaseExecutor.doExecute(TestCaseExecutor.java:328)
	at com.kms.katalon.core.main.TestCaseExecutor.processExecutionPhase(TestCaseExecutor.java:307)
	at com.kms.katalon.core.main.TestCaseExecutor.accessMainPhase(TestCaseExecutor.java:299)
	at com.kms.katalon.core.main.TestCaseExecutor.execute(TestCaseExecutor.java:233)
	at com.kms.katalon.core.main.TestCaseMain.runTestCase(TestCaseMain.java:114)
	at com.kms.katalon.core.keyword.builtin.CallTestCaseKeyword$_callTestCase_closure1.doCall(CallTestCaseKeyword.groovy:59)
	... 20 more
Caused by: com.kms.katalon.core.exception.StepFailedException: Web element with id: 'Object Repository/Web RoomMe.id\Community Page\Community Registration\Dropdown Interest Default' located by 'By.xpath: //select[@id='__BVID__125']' not found
	at com.kms.katalon.core.webui.keyword.internal.WebUIKeywordMain.stepFailed(WebUIKeywordMain.groovy:64)
	at com.kms.katalon.core.webui.keyword.builtin.VerifyElementVisibleKeyword$_verifyElementVisible_closure1.doCall(VerifyElementVisibleKeyword.groovy:89)
	at com.kms.katalon.core.webui.keyword.builtin.VerifyElementVisibleKeyword$_verifyElementVisible_closure1.call(VerifyElementVisibleKeyword.groovy)
	at com.kms.katalon.core.webui.keyword.internal.WebUIKeywordMain.runKeyword(WebUIKeywordMain.groovy:20)
	... 35 more]]></system-err>
   </testsuite>
</testsuites>
